INFO: [SIM 2] *************** CSIM start ***************
INFO: [SIM 4] CSIM will launch GCC as the compiler.
   Compiling ../../../test.cpp in debug mode
   Compiling ../../../conv_sysarr_dbbuf.cpp in debug mode
   Generating csim.exe
Test Start
Conv Sysarr start
Conv Sysarr set params
Args: 16,4,14,16,3,||,4,1,2,2,1,1,||,4,4,7,7,9,9,3,3,||,1,1,1,1,3,3,||,4,4,7,7,7,7,1,1,||,7,7,1,1 
Conv Sysarr set params 2
Conv Sysarr set params 3
Conv Sysarr set params 4
Conv Sysarr set params 5
Kernel coreConv compelete !!!
Error(0 or 0): 37 (gold 37)
Test Case 1 Complete
Conv Sysarr start
Conv Sysarr set params
Args: 16,4,14,16,3,||,4,1,2,2,1,1,||,4,4,7,7,9,9,3,3,||,1,1,1,1,3,3,||,4,4,7,7,7,7,1,1,||,7,7,1,1 
Conv Sysarr set params 2
Conv Sysarr set params 3
Conv Sysarr set params 4
Conv Sysarr set params 5
Kernel coreConv compelete !!!
Error(0 or 0): -4106 (gold -4106)
Test Case 2 Complete
Conv Sysarr start
Conv Sysarr set params
Args: 16,4,14,16,3,||,4,1,2,2,1,1,||,4,4,7,7,9,9,3,3,||,1,1,1,1,3,3,||,4,4,7,7,7,7,1,1,||,7,7,1,1 
Conv Sysarr set params 2
Conv Sysarr set params 3
Conv Sysarr set params 4
Conv Sysarr set params 5
Kernel coreConv compelete !!!
Error(0 or 0): -4124 (gold -4124)
Test Case 3 Complete
Conv Sysarr start
Conv Sysarr set params
Args: 16,4,14,16,3,||,4,1,2,2,1,1,||,4,4,7,7,9,9,3,3,||,1,1,1,1,3,3,||,4,4,7,7,7,7,1,1,||,7,7,1,1 
Conv Sysarr set params 2
Conv Sysarr set params 3
Conv Sysarr set params 4
Conv Sysarr set params 5
Kernel coreConv compelete !!!
Error(0 or 0): 22524 (gold 22524)
Test Case 4 Complete
INFO: [SIM 1] CSim done with 0 errors.
INFO: [SIM 3] *************** CSIM finish ***************
