

================================================================
== Vitis HLS Report for 'Conv_sysarr_dbbuf'
================================================================
* Date:           Mon Jan 10 21:11:49 2022

* Version:        2020.1 (Build 2902540 on Wed May 27 20:16:15 MDT 2020)
* Project:        Systolic_Array_PCNN_based
* Solution:       solution1 (Vivado IP Flow Target)
* Product family: virtexuplus
* Target device:  xcu200-fsgd2104-2-e


================================================================
== Performance Estimates
================================================================
+ Timing: 
    * Summary: 
    +--------+----------+----------+------------+
    |  Clock |  Target  | Estimated| Uncertainty|
    +--------+----------+----------+------------+
    |ap_clk  | 10.00 ns | 5.186 ns |   2.70 ns  |
    +--------+----------+----------+------------+

+ Latency: 
    * Summary: 
    +---------+---------+----------+----------+-----+-----+---------+
    |  Latency (cycles) |  Latency (absolute) |  Interval | Pipeline|
    |   min   |   max   |    min   |    max   | min | max |   Type  |
    +---------+---------+----------+----------+-----+-----+---------+
    |        ?|        ?|         ?|         ?|    ?|    ?|   none  |
    +---------+---------+----------+----------+-----+-----+---------+

    + Detail: 
        * Instance: 
        N/A

        * Loop: 
        +---------------------------------------------------------+---------+----------------+-----------------+-----------+-----------+--------------+----------+
        |                                                         |     Latency (cycles)     |    Iteration    |  Initiation Interval  |     Trip     |          |
        |                        Loop Name                        |   min   |       max      |     Latency     |  achieved |   target  |     Count    | Pipelined|
        +---------------------------------------------------------+---------+----------------+-----------------+-----------+-----------+--------------+----------+
        |- VITIS_LOOP_78_1                                        |        0|             255|                2|          1|          1|    0 ~ 255   |    yes   |
        |- VITIS_LOOP_82_2                                        |        ?|               ?|                2|          1|          1|             ?|    yes   |
        |- VITIS_LOOP_87_3                                        |        0|        16386867|    2 ~ 260109   |          -|          -|    0 ~ 63    |    no    |
        | + VITIS_LOOP_90_5                                       |        1|           65025|                2|          1|          1|   1 ~ 65025  |    yes   |
        | + VITIS_LOOP_90_5                                       |        1|           65025|                2|          1|          1|   1 ~ 65025  |    yes   |
        | + VITIS_LOOP_90_5                                       |        1|           65025|                2|          1|          1|   1 ~ 65025  |    yes   |
        | + VITIS_LOOP_90_5                                       |        1|           65025|                2|          1|          1|   1 ~ 65025  |    yes   |
        |- VITIS_LOOP_98_6_VITIS_LOOP_99_7                        |        0|  33637923752895| 22 ~ 8475163455 |          -|          -|   0 ~ 3969   |    no    |
        | + VITIS_LOOP_105_10                                     |       16|          260124|    4 ~ 65031    |          -|          -|             4|    no    |
        |  ++ VITIS_LOOP_106_11_VITIS_LOOP_107_12                 |        0|           65027|                4|          1|          1|   0 ~ 65025  |    yes   |
        | + VITIS_LOOP_117_13_VITIS_LOOP_119_14                   |        0|      8474903325|   25 ~ 130333   |          -|          -|   0 ~ 65025  |    no    |
        |  ++ VITIS_LOOP_143_17_VITIS_LOOP_144_18                 |        0|           65028|                5|          1|          1|   0 ~ 65025  |    yes   |
        |  ++ VITIS_LOOP_164_20                                   |       12|           65292|                8|          1|          1|   6 ~ 65286  |    yes   |
        |- VITIS_LOOP_308_26_VITIS_LOOP_309_27_VITIS_LOOP_310_28  |        2|        16386303|                5|          1|          1| 0 ~ 16386300 |    yes   |
        +---------------------------------------------------------+---------+----------------+-----------------+-----------+-----------+--------------+----------+



================================================================
== Utilization Estimates
================================================================
* Summary: 
+---------------------+---------+------+---------+---------+-----+
|         Name        | BRAM_18K|  DSP |    FF   |   LUT   | URAM|
+---------------------+---------+------+---------+---------+-----+
|DSP                  |        -|    38|        -|        -|    -|
|Expression           |        -|     -|        0|     2794|    -|
|FIFO                 |        -|     -|        -|        -|    -|
|Instance             |        -|     0|        0|      862|    -|
|Memory               |       20|     -|        0|        0|    -|
|Multiplexer          |        -|     -|        -|     1392|    -|
|Register             |        -|     -|     3283|      416|    -|
+---------------------+---------+------+---------+---------+-----+
|Total                |       20|    38|     3283|     5464|    0|
+---------------------+---------+------+---------+---------+-----+
|Available SLR        |     1440|  2280|   788160|   394080|  320|
+---------------------+---------+------+---------+---------+-----+
|Utilization SLR (%)  |        1|     1|    ~0   |        1|    0|
+---------------------+---------+------+---------+---------+-----+
|Available            |     4320|  6840|  2364480|  1182240|  960|
+---------------------+---------+------+---------+---------+-----+
|Utilization (%)      |    ~0   |  ~0  |    ~0   |    ~0   |    0|
+---------------------+---------+------+---------+---------+-----+

+ Detail: 
    * Instance: 
    +------------------------+--------------------+---------+----+---+----+-----+
    |        Instance        |       Module       | BRAM_18K| DSP| FF| LUT| URAM|
    +------------------------+--------------------+---------+----+---+----+-----+
    |mul_6ns_10s_10_1_1_U4   |mul_6ns_10s_10_1_1  |        0|   0|  0|  62|    0|
    |mul_6ns_10s_10_1_1_U13  |mul_6ns_10s_10_1_1  |        0|   0|  0|  62|    0|
    |mul_6ns_6ns_12_1_1_U6   |mul_6ns_6ns_12_1_1  |        0|   0|  0|  23|    0|
    |mul_8ns_8ns_11_1_1_U8   |mul_8ns_8ns_11_1_1  |        0|   0|  0|  40|    0|
    |mul_8ns_8ns_11_1_1_U9   |mul_8ns_8ns_11_1_1  |        0|   0|  0|  40|    0|
    |mul_8ns_8ns_11_1_1_U10  |mul_8ns_8ns_11_1_1  |        0|   0|  0|  40|    0|
    |mul_8ns_8ns_11_1_1_U11  |mul_8ns_8ns_11_1_1  |        0|   0|  0|  40|    0|
    |mul_8ns_8ns_11_1_1_U14  |mul_8ns_8ns_11_1_1  |        0|   0|  0|  40|    0|
    |mul_8ns_8ns_16_1_1_U1   |mul_8ns_8ns_16_1_1  |        0|   0|  0|  40|    0|
    |mul_8ns_8ns_16_1_1_U2   |mul_8ns_8ns_16_1_1  |        0|   0|  0|  40|    0|
    |mul_8ns_8ns_16_1_1_U3   |mul_8ns_8ns_16_1_1  |        0|   0|  0|  40|    0|
    |mul_8ns_8ns_16_1_1_U5   |mul_8ns_8ns_16_1_1  |        0|   0|  0|  40|    0|
    |mul_9s_6ns_9_1_1_U7     |mul_9s_6ns_9_1_1    |        0|   0|  0|  49|    0|
    |mux_42_32_1_1_U31       |mux_42_32_1_1       |        0|   0|  0|  17|    0|
    |mux_464_8_1_1_U12       |mux_464_8_1_1       |        0|   0|  0|  17|    0|
    |mux_464_8_1_1_U15       |mux_464_8_1_1       |        0|   0|  0|  17|    0|
    |mux_464_8_1_1_U16       |mux_464_8_1_1       |        0|   0|  0|  17|    0|
    |mux_464_8_1_1_U17       |mux_464_8_1_1       |        0|   0|  0|  17|    0|
    |mux_464_8_1_1_U18       |mux_464_8_1_1       |        0|   0|  0|  17|    0|
    |mux_464_8_1_1_U19       |mux_464_8_1_1       |        0|   0|  0|  17|    0|
    |mux_464_8_1_1_U20       |mux_464_8_1_1       |        0|   0|  0|  17|    0|
    |mux_464_8_1_1_U21       |mux_464_8_1_1       |        0|   0|  0|  17|    0|
    |mux_464_8_1_1_U22       |mux_464_8_1_1       |        0|   0|  0|  17|    0|
    |mux_464_8_1_1_U23       |mux_464_8_1_1       |        0|   0|  0|  17|    0|
    |mux_464_8_1_1_U24       |mux_464_8_1_1       |        0|   0|  0|  17|    0|
    |mux_464_8_1_1_U25       |mux_464_8_1_1       |        0|   0|  0|  17|    0|
    |mux_464_8_1_1_U26       |mux_464_8_1_1       |        0|   0|  0|  17|    0|
    |mux_464_8_1_1_U27       |mux_464_8_1_1       |        0|   0|  0|  17|    0|
    |mux_464_8_1_1_U28       |mux_464_8_1_1       |        0|   0|  0|  17|    0|
    |mux_464_8_1_1_U29       |mux_464_8_1_1       |        0|   0|  0|  17|    0|
    |mux_464_8_1_1_U30       |mux_464_8_1_1       |        0|   0|  0|  17|    0|
    +------------------------+--------------------+---------+----+---+----+-----+
    |Total                   |                    |        0|   0|  0| 862|    0|
    +------------------------+--------------------+---------+----+---+----+-----+

    * DSP: 
    +------------------------------------------+--------------------------------------+---------------------+
    |                 Instance                 |                Module                |      Expression     |
    +------------------------------------------+--------------------------------------+---------------------+
    |ama_addmuladd_8ns_8ns_8ns_8ns_10_4_1_U52  |ama_addmuladd_8ns_8ns_8ns_8ns_10_4_1  | (i0 + i1) * i2 + i3 |
    |mac_muladd_6ns_9s_9ns_9_4_1_U69           |mac_muladd_6ns_9s_9ns_9_4_1           |     i0 + i1 * i2    |
    |mac_muladd_8ns_8ns_8ns_9_4_1_U51          |mac_muladd_8ns_8ns_8ns_9_4_1          |     i0 + i1 * i2    |
    |mac_muladd_8ns_8ns_9ns_9_4_1_U50          |mac_muladd_8ns_8ns_9ns_9_4_1          |     i0 + i1 * i2    |
    |mac_muladd_8s_8s_32ns_32_4_1_U53          |mac_muladd_8s_8s_32ns_32_4_1          |     i0 + i1 * i2    |
    |mac_muladd_8s_8s_32ns_32_4_1_U54          |mac_muladd_8s_8s_32ns_32_4_1          |     i0 + i1 * i2    |
    |mac_muladd_8s_8s_32ns_32_4_1_U55          |mac_muladd_8s_8s_32ns_32_4_1          |     i0 + i1 * i2    |
    |mac_muladd_8s_8s_32ns_32_4_1_U56          |mac_muladd_8s_8s_32ns_32_4_1          |     i0 + i1 * i2    |
    |mac_muladd_8s_8s_32ns_32_4_1_U57          |mac_muladd_8s_8s_32ns_32_4_1          |     i0 * i1 + i2    |
    |mac_muladd_8s_8s_32ns_32_4_1_U58          |mac_muladd_8s_8s_32ns_32_4_1          |     i0 * i1 + i2    |
    |mac_muladd_8s_8s_32ns_32_4_1_U59          |mac_muladd_8s_8s_32ns_32_4_1          |     i0 * i1 + i2    |
    |mac_muladd_8s_8s_32ns_32_4_1_U60          |mac_muladd_8s_8s_32ns_32_4_1          |     i0 * i1 + i2    |
    |mac_muladd_8s_8s_32ns_32_4_1_U61          |mac_muladd_8s_8s_32ns_32_4_1          |     i0 * i1 + i2    |
    |mac_muladd_8s_8s_32ns_32_4_1_U62          |mac_muladd_8s_8s_32ns_32_4_1          |     i0 * i1 + i2    |
    |mac_muladd_8s_8s_32ns_32_4_1_U63          |mac_muladd_8s_8s_32ns_32_4_1          |     i0 * i1 + i2    |
    |mac_muladd_8s_8s_32ns_32_4_1_U64          |mac_muladd_8s_8s_32ns_32_4_1          |     i0 * i1 + i2    |
    |mac_muladd_8s_8s_32ns_32_4_1_U65          |mac_muladd_8s_8s_32ns_32_4_1          |     i0 + i1 * i2    |
    |mac_muladd_8s_8s_32ns_32_4_1_U66          |mac_muladd_8s_8s_32ns_32_4_1          |     i0 + i1 * i2    |
    |mac_muladd_8s_8s_32ns_32_4_1_U67          |mac_muladd_8s_8s_32ns_32_4_1          |     i0 + i1 * i2    |
    |mac_muladd_8s_8s_32ns_32_4_1_U68          |mac_muladd_8s_8s_32ns_32_4_1          |     i0 + i1 * i2    |
    |mul_mul_11s_11s_11_4_1_U34                |mul_mul_11s_11s_11_4_1                |       i0 * i1       |
    |mul_mul_11s_11s_11_4_1_U35                |mul_mul_11s_11s_11_4_1                |       i0 * i1       |
    |mul_mul_11s_11s_11_4_1_U36                |mul_mul_11s_11s_11_4_1                |       i0 * i1       |
    |mul_mul_11s_11s_11_4_1_U37                |mul_mul_11s_11s_11_4_1                |       i0 * i1       |
    |mul_mul_11s_11s_11_4_1_U38                |mul_mul_11s_11s_11_4_1                |       i0 * i1       |
    |mul_mul_11s_11s_11_4_1_U39                |mul_mul_11s_11s_11_4_1                |       i0 * i1       |
    |mul_mul_11s_11s_11_4_1_U40                |mul_mul_11s_11s_11_4_1                |       i0 * i1       |
    |mul_mul_11s_11s_11_4_1_U41                |mul_mul_11s_11s_11_4_1                |       i0 * i1       |
    |mul_mul_11s_11s_11_4_1_U42                |mul_mul_11s_11s_11_4_1                |       i0 * i1       |
    |mul_mul_11s_11s_11_4_1_U43                |mul_mul_11s_11s_11_4_1                |       i0 * i1       |
    |mul_mul_11s_11s_11_4_1_U44                |mul_mul_11s_11s_11_4_1                |       i0 * i1       |
    |mul_mul_11s_11s_11_4_1_U45                |mul_mul_11s_11s_11_4_1                |       i0 * i1       |
    |mul_mul_11s_11s_11_4_1_U46                |mul_mul_11s_11s_11_4_1                |       i0 * i1       |
    |mul_mul_11s_11s_11_4_1_U47                |mul_mul_11s_11s_11_4_1                |       i0 * i1       |
    |mul_mul_11s_11s_11_4_1_U48                |mul_mul_11s_11s_11_4_1                |       i0 * i1       |
    |mul_mul_11s_11s_11_4_1_U49                |mul_mul_11s_11s_11_4_1                |       i0 * i1       |
    |mul_mul_16ns_16ns_32_4_1_U32              |mul_mul_16ns_16ns_32_4_1              |       i0 * i1       |
    |mul_mul_18ns_6ns_24_4_1_U33               |mul_mul_18ns_6ns_24_4_1               |       i0 * i1       |
    +------------------------------------------+--------------------------------------+---------------------+

    * Memory: 
    +---------------+-------------+---------+---+----+-----+------+-----+------+-------------+
    |     Memory    |    Module   | BRAM_18K| FF| LUT| URAM| Words| Bits| Banks| W*Bits*Banks|
    +---------------+-------------+---------+---+----+-----+------+-----+------+-------------+
    |bias_l2_0_U    |bias_l2_0    |        1|  0|   0|    0|   512|    8|     1|         4096|
    |bias_l2_1_U    |bias_l2_0    |        1|  0|   0|    0|   512|    8|     1|         4096|
    |bias_l2_2_U    |bias_l2_0    |        1|  0|   0|    0|   512|    8|     1|         4096|
    |bias_l2_3_U    |bias_l2_0    |        1|  0|   0|    0|   512|    8|     1|         4096|
    |data_l1_0_0_U  |bias_l2_0    |        1|  0|   0|    0|   512|    8|     1|         4096|
    |data_l1_1_0_U  |bias_l2_0    |        1|  0|   0|    0|   512|    8|     1|         4096|
    |data_l1_2_0_U  |bias_l2_0    |        1|  0|   0|    0|   512|    8|     1|         4096|
    |data_l1_3_0_U  |bias_l2_0    |        1|  0|   0|    0|   512|    8|     1|         4096|
    |data_l2_0_U    |data_l2_0    |        1|  0|   0|    0|  1024|    8|     1|         8192|
    |data_l2_1_U    |data_l2_0    |        1|  0|   0|    0|  1024|    8|     1|         8192|
    |data_l2_2_U    |data_l2_0    |        1|  0|   0|    0|  1024|    8|     1|         8192|
    |data_l2_3_U    |data_l2_0    |        1|  0|   0|    0|  1024|    8|     1|         8192|
    |output_l1_0_U  |output_l1_0  |        1|  0|   0|    0|   512|   32|     1|        16384|
    |output_l1_1_U  |output_l1_0  |        1|  0|   0|    0|   512|   32|     1|        16384|
    |output_l1_2_U  |output_l1_0  |        1|  0|   0|    0|   512|   32|     1|        16384|
    |output_l1_3_U  |output_l1_0  |        1|  0|   0|    0|   512|   32|     1|        16384|
    |weight_l2_0_U  |weight_l2_0  |        1|  0|   0|    0|   512|    8|     1|         4096|
    |weight_l2_1_U  |weight_l2_0  |        1|  0|   0|    0|   512|    8|     1|         4096|
    |weight_l2_2_U  |weight_l2_0  |        1|  0|   0|    0|   512|    8|     1|         4096|
    |weight_l2_3_U  |weight_l2_0  |        1|  0|   0|    0|   512|    8|     1|         4096|
    +---------------+-------------+---------+---+----+-----+------+-----+------+-------------+
    |Total          |             |       20|  0|   0|    0| 12288|  256|    20|       147456|
    +---------------+-------------+---------+---+----+-----+------+-----+------+-------------+

    * FIFO: 
    N/A

    * Expression: 
    +------------------------------------+----------+----+---+----+------------+------------+
    |            Variable Name           | Operation| DSP| FF| LUT| Bitwidth P0| Bitwidth P1|
    +------------------------------------+----------+----+---+----+------------+------------+
    |add_ln105_fu_2170_p2                |     +    |   0|  0|  11|           3|           1|
    |add_ln106_1_fu_2342_p2              |     +    |   0|  0|  15|           8|           1|
    |add_ln106_fu_2323_p2                |     +    |   0|  0|  23|          16|           1|
    |add_ln107_fu_2360_p2                |     +    |   0|  0|  15|           8|           1|
    |add_ln117_10_fu_2517_p2             |     +    |   0|  0|  18|          11|          11|
    |add_ln117_11_fu_2526_p2             |     +    |   0|  0|  18|          11|          11|
    |add_ln117_12_fu_2535_p2             |     +    |   0|  0|  18|          11|          11|
    |add_ln117_13_fu_2544_p2             |     +    |   0|  0|  18|          11|          11|
    |add_ln117_14_fu_2553_p2             |     +    |   0|  0|  18|          11|          11|
    |add_ln117_15_fu_2562_p2             |     +    |   0|  0|  18|          11|          11|
    |add_ln117_16_fu_2571_p2             |     +    |   0|  0|  18|          11|          11|
    |add_ln117_17_fu_2413_p2             |     +    |   0|  0|  15|           1|           8|
    |add_ln117_1_fu_2436_p2              |     +    |   0|  0|  18|          11|          11|
    |add_ln117_2_fu_2445_p2              |     +    |   0|  0|  18|          11|          11|
    |add_ln117_3_fu_2454_p2              |     +    |   0|  0|  18|          11|          11|
    |add_ln117_4_fu_2463_p2              |     +    |   0|  0|  18|          11|          11|
    |add_ln117_5_fu_2472_p2              |     +    |   0|  0|  18|          11|          11|
    |add_ln117_6_fu_2481_p2              |     +    |   0|  0|  18|          11|          11|
    |add_ln117_7_fu_2490_p2              |     +    |   0|  0|  18|          11|          11|
    |add_ln117_8_fu_2499_p2              |     +    |   0|  0|  18|          11|          11|
    |add_ln117_9_fu_2508_p2              |     +    |   0|  0|  18|          11|          11|
    |add_ln117_fu_2394_p2                |     +    |   0|  0|  23|          16|           1|
    |add_ln119_fu_3998_p2                |     +    |   0|  0|  15|           8|           1|
    |add_ln133_10_fu_2830_p2             |     +    |   0|  0|   9|           2|           2|
    |add_ln133_11_fu_2852_p2             |     +    |   0|  0|   9|           2|           2|
    |add_ln133_12_fu_2874_p2             |     +    |   0|  0|   9|           2|           2|
    |add_ln133_13_fu_2896_p2             |     +    |   0|  0|   9|           2|           2|
    |add_ln133_14_fu_2918_p2             |     +    |   0|  0|   9|           2|           2|
    |add_ln133_15_fu_2940_p2             |     +    |   0|  0|   9|           2|           2|
    |add_ln133_1_fu_2624_p2              |     +    |   0|  0|   9|           2|           2|
    |add_ln133_2_fu_2654_p2              |     +    |   0|  0|   9|           2|           2|
    |add_ln133_3_fu_2676_p2              |     +    |   0|  0|   9|           2|           2|
    |add_ln133_4_fu_2698_p2              |     +    |   0|  0|   9|           2|           2|
    |add_ln133_5_fu_2720_p2              |     +    |   0|  0|   9|           2|           2|
    |add_ln133_6_fu_2742_p2              |     +    |   0|  0|   9|           2|           2|
    |add_ln133_7_fu_2764_p2              |     +    |   0|  0|   9|           2|           2|
    |add_ln133_8_fu_2786_p2              |     +    |   0|  0|   9|           2|           2|
    |add_ln133_9_fu_2808_p2              |     +    |   0|  0|   9|           2|           2|
    |add_ln133_fu_2594_p2                |     +    |   0|  0|   9|           2|           2|
    |add_ln134_10_fu_2824_p2             |     +    |   0|  0|  18|          11|          11|
    |add_ln134_11_fu_2846_p2             |     +    |   0|  0|  18|          11|          11|
    |add_ln134_12_fu_2868_p2             |     +    |   0|  0|  18|          11|          11|
    |add_ln134_13_fu_2890_p2             |     +    |   0|  0|  18|          11|          11|
    |add_ln134_14_fu_2912_p2             |     +    |   0|  0|  18|          11|          11|
    |add_ln134_15_fu_2934_p2             |     +    |   0|  0|  18|          11|          11|
    |add_ln134_1_fu_2618_p2              |     +    |   0|  0|  18|          11|          11|
    |add_ln134_2_fu_2648_p2              |     +    |   0|  0|  18|          11|          11|
    |add_ln134_3_fu_2670_p2              |     +    |   0|  0|  18|          11|          11|
    |add_ln134_4_fu_2692_p2              |     +    |   0|  0|  18|          11|          11|
    |add_ln134_5_fu_2714_p2              |     +    |   0|  0|  18|          11|          11|
    |add_ln134_6_fu_2736_p2              |     +    |   0|  0|  18|          11|          11|
    |add_ln134_7_fu_2758_p2              |     +    |   0|  0|  18|          11|          11|
    |add_ln134_8_fu_2780_p2              |     +    |   0|  0|  18|          11|          11|
    |add_ln134_9_fu_2802_p2              |     +    |   0|  0|  18|          11|          11|
    |add_ln134_fu_2588_p2                |     +    |   0|  0|  18|          11|          11|
    |add_ln143_3_fu_3361_p2              |     +    |   0|  0|  15|           8|           1|
    |add_ln143_fu_3342_p2                |     +    |   0|  0|  23|          16|           1|
    |add_ln144_fu_3379_p2                |     +    |   0|  0|  15|           8|           1|
    |add_ln164_fu_3469_p2                |     +    |   0|  0|  23|          16|           1|
    |add_ln171_1_fu_3494_p2              |     +    |   0|  0|  24|           3|          17|
    |add_ln171_2_fu_3508_p2              |     +    |   0|  0|  24|           3|          17|
    |add_ln171_3_fu_3623_p2              |     +    |   0|  0|  16|           3|           9|
    |add_ln171_fu_3566_p2                |     +    |   0|  0|  16|           2|           9|
    |add_ln173_fu_3633_p2                |     +    |   0|  0|  16|           3|           9|
    |add_ln183_1_fu_3648_p2              |     +    |   0|  0|  16|           9|           9|
    |add_ln183_2_fu_3658_p2              |     +    |   0|  0|  16|           9|           9|
    |add_ln183_3_fu_3667_p2              |     +    |   0|  0|  16|           9|           9|
    |add_ln183_fu_3638_p2                |     +    |   0|  0|  16|           9|           9|
    |add_ln285_1_fu_3533_p2              |     +    |   0|  0|  24|          17|           4|
    |add_ln285_2_fu_3544_p2              |     +    |   0|  0|  24|          17|           4|
    |add_ln285_3_fu_3893_p2              |     +    |   0|  0|  16|           4|           9|
    |add_ln285_4_fu_3908_p2              |     +    |   0|  0|  16|           9|           4|
    |add_ln285_5_fu_3923_p2              |     +    |   0|  0|  16|           9|           4|
    |add_ln285_fu_3522_p2                |     +    |   0|  0|  24|           4|          17|
    |add_ln293_1_fu_3913_p2              |     +    |   0|  0|  16|           9|           9|
    |add_ln293_2_fu_3928_p2              |     +    |   0|  0|  16|           9|           9|
    |add_ln293_fu_3898_p2                |     +    |   0|  0|  16|           9|           9|
    |add_ln308_1_fu_4027_p2              |     +    |   0|  0|  15|           1|           6|
    |add_ln308_fu_4016_p2                |     +    |   0|  0|  31|          24|           1|
    |add_ln309_1_fu_4045_p2              |     +    |   0|  0|  26|           1|          19|
    |add_ln309_fu_4088_p2                |     +    |   0|  0|  11|           1|           3|
    |add_ln310_fu_4131_p2                |     +    |   0|  0|  23|           1|          16|
    |add_ln78_fu_1705_p2                 |     +    |   0|  0|  15|           8|           1|
    |add_ln82_fu_1761_p2                 |     +    |   0|  0|  39|          32|           1|
    |add_ln87_fu_1827_p2                 |     +    |   0|  0|  15|           6|           1|
    |add_ln90_1_fu_1937_p2               |     +    |   0|  0|  23|          16|           1|
    |add_ln90_2_fu_1966_p2               |     +    |   0|  0|  23|          16|           1|
    |add_ln90_3_fu_1995_p2               |     +    |   0|  0|  23|          16|           1|
    |add_ln90_fu_1908_p2                 |     +    |   0|  0|  23|          16|           1|
    |add_ln93_1_fu_1952_p2               |     +    |   0|  0|  17|          10|          10|
    |add_ln93_2_fu_1981_p2               |     +    |   0|  0|  17|          10|          10|
    |add_ln93_3_fu_2005_p2               |     +    |   0|  0|  17|          10|          10|
    |add_ln93_fu_1923_p2                 |     +    |   0|  0|  17|          10|          10|
    |add_ln98_1_fu_2043_p2               |     +    |   0|  0|  15|           6|           1|
    |add_ln98_fu_2024_p2                 |     +    |   0|  0|  19|          12|           1|
    |add_ln99_fu_2956_p2                 |     +    |   0|  0|  15|           6|           1|
    |empty_46_fu_2184_p2                 |     +    |   0|  0|  15|           8|           8|
    |empty_51_fu_3396_p2                 |     +    |   0|  0|  22|          10|          10|
    |grp_fu_4174_p0                      |     +    |   0|  0|  18|          11|          11|
    |grp_fu_4179_p0                      |     +    |   0|  0|  18|          11|          11|
    |grp_fu_4184_p0                      |     +    |   0|  0|  18|          11|          11|
    |grp_fu_4189_p0                      |     +    |   0|  0|  18|          11|          11|
    |grp_fu_4194_p0                      |     +    |   0|  0|  18|          11|          11|
    |grp_fu_4199_p0                      |     +    |   0|  0|  18|          11|          11|
    |grp_fu_4204_p0                      |     +    |   0|  0|  18|          11|          11|
    |grp_fu_4209_p0                      |     +    |   0|  0|  18|          11|          11|
    |grp_fu_4214_p0                      |     +    |   0|  0|  18|          11|          11|
    |grp_fu_4219_p0                      |     +    |   0|  0|  18|          11|          11|
    |grp_fu_4224_p0                      |     +    |   0|  0|  18|          11|          11|
    |grp_fu_4229_p0                      |     +    |   0|  0|  18|          11|          11|
    |grp_fu_4234_p0                      |     +    |   0|  0|  18|          11|          11|
    |grp_fu_4239_p0                      |     +    |   0|  0|  18|          11|          11|
    |grp_fu_4244_p0                      |     +    |   0|  0|  18|          11|          11|
    |grp_fu_4249_p0                      |     +    |   0|  0|  18|          11|          11|
    |grp_fu_4254_p2                      |     +    |   0|  0|  16|           9|           9|
    |input_rows_fu_1859_p2               |     +    |   0|  0|  23|          16|          16|
    |tmp2_fu_1850_p2                     |     +    |   0|  0|  16|           3|           9|
    |tmp6_fu_3391_p2                     |     +    |   0|  0|  22|          10|          10|
    |ap_block_pp0                        |    and   |   0|  0|   2|           1|           1|
    |ap_block_pp0_stage0_11001           |    and   |   0|  0|   2|           1|           1|
    |ap_block_pp1                        |    and   |   0|  0|   2|           1|           1|
    |ap_block_pp1_stage0_11001           |    and   |   0|  0|   2|           1|           1|
    |ap_block_pp2                        |    and   |   0|  0|   2|           1|           1|
    |ap_block_pp2_stage0_11001           |    and   |   0|  0|   2|           1|           1|
    |ap_block_pp3                        |    and   |   0|  0|   2|           1|           1|
    |ap_block_pp3_stage0_11001           |    and   |   0|  0|   2|           1|           1|
    |ap_block_pp4                        |    and   |   0|  0|   2|           1|           1|
    |ap_block_pp4_stage0_11001           |    and   |   0|  0|   2|           1|           1|
    |ap_block_pp5                        |    and   |   0|  0|   2|           1|           1|
    |ap_block_pp5_stage0_11001           |    and   |   0|  0|   2|           1|           1|
    |ap_block_pp6                        |    and   |   0|  0|   2|           1|           1|
    |ap_block_pp7                        |    and   |   0|  0|   2|           1|           1|
    |ap_block_pp8                        |    and   |   0|  0|   2|           1|           1|
    |ap_block_pp9                        |    and   |   0|  0|   2|           1|           1|
    |ap_block_pp9_stage0_01001           |    and   |   0|  0|   2|           1|           1|
    |ap_block_state17_pp2_stage0_iter1   |    and   |   0|  0|   2|           1|           1|
    |ap_block_state20_pp3_stage0_iter1   |    and   |   0|  0|   2|           1|           1|
    |ap_block_state23_pp4_stage0_iter1   |    and   |   0|  0|   2|           1|           1|
    |ap_block_state26_pp5_stage0_iter1   |    and   |   0|  0|   2|           1|           1|
    |ap_block_state70_pp9_stage0_iter4   |    and   |   0|  0|   2|           1|           1|
    |ap_enable_state56_pp8_iter2_stage0  |    and   |   0|  0|   2|           1|           1|
    |ap_enable_state57_pp8_iter3_stage0  |    and   |   0|  0|   2|           1|           1|
    |ap_enable_state61_pp8_iter7_stage0  |    and   |   0|  0|   2|           1|           1|
    |ap_predicate_op1011_load_state57    |    and   |   0|  0|   2|           1|           1|
    |ap_predicate_op1013_load_state57    |    and   |   0|  0|   2|           1|           1|
    |ap_predicate_op1015_load_state57    |    and   |   0|  0|   2|           1|           1|
    |ap_predicate_op975_load_state56     |    and   |   0|  0|   2|           1|           1|
    |ap_predicate_op979_load_state56     |    and   |   0|  0|   2|           1|           1|
    |ap_predicate_op983_load_state56     |    and   |   0|  0|   2|           1|           1|
    |cmp57307_fu_1800_p2                 |   icmp   |   0|  0|  13|          16|           1|
    |icmp_ln105_fu_2164_p2               |   icmp   |   0|  0|   9|           3|           4|
    |icmp_ln106_fu_2318_p2               |   icmp   |   0|  0|  13|          16|          16|
    |icmp_ln107_fu_2329_p2               |   icmp   |   0|  0|  11|           8|           8|
    |icmp_ln117_fu_2389_p2               |   icmp   |   0|  0|  13|          16|          16|
    |icmp_ln119_fu_2400_p2               |   icmp   |   0|  0|  11|           8|           8|
    |icmp_ln143_fu_3337_p2               |   icmp   |   0|  0|  13|          16|          16|
    |icmp_ln144_fu_3348_p2               |   icmp   |   0|  0|  11|           8|           8|
    |icmp_ln164_fu_3464_p2               |   icmp   |   0|  0|  13|          16|          16|
    |icmp_ln173_fu_3488_p2               |   icmp   |   0|  0|  13|          16|           1|
    |icmp_ln285_1_fu_3539_p2             |   icmp   |   0|  0|  20|          17|          17|
    |icmp_ln285_2_fu_3550_p2             |   icmp   |   0|  0|  20|          17|          17|
    |icmp_ln285_3_fu_3555_p2             |   icmp   |   0|  0|  20|          17|          17|
    |icmp_ln285_fu_3528_p2               |   icmp   |   0|  0|  20|          17|          17|
    |icmp_ln308_fu_4011_p2               |   icmp   |   0|  0|  20|          24|          24|
    |icmp_ln309_fu_4022_p2               |   icmp   |   0|  0|  20|          19|          19|
    |icmp_ln310_1_fu_4077_p2             |   icmp   |   0|  0|  13|          16|          16|
    |icmp_ln310_fu_4006_p2               |   icmp   |   0|  0|  13|          16|           1|
    |icmp_ln78_fu_1700_p2                |   icmp   |   0|  0|  11|           8|           8|
    |icmp_ln82_fu_1756_p2                |   icmp   |   0|  0|  20|          32|          32|
    |icmp_ln87_fu_1822_p2                |   icmp   |   0|  0|  11|           6|           6|
    |icmp_ln90_1_fu_1932_p2              |   icmp   |   0|  0|  13|          16|          16|
    |icmp_ln90_2_fu_1961_p2              |   icmp   |   0|  0|  13|          16|          16|
    |icmp_ln90_3_fu_1990_p2              |   icmp   |   0|  0|  13|          16|          16|
    |icmp_ln90_fu_1903_p2                |   icmp   |   0|  0|  13|          16|          16|
    |icmp_ln98_fu_2019_p2                |   icmp   |   0|  0|  13|          12|          12|
    |icmp_ln99_fu_2030_p2                |   icmp   |   0|  0|  11|           6|           6|
    |ap_block_state1                     |    or    |   0|  0|   2|           1|           1|
    |empty_48_fu_2207_p2                 |    or    |   0|  0|   8|           8|           1|
    |empty_49_fu_2216_p2                 |    or    |   0|  0|   8|           8|           2|
    |empty_56_fu_2140_p2                 |    or    |   0|  0|   8|           8|           2|
    |or_ln309_fu_4094_p2                 |    or    |   0|  0|   2|           1|           1|
    |or_ln98_1_fu_2098_p2                |    or    |   0|  0|   8|           8|           2|
    |or_ln98_2_fu_2113_p2                |    or    |   0|  0|   8|           8|           2|
    |or_ln98_fu_2083_p2                  |    or    |   0|  0|   8|           8|           1|
    |grp_fu_4277_p2                      |  select  |   0|  0|  32|           1|           1|
    |grp_fu_4285_p2                      |  select  |   0|  0|  32|           1|           1|
    |grp_fu_4293_p2                      |  select  |   0|  0|  32|           1|          32|
    |select_ln106_1_fu_2348_p3           |  select  |   0|  0|   8|           1|           8|
    |select_ln106_fu_2334_p3             |  select  |   0|  0|   8|           1|           1|
    |select_ln117_1_fu_2419_p3           |  select  |   0|  0|   8|           1|           8|
    |select_ln117_fu_2405_p3             |  select  |   0|  0|   8|           1|           1|
    |select_ln143_1_fu_3367_p3           |  select  |   0|  0|   8|           1|           8|
    |select_ln143_fu_3353_p3             |  select  |   0|  0|   8|           1|           1|
    |select_ln173_1_fu_3716_p3           |  select  |   0|  0|   8|           1|           1|
    |select_ln173_2_fu_3791_p3           |  select  |   0|  0|   8|           1|           1|
    |select_ln173_fu_3616_p3             |  select  |   0|  0|   8|           1|           8|
    |select_ln308_1_fu_4033_p3           |  select  |   0|  0|   6|           1|           6|
    |select_ln308_2_fu_4070_p3           |  select  |   0|  0|   2|           1|           1|
    |select_ln308_3_fu_4082_p3           |  select  |   0|  0|   2|           1|           1|
    |select_ln308_fu_4059_p3             |  select  |   0|  0|   3|           1|           1|
    |select_ln309_1_fu_4111_p3           |  select  |   0|  0|   2|           1|           2|
    |select_ln309_2_fu_4119_p3           |  select  |   0|  0|   3|           1|           3|
    |select_ln309_3_fu_4051_p3           |  select  |   0|  0|  19|           1|           1|
    |select_ln309_fu_4099_p3             |  select  |   0|  0|  16|           1|           1|
    |select_ln98_1_fu_2049_p3            |  select  |   0|  0|   6|           1|           6|
    |select_ln98_fu_2035_p3              |  select  |   0|  0|   6|           1|           1|
    |ap_enable_pp0                       |    xor   |   0|  0|   2|           1|           2|
    |ap_enable_pp1                       |    xor   |   0|  0|   2|           1|           2|
    |ap_enable_pp2                       |    xor   |   0|  0|   2|           1|           2|
    |ap_enable_pp3                       |    xor   |   0|  0|   2|           1|           2|
    |ap_enable_pp4                       |    xor   |   0|  0|   2|           1|           2|
    |ap_enable_pp5                       |    xor   |   0|  0|   2|           1|           2|
    |ap_enable_pp6                       |    xor   |   0|  0|   2|           1|           2|
    |ap_enable_pp7                       |    xor   |   0|  0|   2|           1|           2|
    |ap_enable_pp8                       |    xor   |   0|  0|   2|           1|           2|
    |ap_enable_pp9                       |    xor   |   0|  0|   2|           1|           2|
    |ap_enable_reg_pp0_iter1             |    xor   |   0|  0|   2|           2|           1|
    |ap_enable_reg_pp1_iter1             |    xor   |   0|  0|   2|           2|           1|
    |ap_enable_reg_pp2_iter1             |    xor   |   0|  0|   2|           2|           1|
    |ap_enable_reg_pp3_iter1             |    xor   |   0|  0|   2|           2|           1|
    |ap_enable_reg_pp4_iter1             |    xor   |   0|  0|   2|           2|           1|
    |ap_enable_reg_pp5_iter1             |    xor   |   0|  0|   2|           2|           1|
    |ap_enable_reg_pp6_iter1             |    xor   |   0|  0|   2|           2|           1|
    |ap_enable_reg_pp7_iter1             |    xor   |   0|  0|   2|           2|           1|
    +------------------------------------+----------+----+---+----+------------+------------+
    |Total                               |          |   0|  0|2794|        1586|        1416|
    +------------------------------------+----------+----+---+----+------------+------------+

    * Multiplexer: 
    +--------------------------------+-----+-----------+-----+-----------+
    |              Name              | LUT | Input Size| Bits| Total Bits|
    +--------------------------------+-----+-----------+-----+-----------+
    |ap_NS_fsm                       |  209|         48|    1|         48|
    |ap_enable_reg_pp0_iter1         |   15|          3|    1|          3|
    |ap_enable_reg_pp1_iter1         |   15|          3|    1|          3|
    |ap_enable_reg_pp2_iter1         |   15|          3|    1|          3|
    |ap_enable_reg_pp3_iter1         |   15|          3|    1|          3|
    |ap_enable_reg_pp4_iter1         |   15|          3|    1|          3|
    |ap_enable_reg_pp5_iter1         |   15|          3|    1|          3|
    |ap_enable_reg_pp6_iter1         |    9|          2|    1|          2|
    |ap_enable_reg_pp6_iter3         |    9|          2|    1|          2|
    |ap_enable_reg_pp7_iter1         |    9|          2|    1|          2|
    |ap_enable_reg_pp7_iter4         |    9|          2|    1|          2|
    |ap_enable_reg_pp8_iter5         |    9|          2|    1|          2|
    |ap_enable_reg_pp8_iter7         |    9|          2|    1|          2|
    |ap_enable_reg_pp9_iter3         |    9|          2|    1|          2|
    |ap_enable_reg_pp9_iter4         |    9|          2|    1|          2|
    |ap_phi_mux_hi_1_phi_fu_1541_p4  |    9|          2|    8|         16|
    |ap_phi_mux_hi_phi_fu_1475_p4    |    9|          2|    8|         16|
    |ap_phi_mux_k_2_phi_fu_1585_p4   |    9|          2|    6|         12|
    |bias_in_V_blk_n                 |    9|          2|    1|          2|
    |bias_l2_0_address0              |   15|          3|    9|         27|
    |bias_l2_1_address0              |   15|          3|    9|         27|
    |bias_l2_2_address0              |   15|          3|    9|         27|
    |bias_l2_3_address0              |   15|          3|    9|         27|
    |co_1_reg_1438                   |    9|          2|    6|         12|
    |co_reg_1361                     |    9|          2|    6|         12|
    |conv_out_V_blk_n                |    9|          2|    1|          2|
    |data_in_V_blk_n                 |    9|          2|    1|          2|
    |data_l1_0_0_address0            |   15|          3|    9|         27|
    |data_l1_1_0_address0            |   15|          3|    9|         27|
    |data_l1_2_0_address0            |   15|          3|    9|         27|
    |data_l1_3_0_address0            |   15|          3|    9|         27|
    |data_l2_0_address0              |   15|          3|   10|         30|
    |data_l2_1_address0              |   15|          3|   10|         30|
    |data_l2_2_address0              |   15|          3|   10|         30|
    |data_l2_3_address0              |   15|          3|   10|         30|
    |hi_1_reg_1537                   |    9|          2|    8|         16|
    |hi_reg_1471                     |    9|          2|    8|         16|
    |i_reg_1559                      |    9|          2|   16|         32|
    |indvar_flatten104_reg_1416      |    9|          2|   12|         24|
    |indvar_flatten111_reg_1592      |    9|          2|   19|         38|
    |indvar_flatten128_reg_1570      |    9|          2|   24|         48|
    |indvar_flatten15_reg_1526       |    9|          2|   16|         32|
    |indvar_flatten73_reg_1493       |    9|          2|   16|         32|
    |indvar_flatten_reg_1460         |    9|          2|   16|         32|
    |k_1_reg_1350                    |    9|          2|   32|         64|
    |k_2_reg_1581                    |    9|          2|    6|         12|
    |k_reg_1339                      |    9|          2|    8|         16|
    |ki_1_reg_1449                   |    9|          2|    3|          6|
    |ki_reg_1603                     |    9|          2|    3|          6|
    |ko_reg_1427                     |    9|          2|    6|         12|
    |output_l1_0_address0            |   15|          3|    9|         27|
    |output_l1_0_address1            |   15|          3|    9|         27|
    |output_l1_0_d0                  |   15|          3|   32|         96|
    |output_l1_1_address0            |   15|          3|    9|         27|
    |output_l1_1_address1            |   15|          3|    9|         27|
    |output_l1_1_d0                  |   15|          3|   32|         96|
    |output_l1_2_address0            |   15|          3|    9|         27|
    |output_l1_2_address1            |   15|          3|    9|         27|
    |output_l1_2_d0                  |   15|          3|   32|         96|
    |output_l1_3_address0            |   15|          3|    9|         27|
    |output_l1_3_address1            |   15|          3|    9|         27|
    |output_l1_3_d0                  |   15|          3|   32|         96|
    |r_reg_1504                      |    9|          2|    8|         16|
    |s_reg_1515                      |    9|          2|    8|         16|
    |weight_in_V_blk_n               |    9|          2|    1|          2|
    |weight_l2_0_address0            |   47|         10|    9|         90|
    |weight_l2_0_address1            |   44|          9|    9|         81|
    |weight_l2_1_address0            |   47|         10|    9|         90|
    |weight_l2_1_address1            |   44|          9|    9|         81|
    |weight_l2_2_address0            |   47|         10|    9|         90|
    |weight_l2_2_address1            |   44|          9|    9|         81|
    |weight_l2_3_address0            |   47|         10|    9|         90|
    |weight_l2_3_address1            |   44|          9|    9|         81|
    |wh_1_reg_1383                   |    9|          2|   16|         32|
    |wh_2_reg_1394                   |    9|          2|   16|         32|
    |wh_3_reg_1614                   |    9|          2|   16|         32|
    |wh_4_reg_1405                   |    9|          2|   16|         32|
    |wh_reg_1372                     |    9|          2|   16|         32|
    |wi_1_reg_1548                   |    9|          2|    8|         16|
    |wi_reg_1482                     |    9|          2|    8|         16|
    +--------------------------------+-----+-----------+-----+-----------+
    |Total                           | 1392|        296|  742|       2388|
    +--------------------------------+-----+-----------+-----+-----------+

    * Register: 
    +---------------------------------------+----+----+-----+-----------+
    |                  Name                 | FF | LUT| Bits| Const Bits|
    +---------------------------------------+----+----+-----+-----------+
    |C_cast_reg_4853                        |   8|   0|   11|          3|
    |C_reg_4513                             |   8|   0|    8|          0|
    |K_reg_4502                             |   8|   0|    8|          0|
    |RS_reg_4561                            |   8|   0|    8|          0|
    |WH_cast_reg_4861                       |   8|   0|    9|          1|
    |WH_in_reg_4528                         |   8|   0|    8|          0|
    |WH_reg_4520                            |   8|   0|    8|          0|
    |add117_1342_cast_reg_5249              |  11|   0|   11|          0|
    |add117_1_1_cast_reg_5264               |  11|   0|   11|          0|
    |add117_1_2_cast_reg_5229               |  11|   0|   11|          0|
    |add117_1_3_cast_reg_5269               |  11|   0|   11|          0|
    |add117_1_cast_reg_5219                 |  11|   0|   11|          0|
    |add117_2350_cast_reg_5254              |  11|   0|   11|          0|
    |add117_2_1_cast_reg_5274               |  11|   0|   11|          0|
    |add117_2_2_cast_reg_5234               |  11|   0|   11|          0|
    |add117_2_3_cast_reg_5279               |  11|   0|   11|          0|
    |add117_2_cast_reg_5214                 |  11|   0|   11|          0|
    |add117_3358_cast_reg_5259              |  11|   0|   11|          0|
    |add117_3_1_cast_reg_5284               |  11|   0|   11|          0|
    |add117_3_2_cast_reg_5239               |  11|   0|   11|          0|
    |add117_3_3_cast_reg_5289               |  11|   0|   11|          0|
    |add117_3_cast_reg_5224                 |  11|   0|   11|          0|
    |add117_cast_reg_5244                   |  11|   0|   11|          0|
    |add_ln105_reg_5062                     |   3|   0|    3|          0|
    |add_ln117_reg_5302                     |  16|   0|   16|          0|
    |add_ln133_10_reg_5449                  |   2|   0|    2|          0|
    |add_ln133_11_reg_5459                  |   2|   0|    2|          0|
    |add_ln133_12_reg_5469                  |   2|   0|    2|          0|
    |add_ln133_13_reg_5479                  |   2|   0|    2|          0|
    |add_ln133_14_reg_5489                  |   2|   0|    2|          0|
    |add_ln133_15_reg_5499                  |   2|   0|    2|          0|
    |add_ln133_1_reg_5344                   |   2|   0|    2|          0|
    |add_ln133_2_reg_5369                   |   2|   0|    2|          0|
    |add_ln133_3_reg_5379                   |   2|   0|    2|          0|
    |add_ln133_4_reg_5389                   |   2|   0|    2|          0|
    |add_ln133_5_reg_5399                   |   2|   0|    2|          0|
    |add_ln133_6_reg_5409                   |   2|   0|    2|          0|
    |add_ln133_7_reg_5419                   |   2|   0|    2|          0|
    |add_ln133_8_reg_5429                   |   2|   0|    2|          0|
    |add_ln133_9_reg_5439                   |   2|   0|    2|          0|
    |add_ln133_reg_5319                     |   2|   0|    2|          0|
    |add_ln171_reg_6083                     |   9|   0|    9|          0|
    |add_ln173_reg_6118                     |   9|   0|    9|          0|
    |add_ln87_reg_4664                      |   6|   0|    6|          0|
    |add_ln93_3_reg_4949                    |  10|   0|   10|          0|
    |add_ln98_reg_4957                      |  12|   0|   12|          0|
    |ap_CS_fsm                              |  47|   0|   47|          0|
    |ap_enable_reg_pp0_iter0                |   1|   0|    1|          0|
    |ap_enable_reg_pp0_iter1                |   1|   0|    1|          0|
    |ap_enable_reg_pp1_iter0                |   1|   0|    1|          0|
    |ap_enable_reg_pp1_iter1                |   1|   0|    1|          0|
    |ap_enable_reg_pp2_iter0                |   1|   0|    1|          0|
    |ap_enable_reg_pp2_iter1                |   1|   0|    1|          0|
    |ap_enable_reg_pp3_iter0                |   1|   0|    1|          0|
    |ap_enable_reg_pp3_iter1                |   1|   0|    1|          0|
    |ap_enable_reg_pp4_iter0                |   1|   0|    1|          0|
    |ap_enable_reg_pp4_iter1                |   1|   0|    1|          0|
    |ap_enable_reg_pp5_iter0                |   1|   0|    1|          0|
    |ap_enable_reg_pp5_iter1                |   1|   0|    1|          0|
    |ap_enable_reg_pp6_iter0                |   1|   0|    1|          0|
    |ap_enable_reg_pp6_iter1                |   1|   0|    1|          0|
    |ap_enable_reg_pp6_iter2                |   1|   0|    1|          0|
    |ap_enable_reg_pp6_iter3                |   1|   0|    1|          0|
    |ap_enable_reg_pp7_iter0                |   1|   0|    1|          0|
    |ap_enable_reg_pp7_iter1                |   1|   0|    1|          0|
    |ap_enable_reg_pp7_iter2                |   1|   0|    1|          0|
    |ap_enable_reg_pp7_iter3                |   1|   0|    1|          0|
    |ap_enable_reg_pp7_iter4                |   1|   0|    1|          0|
    |ap_enable_reg_pp8_iter0                |   1|   0|    1|          0|
    |ap_enable_reg_pp8_iter1                |   1|   0|    1|          0|
    |ap_enable_reg_pp8_iter2                |   1|   0|    1|          0|
    |ap_enable_reg_pp8_iter3                |   1|   0|    1|          0|
    |ap_enable_reg_pp8_iter4                |   1|   0|    1|          0|
    |ap_enable_reg_pp8_iter5                |   1|   0|    1|          0|
    |ap_enable_reg_pp8_iter6                |   1|   0|    1|          0|
    |ap_enable_reg_pp8_iter7                |   1|   0|    1|          0|
    |ap_enable_reg_pp9_iter0                |   1|   0|    1|          0|
    |ap_enable_reg_pp9_iter1                |   1|   0|    1|          0|
    |ap_enable_reg_pp9_iter2                |   1|   0|    1|          0|
    |ap_enable_reg_pp9_iter3                |   1|   0|    1|          0|
    |ap_enable_reg_pp9_iter4                |   1|   0|    1|          0|
    |arrayidx2234_1364_promoted718_fu_378   |   8|   0|    8|          0|
    |arrayidx2234_1_1_promoted746_fu_394    |   8|   0|    8|          0|
    |arrayidx2234_1_2_promoted753_fu_398    |   8|   0|    8|          0|
    |arrayidx2234_1_3_promoted760_fu_402    |   8|   0|    8|          0|
    |arrayidx2234_1_promoted739_fu_390      |   8|   0|    8|          0|
    |arrayidx2234_2376_promoted725_fu_382   |   8|   0|    8|          0|
    |arrayidx2234_2_1_promoted774_fu_410    |   8|   0|    8|          0|
    |arrayidx2234_2_2_promoted781_fu_414    |   8|   0|    8|          0|
    |arrayidx2234_2_3_promoted788_fu_418    |   8|   0|    8|          0|
    |arrayidx2234_2_promoted767_fu_406      |   8|   0|    8|          0|
    |arrayidx2234_3388_promoted732_fu_386   |   8|   0|    8|          0|
    |arrayidx2234_promoted711_fu_374        |   8|   0|    8|          0|
    |bias_in_V_read_1_reg_4508              |  64|   0|   64|          0|
    |bias_in_V_read_reg_4497                |  64|   0|   64|          0|
    |bound109_reg_6298                      |  16|   0|   19|          3|
    |bound116_reg_6303                      |  24|   0|   24|          0|
    |bound78_reg_4887                       |  12|   0|   12|          0|
    |cmp57307_reg_4638                      |   1|   0|    1|          0|
    |co_1_reg_1438                          |   6|   0|    6|          0|
    |co_reg_1361                            |   6|   0|    6|          0|
    |conv88_reg_5172                        |  32|   0|   32|          0|
    |div73_cast_reg_4848                    |   6|   0|    6|          0|
    |empty_38_reg_4654                      |  10|   0|   10|          0|
    |empty_41_reg_4907                      |  10|   0|   10|          0|
    |empty_42_reg_4867                      |  11|   0|   11|          0|
    |empty_43_reg_4892                      |   9|   0|    9|          0|
    |empty_45_reg_5067                      |   2|   0|    2|          0|
    |empty_52_reg_5919                      |   9|   0|    9|          0|
    |empty_60_reg_4921                      |  10|   0|   10|          0|
    |empty_62_reg_4935                      |  10|   0|   10|          0|
    |hi_1_reg_1537                          |   8|   0|    8|          0|
    |hi_reg_1471                            |   8|   0|    8|          0|
    |i_reg_1559                             |  16|   0|   16|          0|
    |icmp_ln106_reg_5180                    |   1|   0|    1|          0|
    |icmp_ln143_reg_5884                    |   1|   0|    1|          0|
    |icmp_ln164_reg_6024                    |   1|   0|    1|          0|
    |icmp_ln173_reg_6049                    |   1|   0|    1|          0|
    |icmp_ln285_1_reg_6071                  |   1|   0|    1|          0|
    |icmp_ln285_2_reg_6075                  |   1|   0|    1|          0|
    |icmp_ln285_3_reg_6079                  |   1|   0|    1|          0|
    |icmp_ln285_reg_6067                    |   1|   0|    1|          0|
    |icmp_ln308_reg_6313                    |   1|   0|    1|          0|
    |icmp_ln309_reg_6322                    |   1|   0|    1|          0|
    |icmp_ln309_reg_6322_pp9_iter1_reg      |   1|   0|    1|          0|
    |icmp_ln310_reg_6308                    |   1|   0|    1|          0|
    |icmp_ln90_1_reg_4912                   |   1|   0|    1|          0|
    |icmp_ln90_2_reg_4926                   |   1|   0|    1|          0|
    |icmp_ln90_3_reg_4940                   |   1|   0|    1|          0|
    |icmp_ln90_reg_4898                     |   1|   0|    1|          0|
    |indvar_flatten104_reg_1416             |  12|   0|   12|          0|
    |indvar_flatten111_reg_1592             |  19|   0|   19|          0|
    |indvar_flatten128_reg_1570             |  24|   0|   24|          0|
    |indvar_flatten15_reg_1526              |  16|   0|   16|          0|
    |indvar_flatten73_reg_1493              |  16|   0|   16|          0|
    |indvar_flatten_reg_1460                |  16|   0|   16|          0|
    |input_rows_reg_4838                    |  16|   0|   16|          0|
    |k_1_reg_1350                           |  32|   0|   32|          0|
    |k_2_reg_1581                           |   6|   0|    6|          0|
    |k_reg_1339                             |   8|   0|    8|          0|
    |ki_1_reg_1449                          |   3|   0|    3|          0|
    |ki_reg_1603                            |   3|   0|    3|          0|
    |ko_reg_1427                            |   6|   0|    6|          0|
    |lshr_ln133_10_reg_5464                 |   9|   0|    9|          0|
    |lshr_ln133_11_reg_5474                 |   9|   0|    9|          0|
    |lshr_ln133_12_reg_5484                 |   9|   0|    9|          0|
    |lshr_ln133_13_reg_5494                 |   9|   0|    9|          0|
    |lshr_ln133_14_reg_5504                 |   9|   0|    9|          0|
    |lshr_ln133_2_reg_5374                  |   9|   0|    9|          0|
    |lshr_ln133_3_reg_5384                  |   9|   0|    9|          0|
    |lshr_ln133_4_reg_5394                  |   9|   0|    9|          0|
    |lshr_ln133_5_reg_5404                  |   9|   0|    9|          0|
    |lshr_ln133_6_reg_5414                  |   9|   0|    9|          0|
    |lshr_ln133_7_reg_5424                  |   9|   0|    9|          0|
    |lshr_ln133_8_reg_5434                  |   9|   0|    9|          0|
    |lshr_ln133_9_reg_5444                  |   9|   0|    9|          0|
    |lshr_ln133_s_reg_5454                  |   9|   0|    9|          0|
    |lshr_ln1_reg_4625                      |   9|   0|    9|          0|
    |lshr_ln_reg_4586                       |   6|   0|    6|          0|
    |mul163_cast53_reg_4830                 |  16|   0|   17|          1|
    |mul163_reg_4821                        |  16|   0|   16|          0|
    |mul42_reg_4607                         |  32|   0|   32|          0|
    |mul56_reg_4630                         |  16|   0|   16|          0|
    |mul_ln117_reg_5294                     |  10|   0|   10|          0|
    |mul_ln90_reg_4669                      |  10|   0|   10|          0|
    |mul_ln98_1_reg_4990                    |  11|   0|   11|          0|
    |mul_ln98_2_reg_4998                    |  11|   0|   11|          0|
    |mul_ln98_3_reg_5006                    |  11|   0|   11|          0|
    |mul_ln98_4_reg_5014                    |  11|   0|   11|          0|
    |mul_ln98_reg_4978                      |   9|   0|    9|          0|
    |output_reg_0_0_1_fu_370                |  32|   0|   32|          0|
    |output_reg_0_1_1_fu_366                |  32|   0|   32|          0|
    |output_reg_0_2_1_fu_362                |  32|   0|   32|          0|
    |output_reg_1_0_1_fu_358                |  32|   0|   32|          0|
    |output_reg_1_1_1_fu_354                |  32|   0|   32|          0|
    |output_reg_1_2_1_fu_350                |  32|   0|   32|          0|
    |output_reg_2_0_1_fu_346                |  32|   0|   32|          0|
    |output_reg_2_1_1_fu_342                |  32|   0|   32|          0|
    |output_reg_2_2_1_fu_338                |  32|   0|   32|          0|
    |output_reg_3_0_1_fu_334                |  32|   0|   32|          0|
    |output_reg_3_1_1_fu_330                |  32|   0|   32|          0|
    |output_reg_3_2_1_fu_326                |  32|   0|   32|          0|
    |p_cast12_reg_5028                      |   6|   0|   11|          5|
    |p_cast46_reg_5944                      |  16|   0|   16|          0|
    |p_cast48_reg_5964                      |  16|   0|   16|          0|
    |p_cast50_reg_5984                      |  16|   0|   16|          0|
    |p_cast52_reg_6004                      |  16|   0|   16|          0|
    |p_cast59_reg_5949                      |  16|   0|   16|          0|
    |p_cast61_reg_5954                      |  16|   0|   16|          0|
    |p_cast63_reg_5959                      |  16|   0|   16|          0|
    |p_cast65_reg_5969                      |  16|   0|   16|          0|
    |p_cast67_reg_5974                      |  16|   0|   16|          0|
    |p_cast69_reg_5979                      |  16|   0|   16|          0|
    |p_cast71_reg_5989                      |  16|   0|   16|          0|
    |p_cast73_reg_5994                      |  16|   0|   16|          0|
    |p_cast75_reg_5999                      |  16|   0|   16|          0|
    |p_cast77_reg_6009                      |  16|   0|   16|          0|
    |p_cast79_reg_6014                      |  16|   0|   16|          0|
    |p_mid_reg_4973                         |   6|   0|    8|          2|
    |r_reg_1504                             |   8|   0|    8|          0|
    |s_reg_1515                             |   8|   0|    8|          0|
    |select_ln106_1_reg_5194                |   8|   0|    8|          0|
    |select_ln106_reg_5189                  |   8|   0|    8|          0|
    |select_ln106_reg_5189_pp6_iter1_reg    |   8|   0|    8|          0|
    |select_ln117_1_reg_5313                |   8|   0|    8|          0|
    |select_ln117_reg_5307                  |   8|   0|    8|          0|
    |select_ln143_1_reg_5899                |   8|   0|    8|          0|
    |select_ln143_reg_5893                  |   8|   0|    8|          0|
    |select_ln308_1_reg_6330                |   6|   0|    6|          0|
    |select_ln309_1_reg_6345                |   2|   0|    2|          0|
    |select_ln309_1_reg_6345_pp9_iter3_reg  |   2|   0|    2|          0|
    |select_ln98_1_reg_4968                 |   6|   0|    6|          0|
    |select_ln98_reg_4962                   |   6|   0|    6|          0|
    |sext_ln164_reg_6019                    |  16|   0|   16|          0|
    |tmp1_reg_4596                          |  16|   0|   16|          0|
    |tmp_10_reg_5714                        |   8|   0|    8|          0|
    |tmp_11_reg_5719                        |   8|   0|    8|          0|
    |tmp_12_reg_5764                        |   8|   0|    8|          0|
    |tmp_13_reg_5769                        |   8|   0|    8|          0|
    |tmp_14_reg_5814                        |   8|   0|    8|          0|
    |tmp_15_reg_5819                        |   8|   0|    8|          0|
    |tmp_16_reg_5874                        |   8|   0|    8|          0|
    |tmp_17_reg_5879                        |   8|   0|    8|          0|
    |tmp_18_reg_5022                        |   6|   0|    8|          2|
    |tmp_19_reg_6055                        |   1|   0|    1|          0|
    |tmp_20_reg_6061                        |   1|   0|    1|          0|
    |tmp_2_reg_5044                         |  16|   0|   18|          2|
    |tmp_3_reg_5514                         |   8|   0|    8|          0|
    |tmp_4_reg_5519                         |   8|   0|    8|          0|
    |tmp_5_reg_5564                         |   8|   0|    8|          0|
    |tmp_6_reg_5569                         |   8|   0|    8|          0|
    |tmp_7_reg_5614                         |   8|   0|    8|          0|
    |tmp_8_reg_5619                         |   8|   0|    8|          0|
    |tmp_9_reg_5664                         |   8|   0|    8|          0|
    |tmp_s_reg_5669                         |   8|   0|    8|          0|
    |trunc_ln174_reg_6033                   |   9|   0|    9|          0|
    |trunc_ln1_reg_4642                     |   6|   0|    6|          0|
    |trunc_ln3_cast40_reg_4649              |   8|   0|   10|          2|
    |trunc_ln4_cast18_reg_4843              |   8|   0|   11|          3|
    |trunc_ln80_reg_4582                    |   2|   0|    2|          0|
    |trunc_ln84_reg_4621                    |   2|   0|    2|          0|
    |wh_1_reg_1383                          |  16|   0|   16|          0|
    |wh_2_reg_1394                          |  16|   0|   16|          0|
    |wh_3_reg_1614                          |  16|   0|   16|          0|
    |wh_4_reg_1405                          |  16|   0|   16|          0|
    |wh_reg_1372                            |  16|   0|   16|          0|
    |wi_1_reg_1548                          |   8|   0|    8|          0|
    |wi_reg_1482                            |   8|   0|    8|          0|
    |zext_ln105_reg_5036                    |   6|   0|   11|          5|
    |zext_ln117_reg_5864                    |   8|   0|    9|          1|
    |zext_ln119_reg_5869                    |   8|   0|   10|          2|
    |zext_ln183_reg_6123                    |   9|   0|   64|         55|
    |zext_ln56_reg_4534                     |   8|   0|   16|          8|
    |zext_ln59_1_reg_4544                   |   8|   0|   16|          8|
    |zext_ln59_reg_4539                     |   8|   0|    9|          1|
    |zext_ln62_reg_4549                     |   8|   0|   16|          8|
    |zext_ln69_reg_4555                     |   8|   0|   16|          8|
    |zext_ln74_reg_4567                     |   8|   0|   16|          8|
    |icmp_ln143_reg_5884                    |  64|  32|    1|          0|
    |icmp_ln164_reg_6024                    |  64|  32|    1|          0|
    |icmp_ln173_reg_6049                    |  64|  32|    1|          0|
    |icmp_ln285_1_reg_6071                  |  64|  32|    1|          0|
    |icmp_ln285_2_reg_6075                  |  64|  32|    1|          0|
    |icmp_ln285_3_reg_6079                  |  64|  32|    1|          0|
    |icmp_ln285_reg_6067                    |  64|  32|    1|          0|
    |icmp_ln308_reg_6313                    |  64|  32|    1|          0|
    |select_ln143_reg_5893                  |  64|  32|    8|          0|
    |tmp_19_reg_6055                        |  64|  32|    1|          0|
    |tmp_20_reg_6061                        |  64|  32|    1|          0|
    |trunc_ln174_reg_6033                   |  64|  32|    9|          0|
    |zext_ln183_reg_6123                    |  64|  32|   64|         55|
    +---------------------------------------+----+----+-----+-----------+
    |Total                                  |3283| 416| 2670|        183|
    +---------------------------------------+----+----+-----+-----------+



================================================================
== Interface
================================================================
* Summary: 
+---------------------+-----+-----+------------+-------------------+--------------+
|      RTL Ports      | Dir | Bits|  Protocol  |   Source Object   |    C Type    |
+---------------------+-----+-----+------------+-------------------+--------------+
|ap_clk               |  in |    1| ap_ctrl_hs | Conv_sysarr_dbbuf | return value |
|ap_rst               |  in |    1| ap_ctrl_hs | Conv_sysarr_dbbuf | return value |
|ap_start             |  in |    1| ap_ctrl_hs | Conv_sysarr_dbbuf | return value |
|ap_done              | out |    1| ap_ctrl_hs | Conv_sysarr_dbbuf | return value |
|ap_idle              | out |    1| ap_ctrl_hs | Conv_sysarr_dbbuf | return value |
|ap_ready             | out |    1| ap_ctrl_hs | Conv_sysarr_dbbuf | return value |
|bias_in_V_dout       |  in |   64|   ap_fifo  |     bias_in_V     |    pointer   |
|bias_in_V_empty_n    |  in |    1|   ap_fifo  |     bias_in_V     |    pointer   |
|bias_in_V_read       | out |    1|   ap_fifo  |     bias_in_V     |    pointer   |
|weight_in_V_dout     |  in |   64|   ap_fifo  |    weight_in_V    |    pointer   |
|weight_in_V_empty_n  |  in |    1|   ap_fifo  |    weight_in_V    |    pointer   |
|weight_in_V_read     | out |    1|   ap_fifo  |    weight_in_V    |    pointer   |
|data_in_V_dout       |  in |   64|   ap_fifo  |     data_in_V     |    pointer   |
|data_in_V_empty_n    |  in |    1|   ap_fifo  |     data_in_V     |    pointer   |
|data_in_V_read       | out |    1|   ap_fifo  |     data_in_V     |    pointer   |
|conv_out_V_din       | out |   64|   ap_fifo  |     conv_out_V    |    pointer   |
|conv_out_V_full_n    |  in |    1|   ap_fifo  |     conv_out_V    |    pointer   |
|conv_out_V_write     | out |    1|   ap_fifo  |     conv_out_V    |    pointer   |
+---------------------+-----+-----+------------+-------------------+--------------+

