

================================================================
== Vitis HLS Report for 'Conv_sysarr'
================================================================
* Date:           Thu Jan 27 10:53:56 2022

* Version:        2020.1 (Build 2902540 on Wed May 27 20:16:15 MDT 2020)
* Project:        Systolic_Array_PCNN_based
* Solution:       solution1 (Vivado IP Flow Target)
* Product family: virtexuplus
* Target device:  xcu200-fsgd2104-2-e


================================================================
== Performance Estimates
================================================================
+ Timing: 
    * Summary: 
    +--------+----------+----------+------------+
    |  Clock |  Target  | Estimated| Uncertainty|
    +--------+----------+----------+------------+
    |ap_clk  | 10.00 ns | 7.300 ns |   2.70 ns  |
    +--------+----------+----------+------------+

+ Latency: 
    * Summary: 
    +---------+---------+----------+----------+-------+-------+---------+
    |  Latency (cycles) |  Latency (absolute) |    Interval   | Pipeline|
    |   min   |   max   |    min   |    max   |  min  |  max  |   Type  |
    +---------+---------+----------+----------+-------+-------+---------+
    |    50081|    87713| 0.501 ms | 0.877 ms |  50082|  87714|   none  |
    +---------+---------+----------+----------+-------+-------+---------+

    + Detail: 
        * Instance: 
        +--------------------------------------+---------------------------+---------+---------+-----------+-----------+------+------+---------+
        |                                      |                           |  Latency (cycles) |   Latency (absolute)  |   Interval  | Pipeline|
        |               Instance               |           Module          |   min   |   max   |    min    |    max    |  min |  max |   Type  |
        +--------------------------------------+---------------------------+---------+---------+-----------+-----------+------+------+---------+
        |grp_dataflow_parent_loop_proc_fu_235  |dataflow_parent_loop_proc  |     3124|     5476| 31.240 us | 54.760 us |  3124|  5476|   none  |
        +--------------------------------------+---------------------------+---------+---------+-----------+-----------+------+------+---------+

        * Loop: 
        +----------------------------+---------+---------+---------------+-----------+-----------+------+----------+
        |                            |  Latency (cycles) |   Iteration   |  Initiation Interval  | Trip |          |
        |          Loop Name         |   min   |   max   |    Latency    |  achieved |   target  | Count| Pipelined|
        +----------------------------+---------+---------+---------------+-----------+-----------+------+----------+
        |- LOOP_K_MOST_OUTER         |    50080|    87712| 12520 ~ 21928 |          -|          -|     4|    no    |
        | + LOOP_C_MOST_OUTER        |    12518|    21926| 12518 ~ 21926 |          -|          -|     1|    no    |
        |  ++ LOOP_H_MOST_OUTER      |    12516|    21924|  6258 ~ 10962 |          -|          -|     2|    no    |
        |   +++ LOOP_W_MOST_OUTER    |     6256|    10960|  3128 ~ 5480  |          -|          -|     2|    no    |
        |    ++++ LOOP_R_MOST_OUTER  |     3126|     5478|  3126 ~ 5478  |          -|          -|     1|    no    |
        +----------------------------+---------+---------+---------------+-----------+-----------+------+----------+



================================================================
== Utilization Estimates
================================================================
* Summary: 
+---------------------+---------+------+---------+---------+-----+
|         Name        | BRAM_18K|  DSP |    FF   |   LUT   | URAM|
+---------------------+---------+------+---------+---------+-----+
|DSP                  |        -|     -|        -|        -|    -|
|Expression           |        -|     -|        0|      299|    -|
|FIFO                 |        -|     -|        -|        -|    -|
|Instance             |       88|    98|    17133|    17393|    -|
|Memory               |        -|     -|        -|        -|    -|
|Multiplexer          |        -|     -|        -|      185|    -|
|Register             |        -|     -|      868|        -|    -|
+---------------------+---------+------+---------+---------+-----+
|Total                |       88|    98|    18001|    17877|    0|
+---------------------+---------+------+---------+---------+-----+
|Available SLR        |     1440|  2280|   788160|   394080|  320|
+---------------------+---------+------+---------+---------+-----+
|Utilization SLR (%)  |        6|     4|        2|        4|    0|
+---------------------+---------+------+---------+---------+-----+
|Available            |     4320|  6840|  2364480|  1182240|  960|
+---------------------+---------+------+---------+---------+-----+
|Utilization (%)      |        2|     1|    ~0   |        1|    0|
+---------------------+---------+------+---------+---------+-----+

+ Detail: 
    * Instance: 
    +--------------------------------------+---------------------------+---------+----+-------+-------+-----+
    |               Instance               |           Module          | BRAM_18K| DSP|   FF  |  LUT  | URAM|
    +--------------------------------------+---------------------------+---------+----+-------+-------+-----+
    |control_s_axi_U                       |control_s_axi              |        0|   0|    310|    552|    0|
    |grp_dataflow_parent_loop_proc_fu_235  |dataflow_parent_loop_proc  |       80|  98|  14667|  14161|    0|
    |gmem0_m_axi_U                         |gmem0_m_axi                |        2|   0|    548|    700|    0|
    |gmem1_m_axi_U                         |gmem1_m_axi                |        2|   0|    548|    700|    0|
    |gmem2_m_axi_U                         |gmem2_m_axi                |        2|   0|    548|    700|    0|
    |gmem3_m_axi_U                         |gmem3_m_axi                |        2|   0|    512|    580|    0|
    +--------------------------------------+---------------------------+---------+----+-------+-------+-----+
    |Total                                 |                           |       88|  98|  17133|  17393|    0|
    +--------------------------------------+---------------------------+---------+----+-------+-------+-----+

    * DSP: 
    N/A

    * Memory: 
    N/A

    * FIFO: 
    N/A

    * Expression: 
    +-------------------------------------------------------+----------+----+---+----+------------+------------+
    |                     Variable Name                     | Operation| DSP| FF| LUT| Bitwidth P0| Bitwidth P1|
    +-------------------------------------------------------+----------+----+---+----+------------+------------+
    |cmo_1_fu_380_p2                                        |     +    |   0|  0|  39|          32|           1|
    |hmo_1_fu_395_p2                                        |     +    |   0|  0|  39|           1|          32|
    |kmo_1_fu_369_p2                                        |     +    |   0|  0|  39|           1|          32|
    |rmo_1_fu_421_p2                                        |     +    |   0|  0|  39|          32|           1|
    |wmo_1_fu_410_p2                                        |     +    |   0|  0|  39|           1|          32|
    |icmp_ln282_fu_364_p2                                   |   icmp   |   0|  0|  20|          32|          32|
    |icmp_ln284_fu_375_p2                                   |   icmp   |   0|  0|  20|          32|          32|
    |icmp_ln286_fu_390_p2                                   |   icmp   |   0|  0|  20|          32|          32|
    |icmp_ln288_fu_405_p2                                   |   icmp   |   0|  0|  20|          32|          32|
    |icmp_ln290_fu_416_p2                                   |   icmp   |   0|  0|  20|          32|          32|
    |ap_sync_grp_dataflow_parent_loop_proc_fu_235_ap_done   |    or    |   0|  0|   2|           1|           1|
    |ap_sync_grp_dataflow_parent_loop_proc_fu_235_ap_ready  |    or    |   0|  0|   2|           1|           1|
    +-------------------------------------------------------+----------+----+---+----+------------+------------+
    |Total                                                  |          |   0|  0| 299|         229|         260|
    +-------------------------------------------------------+----------+----+---+----+------------+------------+

    * Multiplexer: 
    +---------------+----+-----------+-----+-----------+
    |      Name     | LUT| Input Size| Bits| Total Bits|
    +---------------+----+-----------+-----+-----------+
    |ap_NS_fsm      |  41|          8|    1|          8|
    |cmo_reg_189    |   9|          2|   32|         64|
    |gmem0_ARVALID  |   9|          2|    1|          2|
    |gmem0_RREADY   |   9|          2|    1|          2|
    |gmem1_ARVALID  |   9|          2|    1|          2|
    |gmem1_RREADY   |   9|          2|    1|          2|
    |gmem2_ARVALID  |   9|          2|    1|          2|
    |gmem2_RREADY   |   9|          2|    1|          2|
    |gmem3_ARVALID  |   9|          2|    1|          2|
    |gmem3_AWVALID  |   9|          2|    1|          2|
    |gmem3_BREADY   |   9|          2|    1|          2|
    |gmem3_RREADY   |   9|          2|    1|          2|
    |gmem3_WVALID   |   9|          2|    1|          2|
    |hmo_reg_201    |   9|          2|   32|         64|
    |kmo_reg_178    |   9|          2|   32|         64|
    |rmo_reg_223    |   9|          2|   32|         64|
    |wmo_reg_212    |   9|          2|   32|         64|
    +---------------+----+-----------+-----+-----------+
    |Total          | 185|         40|  172|        350|
    +---------------+----+-----------+-----+-----------+

    * Register: 
    +-----------------------------------------------------------+----+----+-----+-----------+
    |                            Name                           | FF | LUT| Bits| Const Bits|
    +-----------------------------------------------------------+----+----+-----+-----------+
    |ap_CS_fsm                                                  |   7|   0|    7|          0|
    |ap_sync_reg_grp_dataflow_parent_loop_proc_fu_235_ap_done   |   1|   0|    1|          0|
    |ap_sync_reg_grp_dataflow_parent_loop_proc_fu_235_ap_ready  |   1|   0|    1|          0|
    |bias_in_read_reg_442                                       |  64|   0|   64|          0|
    |cmo_1_reg_498                                              |  32|   0|   32|          0|
    |cmo_reg_189                                                |  32|   0|   32|          0|
    |conv_out_read_reg_427                                      |  64|   0|   64|          0|
    |data_in_read_reg_432                                       |  64|   0|   64|          0|
    |grp_dataflow_parent_loop_proc_fu_235_ap_start_reg          |   1|   0|    1|          0|
    |hmo_1_reg_511                                              |  32|   0|   32|          0|
    |hmo_reg_201                                                |  32|   0|   32|          0|
    |kmo_1_reg_490                                              |  32|   0|   32|          0|
    |kmo_reg_178                                                |  32|   0|   32|          0|
    |param_L2_TILENUM_S_reg_452                                 |  32|   0|   32|          0|
    |rmo_1_reg_532                                              |  32|   0|   32|          0|
    |rmo_reg_223                                                |  32|   0|   32|          0|
    |trunc_ln282_4_reg_462                                      |  32|   0|   32|          0|
    |trunc_ln282_5_reg_467                                      |  32|   0|   32|          0|
    |trunc_ln282_6_reg_472                                      |  32|   0|   32|          0|
    |trunc_ln282_7_reg_477                                      |  32|   0|   32|          0|
    |trunc_ln282_reg_482                                        |  30|   0|   30|          0|
    |trunc_ln286_reg_503                                        |  30|   0|   30|          0|
    |trunc_ln288_reg_516                                        |  30|   0|   30|          0|
    |trunc_ln_reg_457                                           |  32|   0|   32|          0|
    |weight_in_read_reg_437                                     |  64|   0|   64|          0|
    |wmo_1_reg_524                                              |  32|   0|   32|          0|
    |wmo_reg_212                                                |  32|   0|   32|          0|
    +-----------------------------------------------------------+----+----+-----+-----------+
    |Total                                                      | 868|   0|  868|          0|
    +-----------------------------------------------------------+----+----+-----+-----------+



================================================================
== Interface
================================================================
* Summary: 
+-----------------------+-----+------+------------+--------------+--------------+
|       RTL Ports       | Dir | Bits |  Protocol  | Source Object|    C Type    |
+-----------------------+-----+------+------------+--------------+--------------+
|s_axi_control_AWVALID  |  in |     1|    s_axi   |    control   |    scalar    |
|s_axi_control_AWREADY  | out |     1|    s_axi   |    control   |    scalar    |
|s_axi_control_AWADDR   |  in |     6|    s_axi   |    control   |    scalar    |
|s_axi_control_WVALID   |  in |     1|    s_axi   |    control   |    scalar    |
|s_axi_control_WREADY   | out |     1|    s_axi   |    control   |    scalar    |
|s_axi_control_WDATA    |  in |    32|    s_axi   |    control   |    scalar    |
|s_axi_control_WSTRB    |  in |     4|    s_axi   |    control   |    scalar    |
|s_axi_control_ARVALID  |  in |     1|    s_axi   |    control   |    scalar    |
|s_axi_control_ARREADY  | out |     1|    s_axi   |    control   |    scalar    |
|s_axi_control_ARADDR   |  in |     6|    s_axi   |    control   |    scalar    |
|s_axi_control_RVALID   | out |     1|    s_axi   |    control   |    scalar    |
|s_axi_control_RREADY   |  in |     1|    s_axi   |    control   |    scalar    |
|s_axi_control_RDATA    | out |    32|    s_axi   |    control   |    scalar    |
|s_axi_control_RRESP    | out |     2|    s_axi   |    control   |    scalar    |
|s_axi_control_BVALID   | out |     1|    s_axi   |    control   |    scalar    |
|s_axi_control_BREADY   |  in |     1|    s_axi   |    control   |    scalar    |
|s_axi_control_BRESP    | out |     2|    s_axi   |    control   |    scalar    |
|ap_clk                 |  in |     1| ap_ctrl_hs |  Conv_sysarr | return value |
|ap_rst_n               |  in |     1| ap_ctrl_hs |  Conv_sysarr | return value |
|ap_start               |  in |     1| ap_ctrl_hs |  Conv_sysarr | return value |
|ap_done                | out |     1| ap_ctrl_hs |  Conv_sysarr | return value |
|ap_idle                | out |     1| ap_ctrl_hs |  Conv_sysarr | return value |
|ap_ready               | out |     1| ap_ctrl_hs |  Conv_sysarr | return value |
|m_axi_gmem0_AWVALID    | out |     1|    m_axi   |     gmem0    |    pointer   |
|m_axi_gmem0_AWREADY    |  in |     1|    m_axi   |     gmem0    |    pointer   |
|m_axi_gmem0_AWADDR     | out |    64|    m_axi   |     gmem0    |    pointer   |
|m_axi_gmem0_AWID       | out |     1|    m_axi   |     gmem0    |    pointer   |
|m_axi_gmem0_AWLEN      | out |     8|    m_axi   |     gmem0    |    pointer   |
|m_axi_gmem0_AWSIZE     | out |     3|    m_axi   |     gmem0    |    pointer   |
|m_axi_gmem0_AWBURST    | out |     2|    m_axi   |     gmem0    |    pointer   |
|m_axi_gmem0_AWLOCK     | out |     2|    m_axi   |     gmem0    |    pointer   |
|m_axi_gmem0_AWCACHE    | out |     4|    m_axi   |     gmem0    |    pointer   |
|m_axi_gmem0_AWPROT     | out |     3|    m_axi   |     gmem0    |    pointer   |
|m_axi_gmem0_AWQOS      | out |     4|    m_axi   |     gmem0    |    pointer   |
|m_axi_gmem0_AWREGION   | out |     4|    m_axi   |     gmem0    |    pointer   |
|m_axi_gmem0_AWUSER     | out |     1|    m_axi   |     gmem0    |    pointer   |
|m_axi_gmem0_WVALID     | out |     1|    m_axi   |     gmem0    |    pointer   |
|m_axi_gmem0_WREADY     |  in |     1|    m_axi   |     gmem0    |    pointer   |
|m_axi_gmem0_WDATA      | out |    32|    m_axi   |     gmem0    |    pointer   |
|m_axi_gmem0_WSTRB      | out |     4|    m_axi   |     gmem0    |    pointer   |
|m_axi_gmem0_WLAST      | out |     1|    m_axi   |     gmem0    |    pointer   |
|m_axi_gmem0_WID        | out |     1|    m_axi   |     gmem0    |    pointer   |
|m_axi_gmem0_WUSER      | out |     1|    m_axi   |     gmem0    |    pointer   |
|m_axi_gmem0_ARVALID    | out |     1|    m_axi   |     gmem0    |    pointer   |
|m_axi_gmem0_ARREADY    |  in |     1|    m_axi   |     gmem0    |    pointer   |
|m_axi_gmem0_ARADDR     | out |    64|    m_axi   |     gmem0    |    pointer   |
|m_axi_gmem0_ARID       | out |     1|    m_axi   |     gmem0    |    pointer   |
|m_axi_gmem0_ARLEN      | out |     8|    m_axi   |     gmem0    |    pointer   |
|m_axi_gmem0_ARSIZE     | out |     3|    m_axi   |     gmem0    |    pointer   |
|m_axi_gmem0_ARBURST    | out |     2|    m_axi   |     gmem0    |    pointer   |
|m_axi_gmem0_ARLOCK     | out |     2|    m_axi   |     gmem0    |    pointer   |
|m_axi_gmem0_ARCACHE    | out |     4|    m_axi   |     gmem0    |    pointer   |
|m_axi_gmem0_ARPROT     | out |     3|    m_axi   |     gmem0    |    pointer   |
|m_axi_gmem0_ARQOS      | out |     4|    m_axi   |     gmem0    |    pointer   |
|m_axi_gmem0_ARREGION   | out |     4|    m_axi   |     gmem0    |    pointer   |
|m_axi_gmem0_ARUSER     | out |     1|    m_axi   |     gmem0    |    pointer   |
|m_axi_gmem0_RVALID     |  in |     1|    m_axi   |     gmem0    |    pointer   |
|m_axi_gmem0_RREADY     | out |     1|    m_axi   |     gmem0    |    pointer   |
|m_axi_gmem0_RDATA      |  in |    32|    m_axi   |     gmem0    |    pointer   |
|m_axi_gmem0_RLAST      |  in |     1|    m_axi   |     gmem0    |    pointer   |
|m_axi_gmem0_RID        |  in |     1|    m_axi   |     gmem0    |    pointer   |
|m_axi_gmem0_RUSER      |  in |     1|    m_axi   |     gmem0    |    pointer   |
|m_axi_gmem0_RRESP      |  in |     2|    m_axi   |     gmem0    |    pointer   |
|m_axi_gmem0_BVALID     |  in |     1|    m_axi   |     gmem0    |    pointer   |
|m_axi_gmem0_BREADY     | out |     1|    m_axi   |     gmem0    |    pointer   |
|m_axi_gmem0_BRESP      |  in |     2|    m_axi   |     gmem0    |    pointer   |
|m_axi_gmem0_BID        |  in |     1|    m_axi   |     gmem0    |    pointer   |
|m_axi_gmem0_BUSER      |  in |     1|    m_axi   |     gmem0    |    pointer   |
|m_axi_gmem1_AWVALID    | out |     1|    m_axi   |     gmem1    |    pointer   |
|m_axi_gmem1_AWREADY    |  in |     1|    m_axi   |     gmem1    |    pointer   |
|m_axi_gmem1_AWADDR     | out |    64|    m_axi   |     gmem1    |    pointer   |
|m_axi_gmem1_AWID       | out |     1|    m_axi   |     gmem1    |    pointer   |
|m_axi_gmem1_AWLEN      | out |     8|    m_axi   |     gmem1    |    pointer   |
|m_axi_gmem1_AWSIZE     | out |     3|    m_axi   |     gmem1    |    pointer   |
|m_axi_gmem1_AWBURST    | out |     2|    m_axi   |     gmem1    |    pointer   |
|m_axi_gmem1_AWLOCK     | out |     2|    m_axi   |     gmem1    |    pointer   |
|m_axi_gmem1_AWCACHE    | out |     4|    m_axi   |     gmem1    |    pointer   |
|m_axi_gmem1_AWPROT     | out |     3|    m_axi   |     gmem1    |    pointer   |
|m_axi_gmem1_AWQOS      | out |     4|    m_axi   |     gmem1    |    pointer   |
|m_axi_gmem1_AWREGION   | out |     4|    m_axi   |     gmem1    |    pointer   |
|m_axi_gmem1_AWUSER     | out |     1|    m_axi   |     gmem1    |    pointer   |
|m_axi_gmem1_WVALID     | out |     1|    m_axi   |     gmem1    |    pointer   |
|m_axi_gmem1_WREADY     |  in |     1|    m_axi   |     gmem1    |    pointer   |
|m_axi_gmem1_WDATA      | out |    32|    m_axi   |     gmem1    |    pointer   |
|m_axi_gmem1_WSTRB      | out |     4|    m_axi   |     gmem1    |    pointer   |
|m_axi_gmem1_WLAST      | out |     1|    m_axi   |     gmem1    |    pointer   |
|m_axi_gmem1_WID        | out |     1|    m_axi   |     gmem1    |    pointer   |
|m_axi_gmem1_WUSER      | out |     1|    m_axi   |     gmem1    |    pointer   |
|m_axi_gmem1_ARVALID    | out |     1|    m_axi   |     gmem1    |    pointer   |
|m_axi_gmem1_ARREADY    |  in |     1|    m_axi   |     gmem1    |    pointer   |
|m_axi_gmem1_ARADDR     | out |    64|    m_axi   |     gmem1    |    pointer   |
|m_axi_gmem1_ARID       | out |     1|    m_axi   |     gmem1    |    pointer   |
|m_axi_gmem1_ARLEN      | out |     8|    m_axi   |     gmem1    |    pointer   |
|m_axi_gmem1_ARSIZE     | out |     3|    m_axi   |     gmem1    |    pointer   |
|m_axi_gmem1_ARBURST    | out |     2|    m_axi   |     gmem1    |    pointer   |
|m_axi_gmem1_ARLOCK     | out |     2|    m_axi   |     gmem1    |    pointer   |
|m_axi_gmem1_ARCACHE    | out |     4|    m_axi   |     gmem1    |    pointer   |
|m_axi_gmem1_ARPROT     | out |     3|    m_axi   |     gmem1    |    pointer   |
|m_axi_gmem1_ARQOS      | out |     4|    m_axi   |     gmem1    |    pointer   |
|m_axi_gmem1_ARREGION   | out |     4|    m_axi   |     gmem1    |    pointer   |
|m_axi_gmem1_ARUSER     | out |     1|    m_axi   |     gmem1    |    pointer   |
|m_axi_gmem1_RVALID     |  in |     1|    m_axi   |     gmem1    |    pointer   |
|m_axi_gmem1_RREADY     | out |     1|    m_axi   |     gmem1    |    pointer   |
|m_axi_gmem1_RDATA      |  in |    32|    m_axi   |     gmem1    |    pointer   |
|m_axi_gmem1_RLAST      |  in |     1|    m_axi   |     gmem1    |    pointer   |
|m_axi_gmem1_RID        |  in |     1|    m_axi   |     gmem1    |    pointer   |
|m_axi_gmem1_RUSER      |  in |     1|    m_axi   |     gmem1    |    pointer   |
|m_axi_gmem1_RRESP      |  in |     2|    m_axi   |     gmem1    |    pointer   |
|m_axi_gmem1_BVALID     |  in |     1|    m_axi   |     gmem1    |    pointer   |
|m_axi_gmem1_BREADY     | out |     1|    m_axi   |     gmem1    |    pointer   |
|m_axi_gmem1_BRESP      |  in |     2|    m_axi   |     gmem1    |    pointer   |
|m_axi_gmem1_BID        |  in |     1|    m_axi   |     gmem1    |    pointer   |
|m_axi_gmem1_BUSER      |  in |     1|    m_axi   |     gmem1    |    pointer   |
|m_axi_gmem2_AWVALID    | out |     1|    m_axi   |     gmem2    |    pointer   |
|m_axi_gmem2_AWREADY    |  in |     1|    m_axi   |     gmem2    |    pointer   |
|m_axi_gmem2_AWADDR     | out |    64|    m_axi   |     gmem2    |    pointer   |
|m_axi_gmem2_AWID       | out |     1|    m_axi   |     gmem2    |    pointer   |
|m_axi_gmem2_AWLEN      | out |     8|    m_axi   |     gmem2    |    pointer   |
|m_axi_gmem2_AWSIZE     | out |     3|    m_axi   |     gmem2    |    pointer   |
|m_axi_gmem2_AWBURST    | out |     2|    m_axi   |     gmem2    |    pointer   |
|m_axi_gmem2_AWLOCK     | out |     2|    m_axi   |     gmem2    |    pointer   |
|m_axi_gmem2_AWCACHE    | out |     4|    m_axi   |     gmem2    |    pointer   |
|m_axi_gmem2_AWPROT     | out |     3|    m_axi   |     gmem2    |    pointer   |
|m_axi_gmem2_AWQOS      | out |     4|    m_axi   |     gmem2    |    pointer   |
|m_axi_gmem2_AWREGION   | out |     4|    m_axi   |     gmem2    |    pointer   |
|m_axi_gmem2_AWUSER     | out |     1|    m_axi   |     gmem2    |    pointer   |
|m_axi_gmem2_WVALID     | out |     1|    m_axi   |     gmem2    |    pointer   |
|m_axi_gmem2_WREADY     |  in |     1|    m_axi   |     gmem2    |    pointer   |
|m_axi_gmem2_WDATA      | out |    32|    m_axi   |     gmem2    |    pointer   |
|m_axi_gmem2_WSTRB      | out |     4|    m_axi   |     gmem2    |    pointer   |
|m_axi_gmem2_WLAST      | out |     1|    m_axi   |     gmem2    |    pointer   |
|m_axi_gmem2_WID        | out |     1|    m_axi   |     gmem2    |    pointer   |
|m_axi_gmem2_WUSER      | out |     1|    m_axi   |     gmem2    |    pointer   |
|m_axi_gmem2_ARVALID    | out |     1|    m_axi   |     gmem2    |    pointer   |
|m_axi_gmem2_ARREADY    |  in |     1|    m_axi   |     gmem2    |    pointer   |
|m_axi_gmem2_ARADDR     | out |    64|    m_axi   |     gmem2    |    pointer   |
|m_axi_gmem2_ARID       | out |     1|    m_axi   |     gmem2    |    pointer   |
|m_axi_gmem2_ARLEN      | out |     8|    m_axi   |     gmem2    |    pointer   |
|m_axi_gmem2_ARSIZE     | out |     3|    m_axi   |     gmem2    |    pointer   |
|m_axi_gmem2_ARBURST    | out |     2|    m_axi   |     gmem2    |    pointer   |
|m_axi_gmem2_ARLOCK     | out |     2|    m_axi   |     gmem2    |    pointer   |
|m_axi_gmem2_ARCACHE    | out |     4|    m_axi   |     gmem2    |    pointer   |
|m_axi_gmem2_ARPROT     | out |     3|    m_axi   |     gmem2    |    pointer   |
|m_axi_gmem2_ARQOS      | out |     4|    m_axi   |     gmem2    |    pointer   |
|m_axi_gmem2_ARREGION   | out |     4|    m_axi   |     gmem2    |    pointer   |
|m_axi_gmem2_ARUSER     | out |     1|    m_axi   |     gmem2    |    pointer   |
|m_axi_gmem2_RVALID     |  in |     1|    m_axi   |     gmem2    |    pointer   |
|m_axi_gmem2_RREADY     | out |     1|    m_axi   |     gmem2    |    pointer   |
|m_axi_gmem2_RDATA      |  in |    32|    m_axi   |     gmem2    |    pointer   |
|m_axi_gmem2_RLAST      |  in |     1|    m_axi   |     gmem2    |    pointer   |
|m_axi_gmem2_RID        |  in |     1|    m_axi   |     gmem2    |    pointer   |
|m_axi_gmem2_RUSER      |  in |     1|    m_axi   |     gmem2    |    pointer   |
|m_axi_gmem2_RRESP      |  in |     2|    m_axi   |     gmem2    |    pointer   |
|m_axi_gmem2_BVALID     |  in |     1|    m_axi   |     gmem2    |    pointer   |
|m_axi_gmem2_BREADY     | out |     1|    m_axi   |     gmem2    |    pointer   |
|m_axi_gmem2_BRESP      |  in |     2|    m_axi   |     gmem2    |    pointer   |
|m_axi_gmem2_BID        |  in |     1|    m_axi   |     gmem2    |    pointer   |
|m_axi_gmem2_BUSER      |  in |     1|    m_axi   |     gmem2    |    pointer   |
|m_axi_gmem3_AWVALID    | out |     1|    m_axi   |     gmem3    |    pointer   |
|m_axi_gmem3_AWREADY    |  in |     1|    m_axi   |     gmem3    |    pointer   |
|m_axi_gmem3_AWADDR     | out |    64|    m_axi   |     gmem3    |    pointer   |
|m_axi_gmem3_AWID       | out |     1|    m_axi   |     gmem3    |    pointer   |
|m_axi_gmem3_AWLEN      | out |     8|    m_axi   |     gmem3    |    pointer   |
|m_axi_gmem3_AWSIZE     | out |     3|    m_axi   |     gmem3    |    pointer   |
|m_axi_gmem3_AWBURST    | out |     2|    m_axi   |     gmem3    |    pointer   |
|m_axi_gmem3_AWLOCK     | out |     2|    m_axi   |     gmem3    |    pointer   |
|m_axi_gmem3_AWCACHE    | out |     4|    m_axi   |     gmem3    |    pointer   |
|m_axi_gmem3_AWPROT     | out |     3|    m_axi   |     gmem3    |    pointer   |
|m_axi_gmem3_AWQOS      | out |     4|    m_axi   |     gmem3    |    pointer   |
|m_axi_gmem3_AWREGION   | out |     4|    m_axi   |     gmem3    |    pointer   |
|m_axi_gmem3_AWUSER     | out |     1|    m_axi   |     gmem3    |    pointer   |
|m_axi_gmem3_WVALID     | out |     1|    m_axi   |     gmem3    |    pointer   |
|m_axi_gmem3_WREADY     |  in |     1|    m_axi   |     gmem3    |    pointer   |
|m_axi_gmem3_WDATA      | out |    32|    m_axi   |     gmem3    |    pointer   |
|m_axi_gmem3_WSTRB      | out |     4|    m_axi   |     gmem3    |    pointer   |
|m_axi_gmem3_WLAST      | out |     1|    m_axi   |     gmem3    |    pointer   |
|m_axi_gmem3_WID        | out |     1|    m_axi   |     gmem3    |    pointer   |
|m_axi_gmem3_WUSER      | out |     1|    m_axi   |     gmem3    |    pointer   |
|m_axi_gmem3_ARVALID    | out |     1|    m_axi   |     gmem3    |    pointer   |
|m_axi_gmem3_ARREADY    |  in |     1|    m_axi   |     gmem3    |    pointer   |
|m_axi_gmem3_ARADDR     | out |    64|    m_axi   |     gmem3    |    pointer   |
|m_axi_gmem3_ARID       | out |     1|    m_axi   |     gmem3    |    pointer   |
|m_axi_gmem3_ARLEN      | out |     8|    m_axi   |     gmem3    |    pointer   |
|m_axi_gmem3_ARSIZE     | out |     3|    m_axi   |     gmem3    |    pointer   |
|m_axi_gmem3_ARBURST    | out |     2|    m_axi   |     gmem3    |    pointer   |
|m_axi_gmem3_ARLOCK     | out |     2|    m_axi   |     gmem3    |    pointer   |
|m_axi_gmem3_ARCACHE    | out |     4|    m_axi   |     gmem3    |    pointer   |
|m_axi_gmem3_ARPROT     | out |     3|    m_axi   |     gmem3    |    pointer   |
|m_axi_gmem3_ARQOS      | out |     4|    m_axi   |     gmem3    |    pointer   |
|m_axi_gmem3_ARREGION   | out |     4|    m_axi   |     gmem3    |    pointer   |
|m_axi_gmem3_ARUSER     | out |     1|    m_axi   |     gmem3    |    pointer   |
|m_axi_gmem3_RVALID     |  in |     1|    m_axi   |     gmem3    |    pointer   |
|m_axi_gmem3_RREADY     | out |     1|    m_axi   |     gmem3    |    pointer   |
|m_axi_gmem3_RDATA      |  in |    32|    m_axi   |     gmem3    |    pointer   |
|m_axi_gmem3_RLAST      |  in |     1|    m_axi   |     gmem3    |    pointer   |
|m_axi_gmem3_RID        |  in |     1|    m_axi   |     gmem3    |    pointer   |
|m_axi_gmem3_RUSER      |  in |     1|    m_axi   |     gmem3    |    pointer   |
|m_axi_gmem3_RRESP      |  in |     2|    m_axi   |     gmem3    |    pointer   |
|m_axi_gmem3_BVALID     |  in |     1|    m_axi   |     gmem3    |    pointer   |
|m_axi_gmem3_BREADY     | out |     1|    m_axi   |     gmem3    |    pointer   |
|m_axi_gmem3_BRESP      |  in |     2|    m_axi   |     gmem3    |    pointer   |
|m_axi_gmem3_BID        |  in |     1|    m_axi   |     gmem3    |    pointer   |
|m_axi_gmem3_BUSER      |  in |     1|    m_axi   |     gmem3    |    pointer   |
|param                  |  in |  1184|   ap_none  |     param    |    scalar    |
+-----------------------+-----+------+------------+--------------+--------------+

