

================================================================
== Vitis HLS Report for 'dataflow_parent_loop_proc'
================================================================
* Date:           Thu Jan 27 10:53:56 2022

* Version:        2020.1 (Build 2902540 on Wed May 27 20:16:15 MDT 2020)
* Project:        Systolic_Array_PCNN_based
* Solution:       solution1 (Vivado IP Flow Target)
* Product family: virtexuplus
* Target device:  xcu200-fsgd2104-2-e


================================================================
== Performance Estimates
================================================================
+ Timing: 
    * Summary: 
    +--------+----------+----------+------------+
    |  Clock |  Target  | Estimated| Uncertainty|
    +--------+----------+----------+------------+
    |ap_clk  | 10.00 ns | 7.300 ns |   2.70 ns  |
    +--------+----------+----------+------------+

+ Latency: 
    * Summary: 
    +---------+---------+-----------+-----------+------+------+---------+
    |  Latency (cycles) |   Latency (absolute)  |   Interval  | Pipeline|
    |   min   |   max   |    min    |    max    |  min |  max |   Type  |
    +---------+---------+-----------+-----------+------+------+---------+
    |     3124|     5476| 31.240 us | 54.760 us |  3124|  5476|   none  |
    +---------+---------+-----------+-----------+------+------+---------+

    + Detail: 
        * Instance: 
        +---------------------------------------+------------------------------------+---------+---------+-----------+-----------+------+------+----------+
        |                                       |                                    |  Latency (cycles) |   Latency (absolute)  |   Interval  | Pipeline |
        |                Instance               |               Module               |   min   |   max   |    min    |    max    |  min |  max |   Type   |
        +---------------------------------------+------------------------------------+---------+---------+-----------+-----------+------+------+----------+
        |dataflow_in_loop_LOOP_S_MOST_OUTER_U0  |dataflow_in_loop_LOOP_S_MOST_OUTER  |     3122|     5474| 31.220 us | 54.740 us |  1316|  3250| dataflow |
        +---------------------------------------+------------------------------------+---------+---------+-----------+-----------+------+------+----------+

        * Loop: 
        +---------------------+---------+---------+-------------+-----------+-----------+------+----------+
        |                     |  Latency (cycles) |  Iteration  |  Initiation Interval  | Trip |          |
        |      Loop Name      |   min   |   max   |   Latency   |  achieved |   target  | Count| Pipelined|
        +---------------------+---------+---------+-------------+-----------+-----------+------+----------+
        |- LOOP_S_MOST_OUTER  |     3123|     5475| 3124 ~ 5476 |          -|          -|     1|    no    |
        +---------------------+---------+---------+-------------+-----------+-----------+------+----------+



================================================================
== Utilization Estimates
================================================================
* Summary: 
+---------------------+---------+------+---------+---------+-----+
|         Name        | BRAM_18K|  DSP |    FF   |   LUT   | URAM|
+---------------------+---------+------+---------+---------+-----+
|DSP                  |        -|     -|        -|        -|    -|
|Expression           |        -|     -|        0|      117|    -|
|FIFO                 |        -|     -|        -|        -|    -|
|Instance             |       80|    98|    14603|    14026|    -|
|Memory               |        -|     -|        -|        -|    -|
|Multiplexer          |        -|     -|        -|       18|    -|
|Register             |        -|     -|       64|        -|    -|
+---------------------+---------+------+---------+---------+-----+
|Total                |       80|    98|    14667|    14161|    0|
+---------------------+---------+------+---------+---------+-----+
|Available SLR        |     1440|  2280|   788160|   394080|  320|
+---------------------+---------+------+---------+---------+-----+
|Utilization SLR (%)  |        5|     4|        1|        3|    0|
+---------------------+---------+------+---------+---------+-----+
|Available            |     4320|  6840|  2364480|  1182240|  960|
+---------------------+---------+------+---------+---------+-----+
|Utilization (%)      |        1|     1|    ~0   |        1|    0|
+---------------------+---------+------+---------+---------+-----+

+ Detail: 
    * Instance: 
    +---------------------------------------+------------------------------------+---------+----+-------+-------+-----+
    |                Instance               |               Module               | BRAM_18K| DSP|   FF  |  LUT  | URAM|
    +---------------------------------------+------------------------------------+---------+----+-------+-------+-----+
    |dataflow_in_loop_LOOP_S_MOST_OUTER_U0  |dataflow_in_loop_LOOP_S_MOST_OUTER  |       80|  98|  14603|  14026|    0|
    +---------------------------------------+------------------------------------+---------+----+-------+-------+-----+
    |Total                                  |                                    |       80|  98|  14603|  14026|    0|
    +---------------------------------------+------------------------------------+---------+----+-------+-------+-----+

    * DSP: 
    N/A

    * Memory: 
    N/A

    * FIFO: 
    N/A

    * Expression: 
    +----------------------------+----------+----+---+----+------------+------------+
    |        Variable Name       | Operation| DSP| FF| LUT| Bitwidth P0| Bitwidth P1|
    +----------------------------+----------+----+---+----+------------+------------+
    |loop_dataflow_input_count   |     +    |   0|  0|  39|          32|           1|
    |loop_dataflow_output_count  |     +    |   0|  0|  39|          32|           1|
    |bound_minus_1               |     -    |   0|  0|  39|          32|           1|
    +----------------------------+----------+----+---+----+------------+------------+
    |Total                       |          |   0|  0| 117|          96|           3|
    +----------------------------+----------+----+---+----+------------+------------+

    * Multiplexer: 
    +----------------------------+----+-----------+-----+-----------+
    |            Name            | LUT| Input Size| Bits| Total Bits|
    +----------------------------+----+-----------+-----+-----------+
    |loop_dataflow_input_count   |   9|          2|   32|         64|
    |loop_dataflow_output_count  |   9|          2|   32|         64|
    +----------------------------+----+-----------+-----+-----------+
    |Total                       |  18|          4|   64|        128|
    +----------------------------+----+-----------+-----+-----------+

    * Register: 
    +----------------------------+----+----+-----+-----------+
    |            Name            | FF | LUT| Bits| Const Bits|
    +----------------------------+----+----+-----+-----------+
    |loop_dataflow_input_count   |  32|   0|   32|          0|
    |loop_dataflow_output_count  |  32|   0|   32|          0|
    +----------------------------+----+----+-----+-----------+
    |Total                       |  64|   0|   64|          0|
    +----------------------------+----+----+-----+-----------+



================================================================
== Interface
================================================================
* Summary: 
+----------------------+-----+------+------------+---------------------------+--------------+
|       RTL Ports      | Dir | Bits |  Protocol  |       Source Object       |    C Type    |
+----------------------+-----+------+------------+---------------------------+--------------+
|param_L2_TILENUM_S    |  in |    32|   ap_none  |     param_L2_TILENUM_S    |    scalar    |
|param                 |  in |  1184|   ap_none  |           param           |    scalar    |
|param_ap_vld          |  in |     1|   ap_none  |           param           |    scalar    |
|kmo                   |  in |    30|   ap_none  |            kmo            |    scalar    |
|kmo_ap_vld            |  in |     1|   ap_none  |            kmo            |    scalar    |
|bias_in               |  in |    64|   ap_none  |          bias_in          |    scalar    |
|bias_in_ap_vld        |  in |     1|   ap_none  |          bias_in          |    scalar    |
|m_axi_gmem0_AWVALID   | out |     1|    m_axi   |           gmem0           |    pointer   |
|m_axi_gmem0_AWREADY   |  in |     1|    m_axi   |           gmem0           |    pointer   |
|m_axi_gmem0_AWADDR    | out |    64|    m_axi   |           gmem0           |    pointer   |
|m_axi_gmem0_AWID      | out |     1|    m_axi   |           gmem0           |    pointer   |
|m_axi_gmem0_AWLEN     | out |    32|    m_axi   |           gmem0           |    pointer   |
|m_axi_gmem0_AWSIZE    | out |     3|    m_axi   |           gmem0           |    pointer   |
|m_axi_gmem0_AWBURST   | out |     2|    m_axi   |           gmem0           |    pointer   |
|m_axi_gmem0_AWLOCK    | out |     2|    m_axi   |           gmem0           |    pointer   |
|m_axi_gmem0_AWCACHE   | out |     4|    m_axi   |           gmem0           |    pointer   |
|m_axi_gmem0_AWPROT    | out |     3|    m_axi   |           gmem0           |    pointer   |
|m_axi_gmem0_AWQOS     | out |     4|    m_axi   |           gmem0           |    pointer   |
|m_axi_gmem0_AWREGION  | out |     4|    m_axi   |           gmem0           |    pointer   |
|m_axi_gmem0_AWUSER    | out |     1|    m_axi   |           gmem0           |    pointer   |
|m_axi_gmem0_WVALID    | out |     1|    m_axi   |           gmem0           |    pointer   |
|m_axi_gmem0_WREADY    |  in |     1|    m_axi   |           gmem0           |    pointer   |
|m_axi_gmem0_WDATA     | out |     8|    m_axi   |           gmem0           |    pointer   |
|m_axi_gmem0_WSTRB     | out |     1|    m_axi   |           gmem0           |    pointer   |
|m_axi_gmem0_WLAST     | out |     1|    m_axi   |           gmem0           |    pointer   |
|m_axi_gmem0_WID       | out |     1|    m_axi   |           gmem0           |    pointer   |
|m_axi_gmem0_WUSER     | out |     1|    m_axi   |           gmem0           |    pointer   |
|m_axi_gmem0_ARVALID   | out |     1|    m_axi   |           gmem0           |    pointer   |
|m_axi_gmem0_ARREADY   |  in |     1|    m_axi   |           gmem0           |    pointer   |
|m_axi_gmem0_ARADDR    | out |    64|    m_axi   |           gmem0           |    pointer   |
|m_axi_gmem0_ARID      | out |     1|    m_axi   |           gmem0           |    pointer   |
|m_axi_gmem0_ARLEN     | out |    32|    m_axi   |           gmem0           |    pointer   |
|m_axi_gmem0_ARSIZE    | out |     3|    m_axi   |           gmem0           |    pointer   |
|m_axi_gmem0_ARBURST   | out |     2|    m_axi   |           gmem0           |    pointer   |
|m_axi_gmem0_ARLOCK    | out |     2|    m_axi   |           gmem0           |    pointer   |
|m_axi_gmem0_ARCACHE   | out |     4|    m_axi   |           gmem0           |    pointer   |
|m_axi_gmem0_ARPROT    | out |     3|    m_axi   |           gmem0           |    pointer   |
|m_axi_gmem0_ARQOS     | out |     4|    m_axi   |           gmem0           |    pointer   |
|m_axi_gmem0_ARREGION  | out |     4|    m_axi   |           gmem0           |    pointer   |
|m_axi_gmem0_ARUSER    | out |     1|    m_axi   |           gmem0           |    pointer   |
|m_axi_gmem0_RVALID    |  in |     1|    m_axi   |           gmem0           |    pointer   |
|m_axi_gmem0_RREADY    | out |     1|    m_axi   |           gmem0           |    pointer   |
|m_axi_gmem0_RDATA     |  in |     8|    m_axi   |           gmem0           |    pointer   |
|m_axi_gmem0_RLAST     |  in |     1|    m_axi   |           gmem0           |    pointer   |
|m_axi_gmem0_RID       |  in |     1|    m_axi   |           gmem0           |    pointer   |
|m_axi_gmem0_RUSER     |  in |     1|    m_axi   |           gmem0           |    pointer   |
|m_axi_gmem0_RRESP     |  in |     2|    m_axi   |           gmem0           |    pointer   |
|m_axi_gmem0_BVALID    |  in |     1|    m_axi   |           gmem0           |    pointer   |
|m_axi_gmem0_BREADY    | out |     1|    m_axi   |           gmem0           |    pointer   |
|m_axi_gmem0_BRESP     |  in |     2|    m_axi   |           gmem0           |    pointer   |
|m_axi_gmem0_BID       |  in |     1|    m_axi   |           gmem0           |    pointer   |
|m_axi_gmem0_BUSER     |  in |     1|    m_axi   |           gmem0           |    pointer   |
|cmo                   |  in |    32|   ap_none  |            cmo            |    scalar    |
|cmo_ap_vld            |  in |     1|   ap_none  |            cmo            |    scalar    |
|rmo                   |  in |    32|   ap_none  |            rmo            |    scalar    |
|rmo_ap_vld            |  in |     1|   ap_none  |            rmo            |    scalar    |
|weight_in             |  in |    64|   ap_none  |         weight_in         |    scalar    |
|weight_in_ap_vld      |  in |     1|   ap_none  |         weight_in         |    scalar    |
|m_axi_gmem1_AWVALID   | out |     1|    m_axi   |           gmem1           |    pointer   |
|m_axi_gmem1_AWREADY   |  in |     1|    m_axi   |           gmem1           |    pointer   |
|m_axi_gmem1_AWADDR    | out |    64|    m_axi   |           gmem1           |    pointer   |
|m_axi_gmem1_AWID      | out |     1|    m_axi   |           gmem1           |    pointer   |
|m_axi_gmem1_AWLEN     | out |    32|    m_axi   |           gmem1           |    pointer   |
|m_axi_gmem1_AWSIZE    | out |     3|    m_axi   |           gmem1           |    pointer   |
|m_axi_gmem1_AWBURST   | out |     2|    m_axi   |           gmem1           |    pointer   |
|m_axi_gmem1_AWLOCK    | out |     2|    m_axi   |           gmem1           |    pointer   |
|m_axi_gmem1_AWCACHE   | out |     4|    m_axi   |           gmem1           |    pointer   |
|m_axi_gmem1_AWPROT    | out |     3|    m_axi   |           gmem1           |    pointer   |
|m_axi_gmem1_AWQOS     | out |     4|    m_axi   |           gmem1           |    pointer   |
|m_axi_gmem1_AWREGION  | out |     4|    m_axi   |           gmem1           |    pointer   |
|m_axi_gmem1_AWUSER    | out |     1|    m_axi   |           gmem1           |    pointer   |
|m_axi_gmem1_WVALID    | out |     1|    m_axi   |           gmem1           |    pointer   |
|m_axi_gmem1_WREADY    |  in |     1|    m_axi   |           gmem1           |    pointer   |
|m_axi_gmem1_WDATA     | out |     8|    m_axi   |           gmem1           |    pointer   |
|m_axi_gmem1_WSTRB     | out |     1|    m_axi   |           gmem1           |    pointer   |
|m_axi_gmem1_WLAST     | out |     1|    m_axi   |           gmem1           |    pointer   |
|m_axi_gmem1_WID       | out |     1|    m_axi   |           gmem1           |    pointer   |
|m_axi_gmem1_WUSER     | out |     1|    m_axi   |           gmem1           |    pointer   |
|m_axi_gmem1_ARVALID   | out |     1|    m_axi   |           gmem1           |    pointer   |
|m_axi_gmem1_ARREADY   |  in |     1|    m_axi   |           gmem1           |    pointer   |
|m_axi_gmem1_ARADDR    | out |    64|    m_axi   |           gmem1           |    pointer   |
|m_axi_gmem1_ARID      | out |     1|    m_axi   |           gmem1           |    pointer   |
|m_axi_gmem1_ARLEN     | out |    32|    m_axi   |           gmem1           |    pointer   |
|m_axi_gmem1_ARSIZE    | out |     3|    m_axi   |           gmem1           |    pointer   |
|m_axi_gmem1_ARBURST   | out |     2|    m_axi   |           gmem1           |    pointer   |
|m_axi_gmem1_ARLOCK    | out |     2|    m_axi   |           gmem1           |    pointer   |
|m_axi_gmem1_ARCACHE   | out |     4|    m_axi   |           gmem1           |    pointer   |
|m_axi_gmem1_ARPROT    | out |     3|    m_axi   |           gmem1           |    pointer   |
|m_axi_gmem1_ARQOS     | out |     4|    m_axi   |           gmem1           |    pointer   |
|m_axi_gmem1_ARREGION  | out |     4|    m_axi   |           gmem1           |    pointer   |
|m_axi_gmem1_ARUSER    | out |     1|    m_axi   |           gmem1           |    pointer   |
|m_axi_gmem1_RVALID    |  in |     1|    m_axi   |           gmem1           |    pointer   |
|m_axi_gmem1_RREADY    | out |     1|    m_axi   |           gmem1           |    pointer   |
|m_axi_gmem1_RDATA     |  in |     8|    m_axi   |           gmem1           |    pointer   |
|m_axi_gmem1_RLAST     |  in |     1|    m_axi   |           gmem1           |    pointer   |
|m_axi_gmem1_RID       |  in |     1|    m_axi   |           gmem1           |    pointer   |
|m_axi_gmem1_RUSER     |  in |     1|    m_axi   |           gmem1           |    pointer   |
|m_axi_gmem1_RRESP     |  in |     2|    m_axi   |           gmem1           |    pointer   |
|m_axi_gmem1_BVALID    |  in |     1|    m_axi   |           gmem1           |    pointer   |
|m_axi_gmem1_BREADY    | out |     1|    m_axi   |           gmem1           |    pointer   |
|m_axi_gmem1_BRESP     |  in |     2|    m_axi   |           gmem1           |    pointer   |
|m_axi_gmem1_BID       |  in |     1|    m_axi   |           gmem1           |    pointer   |
|m_axi_gmem1_BUSER     |  in |     1|    m_axi   |           gmem1           |    pointer   |
|hmo                   |  in |    30|   ap_none  |            hmo            |    scalar    |
|hmo_ap_vld            |  in |     1|   ap_none  |            hmo            |    scalar    |
|wmo                   |  in |    30|   ap_none  |            wmo            |    scalar    |
|wmo_ap_vld            |  in |     1|   ap_none  |            wmo            |    scalar    |
|data_in               |  in |    64|   ap_none  |          data_in          |    scalar    |
|data_in_ap_vld        |  in |     1|   ap_none  |          data_in          |    scalar    |
|m_axi_gmem2_AWVALID   | out |     1|    m_axi   |           gmem2           |    pointer   |
|m_axi_gmem2_AWREADY   |  in |     1|    m_axi   |           gmem2           |    pointer   |
|m_axi_gmem2_AWADDR    | out |    64|    m_axi   |           gmem2           |    pointer   |
|m_axi_gmem2_AWID      | out |     1|    m_axi   |           gmem2           |    pointer   |
|m_axi_gmem2_AWLEN     | out |    32|    m_axi   |           gmem2           |    pointer   |
|m_axi_gmem2_AWSIZE    | out |     3|    m_axi   |           gmem2           |    pointer   |
|m_axi_gmem2_AWBURST   | out |     2|    m_axi   |           gmem2           |    pointer   |
|m_axi_gmem2_AWLOCK    | out |     2|    m_axi   |           gmem2           |    pointer   |
|m_axi_gmem2_AWCACHE   | out |     4|    m_axi   |           gmem2           |    pointer   |
|m_axi_gmem2_AWPROT    | out |     3|    m_axi   |           gmem2           |    pointer   |
|m_axi_gmem2_AWQOS     | out |     4|    m_axi   |           gmem2           |    pointer   |
|m_axi_gmem2_AWREGION  | out |     4|    m_axi   |           gmem2           |    pointer   |
|m_axi_gmem2_AWUSER    | out |     1|    m_axi   |           gmem2           |    pointer   |
|m_axi_gmem2_WVALID    | out |     1|    m_axi   |           gmem2           |    pointer   |
|m_axi_gmem2_WREADY    |  in |     1|    m_axi   |           gmem2           |    pointer   |
|m_axi_gmem2_WDATA     | out |     8|    m_axi   |           gmem2           |    pointer   |
|m_axi_gmem2_WSTRB     | out |     1|    m_axi   |           gmem2           |    pointer   |
|m_axi_gmem2_WLAST     | out |     1|    m_axi   |           gmem2           |    pointer   |
|m_axi_gmem2_WID       | out |     1|    m_axi   |           gmem2           |    pointer   |
|m_axi_gmem2_WUSER     | out |     1|    m_axi   |           gmem2           |    pointer   |
|m_axi_gmem2_ARVALID   | out |     1|    m_axi   |           gmem2           |    pointer   |
|m_axi_gmem2_ARREADY   |  in |     1|    m_axi   |           gmem2           |    pointer   |
|m_axi_gmem2_ARADDR    | out |    64|    m_axi   |           gmem2           |    pointer   |
|m_axi_gmem2_ARID      | out |     1|    m_axi   |           gmem2           |    pointer   |
|m_axi_gmem2_ARLEN     | out |    32|    m_axi   |           gmem2           |    pointer   |
|m_axi_gmem2_ARSIZE    | out |     3|    m_axi   |           gmem2           |    pointer   |
|m_axi_gmem2_ARBURST   | out |     2|    m_axi   |           gmem2           |    pointer   |
|m_axi_gmem2_ARLOCK    | out |     2|    m_axi   |           gmem2           |    pointer   |
|m_axi_gmem2_ARCACHE   | out |     4|    m_axi   |           gmem2           |    pointer   |
|m_axi_gmem2_ARPROT    | out |     3|    m_axi   |           gmem2           |    pointer   |
|m_axi_gmem2_ARQOS     | out |     4|    m_axi   |           gmem2           |    pointer   |
|m_axi_gmem2_ARREGION  | out |     4|    m_axi   |           gmem2           |    pointer   |
|m_axi_gmem2_ARUSER    | out |     1|    m_axi   |           gmem2           |    pointer   |
|m_axi_gmem2_RVALID    |  in |     1|    m_axi   |           gmem2           |    pointer   |
|m_axi_gmem2_RREADY    | out |     1|    m_axi   |           gmem2           |    pointer   |
|m_axi_gmem2_RDATA     |  in |     8|    m_axi   |           gmem2           |    pointer   |
|m_axi_gmem2_RLAST     |  in |     1|    m_axi   |           gmem2           |    pointer   |
|m_axi_gmem2_RID       |  in |     1|    m_axi   |           gmem2           |    pointer   |
|m_axi_gmem2_RUSER     |  in |     1|    m_axi   |           gmem2           |    pointer   |
|m_axi_gmem2_RRESP     |  in |     2|    m_axi   |           gmem2           |    pointer   |
|m_axi_gmem2_BVALID    |  in |     1|    m_axi   |           gmem2           |    pointer   |
|m_axi_gmem2_BREADY    | out |     1|    m_axi   |           gmem2           |    pointer   |
|m_axi_gmem2_BRESP     |  in |     2|    m_axi   |           gmem2           |    pointer   |
|m_axi_gmem2_BID       |  in |     1|    m_axi   |           gmem2           |    pointer   |
|m_axi_gmem2_BUSER     |  in |     1|    m_axi   |           gmem2           |    pointer   |
|m_axi_gmem3_AWVALID   | out |     1|    m_axi   |           gmem3           |    pointer   |
|m_axi_gmem3_AWREADY   |  in |     1|    m_axi   |           gmem3           |    pointer   |
|m_axi_gmem3_AWADDR    | out |    64|    m_axi   |           gmem3           |    pointer   |
|m_axi_gmem3_AWID      | out |     1|    m_axi   |           gmem3           |    pointer   |
|m_axi_gmem3_AWLEN     | out |    32|    m_axi   |           gmem3           |    pointer   |
|m_axi_gmem3_AWSIZE    | out |     3|    m_axi   |           gmem3           |    pointer   |
|m_axi_gmem3_AWBURST   | out |     2|    m_axi   |           gmem3           |    pointer   |
|m_axi_gmem3_AWLOCK    | out |     2|    m_axi   |           gmem3           |    pointer   |
|m_axi_gmem3_AWCACHE   | out |     4|    m_axi   |           gmem3           |    pointer   |
|m_axi_gmem3_AWPROT    | out |     3|    m_axi   |           gmem3           |    pointer   |
|m_axi_gmem3_AWQOS     | out |     4|    m_axi   |           gmem3           |    pointer   |
|m_axi_gmem3_AWREGION  | out |     4|    m_axi   |           gmem3           |    pointer   |
|m_axi_gmem3_AWUSER    | out |     1|    m_axi   |           gmem3           |    pointer   |
|m_axi_gmem3_WVALID    | out |     1|    m_axi   |           gmem3           |    pointer   |
|m_axi_gmem3_WREADY    |  in |     1|    m_axi   |           gmem3           |    pointer   |
|m_axi_gmem3_WDATA     | out |    32|    m_axi   |           gmem3           |    pointer   |
|m_axi_gmem3_WSTRB     | out |     4|    m_axi   |           gmem3           |    pointer   |
|m_axi_gmem3_WLAST     | out |     1|    m_axi   |           gmem3           |    pointer   |
|m_axi_gmem3_WID       | out |     1|    m_axi   |           gmem3           |    pointer   |
|m_axi_gmem3_WUSER     | out |     1|    m_axi   |           gmem3           |    pointer   |
|m_axi_gmem3_ARVALID   | out |     1|    m_axi   |           gmem3           |    pointer   |
|m_axi_gmem3_ARREADY   |  in |     1|    m_axi   |           gmem3           |    pointer   |
|m_axi_gmem3_ARADDR    | out |    64|    m_axi   |           gmem3           |    pointer   |
|m_axi_gmem3_ARID      | out |     1|    m_axi   |           gmem3           |    pointer   |
|m_axi_gmem3_ARLEN     | out |    32|    m_axi   |           gmem3           |    pointer   |
|m_axi_gmem3_ARSIZE    | out |     3|    m_axi   |           gmem3           |    pointer   |
|m_axi_gmem3_ARBURST   | out |     2|    m_axi   |           gmem3           |    pointer   |
|m_axi_gmem3_ARLOCK    | out |     2|    m_axi   |           gmem3           |    pointer   |
|m_axi_gmem3_ARCACHE   | out |     4|    m_axi   |           gmem3           |    pointer   |
|m_axi_gmem3_ARPROT    | out |     3|    m_axi   |           gmem3           |    pointer   |
|m_axi_gmem3_ARQOS     | out |     4|    m_axi   |           gmem3           |    pointer   |
|m_axi_gmem3_ARREGION  | out |     4|    m_axi   |           gmem3           |    pointer   |
|m_axi_gmem3_ARUSER    | out |     1|    m_axi   |           gmem3           |    pointer   |
|m_axi_gmem3_RVALID    |  in |     1|    m_axi   |           gmem3           |    pointer   |
|m_axi_gmem3_RREADY    | out |     1|    m_axi   |           gmem3           |    pointer   |
|m_axi_gmem3_RDATA     |  in |    32|    m_axi   |           gmem3           |    pointer   |
|m_axi_gmem3_RLAST     |  in |     1|    m_axi   |           gmem3           |    pointer   |
|m_axi_gmem3_RID       |  in |     1|    m_axi   |           gmem3           |    pointer   |
|m_axi_gmem3_RUSER     |  in |     1|    m_axi   |           gmem3           |    pointer   |
|m_axi_gmem3_RRESP     |  in |     2|    m_axi   |           gmem3           |    pointer   |
|m_axi_gmem3_BVALID    |  in |     1|    m_axi   |           gmem3           |    pointer   |
|m_axi_gmem3_BREADY    | out |     1|    m_axi   |           gmem3           |    pointer   |
|m_axi_gmem3_BRESP     |  in |     2|    m_axi   |           gmem3           |    pointer   |
|m_axi_gmem3_BID       |  in |     1|    m_axi   |           gmem3           |    pointer   |
|m_axi_gmem3_BUSER     |  in |     1|    m_axi   |           gmem3           |    pointer   |
|conv_out              |  in |    64|   ap_none  |          conv_out         |    scalar    |
|conv_out_ap_vld       |  in |     1|   ap_none  |          conv_out         |    scalar    |
|ap_clk                |  in |     1| ap_ctrl_hs | dataflow_parent_loop_proc | return value |
|ap_rst                |  in |     1| ap_ctrl_hs | dataflow_parent_loop_proc | return value |
|ap_start              |  in |     1| ap_ctrl_hs | dataflow_parent_loop_proc | return value |
|ap_done               | out |     1| ap_ctrl_hs | dataflow_parent_loop_proc | return value |
|ap_ready              | out |     1| ap_ctrl_hs | dataflow_parent_loop_proc | return value |
|ap_idle               | out |     1| ap_ctrl_hs | dataflow_parent_loop_proc | return value |
|ap_continue           |  in |     1| ap_ctrl_hs | dataflow_parent_loop_proc | return value |
+----------------------+-----+------+------------+---------------------------+--------------+

