

================================================================
== Vitis HLS Report for 'dataflow_in_loop_LOOP_S_OUTER'
================================================================
* Date:           Thu Jan 27 10:53:53 2022

* Version:        2020.1 (Build 2902540 on Wed May 27 20:16:15 MDT 2020)
* Project:        Systolic_Array_PCNN_based
* Solution:       solution1 (Vivado IP Flow Target)
* Product family: virtexuplus
* Target device:  xcu200-fsgd2104-2-e


================================================================
== Performance Estimates
================================================================
+ Timing: 
    * Summary: 
    +--------+----------+----------+------------+
    |  Clock |  Target  | Estimated| Uncertainty|
    +--------+----------+----------+------------+
    |ap_clk  | 10.00 ns | 5.508 ns |   2.70 ns  |
    +--------+----------+----------+------------+

+ Latency: 
    * Summary: 
    +---------+---------+----------+----------+-----+-----+----------+
    |  Latency (cycles) |  Latency (absolute) |  Interval | Pipeline |
    |   min   |   max   |    min   |    max   | min | max |   Type   |
    +---------+---------+----------+----------+-----+-----+----------+
    |      176|      176| 1.760 us | 1.760 us |   60|   60| dataflow |
    +---------+---------+----------+----------+-----+-----+----------+

    + Detail: 
        * Instance: 
        +------------------------------------------+---------------------------------------+---------+---------+----------+----------+-----+-----+---------+
        |                                          |                                       |  Latency (cycles) |  Latency (absolute) |  Interval | Pipeline|
        |                 Instance                 |                 Module                |   min   |   max   |    min   |    max   | min | max |   Type  |
        +------------------------------------------+---------------------------------------+---------+---------+----------+----------+-----+-----+---------+
        |runSysArr_U0                              |runSysArr                              |       59|       59| 0.590 us | 0.590 us |   59|   59|   none  |
        |runOutputL1toL2_U0                        |runOutputL1toL2                        |       57|       57| 0.570 us | 0.570 us |   57|   57|   none  |
        |runWeight2Reg_U0                          |runWeight2Reg                          |       56|       56| 0.560 us | 0.560 us |   56|   56|   none  |
        |runDataL2toL1_U0                          |runDataL2toL1                          |       57|       57| 0.570 us | 0.570 us |   57|   57|   none  |
        |dataflow_in_loop_LOOP_S_OUTER_entry28_U0  |dataflow_in_loop_LOOP_S_OUTER_entry28  |        0|        0|   0 ns   |   0 ns   |    0|    0|   none  |
        +------------------------------------------+---------------------------------------+---------+---------+----------+----------+-----+-----+---------+

        * Loop: 
        N/A



================================================================
== Utilization Estimates
================================================================
* Summary: 
+---------------------+---------+------+---------+---------+-----+
|         Name        | BRAM_18K|  DSP |    FF   |   LUT   | URAM|
+---------------------+---------+------+---------+---------+-----+
|DSP                  |        -|     -|        -|        -|    -|
|Expression           |        -|     -|        0|      149|    -|
|FIFO                 |        -|     -|     3465|     2345|    -|
|Instance             |       16|    40|     2363|     3500|    -|
|Memory               |        8|     -|      128|       56|    -|
|Multiplexer          |        -|     -|        -|      270|    -|
|Register             |        -|     -|       33|        -|    -|
+---------------------+---------+------+---------+---------+-----+
|Total                |       24|    40|     5989|     6320|    0|
+---------------------+---------+------+---------+---------+-----+
|Available SLR        |     1440|  2280|   788160|   394080|  320|
+---------------------+---------+------+---------+---------+-----+
|Utilization SLR (%)  |        1|     1|    ~0   |        1|    0|
+---------------------+---------+------+---------+---------+-----+
|Available            |     4320|  6840|  2364480|  1182240|  960|
+---------------------+---------+------+---------+---------+-----+
|Utilization (%)      |    ~0   |  ~0  |    ~0   |    ~0   |    0|
+---------------------+---------+------+---------+---------+-----+

+ Detail: 
    * Instance: 
    +------------------------------------------+---------------------------------------+---------+----+------+------+-----+
    |                 Instance                 |                 Module                | BRAM_18K| DSP|  FF  |  LUT | URAM|
    +------------------------------------------+---------------------------------------+---------+----+------+------+-----+
    |dataflow_in_loop_LOOP_S_OUTER_entry28_U0  |dataflow_in_loop_LOOP_S_OUTER_entry28  |        0|   0|     2|   128|    0|
    |runDataL2toL1_U0                          |runDataL2toL1                          |        0|   9|   477|   511|    0|
    |runOutputL1toL2_U0                        |runOutputL1toL2                        |       16|   9|   505|  1031|    0|
    |runSysArr_U0                              |runSysArr                              |        0|  19|  1098|   867|    0|
    |runWeight2Reg_U0                          |runWeight2Reg                          |        0|   3|   281|   963|    0|
    +------------------------------------------+---------------------------------------+---------+----+------+------+-----+
    |Total                                     |                                       |       16|  40|  2363|  3500|    0|
    +------------------------------------------+---------------------------------------+---------+----+------+------+-----+

    * DSP: 
    N/A

    * Memory: 
    +---------------+-------------------------------------------+---------+----+----+-----+------+-----+------+-------------+
    |     Memory    |                   Module                  | BRAM_18K| FF | LUT| URAM| Words| Bits| Banks| W*Bits*Banks|
    +---------------+-------------------------------------------+---------+----+----+-----+------+-----+------+-------------+
    |data_l1_0_U    |dataflow_in_loop_LOOP_S_OUTER_data_l1_0    |        0|  32|  14|    0|    49|    8|     1|          392|
    |data_l1_1_U    |dataflow_in_loop_LOOP_S_OUTER_data_l1_0    |        0|  32|  14|    0|    49|    8|     1|          392|
    |data_l1_2_U    |dataflow_in_loop_LOOP_S_OUTER_data_l1_0    |        0|  32|  14|    0|    49|    8|     1|          392|
    |data_l1_3_U    |dataflow_in_loop_LOOP_S_OUTER_data_l1_0    |        0|  32|  14|    0|    49|    8|     1|          392|
    |output_l1_0_U  |dataflow_in_loop_LOOP_S_OUTER_output_l1_0  |        2|   0|   0|    0|    49|   32|     1|         1568|
    |output_l1_1_U  |dataflow_in_loop_LOOP_S_OUTER_output_l1_0  |        2|   0|   0|    0|    49|   32|     1|         1568|
    |output_l1_2_U  |dataflow_in_loop_LOOP_S_OUTER_output_l1_0  |        2|   0|   0|    0|    49|   32|     1|         1568|
    |output_l1_3_U  |dataflow_in_loop_LOOP_S_OUTER_output_l1_0  |        2|   0|   0|    0|    49|   32|     1|         1568|
    +---------------+-------------------------------------------+---------+----+----+-----+------+-----+------+-------------+
    |Total          |                                           |        8| 128|  56|    0|   392|  160|     8|         7840|
    +---------------+-------------------------------------------+---------+----+----+-----+------+-----+------+-------------+

    * FIFO: 
    +----------------------+---------+----+----+-----+------+------+---------+
    |         Name         | BRAM_18K| FF | LUT| URAM| Depth| Bits | Size:D*B|
    +----------------------+---------+----+----+-----+------+------+---------+
    |co_c2_U               |        0|  99|   0|    -|     2|    11|       22|
    |co_c9_U               |        0|  99|   0|    -|     3|    32|       96|
    |co_c_U                |        0|  99|   0|    -|     2|    32|       64|
    |ho_c5_U               |        0|  99|   0|    -|     4|    11|       44|
    |ho_c_U                |        0|  99|   0|    -|     2|    11|       22|
    |ko_1_c8_U             |        0|  99|   0|    -|     3|    11|       33|
    |ko_1_c_U              |        0|  99|   0|    -|     2|    12|       24|
    |param_c12_U           |        0|  99|   0|    -|     2|  1120|     2240|
    |param_c1_U            |        0|  99|   0|    -|     2|  1120|     2240|
    |param_c7_U            |        0|  99|   0|    -|     2|  1184|     2368|
    |param_c_U             |        0|  99|   0|    -|     2|  1184|     2368|
    |ro_c10_U              |        0|  99|   0|    -|     3|    32|       96|
    |ro_c3_U               |        0|  99|   0|    -|     2|    11|       22|
    |ro_c_U                |        0|  99|   0|    -|     2|    32|       64|
    |so_c11_U              |        0|  99|   0|    -|     3|    32|       96|
    |so_c4_U               |        0|  99|   0|    -|     2|    11|       22|
    |so_c_U                |        0|  99|   0|    -|     2|    32|       64|
    |weight_regfile_0_0_U  |        0|  99|   0|    -|     2|     8|       16|
    |weight_regfile_0_1_U  |        0|  99|   0|    -|     2|     8|       16|
    |weight_regfile_0_2_U  |        0|  99|   0|    -|     2|     8|       16|
    |weight_regfile_0_3_U  |        0|  99|   0|    -|     2|     8|       16|
    |weight_regfile_1_0_U  |        0|  99|   0|    -|     2|     8|       16|
    |weight_regfile_1_1_U  |        0|  99|   0|    -|     2|     8|       16|
    |weight_regfile_1_2_U  |        0|  99|   0|    -|     2|     8|       16|
    |weight_regfile_1_3_U  |        0|  99|   0|    -|     2|     8|       16|
    |weight_regfile_2_0_U  |        0|  99|   0|    -|     2|     8|       16|
    |weight_regfile_2_1_U  |        0|  99|   0|    -|     2|     8|       16|
    |weight_regfile_2_2_U  |        0|  99|   0|    -|     2|     8|       16|
    |weight_regfile_2_3_U  |        0|  99|   0|    -|     2|     8|       16|
    |weight_regfile_3_0_U  |        0|  99|   0|    -|     2|     8|       16|
    |weight_regfile_3_1_U  |        0|  99|   0|    -|     2|     8|       16|
    |weight_regfile_3_2_U  |        0|  99|   0|    -|     2|     8|       16|
    |weight_regfile_3_3_U  |        0|  99|   0|    -|     2|     8|       16|
    |wo_c6_U               |        0|  99|   0|    -|     4|    11|       44|
    |wo_c_U                |        0|  99|   0|    -|     2|    11|       22|
    +----------------------+---------+----+----+-----+------+------+---------+
    |Total                 |        0|3465|   0|    0|    78|  5028|    10207|
    +----------------------+---------+----+----+-----+------+------+---------+

    * Expression: 
    +-----------------------------------------------------------+----------+----+---+----+------------+------------+
    |                       Variable Name                       | Operation| DSP| FF| LUT| Bitwidth P0| Bitwidth P1|
    +-----------------------------------------------------------+----------+----+---+----+------------+------------+
    |dataflow_in_loop_LOOP_S_OUTER_entry28_U0_ap_ready_count    |     +    |   0|  0|   9|           2|           1|
    |runDataL2toL1_U0_ap_ready_count                            |     +    |   0|  0|   9|           2|           1|
    |runWeight2Reg_U0_ap_ready_count                            |     +    |   0|  0|   9|           2|           1|
    |ap_channel_done_data_l1_0                                  |    and   |   0|  0|   2|           1|           1|
    |ap_channel_done_data_l1_1                                  |    and   |   0|  0|   2|           1|           1|
    |ap_channel_done_data_l1_2                                  |    and   |   0|  0|   2|           1|           1|
    |ap_channel_done_data_l1_3                                  |    and   |   0|  0|   2|           1|           1|
    |ap_channel_done_output_l1_0                                |    and   |   0|  0|   2|           1|           1|
    |ap_channel_done_output_l1_1                                |    and   |   0|  0|   2|           1|           1|
    |ap_channel_done_output_l1_2                                |    and   |   0|  0|   2|           1|           1|
    |ap_channel_done_output_l1_3                                |    and   |   0|  0|   2|           1|           1|
    |ap_channel_done_weight_regfile_0_0                         |    and   |   0|  0|   2|           1|           1|
    |ap_channel_done_weight_regfile_0_1                         |    and   |   0|  0|   2|           1|           1|
    |ap_channel_done_weight_regfile_0_2                         |    and   |   0|  0|   2|           1|           1|
    |ap_channel_done_weight_regfile_0_3                         |    and   |   0|  0|   2|           1|           1|
    |ap_channel_done_weight_regfile_1_0                         |    and   |   0|  0|   2|           1|           1|
    |ap_channel_done_weight_regfile_1_1                         |    and   |   0|  0|   2|           1|           1|
    |ap_channel_done_weight_regfile_1_2                         |    and   |   0|  0|   2|           1|           1|
    |ap_channel_done_weight_regfile_1_3                         |    and   |   0|  0|   2|           1|           1|
    |ap_channel_done_weight_regfile_2_0                         |    and   |   0|  0|   2|           1|           1|
    |ap_channel_done_weight_regfile_2_1                         |    and   |   0|  0|   2|           1|           1|
    |ap_channel_done_weight_regfile_2_2                         |    and   |   0|  0|   2|           1|           1|
    |ap_channel_done_weight_regfile_2_3                         |    and   |   0|  0|   2|           1|           1|
    |ap_channel_done_weight_regfile_3_0                         |    and   |   0|  0|   2|           1|           1|
    |ap_channel_done_weight_regfile_3_1                         |    and   |   0|  0|   2|           1|           1|
    |ap_channel_done_weight_regfile_3_2                         |    and   |   0|  0|   2|           1|           1|
    |ap_channel_done_weight_regfile_3_3                         |    and   |   0|  0|   2|           1|           1|
    |ap_idle                                                    |    and   |   0|  0|   2|           1|           1|
    |ap_sync_ready                                              |    and   |   0|  0|   2|           1|           1|
    |dataflow_in_loop_LOOP_S_OUTER_entry28_U0_ap_start          |    and   |   0|  0|   2|           1|           1|
    |runDataL2toL1_U0_ap_continue                               |    and   |   0|  0|   2|           1|           1|
    |runDataL2toL1_U0_ap_start                                  |    and   |   0|  0|   2|           1|           1|
    |runOutputL1toL2_U0_ap_start                                |    and   |   0|  0|   2|           1|           1|
    |runSysArr_U0_ap_continue                                   |    and   |   0|  0|   2|           1|           1|
    |runSysArr_U0_ap_start                                      |    and   |   0|  0|   2|           1|           1|
    |runWeight2Reg_U0_ap_continue                               |    and   |   0|  0|   2|           1|           1|
    |runWeight2Reg_U0_ap_start                                  |    and   |   0|  0|   2|           1|           1|
    |ap_sync_channel_write_data_l1_0                            |    or    |   0|  0|   2|           1|           1|
    |ap_sync_channel_write_data_l1_1                            |    or    |   0|  0|   2|           1|           1|
    |ap_sync_channel_write_data_l1_2                            |    or    |   0|  0|   2|           1|           1|
    |ap_sync_channel_write_data_l1_3                            |    or    |   0|  0|   2|           1|           1|
    |ap_sync_channel_write_output_l1_0                          |    or    |   0|  0|   2|           1|           1|
    |ap_sync_channel_write_output_l1_1                          |    or    |   0|  0|   2|           1|           1|
    |ap_sync_channel_write_output_l1_2                          |    or    |   0|  0|   2|           1|           1|
    |ap_sync_channel_write_output_l1_3                          |    or    |   0|  0|   2|           1|           1|
    |ap_sync_channel_write_weight_regfile_0_0                   |    or    |   0|  0|   2|           1|           1|
    |ap_sync_channel_write_weight_regfile_0_1                   |    or    |   0|  0|   2|           1|           1|
    |ap_sync_channel_write_weight_regfile_0_2                   |    or    |   0|  0|   2|           1|           1|
    |ap_sync_channel_write_weight_regfile_0_3                   |    or    |   0|  0|   2|           1|           1|
    |ap_sync_channel_write_weight_regfile_1_0                   |    or    |   0|  0|   2|           1|           1|
    |ap_sync_channel_write_weight_regfile_1_1                   |    or    |   0|  0|   2|           1|           1|
    |ap_sync_channel_write_weight_regfile_1_2                   |    or    |   0|  0|   2|           1|           1|
    |ap_sync_channel_write_weight_regfile_1_3                   |    or    |   0|  0|   2|           1|           1|
    |ap_sync_channel_write_weight_regfile_2_0                   |    or    |   0|  0|   2|           1|           1|
    |ap_sync_channel_write_weight_regfile_2_1                   |    or    |   0|  0|   2|           1|           1|
    |ap_sync_channel_write_weight_regfile_2_2                   |    or    |   0|  0|   2|           1|           1|
    |ap_sync_channel_write_weight_regfile_2_3                   |    or    |   0|  0|   2|           1|           1|
    |ap_sync_channel_write_weight_regfile_3_0                   |    or    |   0|  0|   2|           1|           1|
    |ap_sync_channel_write_weight_regfile_3_1                   |    or    |   0|  0|   2|           1|           1|
    |ap_sync_channel_write_weight_regfile_3_2                   |    or    |   0|  0|   2|           1|           1|
    |ap_sync_channel_write_weight_regfile_3_3                   |    or    |   0|  0|   2|           1|           1|
    |ap_sync_dataflow_in_loop_LOOP_S_OUTER_entry28_U0_ap_ready  |    or    |   0|  0|   2|           1|           1|
    |ap_sync_runDataL2toL1_U0_ap_ready                          |    or    |   0|  0|   2|           1|           1|
    |ap_sync_runWeight2Reg_U0_ap_ready                          |    or    |   0|  0|   2|           1|           1|
    +-----------------------------------------------------------+----------+----+---+----+------------+------------+
    |Total                                                      |          |   0|  0| 149|          67|          64|
    +-----------------------------------------------------------+----------+----+---+----+------------+------------+

    * Multiplexer: 
    +---------------------------------------------------------------+----+-----------+-----+-----------+
    |                              Name                             | LUT| Input Size| Bits| Total Bits|
    +---------------------------------------------------------------+----+-----------+-----+-----------+
    |ap_sync_reg_channel_write_data_l1_0                            |   9|          2|    1|          2|
    |ap_sync_reg_channel_write_data_l1_1                            |   9|          2|    1|          2|
    |ap_sync_reg_channel_write_data_l1_2                            |   9|          2|    1|          2|
    |ap_sync_reg_channel_write_data_l1_3                            |   9|          2|    1|          2|
    |ap_sync_reg_channel_write_output_l1_0                          |   9|          2|    1|          2|
    |ap_sync_reg_channel_write_output_l1_1                          |   9|          2|    1|          2|
    |ap_sync_reg_channel_write_output_l1_2                          |   9|          2|    1|          2|
    |ap_sync_reg_channel_write_output_l1_3                          |   9|          2|    1|          2|
    |ap_sync_reg_channel_write_weight_regfile_0_0                   |   9|          2|    1|          2|
    |ap_sync_reg_channel_write_weight_regfile_0_1                   |   9|          2|    1|          2|
    |ap_sync_reg_channel_write_weight_regfile_0_2                   |   9|          2|    1|          2|
    |ap_sync_reg_channel_write_weight_regfile_0_3                   |   9|          2|    1|          2|
    |ap_sync_reg_channel_write_weight_regfile_1_0                   |   9|          2|    1|          2|
    |ap_sync_reg_channel_write_weight_regfile_1_1                   |   9|          2|    1|          2|
    |ap_sync_reg_channel_write_weight_regfile_1_2                   |   9|          2|    1|          2|
    |ap_sync_reg_channel_write_weight_regfile_1_3                   |   9|          2|    1|          2|
    |ap_sync_reg_channel_write_weight_regfile_2_0                   |   9|          2|    1|          2|
    |ap_sync_reg_channel_write_weight_regfile_2_1                   |   9|          2|    1|          2|
    |ap_sync_reg_channel_write_weight_regfile_2_2                   |   9|          2|    1|          2|
    |ap_sync_reg_channel_write_weight_regfile_2_3                   |   9|          2|    1|          2|
    |ap_sync_reg_channel_write_weight_regfile_3_0                   |   9|          2|    1|          2|
    |ap_sync_reg_channel_write_weight_regfile_3_1                   |   9|          2|    1|          2|
    |ap_sync_reg_channel_write_weight_regfile_3_2                   |   9|          2|    1|          2|
    |ap_sync_reg_channel_write_weight_regfile_3_3                   |   9|          2|    1|          2|
    |ap_sync_reg_dataflow_in_loop_LOOP_S_OUTER_entry28_U0_ap_ready  |   9|          2|    1|          2|
    |ap_sync_reg_runDataL2toL1_U0_ap_ready                          |   9|          2|    1|          2|
    |ap_sync_reg_runWeight2Reg_U0_ap_ready                          |   9|          2|    1|          2|
    |dataflow_in_loop_LOOP_S_OUTER_entry28_U0_ap_ready_count        |   9|          2|    2|          4|
    |runDataL2toL1_U0_ap_ready_count                                |   9|          2|    2|          4|
    |runWeight2Reg_U0_ap_ready_count                                |   9|          2|    2|          4|
    +---------------------------------------------------------------+----+-----------+-----+-----------+
    |Total                                                          | 270|         60|   33|         66|
    +---------------------------------------------------------------+----+-----------+-----+-----------+

    * Register: 
    +---------------------------------------------------------------+---+----+-----+-----------+
    |                              Name                             | FF| LUT| Bits| Const Bits|
    +---------------------------------------------------------------+---+----+-----+-----------+
    |ap_sync_reg_channel_write_data_l1_0                            |  1|   0|    1|          0|
    |ap_sync_reg_channel_write_data_l1_1                            |  1|   0|    1|          0|
    |ap_sync_reg_channel_write_data_l1_2                            |  1|   0|    1|          0|
    |ap_sync_reg_channel_write_data_l1_3                            |  1|   0|    1|          0|
    |ap_sync_reg_channel_write_output_l1_0                          |  1|   0|    1|          0|
    |ap_sync_reg_channel_write_output_l1_1                          |  1|   0|    1|          0|
    |ap_sync_reg_channel_write_output_l1_2                          |  1|   0|    1|          0|
    |ap_sync_reg_channel_write_output_l1_3                          |  1|   0|    1|          0|
    |ap_sync_reg_channel_write_weight_regfile_0_0                   |  1|   0|    1|          0|
    |ap_sync_reg_channel_write_weight_regfile_0_1                   |  1|   0|    1|          0|
    |ap_sync_reg_channel_write_weight_regfile_0_2                   |  1|   0|    1|          0|
    |ap_sync_reg_channel_write_weight_regfile_0_3                   |  1|   0|    1|          0|
    |ap_sync_reg_channel_write_weight_regfile_1_0                   |  1|   0|    1|          0|
    |ap_sync_reg_channel_write_weight_regfile_1_1                   |  1|   0|    1|          0|
    |ap_sync_reg_channel_write_weight_regfile_1_2                   |  1|   0|    1|          0|
    |ap_sync_reg_channel_write_weight_regfile_1_3                   |  1|   0|    1|          0|
    |ap_sync_reg_channel_write_weight_regfile_2_0                   |  1|   0|    1|          0|
    |ap_sync_reg_channel_write_weight_regfile_2_1                   |  1|   0|    1|          0|
    |ap_sync_reg_channel_write_weight_regfile_2_2                   |  1|   0|    1|          0|
    |ap_sync_reg_channel_write_weight_regfile_2_3                   |  1|   0|    1|          0|
    |ap_sync_reg_channel_write_weight_regfile_3_0                   |  1|   0|    1|          0|
    |ap_sync_reg_channel_write_weight_regfile_3_1                   |  1|   0|    1|          0|
    |ap_sync_reg_channel_write_weight_regfile_3_2                   |  1|   0|    1|          0|
    |ap_sync_reg_channel_write_weight_regfile_3_3                   |  1|   0|    1|          0|
    |ap_sync_reg_dataflow_in_loop_LOOP_S_OUTER_entry28_U0_ap_ready  |  1|   0|    1|          0|
    |ap_sync_reg_runDataL2toL1_U0_ap_ready                          |  1|   0|    1|          0|
    |ap_sync_reg_runWeight2Reg_U0_ap_ready                          |  1|   0|    1|          0|
    |dataflow_in_loop_LOOP_S_OUTER_entry28_U0_ap_ready_count        |  2|   0|    2|          0|
    |runDataL2toL1_U0_ap_ready_count                                |  2|   0|    2|          0|
    |runWeight2Reg_U0_ap_ready_count                                |  2|   0|    2|          0|
    +---------------------------------------------------------------+---+----+-----+-----------+
    |Total                                                          | 33|   0|   33|          0|
    +---------------------------------------------------------------+---+----+-----+-----------+



================================================================
== Interface
================================================================
* Summary: 
+----------------------+-----+------+------------+-------------------------------+--------------+
|       RTL Ports      | Dir | Bits |  Protocol  |         Source Object         |    C Type    |
+----------------------+-----+------+------------+-------------------------------+--------------+
|ap_clk                |  in |     1| ap_ctrl_hs | dataflow_in_loop_LOOP_S_OUTER | return value |
|ap_rst                |  in |     1| ap_ctrl_hs | dataflow_in_loop_LOOP_S_OUTER | return value |
|ap_start              |  in |     1| ap_ctrl_hs | dataflow_in_loop_LOOP_S_OUTER | return value |
|weight_l2_0_empty_n   |  in |     1| ap_ctrl_hs | dataflow_in_loop_LOOP_S_OUTER | return value |
|weight_l2_0_read      | out |     1| ap_ctrl_hs | dataflow_in_loop_LOOP_S_OUTER | return value |
|weight_l2_1_empty_n   |  in |     1| ap_ctrl_hs | dataflow_in_loop_LOOP_S_OUTER | return value |
|weight_l2_1_read      | out |     1| ap_ctrl_hs | dataflow_in_loop_LOOP_S_OUTER | return value |
|weight_l2_2_empty_n   |  in |     1| ap_ctrl_hs | dataflow_in_loop_LOOP_S_OUTER | return value |
|weight_l2_2_read      | out |     1| ap_ctrl_hs | dataflow_in_loop_LOOP_S_OUTER | return value |
|weight_l2_3_empty_n   |  in |     1| ap_ctrl_hs | dataflow_in_loop_LOOP_S_OUTER | return value |
|weight_l2_3_read      | out |     1| ap_ctrl_hs | dataflow_in_loop_LOOP_S_OUTER | return value |
|data_l2_0_empty_n     |  in |     1| ap_ctrl_hs | dataflow_in_loop_LOOP_S_OUTER | return value |
|data_l2_0_read        | out |     1| ap_ctrl_hs | dataflow_in_loop_LOOP_S_OUTER | return value |
|data_l2_1_empty_n     |  in |     1| ap_ctrl_hs | dataflow_in_loop_LOOP_S_OUTER | return value |
|data_l2_1_read        | out |     1| ap_ctrl_hs | dataflow_in_loop_LOOP_S_OUTER | return value |
|data_l2_2_empty_n     |  in |     1| ap_ctrl_hs | dataflow_in_loop_LOOP_S_OUTER | return value |
|data_l2_2_read        | out |     1| ap_ctrl_hs | dataflow_in_loop_LOOP_S_OUTER | return value |
|data_l2_3_empty_n     |  in |     1| ap_ctrl_hs | dataflow_in_loop_LOOP_S_OUTER | return value |
|data_l2_3_read        | out |     1| ap_ctrl_hs | dataflow_in_loop_LOOP_S_OUTER | return value |
|output_l2_0_full_n    |  in |     1| ap_ctrl_hs | dataflow_in_loop_LOOP_S_OUTER | return value |
|output_l2_0_write     | out |     1| ap_ctrl_hs | dataflow_in_loop_LOOP_S_OUTER | return value |
|output_l2_1_full_n    |  in |     1| ap_ctrl_hs | dataflow_in_loop_LOOP_S_OUTER | return value |
|output_l2_1_write     | out |     1| ap_ctrl_hs | dataflow_in_loop_LOOP_S_OUTER | return value |
|output_l2_2_full_n    |  in |     1| ap_ctrl_hs | dataflow_in_loop_LOOP_S_OUTER | return value |
|output_l2_2_write     | out |     1| ap_ctrl_hs | dataflow_in_loop_LOOP_S_OUTER | return value |
|output_l2_3_full_n    |  in |     1| ap_ctrl_hs | dataflow_in_loop_LOOP_S_OUTER | return value |
|output_l2_3_write     | out |     1| ap_ctrl_hs | dataflow_in_loop_LOOP_S_OUTER | return value |
|ap_done               | out |     1| ap_ctrl_hs | dataflow_in_loop_LOOP_S_OUTER | return value |
|ap_ready              | out |     1| ap_ctrl_hs | dataflow_in_loop_LOOP_S_OUTER | return value |
|ap_idle               | out |     1| ap_ctrl_hs | dataflow_in_loop_LOOP_S_OUTER | return value |
|ap_continue           |  in |     1| ap_ctrl_hs | dataflow_in_loop_LOOP_S_OUTER | return value |
|param                 |  in |  1184|   ap_none  |             param             |    scalar    |
|param_ap_vld          |  in |     1|   ap_none  |             param             |    scalar    |
|ko_1                  |  in |    12|   ap_none  |              ko_1             |    scalar    |
|ko_1_ap_vld           |  in |     1|   ap_none  |              ko_1             |    scalar    |
|co                    |  in |    32|   ap_none  |               co              |    scalar    |
|co_ap_vld             |  in |     1|   ap_none  |               co              |    scalar    |
|ro                    |  in |    32|   ap_none  |               ro              |    scalar    |
|ro_ap_vld             |  in |     1|   ap_none  |               ro              |    scalar    |
|so                    |  in |    32|   ap_none  |               so              |    scalar    |
|so_ap_vld             |  in |     1|   ap_none  |               so              |    scalar    |
|ho                    |  in |    11|   ap_none  |               ho              |    scalar    |
|ho_ap_vld             |  in |     1|   ap_none  |               ho              |    scalar    |
|wo                    |  in |    11|   ap_none  |               wo              |    scalar    |
|wo_ap_vld             |  in |     1|   ap_none  |               wo              |    scalar    |
|data_l2_0_address0    | out |    11|  ap_memory |           data_l2_0           |     array    |
|data_l2_0_ce0         | out |     1|  ap_memory |           data_l2_0           |     array    |
|data_l2_0_d0          | out |     8|  ap_memory |           data_l2_0           |     array    |
|data_l2_0_q0          |  in |     8|  ap_memory |           data_l2_0           |     array    |
|data_l2_0_we0         | out |     1|  ap_memory |           data_l2_0           |     array    |
|data_l2_0_address1    | out |    11|  ap_memory |           data_l2_0           |     array    |
|data_l2_0_ce1         | out |     1|  ap_memory |           data_l2_0           |     array    |
|data_l2_0_d1          | out |     8|  ap_memory |           data_l2_0           |     array    |
|data_l2_0_q1          |  in |     8|  ap_memory |           data_l2_0           |     array    |
|data_l2_0_we1         | out |     1|  ap_memory |           data_l2_0           |     array    |
|data_l2_1_address0    | out |    11|  ap_memory |           data_l2_1           |     array    |
|data_l2_1_ce0         | out |     1|  ap_memory |           data_l2_1           |     array    |
|data_l2_1_d0          | out |     8|  ap_memory |           data_l2_1           |     array    |
|data_l2_1_q0          |  in |     8|  ap_memory |           data_l2_1           |     array    |
|data_l2_1_we0         | out |     1|  ap_memory |           data_l2_1           |     array    |
|data_l2_1_address1    | out |    11|  ap_memory |           data_l2_1           |     array    |
|data_l2_1_ce1         | out |     1|  ap_memory |           data_l2_1           |     array    |
|data_l2_1_d1          | out |     8|  ap_memory |           data_l2_1           |     array    |
|data_l2_1_q1          |  in |     8|  ap_memory |           data_l2_1           |     array    |
|data_l2_1_we1         | out |     1|  ap_memory |           data_l2_1           |     array    |
|data_l2_2_address0    | out |    11|  ap_memory |           data_l2_2           |     array    |
|data_l2_2_ce0         | out |     1|  ap_memory |           data_l2_2           |     array    |
|data_l2_2_d0          | out |     8|  ap_memory |           data_l2_2           |     array    |
|data_l2_2_q0          |  in |     8|  ap_memory |           data_l2_2           |     array    |
|data_l2_2_we0         | out |     1|  ap_memory |           data_l2_2           |     array    |
|data_l2_2_address1    | out |    11|  ap_memory |           data_l2_2           |     array    |
|data_l2_2_ce1         | out |     1|  ap_memory |           data_l2_2           |     array    |
|data_l2_2_d1          | out |     8|  ap_memory |           data_l2_2           |     array    |
|data_l2_2_q1          |  in |     8|  ap_memory |           data_l2_2           |     array    |
|data_l2_2_we1         | out |     1|  ap_memory |           data_l2_2           |     array    |
|data_l2_3_address0    | out |    11|  ap_memory |           data_l2_3           |     array    |
|data_l2_3_ce0         | out |     1|  ap_memory |           data_l2_3           |     array    |
|data_l2_3_d0          | out |     8|  ap_memory |           data_l2_3           |     array    |
|data_l2_3_q0          |  in |     8|  ap_memory |           data_l2_3           |     array    |
|data_l2_3_we0         | out |     1|  ap_memory |           data_l2_3           |     array    |
|data_l2_3_address1    | out |    11|  ap_memory |           data_l2_3           |     array    |
|data_l2_3_ce1         | out |     1|  ap_memory |           data_l2_3           |     array    |
|data_l2_3_d1          | out |     8|  ap_memory |           data_l2_3           |     array    |
|data_l2_3_q1          |  in |     8|  ap_memory |           data_l2_3           |     array    |
|data_l2_3_we1         | out |     1|  ap_memory |           data_l2_3           |     array    |
|output_l2_0_address0  | out |    11|  ap_memory |          output_l2_0          |     array    |
|output_l2_0_ce0       | out |     1|  ap_memory |          output_l2_0          |     array    |
|output_l2_0_d0        | out |    32|  ap_memory |          output_l2_0          |     array    |
|output_l2_0_q0        |  in |    32|  ap_memory |          output_l2_0          |     array    |
|output_l2_0_we0       | out |     1|  ap_memory |          output_l2_0          |     array    |
|output_l2_0_address1  | out |    11|  ap_memory |          output_l2_0          |     array    |
|output_l2_0_ce1       | out |     1|  ap_memory |          output_l2_0          |     array    |
|output_l2_0_d1        | out |    32|  ap_memory |          output_l2_0          |     array    |
|output_l2_0_q1        |  in |    32|  ap_memory |          output_l2_0          |     array    |
|output_l2_0_we1       | out |     1|  ap_memory |          output_l2_0          |     array    |
|output_l2_1_address0  | out |    11|  ap_memory |          output_l2_1          |     array    |
|output_l2_1_ce0       | out |     1|  ap_memory |          output_l2_1          |     array    |
|output_l2_1_d0        | out |    32|  ap_memory |          output_l2_1          |     array    |
|output_l2_1_q0        |  in |    32|  ap_memory |          output_l2_1          |     array    |
|output_l2_1_we0       | out |     1|  ap_memory |          output_l2_1          |     array    |
|output_l2_1_address1  | out |    11|  ap_memory |          output_l2_1          |     array    |
|output_l2_1_ce1       | out |     1|  ap_memory |          output_l2_1          |     array    |
|output_l2_1_d1        | out |    32|  ap_memory |          output_l2_1          |     array    |
|output_l2_1_q1        |  in |    32|  ap_memory |          output_l2_1          |     array    |
|output_l2_1_we1       | out |     1|  ap_memory |          output_l2_1          |     array    |
|output_l2_2_address0  | out |    11|  ap_memory |          output_l2_2          |     array    |
|output_l2_2_ce0       | out |     1|  ap_memory |          output_l2_2          |     array    |
|output_l2_2_d0        | out |    32|  ap_memory |          output_l2_2          |     array    |
|output_l2_2_q0        |  in |    32|  ap_memory |          output_l2_2          |     array    |
|output_l2_2_we0       | out |     1|  ap_memory |          output_l2_2          |     array    |
|output_l2_2_address1  | out |    11|  ap_memory |          output_l2_2          |     array    |
|output_l2_2_ce1       | out |     1|  ap_memory |          output_l2_2          |     array    |
|output_l2_2_d1        | out |    32|  ap_memory |          output_l2_2          |     array    |
|output_l2_2_q1        |  in |    32|  ap_memory |          output_l2_2          |     array    |
|output_l2_2_we1       | out |     1|  ap_memory |          output_l2_2          |     array    |
|output_l2_3_address0  | out |    11|  ap_memory |          output_l2_3          |     array    |
|output_l2_3_ce0       | out |     1|  ap_memory |          output_l2_3          |     array    |
|output_l2_3_d0        | out |    32|  ap_memory |          output_l2_3          |     array    |
|output_l2_3_q0        |  in |    32|  ap_memory |          output_l2_3          |     array    |
|output_l2_3_we0       | out |     1|  ap_memory |          output_l2_3          |     array    |
|output_l2_3_address1  | out |    11|  ap_memory |          output_l2_3          |     array    |
|output_l2_3_ce1       | out |     1|  ap_memory |          output_l2_3          |     array    |
|output_l2_3_d1        | out |    32|  ap_memory |          output_l2_3          |     array    |
|output_l2_3_q1        |  in |    32|  ap_memory |          output_l2_3          |     array    |
|output_l2_3_we1       | out |     1|  ap_memory |          output_l2_3          |     array    |
|weight_l2_0_address0  | out |    12|  ap_memory |          weight_l2_0          |     array    |
|weight_l2_0_ce0       | out |     1|  ap_memory |          weight_l2_0          |     array    |
|weight_l2_0_d0        | out |     8|  ap_memory |          weight_l2_0          |     array    |
|weight_l2_0_q0        |  in |     8|  ap_memory |          weight_l2_0          |     array    |
|weight_l2_0_we0       | out |     1|  ap_memory |          weight_l2_0          |     array    |
|weight_l2_0_address1  | out |    12|  ap_memory |          weight_l2_0          |     array    |
|weight_l2_0_ce1       | out |     1|  ap_memory |          weight_l2_0          |     array    |
|weight_l2_0_d1        | out |     8|  ap_memory |          weight_l2_0          |     array    |
|weight_l2_0_q1        |  in |     8|  ap_memory |          weight_l2_0          |     array    |
|weight_l2_0_we1       | out |     1|  ap_memory |          weight_l2_0          |     array    |
|weight_l2_1_address0  | out |    12|  ap_memory |          weight_l2_1          |     array    |
|weight_l2_1_ce0       | out |     1|  ap_memory |          weight_l2_1          |     array    |
|weight_l2_1_d0        | out |     8|  ap_memory |          weight_l2_1          |     array    |
|weight_l2_1_q0        |  in |     8|  ap_memory |          weight_l2_1          |     array    |
|weight_l2_1_we0       | out |     1|  ap_memory |          weight_l2_1          |     array    |
|weight_l2_1_address1  | out |    12|  ap_memory |          weight_l2_1          |     array    |
|weight_l2_1_ce1       | out |     1|  ap_memory |          weight_l2_1          |     array    |
|weight_l2_1_d1        | out |     8|  ap_memory |          weight_l2_1          |     array    |
|weight_l2_1_q1        |  in |     8|  ap_memory |          weight_l2_1          |     array    |
|weight_l2_1_we1       | out |     1|  ap_memory |          weight_l2_1          |     array    |
|weight_l2_2_address0  | out |    12|  ap_memory |          weight_l2_2          |     array    |
|weight_l2_2_ce0       | out |     1|  ap_memory |          weight_l2_2          |     array    |
|weight_l2_2_d0        | out |     8|  ap_memory |          weight_l2_2          |     array    |
|weight_l2_2_q0        |  in |     8|  ap_memory |          weight_l2_2          |     array    |
|weight_l2_2_we0       | out |     1|  ap_memory |          weight_l2_2          |     array    |
|weight_l2_2_address1  | out |    12|  ap_memory |          weight_l2_2          |     array    |
|weight_l2_2_ce1       | out |     1|  ap_memory |          weight_l2_2          |     array    |
|weight_l2_2_d1        | out |     8|  ap_memory |          weight_l2_2          |     array    |
|weight_l2_2_q1        |  in |     8|  ap_memory |          weight_l2_2          |     array    |
|weight_l2_2_we1       | out |     1|  ap_memory |          weight_l2_2          |     array    |
|weight_l2_3_address0  | out |    12|  ap_memory |          weight_l2_3          |     array    |
|weight_l2_3_ce0       | out |     1|  ap_memory |          weight_l2_3          |     array    |
|weight_l2_3_d0        | out |     8|  ap_memory |          weight_l2_3          |     array    |
|weight_l2_3_q0        |  in |     8|  ap_memory |          weight_l2_3          |     array    |
|weight_l2_3_we0       | out |     1|  ap_memory |          weight_l2_3          |     array    |
|weight_l2_3_address1  | out |    12|  ap_memory |          weight_l2_3          |     array    |
|weight_l2_3_ce1       | out |     1|  ap_memory |          weight_l2_3          |     array    |
|weight_l2_3_d1        | out |     8|  ap_memory |          weight_l2_3          |     array    |
|weight_l2_3_q1        |  in |     8|  ap_memory |          weight_l2_3          |     array    |
|weight_l2_3_we1       | out |     1|  ap_memory |          weight_l2_3          |     array    |
+----------------------+-----+------+------------+-------------------------------+--------------+

