#-----------------------------------------------------------
# xsim v2020.1 (64-bit)
# SW Build 2902540 on Wed May 27 19:54:35 MDT 2020
# IP Build 2902112 on Wed May 27 22:43:36 MDT 2020
# Start of session at: Fri Jan 14 19:14:11 2022
# Process ID: 27968
# Current directory: /home/sumin/workspace/hls_test/Systolic_Array_PCNN_based/solution1/sim/vhdl
# Command line: xsim -mode tcl -source {xsim.dir/Conv_sysarr_dbbuf/xsim_script.tcl}
# Log file: /home/sumin/workspace/hls_test/Systolic_Array_PCNN_based/solution1/sim/vhdl/xsim.log
# Journal file: /home/sumin/workspace/hls_test/Systolic_Array_PCNN_based/solution1/sim/vhdl/xsim.jou
#-----------------------------------------------------------
source xsim.dir/Conv_sysarr_dbbuf/xsim_script.tcl
# xsim {Conv_sysarr_dbbuf} -autoloadwcfg -tclbatch {Conv_sysarr_dbbuf.tcl}
Vivado Simulator 2020.1
Time resolution is 1 ps
source Conv_sysarr_dbbuf.tcl
## run all
Note: simulation done!
Time: 251535 ns  Iteration: 1  Process: /apatb_Conv_sysarr_dbbuf_top/generate_sim_done_proc  File: /home/sumin/workspace/hls_test/Systolic_Array_PCNN_based/solution1/sim/vhdl/Conv_sysarr_dbbuf.autotb.vhd
Failure: NORMAL EXIT (note: failure is to force the simulator to stop)
Time: 251535 ns  Iteration: 1  Process: /apatb_Conv_sysarr_dbbuf_top/generate_sim_done_proc  File: /home/sumin/workspace/hls_test/Systolic_Array_PCNN_based/solution1/sim/vhdl/Conv_sysarr_dbbuf.autotb.vhd
$finish called at time : 251535 ns
## quit
INFO: [Common 17-206] Exiting xsim at Fri Jan 14 19:14:18 2022...
