Vivado Simulator 2020.1
Copyright 1986-1999, 2001-2020 Xilinx, Inc. All Rights Reserved.
Running: /home/sumin/tools/Xilinx/Vivado/Vivado/2020.1/bin/unwrapped/lnx64.o/xelab xil_defaultlib.apatb_Conv_sysarr_top glbl -prj Conv_sysarr.prj -L smartconnect_v1_0 -L axi_protocol_checker_v1_1_12 -L axi_protocol_checker_v1_1_13 -L axis_protocol_checker_v1_1_11 -L axis_protocol_checker_v1_1_12 -L xil_defaultlib -L unisims_ver -L xpm --lib ieee_proposed=./ieee_proposed -s Conv_sysarr -debug wave 
Multi-threading is on. Using 14 slave threads.
WARNING: [XSIM 43-3431] One or more environment variables have been detected which affect the operation of the C compiler. These are typically not set in standard installations and are not tested by Xilinx, however they may be appropriate for your system, so the flow will attempt to continue.  If errors occur, try running xelab with the "-mt off -v 1" switches to see more information from the C compiler. The following environment variables have been detected:
INFO: [VRFC 10-2263] Analyzing SystemVerilog file "/home/sumin/workspace/hls_test/Systolic_Array_PCNN_based/solution1/sim/verilog/glbl.v" into library work
INFO: [VRFC 10-311] analyzing module glbl
INFO: [VRFC 10-2263] Analyzing SystemVerilog file "/home/sumin/workspace/hls_test/Systolic_Array_PCNN_based/solution1/sim/verilog/Conv_sysarr_mux_42_8_1_1.v" into library xil_defaultlib
INFO: [VRFC 10-311] analyzing module Conv_sysarr_mux_42_8_1_1
INFO: [VRFC 10-2263] Analyzing SystemVerilog file "/home/sumin/workspace/hls_test/Systolic_Array_PCNN_based/solution1/sim/verilog/Conv_sysarr_fifo_w9_d3_S.v" into library xil_defaultlib
INFO: [VRFC 10-311] analyzing module Conv_sysarr_fifo_w9_d3_S_shiftReg
INFO: [VRFC 10-311] analyzing module Conv_sysarr_fifo_w9_d3_S
INFO: [VRFC 10-2263] Analyzing SystemVerilog file "/home/sumin/workspace/hls_test/Systolic_Array_PCNN_based/solution1/sim/verilog/AESL_autofifo_weight_in_V.v" into library xil_defaultlib
INFO: [VRFC 10-311] analyzing module AESL_autofifo_weight_in_V
INFO: [VRFC 10-2263] Analyzing SystemVerilog file "/home/sumin/workspace/hls_test/Systolic_Array_PCNN_based/solution1/sim/verilog/Conv_sysarr_dataflow_parent_loop_proc18.v" into library xil_defaultlib
INFO: [VRFC 10-311] analyzing module Conv_sysarr_dataflow_parent_loop_proc18
INFO: [VRFC 10-2263] Analyzing SystemVerilog file "/home/sumin/workspace/hls_test/Systolic_Array_PCNN_based/solution1/sim/verilog/Conv_sysarr_ama_addmuladd_9ns_9s_9s_9ns_9_4_1.v" into library xil_defaultlib
INFO: [VRFC 10-311] analyzing module Conv_sysarr_ama_addmuladd_9ns_9s_9s_9ns_9_4_1_DSP48_2
INFO: [VRFC 10-311] analyzing module Conv_sysarr_ama_addmuladd_9ns_9s_9s_9ns_9_4_1
INFO: [VRFC 10-2263] Analyzing SystemVerilog file "/home/sumin/workspace/hls_test/Systolic_Array_PCNN_based/solution1/sim/verilog/Conv_sysarr_fifo_w7_d2_S.v" into library xil_defaultlib
INFO: [VRFC 10-311] analyzing module Conv_sysarr_fifo_w7_d2_S_shiftReg
INFO: [VRFC 10-311] analyzing module Conv_sysarr_fifo_w7_d2_S
INFO: [VRFC 10-2263] Analyzing SystemVerilog file "/home/sumin/workspace/hls_test/Systolic_Array_PCNN_based/solution1/sim/verilog/Conv_sysarr_dataflow_parent_loop_proc.v" into library xil_defaultlib
INFO: [VRFC 10-311] analyzing module Conv_sysarr_dataflow_parent_loop_proc
INFO: [VRFC 10-2263] Analyzing SystemVerilog file "/home/sumin/workspace/hls_test/Systolic_Array_PCNN_based/solution1/sim/verilog/Conv_sysarr_bias_l2_0.v" into library xil_defaultlib
INFO: [VRFC 10-311] analyzing module Conv_sysarr_bias_l2_0_ram
INFO: [VRFC 10-311] analyzing module Conv_sysarr_bias_l2_0
INFO: [VRFC 10-2263] Analyzing SystemVerilog file "/home/sumin/workspace/hls_test/Systolic_Array_PCNN_based/solution1/sim/verilog/Conv_sysarr_output_l2_0.v" into library xil_defaultlib
INFO: [VRFC 10-311] analyzing module Conv_sysarr_output_l2_0_ram
INFO: [VRFC 10-311] analyzing module Conv_sysarr_output_l2_0
INFO: [VRFC 10-2263] Analyzing SystemVerilog file "/home/sumin/workspace/hls_test/Systolic_Array_PCNN_based/solution1/sim/verilog/AESL_deadlock_report_unit.v" into library xil_defaultlib
INFO: [VRFC 10-311] analyzing module AESL_deadlock_report_unit
INFO: [VRFC 10-2263] Analyzing SystemVerilog file "/home/sumin/workspace/hls_test/Systolic_Array_PCNN_based/solution1/sim/verilog/Conv_sysarr_mac_muladd_8s_8s_32ns_32_1_1.v" into library xil_defaultlib
INFO: [VRFC 10-311] analyzing module Conv_sysarr_mac_muladd_8s_8s_32ns_32_1_1_DSP48_4
INFO: [VRFC 10-311] analyzing module Conv_sysarr_mac_muladd_8s_8s_32ns_32_1_1
INFO: [VRFC 10-2263] Analyzing SystemVerilog file "/home/sumin/workspace/hls_test/Systolic_Array_PCNN_based/solution1/sim/verilog/Conv_sysarr_udiv_32s_32ns_32_36_seq_1.v" into library xil_defaultlib
INFO: [VRFC 10-311] analyzing module Conv_sysarr_udiv_32s_32ns_32_36_seq_1_div_u
INFO: [VRFC 10-311] analyzing module Conv_sysarr_udiv_32s_32ns_32_36_seq_1_div
INFO: [VRFC 10-311] analyzing module Conv_sysarr_udiv_32s_32ns_32_36_seq_1
INFO: [VRFC 10-2263] Analyzing SystemVerilog file "/home/sumin/workspace/hls_test/Systolic_Array_PCNN_based/solution1/sim/verilog/AESL_deadlock_detector.v" into library xil_defaultlib
INFO: [VRFC 10-311] analyzing module AESL_deadlock_detector
INFO: [VRFC 10-2263] Analyzing SystemVerilog file "/home/sumin/workspace/hls_test/Systolic_Array_PCNN_based/solution1/sim/verilog/Conv_sysarr_runWeight2Reg.v" into library xil_defaultlib
INFO: [VRFC 10-311] analyzing module Conv_sysarr_runWeight2Reg
INFO: [VRFC 10-2263] Analyzing SystemVerilog file "/home/sumin/workspace/hls_test/Systolic_Array_PCNN_based/solution1/sim/verilog/Conv_sysarr_ama_addmuladd_9ns_9ns_9s_9ns_9_4_1.v" into library xil_defaultlib
INFO: [VRFC 10-311] analyzing module Conv_sysarr_ama_addmuladd_9ns_9ns_9s_9ns_9_4_1_DSP48_0
INFO: [VRFC 10-311] analyzing module Conv_sysarr_ama_addmuladd_9ns_9ns_9s_9ns_9_4_1
INFO: [VRFC 10-2263] Analyzing SystemVerilog file "/home/sumin/workspace/hls_test/Systolic_Array_PCNN_based/solution1/sim/verilog/Conv_sysarr_runDataL2toL1.v" into library xil_defaultlib
INFO: [VRFC 10-311] analyzing module Conv_sysarr_runDataL2toL1
INFO: [VRFC 10-2263] Analyzing SystemVerilog file "/home/sumin/workspace/hls_test/Systolic_Array_PCNN_based/solution1/sim/verilog/Conv_sysarr_mul_8s_8s_16_1_1.v" into library xil_defaultlib
INFO: [VRFC 10-311] analyzing module Conv_sysarr_mul_8s_8s_16_1_1_Multiplier_3
INFO: [VRFC 10-311] analyzing module Conv_sysarr_mul_8s_8s_16_1_1
INFO: [VRFC 10-2263] Analyzing SystemVerilog file "/home/sumin/workspace/hls_test/Systolic_Array_PCNN_based/solution1/sim/verilog/AESL_autofifo_param_in_V.v" into library xil_defaultlib
INFO: [VRFC 10-311] analyzing module AESL_autofifo_param_in_V
INFO: [VRFC 10-2263] Analyzing SystemVerilog file "/home/sumin/workspace/hls_test/Systolic_Array_PCNN_based/solution1/sim/verilog/Conv_sysarr_fifo_w8_d2_S.v" into library xil_defaultlib
INFO: [VRFC 10-311] analyzing module Conv_sysarr_fifo_w8_d2_S_shiftReg
INFO: [VRFC 10-311] analyzing module Conv_sysarr_fifo_w8_d2_S
INFO: [VRFC 10-2263] Analyzing SystemVerilog file "/home/sumin/workspace/hls_test/Systolic_Array_PCNN_based/solution1/sim/verilog/AESL_autofifo_bias_in_V.v" into library xil_defaultlib
INFO: [VRFC 10-311] analyzing module AESL_autofifo_bias_in_V
INFO: [VRFC 10-2263] Analyzing SystemVerilog file "/home/sumin/workspace/hls_test/Systolic_Array_PCNN_based/solution1/sim/verilog/AESL_deadlock_detection_unit.v" into library xil_defaultlib
INFO: [VRFC 10-311] analyzing module AESL_deadlock_detect_unit
INFO: [VRFC 10-2263] Analyzing SystemVerilog file "/home/sumin/workspace/hls_test/Systolic_Array_PCNN_based/solution1/sim/verilog/Conv_sysarr_dataflow_in_loop_LOOP_S_OUTER_data_l1_0_memcore.v" into library xil_defaultlib
INFO: [VRFC 10-311] analyzing module Conv_sysarr_dataflow_in_loop_LOOP_S_OUTER_data_l1_0_memcore_ram
INFO: [VRFC 10-311] analyzing module Conv_sysarr_dataflow_in_loop_LOOP_S_OUTER_data_l1_0_memcore
INFO: [VRFC 10-2263] Analyzing SystemVerilog file "/home/sumin/workspace/hls_test/Systolic_Array_PCNN_based/solution1/sim/verilog/Conv_sysarr_mac_muladd_8s_8s_32ns_32_2_1.v" into library xil_defaultlib
INFO: [VRFC 10-311] analyzing module Conv_sysarr_mac_muladd_8s_8s_32ns_32_2_1_DSP48_3
INFO: [VRFC 10-311] analyzing module Conv_sysarr_mac_muladd_8s_8s_32ns_32_2_1
INFO: [VRFC 10-2263] Analyzing SystemVerilog file "/home/sumin/workspace/hls_test/Systolic_Array_PCNN_based/solution1/sim/verilog/Conv_sysarr_dataflow_parent_loop_proc20.v" into library xil_defaultlib
INFO: [VRFC 10-311] analyzing module Conv_sysarr_dataflow_parent_loop_proc20
INFO: [VRFC 10-2263] Analyzing SystemVerilog file "/home/sumin/workspace/hls_test/Systolic_Array_PCNN_based/solution1/sim/verilog/Conv_sysarr_fifo_w9_d2_S.v" into library xil_defaultlib
INFO: [VRFC 10-311] analyzing module Conv_sysarr_fifo_w9_d2_S_shiftReg
INFO: [VRFC 10-311] analyzing module Conv_sysarr_fifo_w9_d2_S
INFO: [VRFC 10-2263] Analyzing SystemVerilog file "/home/sumin/workspace/hls_test/Systolic_Array_PCNN_based/solution1/sim/verilog/Conv_sysarr_mac_muladd_9s_9s_9ns_9_4_1.v" into library xil_defaultlib
INFO: [VRFC 10-311] analyzing module Conv_sysarr_mac_muladd_9s_9s_9ns_9_4_1_DSP48_1
INFO: [VRFC 10-311] analyzing module Conv_sysarr_mac_muladd_9s_9s_9ns_9_4_1
INFO: [VRFC 10-2263] Analyzing SystemVerilog file "/home/sumin/workspace/hls_test/Systolic_Array_PCNN_based/solution1/sim/verilog/Conv_sysarr_fifo_w32_d3_S.v" into library xil_defaultlib
INFO: [VRFC 10-311] analyzing module Conv_sysarr_fifo_w32_d3_S_shiftReg
INFO: [VRFC 10-311] analyzing module Conv_sysarr_fifo_w32_d3_S
INFO: [VRFC 10-2263] Analyzing SystemVerilog file "/home/sumin/workspace/hls_test/Systolic_Array_PCNN_based/solution1/sim/verilog/Conv_sysarr_dataflow_in_loop_LOOP_S_OUTER_data_l1_0.v" into library xil_defaultlib
INFO: [VRFC 10-311] analyzing module Conv_sysarr_dataflow_in_loop_LOOP_S_OUTER_data_l1_0
INFO: [VRFC 10-2263] Analyzing SystemVerilog file "/home/sumin/workspace/hls_test/Systolic_Array_PCNN_based/solution1/sim/verilog/Conv_sysarr.v" into library xil_defaultlib
INFO: [VRFC 10-311] analyzing module Conv_sysarr
INFO: [VRFC 10-2263] Analyzing SystemVerilog file "/home/sumin/workspace/hls_test/Systolic_Array_PCNN_based/solution1/sim/verilog/Conv_sysarr_dataflow_in_loop_LOOP_S_OUTER.v" into library xil_defaultlib
INFO: [VRFC 10-311] analyzing module Conv_sysarr_dataflow_in_loop_LOOP_S_OUTER
INFO: [VRFC 10-2263] Analyzing SystemVerilog file "/home/sumin/workspace/hls_test/Systolic_Array_PCNN_based/solution1/sim/verilog/Conv_sysarr_fifo_w32_d2_S.v" into library xil_defaultlib
INFO: [VRFC 10-311] analyzing module Conv_sysarr_fifo_w32_d2_S_shiftReg
INFO: [VRFC 10-311] analyzing module Conv_sysarr_fifo_w32_d2_S
INFO: [VRFC 10-2263] Analyzing SystemVerilog file "/home/sumin/workspace/hls_test/Systolic_Array_PCNN_based/solution1/sim/verilog/AESL_autofifo_data_in_V.v" into library xil_defaultlib
INFO: [VRFC 10-311] analyzing module AESL_autofifo_data_in_V
INFO: [VRFC 10-2263] Analyzing SystemVerilog file "/home/sumin/workspace/hls_test/Systolic_Array_PCNN_based/solution1/sim/verilog/Conv_sysarr_dataflow_parent_loop_proc19.v" into library xil_defaultlib
INFO: [VRFC 10-311] analyzing module Conv_sysarr_dataflow_parent_loop_proc19
INFO: [VRFC 10-2263] Analyzing SystemVerilog file "/home/sumin/workspace/hls_test/Systolic_Array_PCNN_based/solution1/sim/verilog/Conv_sysarr_mux_42_1_1_1.v" into library xil_defaultlib
INFO: [VRFC 10-311] analyzing module Conv_sysarr_mux_42_1_1_1
INFO: [VRFC 10-2263] Analyzing SystemVerilog file "/home/sumin/workspace/hls_test/Systolic_Array_PCNN_based/solution1/sim/verilog/Conv_sysarr_mul_32ns_32ns_64_1_1.v" into library xil_defaultlib
INFO: [VRFC 10-311] analyzing module Conv_sysarr_mul_32ns_32ns_64_1_1_Multiplier_1
INFO: [VRFC 10-311] analyzing module Conv_sysarr_mul_32ns_32ns_64_1_1
INFO: [VRFC 10-2263] Analyzing SystemVerilog file "/home/sumin/workspace/hls_test/Systolic_Array_PCNN_based/solution1/sim/verilog/Conv_sysarr_dataflow_parent_loop_proc16.v" into library xil_defaultlib
INFO: [VRFC 10-311] analyzing module Conv_sysarr_dataflow_parent_loop_proc16
INFO: [VRFC 10-2263] Analyzing SystemVerilog file "/home/sumin/workspace/hls_test/Systolic_Array_PCNN_based/solution1/sim/verilog/Conv_sysarr_dataflow_in_loop_LOOP_S_OUTER_entry25.v" into library xil_defaultlib
INFO: [VRFC 10-311] analyzing module Conv_sysarr_dataflow_in_loop_LOOP_S_OUTER_entry25
INFO: [VRFC 10-2263] Analyzing SystemVerilog file "/home/sumin/workspace/hls_test/Systolic_Array_PCNN_based/solution1/sim/verilog/Conv_sysarr_dataflow_in_loop_LOOP_S_OUTER_output_l1_0_memcore.v" into library xil_defaultlib
INFO: [VRFC 10-311] analyzing module Conv_sysarr_dataflow_in_loop_LOOP_S_OUTER_output_l1_0_memcore_ram
INFO: [VRFC 10-311] analyzing module Conv_sysarr_dataflow_in_loop_LOOP_S_OUTER_output_l1_0_memcore
INFO: [VRFC 10-2263] Analyzing SystemVerilog file "/home/sumin/workspace/hls_test/Systolic_Array_PCNN_based/solution1/sim/verilog/Conv_sysarr_dataflow_in_loop_LOOP_S_OUTER_output_l1_0.v" into library xil_defaultlib
INFO: [VRFC 10-311] analyzing module Conv_sysarr_dataflow_in_loop_LOOP_S_OUTER_output_l1_0
INFO: [VRFC 10-2263] Analyzing SystemVerilog file "/home/sumin/workspace/hls_test/Systolic_Array_PCNN_based/solution1/sim/verilog/Conv_sysarr_mul_32s_32s_32_1_1.v" into library xil_defaultlib
INFO: [VRFC 10-311] analyzing module Conv_sysarr_mul_32s_32s_32_1_1_Multiplier_2
INFO: [VRFC 10-311] analyzing module Conv_sysarr_mul_32s_32s_32_1_1
INFO: [VRFC 10-2263] Analyzing SystemVerilog file "/home/sumin/workspace/hls_test/Systolic_Array_PCNN_based/solution1/sim/verilog/Conv_sysarr_dataflow_parent_loop_proc17.v" into library xil_defaultlib
INFO: [VRFC 10-311] analyzing module Conv_sysarr_dataflow_parent_loop_proc17
INFO: [VRFC 10-2263] Analyzing SystemVerilog file "/home/sumin/workspace/hls_test/Systolic_Array_PCNN_based/solution1/sim/verilog/Conv_sysarr_runSysArr.v" into library xil_defaultlib
INFO: [VRFC 10-311] analyzing module Conv_sysarr_runSysArr
INFO: [VRFC 10-2263] Analyzing SystemVerilog file "/home/sumin/workspace/hls_test/Systolic_Array_PCNN_based/solution1/sim/verilog/Conv_sysarr_mul_9s_9s_9_1_1.v" into library xil_defaultlib
INFO: [VRFC 10-311] analyzing module Conv_sysarr_mul_9s_9s_9_1_1_Multiplier_0
INFO: [VRFC 10-311] analyzing module Conv_sysarr_mul_9s_9s_9_1_1
INFO: [VRFC 10-2263] Analyzing SystemVerilog file "/home/sumin/workspace/hls_test/Systolic_Array_PCNN_based/solution1/sim/verilog/Conv_sysarr.autotb.v" into library xil_defaultlib
INFO: [VRFC 10-311] analyzing module apatb_Conv_sysarr_top
INFO: [VRFC 10-2263] Analyzing SystemVerilog file "/home/sumin/workspace/hls_test/Systolic_Array_PCNN_based/solution1/sim/verilog/Conv_sysarr_runOutputL1toL2.v" into library xil_defaultlib
INFO: [VRFC 10-311] analyzing module Conv_sysarr_runOutputL1toL2
INFO: [VRFC 10-2263] Analyzing SystemVerilog file "/home/sumin/workspace/hls_test/Systolic_Array_PCNN_based/solution1/sim/verilog/Conv_sysarr_runSysArr_output_l1_local_3.v" into library xil_defaultlib
INFO: [VRFC 10-311] analyzing module Conv_sysarr_runSysArr_output_l1_local_3_ram
INFO: [VRFC 10-311] analyzing module Conv_sysarr_runSysArr_output_l1_local_3
INFO: [VRFC 10-2263] Analyzing SystemVerilog file "/home/sumin/workspace/hls_test/Systolic_Array_PCNN_based/solution1/sim/verilog/AESL_autofifo_conv_out_V.v" into library xil_defaultlib
INFO: [VRFC 10-311] analyzing module AESL_autofifo_conv_out_V
INFO: [VRFC 10-2263] Analyzing SystemVerilog file "/home/sumin/workspace/hls_test/Systolic_Array_PCNN_based/solution1/sim/verilog/Conv_sysarr_fifo_w9_d4_S.v" into library xil_defaultlib
INFO: [VRFC 10-311] analyzing module Conv_sysarr_fifo_w9_d4_S_shiftReg
INFO: [VRFC 10-311] analyzing module Conv_sysarr_fifo_w9_d4_S
INFO: [VRFC 10-2263] Analyzing SystemVerilog file "/home/sumin/workspace/hls_test/Systolic_Array_PCNN_based/solution1/sim/verilog/Conv_sysarr_mul_30ns_32ns_62_1_1.v" into library xil_defaultlib
INFO: [VRFC 10-311] analyzing module Conv_sysarr_mul_30ns_32ns_62_1_1_Multiplier_4
INFO: [VRFC 10-311] analyzing module Conv_sysarr_mul_30ns_32ns_62_1_1
Starting static elaboration
Pass Through NonSizing Optimizer
Completed static elaboration
Starting simulation data flow analysis
Completed simulation data flow analysis
Time Resolution for simulation is 1ps
Compiling module xil_defaultlib.Conv_sysarr_bias_l2_0_ram
Compiling module xil_defaultlib.Conv_sysarr_bias_l2_0(DataWidth=...
Compiling module xil_defaultlib.Conv_sysarr_output_l2_0_ram
Compiling module xil_defaultlib.Conv_sysarr_output_l2_0(DataWidt...
Compiling module xil_defaultlib.Conv_sysarr_dataflow_in_loop_LOO...
Compiling module xil_defaultlib.Conv_sysarr_dataflow_in_loop_LOO...
Compiling module xil_defaultlib.Conv_sysarr_dataflow_in_loop_LOO...
Compiling module xil_defaultlib.Conv_sysarr_dataflow_in_loop_LOO...
Compiling module xil_defaultlib.Conv_sysarr_dataflow_in_loop_LOO...
Compiling module xil_defaultlib.Conv_sysarr_dataflow_in_loop_LOO...
Compiling module xil_defaultlib.Conv_sysarr_dataflow_in_loop_LOO...
Compiling module xil_defaultlib.Conv_sysarr_mul_9s_9s_9_1_1_Mult...
Compiling module xil_defaultlib.Conv_sysarr_mul_9s_9s_9_1_1(ID=1...
Compiling module xil_defaultlib.Conv_sysarr_mux_42_8_1_1(ID=1,di...
Compiling module xil_defaultlib.Conv_sysarr_mux_42_1_1_1(ID=1,di...
Compiling module xil_defaultlib.Conv_sysarr_ama_addmuladd_9ns_9n...
Compiling module xil_defaultlib.Conv_sysarr_ama_addmuladd_9ns_9n...
Compiling module xil_defaultlib.Conv_sysarr_runWeight2Reg
Compiling module xil_defaultlib.Conv_sysarr_mul_32ns_32ns_64_1_1...
Compiling module xil_defaultlib.Conv_sysarr_mul_32ns_32ns_64_1_1...
Compiling module xil_defaultlib.Conv_sysarr_mac_muladd_9s_9s_9ns...
Compiling module xil_defaultlib.Conv_sysarr_mac_muladd_9s_9s_9ns...
Compiling module xil_defaultlib.Conv_sysarr_ama_addmuladd_9ns_9s...
Compiling module xil_defaultlib.Conv_sysarr_ama_addmuladd_9ns_9s...
Compiling module xil_defaultlib.Conv_sysarr_runDataL2toL1
Compiling module xil_defaultlib.Conv_sysarr_runSysArr_output_l1_...
Compiling module xil_defaultlib.Conv_sysarr_runSysArr_output_l1_...
Compiling module xil_defaultlib.Conv_sysarr_mul_32s_32s_32_1_1_M...
Compiling module xil_defaultlib.Conv_sysarr_mul_32s_32s_32_1_1(I...
Compiling module xil_defaultlib.Conv_sysarr_mul_8s_8s_16_1_1_Mul...
Compiling module xil_defaultlib.Conv_sysarr_mul_8s_8s_16_1_1(ID=...
Compiling module xil_defaultlib.Conv_sysarr_mac_muladd_8s_8s_32n...
Compiling module xil_defaultlib.Conv_sysarr_mac_muladd_8s_8s_32n...
Compiling module xil_defaultlib.Conv_sysarr_mac_muladd_8s_8s_32n...
Compiling module xil_defaultlib.Conv_sysarr_mac_muladd_8s_8s_32n...
Compiling module xil_defaultlib.Conv_sysarr_runSysArr
Compiling module xil_defaultlib.Conv_sysarr_runOutputL1toL2
Compiling module xil_defaultlib.Conv_sysarr_fifo_w9_d2_S_shiftRe...
Compiling module xil_defaultlib.Conv_sysarr_fifo_w9_d2_S
Compiling module xil_defaultlib.Conv_sysarr_fifo_w7_d2_S_shiftRe...
Compiling module xil_defaultlib.Conv_sysarr_fifo_w7_d2_S
Compiling module xil_defaultlib.Conv_sysarr_fifo_w32_d2_S_shiftR...
Compiling module xil_defaultlib.Conv_sysarr_fifo_w32_d2_S
Compiling module xil_defaultlib.Conv_sysarr_fifo_w32_d3_S_shiftR...
Compiling module xil_defaultlib.Conv_sysarr_fifo_w32_d3_S
Compiling module xil_defaultlib.Conv_sysarr_fifo_w9_d4_S_shiftRe...
Compiling module xil_defaultlib.Conv_sysarr_fifo_w9_d4_S
Compiling module xil_defaultlib.Conv_sysarr_fifo_w9_d3_S_shiftRe...
Compiling module xil_defaultlib.Conv_sysarr_fifo_w9_d3_S
Compiling module xil_defaultlib.Conv_sysarr_fifo_w8_d2_S_shiftRe...
Compiling module xil_defaultlib.Conv_sysarr_fifo_w8_d2_S
Compiling module xil_defaultlib.Conv_sysarr_dataflow_in_loop_LOO...
Compiling module xil_defaultlib.Conv_sysarr_dataflow_parent_loop...
Compiling module xil_defaultlib.Conv_sysarr_dataflow_parent_loop...
Compiling module xil_defaultlib.Conv_sysarr_dataflow_parent_loop...
Compiling module xil_defaultlib.Conv_sysarr_dataflow_parent_loop...
Compiling module xil_defaultlib.Conv_sysarr_dataflow_parent_loop...
Compiling module xil_defaultlib.Conv_sysarr_dataflow_parent_loop...
Compiling module xil_defaultlib.Conv_sysarr_udiv_32s_32ns_32_36_...
Compiling module xil_defaultlib.Conv_sysarr_udiv_32s_32ns_32_36_...
Compiling module xil_defaultlib.Conv_sysarr_udiv_32s_32ns_32_36_...
Compiling module xil_defaultlib.Conv_sysarr_mul_30ns_32ns_62_1_1...
Compiling module xil_defaultlib.Conv_sysarr_mul_30ns_32ns_62_1_1...
Compiling module xil_defaultlib.Conv_sysarr
Compiling module xil_defaultlib.AESL_autofifo_param_in_V
Compiling module xil_defaultlib.AESL_autofifo_bias_in_V
Compiling module xil_defaultlib.AESL_autofifo_weight_in_V
Compiling module xil_defaultlib.AESL_autofifo_data_in_V
Compiling module xil_defaultlib.AESL_autofifo_conv_out_V
Compiling module xil_defaultlib.AESL_deadlock_detect_unit(PROC_N...
Compiling module xil_defaultlib.AESL_deadlock_detect_unit(PROC_N...
Compiling module xil_defaultlib.AESL_deadlock_detect_unit(PROC_N...
Compiling module xil_defaultlib.AESL_deadlock_detect_unit(PROC_N...
Compiling module xil_defaultlib.AESL_deadlock_detect_unit(PROC_N...
Compiling module xil_defaultlib.AESL_deadlock_report_unit(PROC_N...
Compiling module xil_defaultlib.AESL_deadlock_detector_1
Compiling module xil_defaultlib.apatb_Conv_sysarr_top
Compiling module work.glbl
Built simulation snapshot Conv_sysarr
