

================================================================
== Vitis HLS Report for 'dataflow_parent_loop_proc15'
================================================================
* Date:           Thu Jan 20 09:42:06 2022

* Version:        2020.1 (Build 2902540 on Wed May 27 20:16:15 MDT 2020)
* Project:        Systolic_Array_PCNN_based
* Solution:       solution1 (Vivado IP Flow Target)
* Product family: virtexuplus
* Target device:  xcu200-fsgd2104-2-e


================================================================
== Performance Estimates
================================================================
+ Timing: 
    * Summary: 
    +--------+----------+----------+------------+
    |  Clock |  Target  | Estimated| Uncertainty|
    +--------+----------+----------+------------+
    |ap_clk  | 10.00 ns | 6.803 ns |   2.70 ns  |
    +--------+----------+----------+------------+

+ Latency: 
    * Summary: 
    +---------+---------+----------+----------+-----+-----+---------+
    |  Latency (cycles) |  Latency (absolute) |  Interval | Pipeline|
    |   min   |   max   |    min   |    max   | min | max |   Type  |
    +---------+---------+----------+----------+-----+-----+---------+
    |      699|      699| 6.990 us | 6.990 us |  699|  699|   none  |
    +---------+---------+----------+----------+-----+-----+---------+

    + Detail: 
        * Instance: 
        N/A

        * Loop: 
        +----------------+---------+---------+----------+-----------+-----------+------+----------+
        |                |  Latency (cycles) | Iteration|  Initiation Interval  | Trip |          |
        |    Loop Name   |   min   |   max   |  Latency |  achieved |   target  | Count| Pipelined|
        +----------------+---------+---------+----------+-----------+-----------+------+----------+
        |- LOOP_C_OUTER  |      698|      698|       699|          -|          -|     1|    no    |
        +----------------+---------+---------+----------+-----------+-----------+------+----------+

============================================================
+ Verbose Summary: Synthesis Manager
============================================================
InlineROM: 1
ExposeGlobal: 0
============================================================
+ Verbose Summary: CDFG Model
============================================================
IsTopModel: 0
ResetActiveHigh: 1
IsCombinational: 2
IsDatapathOnly: 0
HasWiredReturn: 1
HasMFsm: 0
HasVarLatency: 1
IsPipeline: 0
IsRtlPipelined: 0
IsInstanceOverlapped: 0
IsDontTouch: 0
HasImplIP: 0
IsGatedGlobalClock: 0


============================================================
+ Verbose Summary: Schedule
============================================================
* Number of FSM states : 3
* Pipeline : 0
* Dataflow Pipeline: 1
  DF-Pipeline-0: Size = 2, States = { 2 3 }

* FSM state transitions: 
1 --> 2 
2 --> 3 
3 --> 2 

* FSM state operations: 

State 1 <SV = 0> <Delay = 0.60>
ST_1 : Operation 4 [1/1] (0.00ns)   --->   "%p_read_5 = read i10 @_ssdm_op_Read.ap_auto.i10, i10 %p_read3"   --->   Operation 4 'read' 'p_read_5' <Predicate = true> <Delay = 0.00>
ST_1 : Operation 5 [1/1] (0.00ns)   --->   "%p_read_6 = read i32 @_ssdm_op_Read.ap_auto.i32, i32 %p_read2"   --->   Operation 5 'read' 'p_read_6' <Predicate = true> <Delay = 0.00>
ST_1 : Operation 6 [1/1] (0.00ns)   --->   "%ko_2_read = read i30 @_ssdm_op_Read.ap_auto.i30, i30 %ko_2"   --->   Operation 6 'read' 'ko_2_read' <Predicate = true> <Delay = 0.00>
ST_1 : Operation 7 [1/1] (0.00ns)   --->   "%p_read15 = read i9 @_ssdm_op_Read.ap_auto.i9, i9 %p_read1"   --->   Operation 7 'read' 'p_read15' <Predicate = true> <Delay = 0.00>
ST_1 : Operation 8 [1/1] (0.00ns)   --->   "%p_read_7 = read i9 @_ssdm_op_Read.ap_auto.i9, i9 %p_read"   --->   Operation 8 'read' 'p_read_7' <Predicate = true> <Delay = 0.00>
ST_1 : Operation 9 [1/1] (0.00ns)   --->   "%RS_read = read i32 @_ssdm_op_Read.ap_auto.i32, i32 %RS"   --->   Operation 9 'read' 'RS_read' <Predicate = true> <Delay = 0.00>
ST_1 : Operation 10 [1/1] (0.00ns)   --->   "%div76_cast125_read = read i30 @_ssdm_op_Read.ap_auto.i30, i30 %div76_cast125"   --->   Operation 10 'read' 'div76_cast125_read' <Predicate = true> <Delay = 0.00>
ST_1 : Operation 11 [1/1] (0.00ns)   --->   "%empty = trunc i30 %ko_2_read"   --->   Operation 11 'trunc' 'empty' <Predicate = true> <Delay = 0.00>
ST_1 : Operation 12 [1/1] (0.60ns)   --->   "%br_ln0 = br void"   --->   Operation 12 'br' 'br_ln0' <Predicate = true> <Delay = 0.60>

State 2 <SV = 1> <Delay = 0.95>
ST_2 : Operation 13 [1/1] (0.00ns)   --->   "%co = phi i30, void %newFuncRoot, i30 %co_1, void %.split8"   --->   Operation 13 'phi' 'co' <Predicate = true> <Delay = 0.00>
ST_2 : Operation 14 [1/1] (0.83ns)   --->   "%icmp_ln187 = icmp_eq  i30 %co, i30 %div76_cast125_read" [Systolic_Array_PCNN_based/conv_sysarr_dbbuf.cpp:187]   --->   Operation 14 'icmp' 'icmp_ln187' <Predicate = true> <Delay = 0.83> <CoreInst = "Cmp">   --->   Core 10 'Cmp' <Latency = 0> <II = 1> <Delay = 0.83> <FuncUnit> <Opcode : 'icmp'> <InPorts = 2> <OutPorts = 1>
ST_2 : Operation 15 [1/1] (0.00ns)   --->   "%specdataflowpipeline_ln187 = specdataflowpipeline void @_ssdm_op_SpecDataflowPipeline, i32, i32, void @dataflow_parent_loop_str, i30 %co, i30 %div76_cast125" [Systolic_Array_PCNN_based/conv_sysarr_dbbuf.cpp:187]   --->   Operation 15 'specdataflowpipeline' 'specdataflowpipeline_ln187' <Predicate = true> <Delay = 0.00>
ST_2 : Operation 16 [1/1] (0.86ns)   --->   "%co_1 = add i30 %co, i30" [Systolic_Array_PCNN_based/conv_sysarr_dbbuf.cpp:187]   --->   Operation 16 'add' 'co_1' <Predicate = true> <Delay = 0.86> <CoreInst = "Adder">   --->   Core 1 'Adder' <Latency = 0> <II = 1> <Delay = 0.86> <FuncUnit> <Opcode : 'add' 'sub'> <InPorts = 2> <OutPorts = 1>
ST_2 : Operation 17 [1/1] (0.00ns)   --->   "%br_ln187 = br i1 %icmp_ln187, void %.split8, void %._crit_edge256.loopexit.exitStub" [Systolic_Array_PCNN_based/conv_sysarr_dbbuf.cpp:187]   --->   Operation 17 'br' 'br_ln187' <Predicate = true> <Delay = 0.00>
ST_2 : Operation 18 [2/2] (0.00ns)   --->   "%call_ln187 = call void @dataflow_parent_loop_proc14, i32 %RS_read, i8 %weight_l2_0, i8 %weight_l2_1, i8 %weight_l2_2, i8 %weight_l2_3, i9 %p_read_7, i9 %p_read15, i9 %empty, i30 %co, i8 %data_l2_0, i8 %data_l2_1, i8 %data_l2_2, i8 %data_l2_3, i32 %p_read_6, i10 %p_read_5, i32 %output_l1_0, i32 %output_l1_1, i32 %output_l1_2, i32 %output_l1_3, i32 %output_l1_local_3, i32 %output_l1_local_2, i32 %output_l1_local_1, i32 %output_l1_local_0" [Systolic_Array_PCNN_based/conv_sysarr_dbbuf.cpp:187]   --->   Operation 18 'call' 'call_ln187' <Predicate = (!icmp_ln187)> <Delay = 0.00> <CoreType = "Generic">   --->   Core 0 '' <Latency = 0> <II = 1> <Delay = 1.00> <Generic> <Opcode : >
ST_2 : Operation 19 [1/1] (0.00ns)   --->   "%ret_ln0 = ret"   --->   Operation 19 'ret' 'ret_ln0' <Predicate = (icmp_ln187)> <Delay = 0.00>

State 3 <SV = 2> <Delay = 0.00>
ST_3 : Operation 20 [1/1] (0.00ns)   --->   "%speclooptripcount_ln187 = speclooptripcount void @_ssdm_op_SpecLoopTripCount, i64, i64, i64" [Systolic_Array_PCNN_based/conv_sysarr_dbbuf.cpp:187]   --->   Operation 20 'speclooptripcount' 'speclooptripcount_ln187' <Predicate = (!icmp_ln187)> <Delay = 0.00>
ST_3 : Operation 21 [1/1] (0.00ns)   --->   "%specloopname_ln187 = specloopname void @_ssdm_op_SpecLoopName, void @empty_10" [Systolic_Array_PCNN_based/conv_sysarr_dbbuf.cpp:187]   --->   Operation 21 'specloopname' 'specloopname_ln187' <Predicate = (!icmp_ln187)> <Delay = 0.00>
ST_3 : Operation 22 [1/2] (0.00ns)   --->   "%call_ln187 = call void @dataflow_parent_loop_proc14, i32 %RS_read, i8 %weight_l2_0, i8 %weight_l2_1, i8 %weight_l2_2, i8 %weight_l2_3, i9 %p_read_7, i9 %p_read15, i9 %empty, i30 %co, i8 %data_l2_0, i8 %data_l2_1, i8 %data_l2_2, i8 %data_l2_3, i32 %p_read_6, i10 %p_read_5, i32 %output_l1_0, i32 %output_l1_1, i32 %output_l1_2, i32 %output_l1_3, i32 %output_l1_local_3, i32 %output_l1_local_2, i32 %output_l1_local_1, i32 %output_l1_local_0" [Systolic_Array_PCNN_based/conv_sysarr_dbbuf.cpp:187]   --->   Operation 22 'call' 'call_ln187' <Predicate = (!icmp_ln187)> <Delay = 0.00> <CoreType = "Generic">   --->   Core 0 '' <Latency = 0> <II = 1> <Delay = 1.00> <Generic> <Opcode : >
ST_3 : Operation 23 [1/1] (0.00ns)   --->   "%br_ln0 = br void"   --->   Operation 23 'br' 'br_ln0' <Predicate = (!icmp_ln187)> <Delay = 0.00>


============================================================
+ Verbose Summary: Timing violations
============================================================
Target clock period: 10ns, clock uncertainty: 2.7ns.

 <State 1>: 0.603ns
The critical path consists of the following:
	multiplexor before 'phi' operation ('co') with incoming values : ('co', Systolic_Array_PCNN_based/conv_sysarr_dbbuf.cpp:187) [35]  (0.603 ns)

 <State 2>: 0.958ns
The critical path consists of the following:
	'phi' operation ('co') with incoming values : ('co', Systolic_Array_PCNN_based/conv_sysarr_dbbuf.cpp:187) [35]  (0 ns)
	'add' operation ('co', Systolic_Array_PCNN_based/conv_sysarr_dbbuf.cpp:187) [38]  (0.868 ns)
	blocking operation 0.09 ns on control path)

 <State 3>: 0ns
The critical path consists of the following:


============================================================
+ Verbose Summary: Binding
============================================================
N/A
* FSMD analyzer results:
  - Output states:
 - Input state : 
  - Chain level:
	State 1
	State 2
	State 3


============================================================
+ Verbose Summary: Datapath Resource usage 
============================================================
N/A
