

================================================================
== Vitis HLS Report for 'dataflow_parent_loop_proc17'
================================================================
* Date:           Sat Jan 29 01:57:41 2022

* Version:        2020.1 (Build 2902540 on Wed May 27 20:16:15 MDT 2020)
* Project:        Systolic_Array_PCNN_based
* Solution:       solution1 (Vivado IP Flow Target)
* Product family: virtexuplus
* Target device:  xcu200-fsgd2104-2-e


================================================================
== Performance Estimates
================================================================
+ Timing: 
    * Summary: 
    +--------+----------+----------+------------+
    |  Clock |  Target  | Estimated| Uncertainty|
    +--------+----------+----------+------------+
    |ap_clk  | 10.00 ns | 5.508 ns |   2.70 ns  |
    +--------+----------+----------+------------+

+ Latency: 
    * Summary: 
    +---------+---------+-----------+-----------+------+------+---------+
    |  Latency (cycles) |   Latency (absolute)  |   Interval  | Pipeline|
    |   min   |   max   |    min    |    max    |  min |  max |   Type  |
    +---------+---------+-----------+-----------+------+------+---------+
    |     2778|     2778| 27.780 us | 27.780 us |  2778|  2778|   none  |
    +---------+---------+-----------+-----------+------+------+---------+

    + Detail: 
        * Instance: 
        N/A

        * Loop: 
        +----------------+---------+---------+----------+-----------+-----------+------+----------+
        |                |  Latency (cycles) | Iteration|  Initiation Interval  | Trip |          |
        |    Loop Name   |   min   |   max   |  Latency |  achieved |   target  | Count| Pipelined|
        +----------------+---------+---------+----------+-----------+-----------+------+----------+
        |- LOOP_W_OUTER  |     2777|     2777|      2778|          -|          -|     1|    no    |
        +----------------+---------+---------+----------+-----------+-----------+------+----------+

============================================================
+ Verbose Summary: Synthesis Manager
============================================================
InlineROM: 1
ExposeGlobal: 0
============================================================
+ Verbose Summary: CDFG Model
============================================================
IsTopModel: 0
ResetActiveHigh: 1
IsCombinational: 2
IsDatapathOnly: 0
HasWiredReturn: 1
HasMFsm: 0
HasVarLatency: 1
IsPipeline: 0
IsRtlPipelined: 0
IsInstanceOverlapped: 0
IsDontTouch: 0
HasImplIP: 0
IsGatedGlobalClock: 0


============================================================
+ Verbose Summary: Schedule
============================================================
* Number of FSM states : 3
* Pipeline : 0
* Dataflow Pipeline: 1
  DF-Pipeline-0: Size = 2, States = { 2 3 }

* FSM state transitions: 
1 --> 2 
2 --> 3 
3 --> 2 

* FSM state operations: 

State 1 <SV = 0> <Delay = 0.60>
ST_1 : Operation 4 [1/1] (0.00ns)   --->   "%ho_read = read i32 @_ssdm_op_Read.ap_auto.i32, i32 %ho"   --->   Operation 4 'read' 'ho_read' <Predicate = true> <Delay = 0.00>
ST_1 : Operation 5 [1/1] (0.00ns)   --->   "%co_read = read i32 @_ssdm_op_Read.ap_auto.i32, i32 %co"   --->   Operation 5 'read' 'co_read' <Predicate = true> <Delay = 0.00>
ST_1 : Operation 6 [1/1] (0.00ns)   --->   "%ko_1_read = read i12 @_ssdm_op_Read.ap_auto.i12, i12 %ko_1"   --->   Operation 6 'read' 'ko_1_read' <Predicate = true> <Delay = 0.00>
ST_1 : Operation 7 [1/1] (0.00ns)   --->   "%param_read = read i1184 @_ssdm_op_Read.ap_auto.i1184, i1184 %param"   --->   Operation 7 'read' 'param_read' <Predicate = true> <Delay = 0.00>
ST_1 : Operation 8 [1/1] (0.00ns)   --->   "%param_L1_TILENUM_S_read = read i32 @_ssdm_op_Read.ap_auto.i32, i32 %param_L1_TILENUM_S"   --->   Operation 8 'read' 'param_L1_TILENUM_S_read' <Predicate = true> <Delay = 0.00>
ST_1 : Operation 9 [1/1] (0.00ns)   --->   "%lshr_ln282_cast_read = read i32 @_ssdm_op_Read.ap_auto.i32, i32 %lshr_ln282_cast"   --->   Operation 9 'read' 'lshr_ln282_cast_read' <Predicate = true> <Delay = 0.00>
ST_1 : Operation 10 [1/1] (0.00ns)   --->   "%lshr_ln282_1_cast_read = read i32 @_ssdm_op_Read.ap_auto.i32, i32 %lshr_ln282_1_cast"   --->   Operation 10 'read' 'lshr_ln282_1_cast_read' <Predicate = true> <Delay = 0.00>
ST_1 : Operation 11 [1/1] (0.00ns)   --->   "%empty = trunc i32 %ho_read"   --->   Operation 11 'trunc' 'empty' <Predicate = true> <Delay = 0.00>
ST_1 : Operation 12 [1/1] (0.60ns)   --->   "%br_ln0 = br void"   --->   Operation 12 'br' 'br_ln0' <Predicate = true> <Delay = 0.60>

State 2 <SV = 1> <Delay = 1.06>
ST_2 : Operation 13 [1/1] (0.00ns)   --->   "%wo = phi i32, void %entry, i32 %wo_1, void %.split11.i"   --->   Operation 13 'phi' 'wo' <Predicate = true> <Delay = 0.00>
ST_2 : Operation 14 [1/1] (0.85ns)   --->   "%icmp_ln361 = icmp_eq  i32 %wo, i32 %lshr_ln282_1_cast_read" [Systolic_Array_PCNN_based/conv_sysarr_dbbuf.cpp:361]   --->   Operation 14 'icmp' 'icmp_ln361' <Predicate = true> <Delay = 0.85> <CoreInst = "Cmp">   --->   Core 10 'Cmp' <Latency = 0> <II = 1> <Delay = 0.85> <FuncUnit> <Opcode : 'icmp'> <InPorts = 2> <OutPorts = 1>
ST_2 : Operation 15 [1/1] (0.00ns)   --->   "%specdataflowpipeline_ln361 = specdataflowpipeline void @_ssdm_op_SpecDataflowPipeline, i32, i32, void @dataflow_parent_loop_str, i32 %wo, i32 %lshr_ln282_1_cast" [Systolic_Array_PCNN_based/conv_sysarr_dbbuf.cpp:361]   --->   Operation 15 'specdataflowpipeline' 'specdataflowpipeline_ln361' <Predicate = true> <Delay = 0.00>
ST_2 : Operation 16 [1/1] (0.88ns)   --->   "%wo_1 = add i32 %wo, i32" [Systolic_Array_PCNN_based/conv_sysarr_dbbuf.cpp:361]   --->   Operation 16 'add' 'wo_1' <Predicate = true> <Delay = 0.88> <CoreInst = "Adder">   --->   Core 1 'Adder' <Latency = 0> <II = 1> <Delay = 0.88> <FuncUnit> <Opcode : 'add' 'sub'> <InPorts = 2> <OutPorts = 1>
ST_2 : Operation 17 [1/1] (0.00ns)   --->   "%br_ln361 = br i1 %icmp_ln361, void %.split11.i, void %dataflow_parent_loop_proc17.exit" [Systolic_Array_PCNN_based/conv_sysarr_dbbuf.cpp:361]   --->   Operation 17 'br' 'br_ln361' <Predicate = true> <Delay = 0.00>
ST_2 : Operation 18 [2/2] (0.00ns)   --->   "%call_ln361 = call void @dataflow_parent_loop_proc16, i32 %lshr_ln282_cast_read, i32 %param_L1_TILENUM_S_read, i1184 %param_read, i12 %ko_1_read, i32 %co_read, i11 %empty, i32 %wo, i8 %data_l2_0, i8 %data_l2_1, i8 %data_l2_2, i8 %data_l2_3, i32 %output_l2_0, i32 %output_l2_1, i32 %output_l2_2, i32 %output_l2_3, i8 %weight_l2_0, i8 %weight_l2_1, i8 %weight_l2_2, i8 %weight_l2_3, i32 %output_l2_reduction_0, i32 %output_l2_reduction_1, i32 %output_l2_reduction_2, i32 %output_l2_reduction_3, i32 %output_l2_reduction_4, i32 %output_l2_4, i32 %output_l2_reduction_5, i32 %output_l2_5, i32 %output_l2_reduction_6, i32 %output_l2_6, i32 %output_l2_reduction_7, i32 %output_l2_7, i32 %output_l2_reduction_8, i32 %output_l2_8, i32 %output_l2_reduction_9, i32 %output_l2_9, i32 %output_l2_reduction_10, i32 %output_l2_10, i32 %output_l2_reduction_11, i32 %output_l2_11, i32 %output_l2_reduction_12, i32 %output_l2_12, i32 %output_l2_reduction_13, i32 %output_l2_13, i32 %output_l2_reduction_14, i32 %output_l2_14, i32 %output_l2_reduction_15, i32 %output_l2_15" [Systolic_Array_PCNN_based/conv_sysarr_dbbuf.cpp:361]   --->   Operation 18 'call' 'call_ln361' <Predicate = (!icmp_ln361)> <Delay = 0.00> <CoreType = "Generic">   --->   Core 0 '' <Latency = 0> <II = 1> <Delay = 1.00> <Generic> <Opcode : >
ST_2 : Operation 19 [1/1] (0.00ns)   --->   "%ret_ln0 = ret"   --->   Operation 19 'ret' 'ret_ln0' <Predicate = (icmp_ln361)> <Delay = 0.00>

State 3 <SV = 2> <Delay = 0.00>
ST_3 : Operation 20 [1/1] (0.00ns)   --->   "%speclooptripcount_ln361 = speclooptripcount void @_ssdm_op_SpecLoopTripCount, i64, i64, i64" [Systolic_Array_PCNN_based/conv_sysarr_dbbuf.cpp:361]   --->   Operation 20 'speclooptripcount' 'speclooptripcount_ln361' <Predicate = (!icmp_ln361)> <Delay = 0.00>
ST_3 : Operation 21 [1/1] (0.00ns)   --->   "%specloopname_ln361 = specloopname void @_ssdm_op_SpecLoopName, void @empty_7" [Systolic_Array_PCNN_based/conv_sysarr_dbbuf.cpp:361]   --->   Operation 21 'specloopname' 'specloopname_ln361' <Predicate = (!icmp_ln361)> <Delay = 0.00>
ST_3 : Operation 22 [1/2] (0.00ns)   --->   "%call_ln361 = call void @dataflow_parent_loop_proc16, i32 %lshr_ln282_cast_read, i32 %param_L1_TILENUM_S_read, i1184 %param_read, i12 %ko_1_read, i32 %co_read, i11 %empty, i32 %wo, i8 %data_l2_0, i8 %data_l2_1, i8 %data_l2_2, i8 %data_l2_3, i32 %output_l2_0, i32 %output_l2_1, i32 %output_l2_2, i32 %output_l2_3, i8 %weight_l2_0, i8 %weight_l2_1, i8 %weight_l2_2, i8 %weight_l2_3, i32 %output_l2_reduction_0, i32 %output_l2_reduction_1, i32 %output_l2_reduction_2, i32 %output_l2_reduction_3, i32 %output_l2_reduction_4, i32 %output_l2_4, i32 %output_l2_reduction_5, i32 %output_l2_5, i32 %output_l2_reduction_6, i32 %output_l2_6, i32 %output_l2_reduction_7, i32 %output_l2_7, i32 %output_l2_reduction_8, i32 %output_l2_8, i32 %output_l2_reduction_9, i32 %output_l2_9, i32 %output_l2_reduction_10, i32 %output_l2_10, i32 %output_l2_reduction_11, i32 %output_l2_11, i32 %output_l2_reduction_12, i32 %output_l2_12, i32 %output_l2_reduction_13, i32 %output_l2_13, i32 %output_l2_reduction_14, i32 %output_l2_14, i32 %output_l2_reduction_15, i32 %output_l2_15" [Systolic_Array_PCNN_based/conv_sysarr_dbbuf.cpp:361]   --->   Operation 22 'call' 'call_ln361' <Predicate = (!icmp_ln361)> <Delay = 0.00> <CoreType = "Generic">   --->   Core 0 '' <Latency = 0> <II = 1> <Delay = 1.00> <Generic> <Opcode : >
ST_3 : Operation 23 [1/1] (0.00ns)   --->   "%br_ln0 = br void"   --->   Operation 23 'br' 'br_ln0' <Predicate = (!icmp_ln361)> <Delay = 0.00>


============================================================
+ Verbose Summary: Timing violations
============================================================
Target clock period: 10ns, clock uncertainty: 2.7ns.

 <State 1>: 0.603ns
The critical path consists of the following:
	multiplexor before 'phi' operation ('wo') with incoming values : ('wo', Systolic_Array_PCNN_based/conv_sysarr_dbbuf.cpp:361) [59]  (0.603 ns)

 <State 2>: 1.07ns
The critical path consists of the following:
	'phi' operation ('wo') with incoming values : ('wo', Systolic_Array_PCNN_based/conv_sysarr_dbbuf.cpp:361) [59]  (0 ns)
	'add' operation ('wo', Systolic_Array_PCNN_based/conv_sysarr_dbbuf.cpp:361) [62]  (0.88 ns)
	blocking operation 0.189 ns on control path)

 <State 3>: 0ns
The critical path consists of the following:


============================================================
+ Verbose Summary: Binding
============================================================
N/A
* FSMD analyzer results:
  - Output states:
 - Input state : 
  - Chain level:
	State 1
	State 2
	State 3


============================================================
+ Verbose Summary: Datapath Resource usage 
============================================================
N/A
