

================================================================
== Vitis HLS Report for 'dataflow_parent_loop_proc19'
================================================================
* Date:           Thu Jan 27 10:53:50 2022

* Version:        2020.1 (Build 2902540 on Wed May 27 20:16:15 MDT 2020)
* Project:        Systolic_Array_PCNN_based
* Solution:       solution1 (Vivado IP Flow Target)
* Product family: virtexuplus
* Target device:  xcu200-fsgd2104-2-e


================================================================
== Performance Estimates
================================================================
+ Timing: 
    * Summary: 
    +--------+----------+----------+------------+
    |  Clock |  Target  | Estimated| Uncertainty|
    +--------+----------+----------+------------+
    |ap_clk  | 10.00 ns | 5.508 ns |   2.70 ns  |
    +--------+----------+----------+------------+

+ Latency: 
    * Summary: 
    +---------+---------+----------+----------+-----+-----+---------+
    |  Latency (cycles) |  Latency (absolute) |  Interval | Pipeline|
    |   min   |   max   |    min   |    max   | min | max |   Type  |
    +---------+---------+----------+----------+-----+-----+---------+
    |      904|      904| 9.040 us | 9.040 us |  904|  904|   none  |
    +---------+---------+----------+----------+-----+-----+---------+

    + Detail: 
        * Instance: 
        +----------------------------------------+-----------------------------+---------+---------+----------+----------+-----+-----+---------+
        |                                        |                             |  Latency (cycles) |  Latency (absolute) |  Interval | Pipeline|
        |                Instance                |            Module           |   min   |   max   |    min   |    max   | min | max |   Type  |
        +----------------------------------------+-----------------------------+---------+---------+----------+----------+-----+-----+---------+
        |grp_dataflow_parent_loop_proc18_fu_124  |dataflow_parent_loop_proc18  |      902|      902| 9.020 us | 9.020 us |  902|  902|   none  |
        +----------------------------------------+-----------------------------+---------+---------+----------+----------+-----+-----+---------+

        * Loop: 
        +----------------+---------+---------+----------+-----------+-----------+------+----------+
        |                |  Latency (cycles) | Iteration|  Initiation Interval  | Trip |          |
        |    Loop Name   |   min   |   max   |  Latency |  achieved |   target  | Count| Pipelined|
        +----------------+---------+---------+----------+-----------+-----------+------+----------+
        |- LOOP_C_OUTER  |      903|      903|       904|          -|          -|     1|    no    |
        +----------------+---------+---------+----------+-----------+-----------+------+----------+

============================================================
+ Verbose Summary: Synthesis Manager
============================================================
InlineROM: 1
ExposeGlobal: 0
============================================================
+ Verbose Summary: CDFG Model
============================================================
IsTopModel: 0
ResetActiveHigh: 1
IsCombinational: 2
IsDatapathOnly: 0
HasWiredReturn: 1
HasMFsm: 0
HasVarLatency: 1
IsPipeline: 0
IsRtlPipelined: 0
IsInstanceOverlapped: 0
IsDontTouch: 0
HasImplIP: 0
IsGatedGlobalClock: 0


============================================================
+ Verbose Summary: Schedule
============================================================
* Number of FSM states : 3
* Pipeline : 0
* Dataflow Pipeline: 1
  DF-Pipeline-0: Size = 2, States = { 2 3 }

* FSM state transitions: 
1 --> 2 
2 --> 3 
3 --> 2 

* FSM state operations: 

State 1 <SV = 0> <Delay = 0.60>
ST_1 : Operation 4 [1/1] (0.00ns)   --->   "%ko_1_read = read i32 @_ssdm_op_Read.ap_auto.i32, i32 %ko_1"   --->   Operation 4 'read' 'ko_1_read' <Predicate = true> <Delay = 0.00>
ST_1 : Operation 5 [1/1] (0.00ns)   --->   "%param_read = read i1184 @_ssdm_op_Read.ap_auto.i1184, i1184 %param"   --->   Operation 5 'read' 'param_read' <Predicate = true> <Delay = 0.00>
ST_1 : Operation 6 [1/1] (0.00ns)   --->   "%param_L1_TILENUM_S_read = read i32 @_ssdm_op_Read.ap_auto.i32, i32 %param_L1_TILENUM_S"   --->   Operation 6 'read' 'param_L1_TILENUM_S_read' <Predicate = true> <Delay = 0.00>
ST_1 : Operation 7 [1/1] (0.00ns)   --->   "%lshr_ln282_cast_read = read i32 @_ssdm_op_Read.ap_auto.i32, i32 %lshr_ln282_cast"   --->   Operation 7 'read' 'lshr_ln282_cast_read' <Predicate = true> <Delay = 0.00>
ST_1 : Operation 8 [1/1] (0.00ns)   --->   "%lshr_ln282_1_cast_read = read i32 @_ssdm_op_Read.ap_auto.i32, i32 %lshr_ln282_1_cast"   --->   Operation 8 'read' 'lshr_ln282_1_cast_read' <Predicate = true> <Delay = 0.00>
ST_1 : Operation 9 [1/1] (0.00ns)   --->   "%lshr_ln282_2_cast_read = read i32 @_ssdm_op_Read.ap_auto.i32, i32 %lshr_ln282_2_cast"   --->   Operation 9 'read' 'lshr_ln282_2_cast_read' <Predicate = true> <Delay = 0.00>
ST_1 : Operation 10 [1/1] (0.00ns)   --->   "%lshr_ln282_3_cast_read = read i32 @_ssdm_op_Read.ap_auto.i32, i32 %lshr_ln282_3_cast"   --->   Operation 10 'read' 'lshr_ln282_3_cast_read' <Predicate = true> <Delay = 0.00>
ST_1 : Operation 11 [1/1] (0.00ns)   --->   "%empty = trunc i32 %ko_1_read"   --->   Operation 11 'trunc' 'empty' <Predicate = true> <Delay = 0.00>
ST_1 : Operation 12 [1/1] (0.60ns)   --->   "%br_ln0 = br void"   --->   Operation 12 'br' 'br_ln0' <Predicate = true> <Delay = 0.60>

State 2 <SV = 1> <Delay = 1.06>
ST_2 : Operation 13 [1/1] (0.00ns)   --->   "%co = phi i32, void %entry, i32 %co_1, void %.split15.i"   --->   Operation 13 'phi' 'co' <Predicate = true> <Delay = 0.00>
ST_2 : Operation 14 [1/1] (0.85ns)   --->   "%icmp_ln357 = icmp_eq  i32 %co, i32 %lshr_ln282_3_cast_read" [Systolic_Array_PCNN_based/conv_sysarr_dbbuf.cpp:357]   --->   Operation 14 'icmp' 'icmp_ln357' <Predicate = true> <Delay = 0.85> <CoreInst = "Cmp">   --->   Core 10 'Cmp' <Latency = 0> <II = 1> <Delay = 0.85> <FuncUnit> <Opcode : 'icmp'> <InPorts = 2> <OutPorts = 1>
ST_2 : Operation 15 [1/1] (0.00ns)   --->   "%specdataflowpipeline_ln357 = specdataflowpipeline void @_ssdm_op_SpecDataflowPipeline, i32, i32, void @dataflow_parent_loop_str, i32 %co, i32 %lshr_ln282_3_cast" [Systolic_Array_PCNN_based/conv_sysarr_dbbuf.cpp:357]   --->   Operation 15 'specdataflowpipeline' 'specdataflowpipeline_ln357' <Predicate = true> <Delay = 0.00>
ST_2 : Operation 16 [1/1] (0.88ns)   --->   "%co_1 = add i32 %co, i32" [Systolic_Array_PCNN_based/conv_sysarr_dbbuf.cpp:357]   --->   Operation 16 'add' 'co_1' <Predicate = true> <Delay = 0.88> <CoreInst = "Adder">   --->   Core 1 'Adder' <Latency = 0> <II = 1> <Delay = 0.88> <FuncUnit> <Opcode : 'add' 'sub'> <InPorts = 2> <OutPorts = 1>
ST_2 : Operation 17 [1/1] (0.00ns)   --->   "%br_ln357 = br i1 %icmp_ln357, void %.split15.i, void %dataflow_parent_loop_proc19.exit" [Systolic_Array_PCNN_based/conv_sysarr_dbbuf.cpp:357]   --->   Operation 17 'br' 'br_ln357' <Predicate = true> <Delay = 0.00>
ST_2 : Operation 18 [2/2] (0.00ns)   --->   "%call_ln357 = call void @dataflow_parent_loop_proc18, i32 %lshr_ln282_2_cast_read, i32 %lshr_ln282_1_cast_read, i32 %lshr_ln282_cast_read, i32 %param_L1_TILENUM_S_read, i1184 %param_read, i12 %empty, i32 %co, i8 %data_l2_0, i8 %data_l2_1, i8 %data_l2_2, i8 %data_l2_3, i32 %output_l2_0, i32 %output_l2_1, i32 %output_l2_2, i32 %output_l2_3, i8 %weight_l2_0, i8 %weight_l2_1, i8 %weight_l2_2, i8 %weight_l2_3, i32 %output_l2_reduction_0, i32 %output_l2_reduction_1, i32 %output_l2_reduction_2, i32 %output_l2_reduction_3" [Systolic_Array_PCNN_based/conv_sysarr_dbbuf.cpp:357]   --->   Operation 18 'call' 'call_ln357' <Predicate = (!icmp_ln357)> <Delay = 0.00> <CoreType = "Generic">   --->   Core 0 '' <Latency = 0> <II = 1> <Delay = 1.00> <Generic> <Opcode : >
ST_2 : Operation 19 [1/1] (0.00ns)   --->   "%ret_ln0 = ret"   --->   Operation 19 'ret' 'ret_ln0' <Predicate = (icmp_ln357)> <Delay = 0.00>

State 3 <SV = 2> <Delay = 0.00>
ST_3 : Operation 20 [1/1] (0.00ns)   --->   "%speclooptripcount_ln357 = speclooptripcount void @_ssdm_op_SpecLoopTripCount, i64, i64, i64" [Systolic_Array_PCNN_based/conv_sysarr_dbbuf.cpp:357]   --->   Operation 20 'speclooptripcount' 'speclooptripcount_ln357' <Predicate = (!icmp_ln357)> <Delay = 0.00>
ST_3 : Operation 21 [1/1] (0.00ns)   --->   "%specloopname_ln357 = specloopname void @_ssdm_op_SpecLoopName, void @empty_36" [Systolic_Array_PCNN_based/conv_sysarr_dbbuf.cpp:357]   --->   Operation 21 'specloopname' 'specloopname_ln357' <Predicate = (!icmp_ln357)> <Delay = 0.00>
ST_3 : Operation 22 [1/2] (0.00ns)   --->   "%call_ln357 = call void @dataflow_parent_loop_proc18, i32 %lshr_ln282_2_cast_read, i32 %lshr_ln282_1_cast_read, i32 %lshr_ln282_cast_read, i32 %param_L1_TILENUM_S_read, i1184 %param_read, i12 %empty, i32 %co, i8 %data_l2_0, i8 %data_l2_1, i8 %data_l2_2, i8 %data_l2_3, i32 %output_l2_0, i32 %output_l2_1, i32 %output_l2_2, i32 %output_l2_3, i8 %weight_l2_0, i8 %weight_l2_1, i8 %weight_l2_2, i8 %weight_l2_3, i32 %output_l2_reduction_0, i32 %output_l2_reduction_1, i32 %output_l2_reduction_2, i32 %output_l2_reduction_3" [Systolic_Array_PCNN_based/conv_sysarr_dbbuf.cpp:357]   --->   Operation 22 'call' 'call_ln357' <Predicate = (!icmp_ln357)> <Delay = 0.00> <CoreType = "Generic">   --->   Core 0 '' <Latency = 0> <II = 1> <Delay = 1.00> <Generic> <Opcode : >
ST_3 : Operation 23 [1/1] (0.00ns)   --->   "%br_ln0 = br void"   --->   Operation 23 'br' 'br_ln0' <Predicate = (!icmp_ln357)> <Delay = 0.00>


============================================================
+ Verbose Summary: Binding
============================================================
STG Binding: 
---------------- STG Properties BEGIN ----------------
- Is combinational: 0
- Is one-state seq: 0
- Is datapath-only: 0
- Is pipelined: 0
- Is top level: 0
Port [ Return ] is wired: 1; IO mode=ap_ctrl_hs:ce=0
Port [ lshr_ln282_3_cast]:  wired=1; compound=0; hidden=0; nouse=0; global=0; static=0; extern=0; dir=0; type=0; pingpong=0; private_global=0; IO mode=ap_none:ce=0
Port [ lshr_ln282_2_cast]:  wired=1; compound=0; hidden=0; nouse=0; global=0; static=0; extern=0; dir=0; type=0; pingpong=0; private_global=0; IO mode=ap_none:ce=0
Port [ lshr_ln282_1_cast]:  wired=1; compound=0; hidden=0; nouse=0; global=0; static=0; extern=0; dir=0; type=0; pingpong=0; private_global=0; IO mode=ap_none:ce=0
Port [ lshr_ln282_cast]:  wired=1; compound=0; hidden=0; nouse=0; global=0; static=0; extern=0; dir=0; type=0; pingpong=0; private_global=0; IO mode=ap_none:ce=0
Port [ param_L1_TILENUM_S]:  wired=1; compound=0; hidden=0; nouse=0; global=0; static=0; extern=0; dir=0; type=0; pingpong=0; private_global=0; IO mode=ap_none:ce=0
Port [ param]:  wired=1; compound=0; hidden=0; nouse=0; global=0; static=0; extern=0; dir=0; type=0; pingpong=0; private_global=0; IO mode=ap_none:ce=0
Port [ ko_1]:  wired=1; compound=0; hidden=0; nouse=0; global=0; static=0; extern=0; dir=0; type=0; pingpong=0; private_global=0; IO mode=ap_none:ce=0
Port [ data_l2_0]:  wired=1; compound=1; hidden=0; nouse=0; global=0; static=0; extern=0; dir=0; type=1; pingpong=1; private_global=0; MemPort=[13]; IO mode=ap_memory:ce=0
Port [ data_l2_1]:  wired=1; compound=1; hidden=0; nouse=0; global=0; static=0; extern=0; dir=0; type=1; pingpong=1; private_global=0; MemPort=[13]; IO mode=ap_memory:ce=0
Port [ data_l2_2]:  wired=1; compound=1; hidden=0; nouse=0; global=0; static=0; extern=0; dir=0; type=1; pingpong=1; private_global=0; MemPort=[13]; IO mode=ap_memory:ce=0
Port [ data_l2_3]:  wired=1; compound=1; hidden=0; nouse=0; global=0; static=0; extern=0; dir=0; type=1; pingpong=1; private_global=0; MemPort=[13]; IO mode=ap_memory:ce=0
Port [ output_l2_0]:  wired=1; compound=1; hidden=0; nouse=0; global=0; static=0; extern=0; dir=1; type=1; pingpong=1; private_global=0; MemPort=[03]; IO mode=ap_memory:ce=0
Port [ output_l2_1]:  wired=1; compound=1; hidden=0; nouse=0; global=0; static=0; extern=0; dir=1; type=1; pingpong=1; private_global=0; MemPort=[03]; IO mode=ap_memory:ce=0
Port [ output_l2_2]:  wired=1; compound=1; hidden=0; nouse=0; global=0; static=0; extern=0; dir=1; type=1; pingpong=1; private_global=0; MemPort=[03]; IO mode=ap_memory:ce=0
Port [ output_l2_3]:  wired=1; compound=1; hidden=0; nouse=0; global=0; static=0; extern=0; dir=1; type=1; pingpong=1; private_global=0; MemPort=[03]; IO mode=ap_memory:ce=0
Port [ weight_l2_0]:  wired=1; compound=1; hidden=0; nouse=0; global=0; static=0; extern=0; dir=0; type=1; pingpong=1; private_global=0; MemPort=[13]; IO mode=ap_memory:ce=0
Port [ weight_l2_1]:  wired=1; compound=1; hidden=0; nouse=0; global=0; static=0; extern=0; dir=0; type=1; pingpong=1; private_global=0; MemPort=[13]; IO mode=ap_memory:ce=0
Port [ weight_l2_2]:  wired=1; compound=1; hidden=0; nouse=0; global=0; static=0; extern=0; dir=0; type=1; pingpong=1; private_global=0; MemPort=[13]; IO mode=ap_memory:ce=0
Port [ weight_l2_3]:  wired=1; compound=1; hidden=0; nouse=0; global=0; static=0; extern=0; dir=0; type=1; pingpong=1; private_global=0; MemPort=[13]; IO mode=ap_memory:ce=0
Port [ output_l2_reduction_0]:  wired=0; compound=1; hidden=1; nouse=1; global=1; static=0; extern=0; dir=2; type=1; pingpong=0; private_global=0; MemPort=[01]; IO mode=ap_memory:ce=0
Port [ output_l2_reduction_1]:  wired=0; compound=1; hidden=1; nouse=1; global=1; static=0; extern=0; dir=2; type=1; pingpong=0; private_global=0; MemPort=[01]; IO mode=ap_memory:ce=0
Port [ output_l2_reduction_2]:  wired=0; compound=1; hidden=1; nouse=1; global=1; static=0; extern=0; dir=2; type=1; pingpong=0; private_global=0; MemPort=[01]; IO mode=ap_memory:ce=0
Port [ output_l2_reduction_3]:  wired=0; compound=1; hidden=1; nouse=1; global=1; static=0; extern=0; dir=2; type=1; pingpong=0; private_global=0; MemPort=[01]; IO mode=ap_memory:ce=0
---------------- STG Properties END ------------------

---------------- Datapath Model BEGIN ----------------

<LifeTime>
<method=bitvector/>
ko_1_read                  (read                ) [ 0000]
param_read                 (read                ) [ 0011]
param_L1_TILENUM_S_read    (read                ) [ 0011]
lshr_ln282_cast_read       (read                ) [ 0011]
lshr_ln282_1_cast_read     (read                ) [ 0011]
lshr_ln282_2_cast_read     (read                ) [ 0011]
lshr_ln282_3_cast_read     (read                ) [ 0011]
empty                      (trunc               ) [ 0011]
br_ln0                     (br                  ) [ 0111]
co                         (phi                 ) [ 0011]
icmp_ln357                 (icmp                ) [ 0011]
specdataflowpipeline_ln357 (specdataflowpipeline) [ 0000]
co_1                       (add                 ) [ 0111]
br_ln357                   (br                  ) [ 0000]
ret_ln0                    (ret                 ) [ 0000]
speclooptripcount_ln357    (speclooptripcount   ) [ 0000]
specloopname_ln357         (specloopname        ) [ 0000]
call_ln357                 (call                ) [ 0000]
br_ln0                     (br                  ) [ 0111]
</LifeTime>

<model>

<comp_list>
<comp id="0" class="1000" name="lshr_ln282_3_cast">
<pin_list>
<pin id="1" dir="1" index="0" bw="1" slack="0"/>
</pin_list>
<bind>
<StgValue><ssdm name="lshr_ln282_3_cast"/></StgValue>
</bind>
</comp>

<comp id="2" class="1000" name="lshr_ln282_2_cast">
<pin_list>
<pin id="3" dir="1" index="0" bw="1" slack="0"/>
</pin_list>
<bind>
<StgValue><ssdm name="lshr_ln282_2_cast"/></StgValue>
</bind>
</comp>

<comp id="4" class="1000" name="lshr_ln282_1_cast">
<pin_list>
<pin id="5" dir="1" index="0" bw="1" slack="0"/>
</pin_list>
<bind>
<StgValue><ssdm name="lshr_ln282_1_cast"/></StgValue>
</bind>
</comp>

<comp id="6" class="1000" name="lshr_ln282_cast">
<pin_list>
<pin id="7" dir="1" index="0" bw="1" slack="0"/>
</pin_list>
<bind>
<StgValue><ssdm name="lshr_ln282_cast"/></StgValue>
</bind>
</comp>

<comp id="8" class="1000" name="param_L1_TILENUM_S">
<pin_list>
<pin id="9" dir="1" index="0" bw="1" slack="0"/>
</pin_list>
<bind>
<StgValue><ssdm name="param_L1_TILENUM_S"/></StgValue>
</bind>
</comp>

<comp id="10" class="1000" name="param">
<pin_list>
<pin id="11" dir="1" index="0" bw="1" slack="0"/>
</pin_list>
<bind>
<StgValue><ssdm name="param"/></StgValue>
</bind>
</comp>

<comp id="12" class="1000" name="ko_1">
<pin_list>
<pin id="13" dir="1" index="0" bw="1" slack="0"/>
</pin_list>
<bind>
<StgValue><ssdm name="ko_1"/></StgValue>
</bind>
</comp>

<comp id="14" class="1000" name="data_l2_0">
<pin_list>
<pin id="15" dir="1" index="0" bw="1" slack="0"/>
</pin_list>
<bind>
<StgValue><ssdm name="data_l2_0"/><MemPortTyVec>1 3 </MemPortTyVec>
</StgValue>
</bind>
</comp>

<comp id="16" class="1000" name="data_l2_1">
<pin_list>
<pin id="17" dir="1" index="0" bw="1" slack="0"/>
</pin_list>
<bind>
<StgValue><ssdm name="data_l2_1"/><MemPortTyVec>1 3 </MemPortTyVec>
</StgValue>
</bind>
</comp>

<comp id="18" class="1000" name="data_l2_2">
<pin_list>
<pin id="19" dir="1" index="0" bw="1" slack="0"/>
</pin_list>
<bind>
<StgValue><ssdm name="data_l2_2"/><MemPortTyVec>1 3 </MemPortTyVec>
</StgValue>
</bind>
</comp>

<comp id="20" class="1000" name="data_l2_3">
<pin_list>
<pin id="21" dir="1" index="0" bw="1" slack="0"/>
</pin_list>
<bind>
<StgValue><ssdm name="data_l2_3"/><MemPortTyVec>1 3 </MemPortTyVec>
</StgValue>
</bind>
</comp>

<comp id="22" class="1000" name="output_l2_0">
<pin_list>
<pin id="23" dir="1" index="0" bw="1" slack="0"/>
</pin_list>
<bind>
<StgValue><ssdm name="output_l2_0"/><MemPortTyVec>0 3 </MemPortTyVec>
</StgValue>
</bind>
</comp>

<comp id="24" class="1000" name="output_l2_1">
<pin_list>
<pin id="25" dir="1" index="0" bw="1" slack="0"/>
</pin_list>
<bind>
<StgValue><ssdm name="output_l2_1"/><MemPortTyVec>0 3 </MemPortTyVec>
</StgValue>
</bind>
</comp>

<comp id="26" class="1000" name="output_l2_2">
<pin_list>
<pin id="27" dir="1" index="0" bw="1" slack="0"/>
</pin_list>
<bind>
<StgValue><ssdm name="output_l2_2"/><MemPortTyVec>0 3 </MemPortTyVec>
</StgValue>
</bind>
</comp>

<comp id="28" class="1000" name="output_l2_3">
<pin_list>
<pin id="29" dir="1" index="0" bw="1" slack="0"/>
</pin_list>
<bind>
<StgValue><ssdm name="output_l2_3"/><MemPortTyVec>0 3 </MemPortTyVec>
</StgValue>
</bind>
</comp>

<comp id="30" class="1000" name="weight_l2_0">
<pin_list>
<pin id="31" dir="1" index="0" bw="1" slack="0"/>
</pin_list>
<bind>
<StgValue><ssdm name="weight_l2_0"/><MemPortTyVec>1 3 </MemPortTyVec>
</StgValue>
</bind>
</comp>

<comp id="32" class="1000" name="weight_l2_1">
<pin_list>
<pin id="33" dir="1" index="0" bw="1" slack="0"/>
</pin_list>
<bind>
<StgValue><ssdm name="weight_l2_1"/><MemPortTyVec>1 3 </MemPortTyVec>
</StgValue>
</bind>
</comp>

<comp id="34" class="1000" name="weight_l2_2">
<pin_list>
<pin id="35" dir="1" index="0" bw="1" slack="0"/>
</pin_list>
<bind>
<StgValue><ssdm name="weight_l2_2"/><MemPortTyVec>1 3 </MemPortTyVec>
</StgValue>
</bind>
</comp>

<comp id="36" class="1000" name="weight_l2_3">
<pin_list>
<pin id="37" dir="1" index="0" bw="1" slack="0"/>
</pin_list>
<bind>
<StgValue><ssdm name="weight_l2_3"/><MemPortTyVec>1 3 </MemPortTyVec>
</StgValue>
</bind>
</comp>

<comp id="38" class="1000" name="output_l2_reduction_0">
<pin_list>
<pin id="39" dir="1" index="0" bw="1" slack="0"/>
</pin_list>
<bind>
<StgValue><ssdm name="output_l2_reduction_0"/><MemPortTyVec>0 1 </MemPortTyVec>
</StgValue>
</bind>
</comp>

<comp id="40" class="1000" name="output_l2_reduction_1">
<pin_list>
<pin id="41" dir="1" index="0" bw="1" slack="0"/>
</pin_list>
<bind>
<StgValue><ssdm name="output_l2_reduction_1"/><MemPortTyVec>0 1 </MemPortTyVec>
</StgValue>
</bind>
</comp>

<comp id="42" class="1000" name="output_l2_reduction_2">
<pin_list>
<pin id="43" dir="1" index="0" bw="1" slack="0"/>
</pin_list>
<bind>
<StgValue><ssdm name="output_l2_reduction_2"/><MemPortTyVec>0 1 </MemPortTyVec>
</StgValue>
</bind>
</comp>

<comp id="44" class="1000" name="output_l2_reduction_3">
<pin_list>
<pin id="45" dir="1" index="0" bw="1" slack="0"/>
</pin_list>
<bind>
<StgValue><ssdm name="output_l2_reduction_3"/><MemPortTyVec>0 1 </MemPortTyVec>
</StgValue>
</bind>
</comp>

<comp id="46" class="1001" name="const_46">
<pin_list>
<pin id="47" dir="1" index="0" bw="1" slack="0"/>
</pin_list>
<bind>
<StgValue><ssdm name="_ssdm_op_Read.ap_auto.i32"/></StgValue>
</bind>
</comp>

<comp id="48" class="1001" name="const_48">
<pin_list>
<pin id="49" dir="1" index="0" bw="1" slack="0"/>
</pin_list>
<bind>
<StgValue><ssdm name="_ssdm_op_Read.ap_auto.i1184"/></StgValue>
</bind>
</comp>

<comp id="50" class="1001" name="const_50">
<pin_list>
<pin id="51" dir="1" index="0" bw="1" slack="1"/>
</pin_list>
<bind>
<StgValue><ssdm name=""/></StgValue>
</bind>
</comp>

<comp id="52" class="1001" name="const_52">
<pin_list>
<pin id="53" dir="1" index="0" bw="1" slack="2147483647"/>
</pin_list>
<bind>
<StgValue><ssdm name="_ssdm_op_SpecDataflowPipeline"/></StgValue>
</bind>
</comp>

<comp id="54" class="1001" name="const_54">
<pin_list>
<pin id="55" dir="1" index="0" bw="1" slack="2147483647"/>
</pin_list>
<bind>
<StgValue><ssdm name=""/></StgValue>
</bind>
</comp>

<comp id="56" class="1001" name="const_56">
<pin_list>
<pin id="57" dir="1" index="0" bw="1" slack="2147483647"/>
</pin_list>
<bind>
<StgValue><ssdm name="dataflow_parent_loop_str"/></StgValue>
</bind>
</comp>

<comp id="58" class="1001" name="const_58">
<pin_list>
<pin id="59" dir="1" index="0" bw="1" slack="0"/>
</pin_list>
<bind>
<StgValue><ssdm name=""/></StgValue>
</bind>
</comp>

<comp id="60" class="1001" name="const_60">
<pin_list>
<pin id="61" dir="1" index="0" bw="1" slack="0"/>
</pin_list>
<bind>
<StgValue><ssdm name="dataflow_parent_loop_proc18"/></StgValue>
</bind>
</comp>

<comp id="62" class="1001" name="const_62">
<pin_list>
<pin id="63" dir="1" index="0" bw="1" slack="2147483647"/>
</pin_list>
<bind>
<StgValue><ssdm name="_ssdm_op_SpecLoopTripCount"/></StgValue>
</bind>
</comp>

<comp id="64" class="1001" name="const_64">
<pin_list>
<pin id="65" dir="1" index="0" bw="1" slack="2147483647"/>
</pin_list>
<bind>
<StgValue><ssdm name=""/></StgValue>
</bind>
</comp>

<comp id="66" class="1001" name="const_66">
<pin_list>
<pin id="67" dir="1" index="0" bw="1" slack="2147483647"/>
</pin_list>
<bind>
<StgValue><ssdm name="_ssdm_op_SpecLoopName"/></StgValue>
</bind>
</comp>

<comp id="68" class="1001" name="const_68">
<pin_list>
<pin id="69" dir="1" index="0" bw="1" slack="2147483647"/>
</pin_list>
<bind>
<StgValue><ssdm name="empty_36"/></StgValue>
</bind>
</comp>

<comp id="70" class="1004" name="ko_1_read_read_fu_70">
<pin_list>
<pin id="71" dir="0" index="0" bw="32" slack="0"/>
<pin id="72" dir="0" index="1" bw="32" slack="0"/>
<pin id="73" dir="1" index="2" bw="32" slack="0"/>
</pin_list>
<bind>
<opcode="read(1150) " fcode="read"/>
<opset="ko_1_read/1 "/>
</bind>
</comp>

<comp id="76" class="1004" name="param_read_read_fu_76">
<pin_list>
<pin id="77" dir="0" index="0" bw="1184" slack="0"/>
<pin id="78" dir="0" index="1" bw="1184" slack="0"/>
<pin id="79" dir="1" index="2" bw="1184" slack="1"/>
</pin_list>
<bind>
<opcode="read(1150) " fcode="read"/>
<opset="param_read/1 "/>
</bind>
</comp>

<comp id="82" class="1004" name="param_L1_TILENUM_S_read_read_fu_82">
<pin_list>
<pin id="83" dir="0" index="0" bw="32" slack="0"/>
<pin id="84" dir="0" index="1" bw="32" slack="0"/>
<pin id="85" dir="1" index="2" bw="32" slack="1"/>
</pin_list>
<bind>
<opcode="read(1150) " fcode="read"/>
<opset="param_L1_TILENUM_S_read/1 "/>
</bind>
</comp>

<comp id="88" class="1004" name="lshr_ln282_cast_read_read_fu_88">
<pin_list>
<pin id="89" dir="0" index="0" bw="32" slack="0"/>
<pin id="90" dir="0" index="1" bw="32" slack="0"/>
<pin id="91" dir="1" index="2" bw="32" slack="1"/>
</pin_list>
<bind>
<opcode="read(1150) " fcode="read"/>
<opset="lshr_ln282_cast_read/1 "/>
</bind>
</comp>

<comp id="94" class="1004" name="lshr_ln282_1_cast_read_read_fu_94">
<pin_list>
<pin id="95" dir="0" index="0" bw="32" slack="0"/>
<pin id="96" dir="0" index="1" bw="32" slack="0"/>
<pin id="97" dir="1" index="2" bw="32" slack="1"/>
</pin_list>
<bind>
<opcode="read(1150) " fcode="read"/>
<opset="lshr_ln282_1_cast_read/1 "/>
</bind>
</comp>

<comp id="100" class="1004" name="lshr_ln282_2_cast_read_read_fu_100">
<pin_list>
<pin id="101" dir="0" index="0" bw="32" slack="0"/>
<pin id="102" dir="0" index="1" bw="32" slack="0"/>
<pin id="103" dir="1" index="2" bw="32" slack="1"/>
</pin_list>
<bind>
<opcode="read(1150) " fcode="read"/>
<opset="lshr_ln282_2_cast_read/1 "/>
</bind>
</comp>

<comp id="106" class="1004" name="lshr_ln282_3_cast_read_read_fu_106">
<pin_list>
<pin id="107" dir="0" index="0" bw="32" slack="0"/>
<pin id="108" dir="0" index="1" bw="32" slack="0"/>
<pin id="109" dir="1" index="2" bw="32" slack="1"/>
</pin_list>
<bind>
<opcode="read(1150) " fcode="read"/>
<opset="lshr_ln282_3_cast_read/1 "/>
</bind>
</comp>

<comp id="112" class="1005" name="co_reg_112">
<pin_list>
<pin id="113" dir="0" index="0" bw="32" slack="1"/>
<pin id="114" dir="1" index="1" bw="32" slack="1"/>
</pin_list>
<bind>
<opset="co (phireg) "/>
</bind>
</comp>

<comp id="116" class="1004" name="co_phi_fu_116">
<pin_list>
<pin id="117" dir="0" index="0" bw="1" slack="1"/>
<pin id="118" dir="0" index="1" bw="0" slack="2147483647"/>
<pin id="119" dir="0" index="2" bw="32" slack="0"/>
<pin id="120" dir="0" index="3" bw="0" slack="2147483647"/>
<pin id="121" dir="1" index="4" bw="32" slack="0"/>
</pin_list>
<bind>
<opcode="phi(47) " fcode="phi"/>
<opset="co/2 "/>
</bind>
</comp>

<comp id="124" class="1004" name="grp_dataflow_parent_loop_proc18_fu_124">
<pin_list>
<pin id="125" dir="0" index="0" bw="0" slack="0"/>
<pin id="126" dir="0" index="1" bw="32" slack="1"/>
<pin id="127" dir="0" index="2" bw="32" slack="1"/>
<pin id="128" dir="0" index="3" bw="32" slack="1"/>
<pin id="129" dir="0" index="4" bw="32" slack="1"/>
<pin id="130" dir="0" index="5" bw="1184" slack="1"/>
<pin id="131" dir="0" index="6" bw="12" slack="1"/>
<pin id="132" dir="0" index="7" bw="32" slack="0"/>
<pin id="133" dir="0" index="8" bw="8" slack="0"/>
<pin id="134" dir="0" index="9" bw="8" slack="0"/>
<pin id="135" dir="0" index="10" bw="8" slack="0"/>
<pin id="136" dir="0" index="11" bw="8" slack="0"/>
<pin id="137" dir="0" index="12" bw="32" slack="0"/>
<pin id="138" dir="0" index="13" bw="32" slack="0"/>
<pin id="139" dir="0" index="14" bw="32" slack="0"/>
<pin id="140" dir="0" index="15" bw="32" slack="0"/>
<pin id="141" dir="0" index="16" bw="8" slack="0"/>
<pin id="142" dir="0" index="17" bw="8" slack="0"/>
<pin id="143" dir="0" index="18" bw="8" slack="0"/>
<pin id="144" dir="0" index="19" bw="8" slack="0"/>
<pin id="145" dir="0" index="20" bw="32" slack="0"/>
<pin id="146" dir="0" index="21" bw="32" slack="0"/>
<pin id="147" dir="0" index="22" bw="32" slack="0"/>
<pin id="148" dir="0" index="23" bw="32" slack="0"/>
<pin id="149" dir="1" index="24" bw="0" slack="2147483647"/>
</pin_list>
<bind>
<opcode="call(48) " fcode="call"/>
<opset="call_ln357/2 "/>
</bind>
</comp>

<comp id="168" class="1004" name="empty_fu_168">
<pin_list>
<pin id="169" dir="0" index="0" bw="32" slack="0"/>
<pin id="170" dir="1" index="1" bw="12" slack="1"/>
</pin_list>
<bind>
<opcode="trunc(33) " fcode="trunc"/>
<opset="empty/1 "/>
</bind>
</comp>

<comp id="172" class="1004" name="icmp_ln357_fu_172">
<pin_list>
<pin id="173" dir="0" index="0" bw="32" slack="0"/>
<pin id="174" dir="0" index="1" bw="32" slack="1"/>
<pin id="175" dir="1" index="2" bw="1" slack="1"/>
</pin_list>
<bind>
<opcode="icmp(45) " fcode="icmp"/>
<opset="icmp_ln357/2 "/>
</bind>
</comp>

<comp id="177" class="1004" name="co_1_fu_177">
<pin_list>
<pin id="178" dir="0" index="0" bw="32" slack="0"/>
<pin id="179" dir="0" index="1" bw="1" slack="0"/>
<pin id="180" dir="1" index="2" bw="32" slack="0"/>
</pin_list>
<bind>
<opcode="add(8) " fcode="add"/>
<opset="co_1/2 "/>
</bind>
</comp>

<comp id="183" class="1005" name="param_read_reg_183">
<pin_list>
<pin id="184" dir="0" index="0" bw="1184" slack="1"/>
<pin id="185" dir="1" index="1" bw="1184" slack="1"/>
</pin_list>
<bind>
<opset="param_read "/>
</bind>
</comp>

<comp id="188" class="1005" name="param_L1_TILENUM_S_read_reg_188">
<pin_list>
<pin id="189" dir="0" index="0" bw="32" slack="1"/>
<pin id="190" dir="1" index="1" bw="32" slack="1"/>
</pin_list>
<bind>
<opset="param_L1_TILENUM_S_read "/>
</bind>
</comp>

<comp id="193" class="1005" name="lshr_ln282_cast_read_reg_193">
<pin_list>
<pin id="194" dir="0" index="0" bw="32" slack="1"/>
<pin id="195" dir="1" index="1" bw="32" slack="1"/>
</pin_list>
<bind>
<opset="lshr_ln282_cast_read "/>
</bind>
</comp>

<comp id="198" class="1005" name="lshr_ln282_1_cast_read_reg_198">
<pin_list>
<pin id="199" dir="0" index="0" bw="32" slack="1"/>
<pin id="200" dir="1" index="1" bw="32" slack="1"/>
</pin_list>
<bind>
<opset="lshr_ln282_1_cast_read "/>
</bind>
</comp>

<comp id="203" class="1005" name="lshr_ln282_2_cast_read_reg_203">
<pin_list>
<pin id="204" dir="0" index="0" bw="32" slack="1"/>
<pin id="205" dir="1" index="1" bw="32" slack="1"/>
</pin_list>
<bind>
<opset="lshr_ln282_2_cast_read "/>
</bind>
</comp>

<comp id="208" class="1005" name="lshr_ln282_3_cast_read_reg_208">
<pin_list>
<pin id="209" dir="0" index="0" bw="32" slack="1"/>
<pin id="210" dir="1" index="1" bw="32" slack="1"/>
</pin_list>
<bind>
<opset="lshr_ln282_3_cast_read "/>
</bind>
</comp>

<comp id="213" class="1005" name="empty_reg_213">
<pin_list>
<pin id="214" dir="0" index="0" bw="12" slack="1"/>
<pin id="215" dir="1" index="1" bw="12" slack="1"/>
</pin_list>
<bind>
<opset="empty "/>
</bind>
</comp>

<comp id="218" class="1005" name="icmp_ln357_reg_218">
<pin_list>
<pin id="219" dir="0" index="0" bw="1" slack="1"/>
<pin id="220" dir="1" index="1" bw="1" slack="2147483647"/>
</pin_list>
<bind>
<opset="icmp_ln357 "/>
</bind>
</comp>

<comp id="222" class="1005" name="co_1_reg_222">
<pin_list>
<pin id="223" dir="0" index="0" bw="32" slack="0"/>
<pin id="224" dir="1" index="1" bw="32" slack="0"/>
</pin_list>
<bind>
<opset="co_1 "/>
</bind>
</comp>

</comp_list>

<net_list>
<net id="74"><net_src comp="46" pin="0"/><net_sink comp="70" pin=0"/></net>

<net id="75"><net_src comp="12" pin="0"/><net_sink comp="70" pin=1"/></net>

<net id="80"><net_src comp="48" pin="0"/><net_sink comp="76" pin=0"/></net>

<net id="81"><net_src comp="10" pin="0"/><net_sink comp="76" pin=1"/></net>

<net id="86"><net_src comp="46" pin="0"/><net_sink comp="82" pin=0"/></net>

<net id="87"><net_src comp="8" pin="0"/><net_sink comp="82" pin=1"/></net>

<net id="92"><net_src comp="46" pin="0"/><net_sink comp="88" pin=0"/></net>

<net id="93"><net_src comp="6" pin="0"/><net_sink comp="88" pin=1"/></net>

<net id="98"><net_src comp="46" pin="0"/><net_sink comp="94" pin=0"/></net>

<net id="99"><net_src comp="4" pin="0"/><net_sink comp="94" pin=1"/></net>

<net id="104"><net_src comp="46" pin="0"/><net_sink comp="100" pin=0"/></net>

<net id="105"><net_src comp="2" pin="0"/><net_sink comp="100" pin=1"/></net>

<net id="110"><net_src comp="46" pin="0"/><net_sink comp="106" pin=0"/></net>

<net id="111"><net_src comp="0" pin="0"/><net_sink comp="106" pin=1"/></net>

<net id="115"><net_src comp="50" pin="0"/><net_sink comp="112" pin=0"/></net>

<net id="122"><net_src comp="112" pin="1"/><net_sink comp="116" pin=0"/></net>

<net id="123"><net_src comp="116" pin="4"/><net_sink comp="112" pin=0"/></net>

<net id="150"><net_src comp="60" pin="0"/><net_sink comp="124" pin=0"/></net>

<net id="151"><net_src comp="116" pin="4"/><net_sink comp="124" pin=7"/></net>

<net id="152"><net_src comp="14" pin="0"/><net_sink comp="124" pin=8"/></net>

<net id="153"><net_src comp="16" pin="0"/><net_sink comp="124" pin=9"/></net>

<net id="154"><net_src comp="18" pin="0"/><net_sink comp="124" pin=10"/></net>

<net id="155"><net_src comp="20" pin="0"/><net_sink comp="124" pin=11"/></net>

<net id="156"><net_src comp="22" pin="0"/><net_sink comp="124" pin=12"/></net>

<net id="157"><net_src comp="24" pin="0"/><net_sink comp="124" pin=13"/></net>

<net id="158"><net_src comp="26" pin="0"/><net_sink comp="124" pin=14"/></net>

<net id="159"><net_src comp="28" pin="0"/><net_sink comp="124" pin=15"/></net>

<net id="160"><net_src comp="30" pin="0"/><net_sink comp="124" pin=16"/></net>

<net id="161"><net_src comp="32" pin="0"/><net_sink comp="124" pin=17"/></net>

<net id="162"><net_src comp="34" pin="0"/><net_sink comp="124" pin=18"/></net>

<net id="163"><net_src comp="36" pin="0"/><net_sink comp="124" pin=19"/></net>

<net id="164"><net_src comp="38" pin="0"/><net_sink comp="124" pin=20"/></net>

<net id="165"><net_src comp="40" pin="0"/><net_sink comp="124" pin=21"/></net>

<net id="166"><net_src comp="42" pin="0"/><net_sink comp="124" pin=22"/></net>

<net id="167"><net_src comp="44" pin="0"/><net_sink comp="124" pin=23"/></net>

<net id="171"><net_src comp="70" pin="2"/><net_sink comp="168" pin=0"/></net>

<net id="176"><net_src comp="116" pin="4"/><net_sink comp="172" pin=0"/></net>

<net id="181"><net_src comp="116" pin="4"/><net_sink comp="177" pin=0"/></net>

<net id="182"><net_src comp="58" pin="0"/><net_sink comp="177" pin=1"/></net>

<net id="186"><net_src comp="76" pin="2"/><net_sink comp="183" pin=0"/></net>

<net id="187"><net_src comp="183" pin="1"/><net_sink comp="124" pin=5"/></net>

<net id="191"><net_src comp="82" pin="2"/><net_sink comp="188" pin=0"/></net>

<net id="192"><net_src comp="188" pin="1"/><net_sink comp="124" pin=4"/></net>

<net id="196"><net_src comp="88" pin="2"/><net_sink comp="193" pin=0"/></net>

<net id="197"><net_src comp="193" pin="1"/><net_sink comp="124" pin=3"/></net>

<net id="201"><net_src comp="94" pin="2"/><net_sink comp="198" pin=0"/></net>

<net id="202"><net_src comp="198" pin="1"/><net_sink comp="124" pin=2"/></net>

<net id="206"><net_src comp="100" pin="2"/><net_sink comp="203" pin=0"/></net>

<net id="207"><net_src comp="203" pin="1"/><net_sink comp="124" pin=1"/></net>

<net id="211"><net_src comp="106" pin="2"/><net_sink comp="208" pin=0"/></net>

<net id="212"><net_src comp="208" pin="1"/><net_sink comp="172" pin=1"/></net>

<net id="216"><net_src comp="168" pin="1"/><net_sink comp="213" pin=0"/></net>

<net id="217"><net_src comp="213" pin="1"/><net_sink comp="124" pin=6"/></net>

<net id="221"><net_src comp="172" pin="2"/><net_sink comp="218" pin=0"/></net>

<net id="225"><net_src comp="177" pin="2"/><net_sink comp="222" pin=0"/></net>

<net id="226"><net_src comp="222" pin="1"/><net_sink comp="116" pin=2"/></net>

</net_list>

</model> 
---------------- Datapath Model END ------------------

* FSMD analyzer results:
  - Output states:
	Port: output_l2_0 | {2 3 }
	Port: output_l2_1 | {2 3 }
	Port: output_l2_2 | {2 3 }
	Port: output_l2_3 | {2 3 }
	Port: output_l2_reduction_0 | {2 3 }
	Port: output_l2_reduction_1 | {2 3 }
	Port: output_l2_reduction_2 | {2 3 }
	Port: output_l2_reduction_3 | {2 3 }
 - Input state : 
	Port: dataflow_parent_loop_proc19 : lshr_ln282_3_cast | {1 }
	Port: dataflow_parent_loop_proc19 : lshr_ln282_2_cast | {1 }
	Port: dataflow_parent_loop_proc19 : lshr_ln282_1_cast | {1 }
	Port: dataflow_parent_loop_proc19 : lshr_ln282_cast | {1 }
	Port: dataflow_parent_loop_proc19 : param_L1_TILENUM_S | {1 }
	Port: dataflow_parent_loop_proc19 : param | {1 }
	Port: dataflow_parent_loop_proc19 : ko_1 | {1 }
	Port: dataflow_parent_loop_proc19 : data_l2_0 | {2 3 }
	Port: dataflow_parent_loop_proc19 : data_l2_1 | {2 3 }
	Port: dataflow_parent_loop_proc19 : data_l2_2 | {2 3 }
	Port: dataflow_parent_loop_proc19 : data_l2_3 | {2 3 }
	Port: dataflow_parent_loop_proc19 : weight_l2_0 | {2 3 }
	Port: dataflow_parent_loop_proc19 : weight_l2_1 | {2 3 }
	Port: dataflow_parent_loop_proc19 : weight_l2_2 | {2 3 }
	Port: dataflow_parent_loop_proc19 : weight_l2_3 | {2 3 }
	Port: dataflow_parent_loop_proc19 : output_l2_reduction_0 | {2 3 }
	Port: dataflow_parent_loop_proc19 : output_l2_reduction_1 | {2 3 }
	Port: dataflow_parent_loop_proc19 : output_l2_reduction_2 | {2 3 }
	Port: dataflow_parent_loop_proc19 : output_l2_reduction_3 | {2 3 }
  - Chain level:
	State 1
	State 2
		icmp_ln357 : 1
		specdataflowpipeline_ln357 : 1
		co_1 : 1
		br_ln357 : 2
		call_ln357 : 1
	State 3


============================================================
+ Verbose Summary: Datapath Resource usage 
============================================================

* Functional unit list:
|----------|----------------------------------------|---------|---------|---------|---------|---------|
| Operation|             Functional Unit            |   BRAM  |   DSP   |  Delay  |    FF   |   LUT   |
|----------|----------------------------------------|---------|---------|---------|---------|---------|
|   call   | grp_dataflow_parent_loop_proc18_fu_124 |    8    |    40   | 41.7495 |  13750  |   3232  |
|----------|----------------------------------------|---------|---------|---------|---------|---------|
|    add   |               co_1_fu_177              |    0    |    0    |    0    |    0    |    39   |
|----------|----------------------------------------|---------|---------|---------|---------|---------|
|   icmp   |            icmp_ln357_fu_172           |    0    |    0    |    0    |    0    |    20   |
|----------|----------------------------------------|---------|---------|---------|---------|---------|
|          |          ko_1_read_read_fu_70          |    0    |    0    |    0    |    0    |    0    |
|          |          param_read_read_fu_76         |    0    |    0    |    0    |    0    |    0    |
|          |   param_L1_TILENUM_S_read_read_fu_82   |    0    |    0    |    0    |    0    |    0    |
|   read   |     lshr_ln282_cast_read_read_fu_88    |    0    |    0    |    0    |    0    |    0    |
|          |    lshr_ln282_1_cast_read_read_fu_94   |    0    |    0    |    0    |    0    |    0    |
|          |   lshr_ln282_2_cast_read_read_fu_100   |    0    |    0    |    0    |    0    |    0    |
|          |   lshr_ln282_3_cast_read_read_fu_106   |    0    |    0    |    0    |    0    |    0    |
|----------|----------------------------------------|---------|---------|---------|---------|---------|
|   trunc  |              empty_fu_168              |    0    |    0    |    0    |    0    |    0    |
|----------|----------------------------------------|---------|---------|---------|---------|---------|
|   Total  |                                        |    8    |    40   | 41.7495 |  13750  |   3291  |
|----------|----------------------------------------|---------|---------|---------|---------|---------|

Memories:
N/A

* Register list:
+-------------------------------+--------+
|                               |   FF   |
+-------------------------------+--------+
|          co_1_reg_222         |   32   |
|           co_reg_112          |   32   |
|         empty_reg_213         |   12   |
|       icmp_ln357_reg_218      |    1   |
| lshr_ln282_1_cast_read_reg_198|   32   |
| lshr_ln282_2_cast_read_reg_203|   32   |
| lshr_ln282_3_cast_read_reg_208|   32   |
|  lshr_ln282_cast_read_reg_193 |   32   |
|param_L1_TILENUM_S_read_reg_188|   32   |
|       param_read_reg_183      |  1184  |
+-------------------------------+--------+
|             Total             |  1421  |
+-------------------------------+--------+

* Multiplexer (MUX) list: 
|------------|------|------|------|--------||---------||---------|
|    Comp    |  Pin | Size |  BW  | S x BW ||  Delay  ||   LUT   |
|------------|------|------|------|--------||---------||---------|
| co_reg_112 |  p0  |   2  |  32  |   64   ||    9    |
|------------|------|------|------|--------||---------||---------|
|    Total   |      |      |      |   64   ||  0.603  ||    9    |
|------------|------|------|------|--------||---------||---------|



* Summary:
+-----------+--------+--------+--------+--------+--------+
|           |  BRAM  |   DSP  |  Delay |   FF   |   LUT  |
+-----------+--------+--------+--------+--------+--------+
|  Function |    8   |   40   |   41   |  13750 |  3291  |
|   Memory  |    -   |    -   |    -   |    -   |    -   |
|Multiplexer|    -   |    -   |    0   |    -   |    9   |
|  Register |    -   |    -   |    -   |  1421  |    -   |
+-----------+--------+--------+--------+--------+--------+
|   Total   |    8   |   40   |   42   |  15171 |  3300  |
+-----------+--------+--------+--------+--------+--------+
