

================================================================
== Vitis HLS Report for 'dataflow_parent_loop_proc19'
================================================================
* Date:           Sat Jan 22 00:49:21 2022

* Version:        2020.1 (Build 2902540 on Wed May 27 20:16:15 MDT 2020)
* Project:        Systolic_Array_PCNN_based
* Solution:       solution1 (Vivado IP Flow Target)
* Product family: virtexuplus
* Target device:  xcu200-fsgd2104-2-e


================================================================
== Performance Estimates
================================================================
+ Timing: 
    * Summary: 
    +--------+----------+----------+------------+
    |  Clock |  Target  | Estimated| Uncertainty|
    +--------+----------+----------+------------+
    |ap_clk  | 10.00 ns | 5.508 ns |   2.70 ns  |
    +--------+----------+----------+------------+

+ Latency: 
    * Summary: 
    +---------+---------+----------+----------+-----+-----+---------+
    |  Latency (cycles) |  Latency (absolute) |  Interval | Pipeline|
    |   min   |   max   |    min   |    max   | min | max |   Type  |
    +---------+---------+----------+----------+-----+-----+---------+
    |        ?|        ?|         ?|         ?|    ?|    ?|   none  |
    +---------+---------+----------+----------+-----+-----+---------+

    + Detail: 
        * Instance: 
        N/A

        * Loop: 
        +----------------+---------+---------+----------+-----------+-----------+------+----------+
        |                |  Latency (cycles) | Iteration|  Initiation Interval  | Trip |          |
        |    Loop Name   |   min   |   max   |  Latency |  achieved |   target  | Count| Pipelined|
        +----------------+---------+---------+----------+-----------+-----------+------+----------+
        |- LOOP_C_OUTER  |        ?|        ?|         ?|          -|          -|    10|    no    |
        +----------------+---------+---------+----------+-----------+-----------+------+----------+

============================================================
+ Verbose Summary: Synthesis Manager
============================================================
InlineROM: 1
ExposeGlobal: 0
============================================================
+ Verbose Summary: CDFG Model
============================================================
IsTopModel: 0
ResetActiveHigh: 1
IsCombinational: 2
IsDatapathOnly: 0
HasWiredReturn: 1
HasMFsm: 0
HasVarLatency: 1
IsPipeline: 0
IsRtlPipelined: 0
IsInstanceOverlapped: 0
IsDontTouch: 0
HasImplIP: 0
IsGatedGlobalClock: 0


============================================================
+ Verbose Summary: Schedule
============================================================
* Number of FSM states : 3
* Pipeline : 0
* Dataflow Pipeline: 1
  DF-Pipeline-0: Size = 2, States = { 2 3 }

* FSM state transitions: 
1 --> 2 
2 --> 3 
3 --> 2 

* FSM state operations: 

State 1 <SV = 0> <Delay = 0.60>
ST_1 : Operation 4 [1/1] (0.00ns)   --->   "%p_read716 = read i9 @_ssdm_op_Read.ap_auto.i9, i9 %p_read7"   --->   Operation 4 'read' 'p_read716' <Predicate = true> <Delay = 0.00>
ST_1 : Operation 5 [1/1] (0.00ns)   --->   "%p_read615 = read i32 @_ssdm_op_Read.ap_auto.i32, i32 %p_read6"   --->   Operation 5 'read' 'p_read615' <Predicate = true> <Delay = 0.00>
ST_1 : Operation 6 [1/1] (0.00ns)   --->   "%p_read514 = read i32 @_ssdm_op_Read.ap_auto.i32, i32 %p_read5"   --->   Operation 6 'read' 'p_read514' <Predicate = true> <Delay = 0.00>
ST_1 : Operation 7 [1/1] (0.00ns)   --->   "%p_read413 = read i9 @_ssdm_op_Read.ap_auto.i9, i9 %p_read4"   --->   Operation 7 'read' 'p_read413' <Predicate = true> <Delay = 0.00>
ST_1 : Operation 8 [1/1] (0.00ns)   --->   "%p_read312 = read i32 @_ssdm_op_Read.ap_auto.i32, i32 %p_read3"   --->   Operation 8 'read' 'p_read312' <Predicate = true> <Delay = 0.00>
ST_1 : Operation 9 [1/1] (0.00ns)   --->   "%p_read211 = read i32 @_ssdm_op_Read.ap_auto.i32, i32 %p_read2"   --->   Operation 9 'read' 'p_read211' <Predicate = true> <Delay = 0.00>
ST_1 : Operation 10 [1/1] (0.00ns)   --->   "%ko_2_read = read i30 @_ssdm_op_Read.ap_auto.i30, i30 %ko_2"   --->   Operation 10 'read' 'ko_2_read' <Predicate = true> <Delay = 0.00>
ST_1 : Operation 11 [1/1] (0.00ns)   --->   "%p_read19 = read i9 @_ssdm_op_Read.ap_auto.i9, i9 %p_read1"   --->   Operation 11 'read' 'p_read19' <Predicate = true> <Delay = 0.00>
ST_1 : Operation 12 [1/1] (0.00ns)   --->   "%p_read_18 = read i9 @_ssdm_op_Read.ap_auto.i9, i9 %p_read"   --->   Operation 12 'read' 'p_read_18' <Predicate = true> <Delay = 0.00>
ST_1 : Operation 13 [1/1] (0.00ns)   --->   "%TILES_S_read = read i32 @_ssdm_op_Read.ap_auto.i32, i32 %TILES_S"   --->   Operation 13 'read' 'TILES_S_read' <Predicate = true> <Delay = 0.00>
ST_1 : Operation 14 [1/1] (0.00ns)   --->   "%TILES_R_read = read i32 @_ssdm_op_Read.ap_auto.i32, i32 %TILES_R"   --->   Operation 14 'read' 'TILES_R_read' <Predicate = true> <Delay = 0.00>
ST_1 : Operation 15 [1/1] (0.00ns)   --->   "%TILES_W_read = read i32 @_ssdm_op_Read.ap_auto.i32, i32 %TILES_W"   --->   Operation 15 'read' 'TILES_W_read' <Predicate = true> <Delay = 0.00>
ST_1 : Operation 16 [1/1] (0.00ns)   --->   "%TILES_H_read = read i32 @_ssdm_op_Read.ap_auto.i32, i32 %TILES_H"   --->   Operation 16 'read' 'TILES_H_read' <Predicate = true> <Delay = 0.00>
ST_1 : Operation 17 [1/1] (0.00ns)   --->   "%div101_cast127_read = read i30 @_ssdm_op_Read.ap_auto.i30, i30 %div101_cast127"   --->   Operation 17 'read' 'div101_cast127_read' <Predicate = true> <Delay = 0.00>
ST_1 : Operation 18 [1/1] (0.00ns)   --->   "%empty = trunc i30 %ko_2_read"   --->   Operation 18 'trunc' 'empty' <Predicate = true> <Delay = 0.00>
ST_1 : Operation 19 [1/1] (0.60ns)   --->   "%br_ln0 = br void"   --->   Operation 19 'br' 'br_ln0' <Predicate = true> <Delay = 0.60>

State 2 <SV = 1> <Delay = 0.95>
ST_2 : Operation 20 [1/1] (0.00ns)   --->   "%co = phi i30, void %newFuncRoot, i30 %co_1, void %.split12"   --->   Operation 20 'phi' 'co' <Predicate = true> <Delay = 0.00>
ST_2 : Operation 21 [1/1] (0.83ns)   --->   "%icmp_ln249 = icmp_eq  i30 %co, i30 %div101_cast127_read" [Systolic_Array_PCNN_based/conv_sysarr_dbbuf.cpp:249]   --->   Operation 21 'icmp' 'icmp_ln249' <Predicate = true> <Delay = 0.83> <CoreInst = "Cmp">   --->   Core 10 'Cmp' <Latency = 0> <II = 1> <Delay = 0.83> <FuncUnit> <Opcode : 'icmp'> <InPorts = 2> <OutPorts = 1>
ST_2 : Operation 22 [1/1] (0.00ns)   --->   "%specdataflowpipeline_ln249 = specdataflowpipeline void @_ssdm_op_SpecDataflowPipeline, i32, i32, void @dataflow_parent_loop_str, i30 %co, i30 %div101_cast127" [Systolic_Array_PCNN_based/conv_sysarr_dbbuf.cpp:249]   --->   Operation 22 'specdataflowpipeline' 'specdataflowpipeline_ln249' <Predicate = true> <Delay = 0.00>
ST_2 : Operation 23 [1/1] (0.86ns)   --->   "%co_1 = add i30 %co, i30" [Systolic_Array_PCNN_based/conv_sysarr_dbbuf.cpp:249]   --->   Operation 23 'add' 'co_1' <Predicate = true> <Delay = 0.86> <CoreInst = "Adder">   --->   Core 1 'Adder' <Latency = 0> <II = 1> <Delay = 0.86> <FuncUnit> <Opcode : 'add' 'sub'> <InPorts = 2> <OutPorts = 1>
ST_2 : Operation 24 [1/1] (0.00ns)   --->   "%br_ln249 = br i1 %icmp_ln249, void %.split12, void %._crit_edge332.loopexit.exitStub" [Systolic_Array_PCNN_based/conv_sysarr_dbbuf.cpp:249]   --->   Operation 24 'br' 'br_ln249' <Predicate = true> <Delay = 0.00>
ST_2 : Operation 25 [2/2] (0.00ns)   --->   "%call_ln249 = call void @dataflow_parent_loop_proc18, i32 %TILES_H_read, i32 %TILES_W_read, i32 %TILES_R_read, i32 %TILES_S_read, i8 %weight_l2_0, i8 %weight_l2_1, i8 %weight_l2_2, i8 %weight_l2_3, i9 %p_read_18, i9 %p_read19, i9 %empty, i30 %co, i8 %data_l2_0, i8 %data_l2_1, i8 %data_l2_2, i8 %data_l2_3, i32 %p_read211, i32 %p_read312, i9 %p_read413, i32 %p_read514, i32 %p_read615, i32 %output_l2_0, i32 %output_l2_1, i32 %output_l2_2, i32 %output_l2_3, i9 %p_read716, i32 %output_l1_local_3, i32 %output_l1_local_2, i32 %output_l1_local_1, i32 %output_l1_local_0" [Systolic_Array_PCNN_based/conv_sysarr_dbbuf.cpp:249]   --->   Operation 25 'call' 'call_ln249' <Predicate = (!icmp_ln249)> <Delay = 0.00> <CoreType = "Generic">   --->   Core 0 '' <Latency = 0> <II = 1> <Delay = 1.00> <Generic> <Opcode : >
ST_2 : Operation 26 [1/1] (0.00ns)   --->   "%ret_ln0 = ret"   --->   Operation 26 'ret' 'ret_ln0' <Predicate = (icmp_ln249)> <Delay = 0.00>

State 3 <SV = 2> <Delay = 0.00>
ST_3 : Operation 27 [1/1] (0.00ns)   --->   "%speclooptripcount_ln249 = speclooptripcount void @_ssdm_op_SpecLoopTripCount, i64, i64, i64" [Systolic_Array_PCNN_based/conv_sysarr_dbbuf.cpp:249]   --->   Operation 27 'speclooptripcount' 'speclooptripcount_ln249' <Predicate = (!icmp_ln249)> <Delay = 0.00>
ST_3 : Operation 28 [1/1] (0.00ns)   --->   "%specloopname_ln249 = specloopname void @_ssdm_op_SpecLoopName, void @empty" [Systolic_Array_PCNN_based/conv_sysarr_dbbuf.cpp:249]   --->   Operation 28 'specloopname' 'specloopname_ln249' <Predicate = (!icmp_ln249)> <Delay = 0.00>
ST_3 : Operation 29 [1/2] (0.00ns)   --->   "%call_ln249 = call void @dataflow_parent_loop_proc18, i32 %TILES_H_read, i32 %TILES_W_read, i32 %TILES_R_read, i32 %TILES_S_read, i8 %weight_l2_0, i8 %weight_l2_1, i8 %weight_l2_2, i8 %weight_l2_3, i9 %p_read_18, i9 %p_read19, i9 %empty, i30 %co, i8 %data_l2_0, i8 %data_l2_1, i8 %data_l2_2, i8 %data_l2_3, i32 %p_read211, i32 %p_read312, i9 %p_read413, i32 %p_read514, i32 %p_read615, i32 %output_l2_0, i32 %output_l2_1, i32 %output_l2_2, i32 %output_l2_3, i9 %p_read716, i32 %output_l1_local_3, i32 %output_l1_local_2, i32 %output_l1_local_1, i32 %output_l1_local_0" [Systolic_Array_PCNN_based/conv_sysarr_dbbuf.cpp:249]   --->   Operation 29 'call' 'call_ln249' <Predicate = (!icmp_ln249)> <Delay = 0.00> <CoreType = "Generic">   --->   Core 0 '' <Latency = 0> <II = 1> <Delay = 1.00> <Generic> <Opcode : >
ST_3 : Operation 30 [1/1] (0.00ns)   --->   "%br_ln0 = br void"   --->   Operation 30 'br' 'br_ln0' <Predicate = (!icmp_ln249)> <Delay = 0.00>


============================================================
+ Verbose Summary: Timing violations
============================================================
Target clock period: 10ns, clock uncertainty: 2.7ns.

 <State 1>: 0.603ns
The critical path consists of the following:
	multiplexor before 'phi' operation ('co') with incoming values : ('co', Systolic_Array_PCNN_based/conv_sysarr_dbbuf.cpp:249) [49]  (0.603 ns)

 <State 2>: 0.958ns
The critical path consists of the following:
	'phi' operation ('co') with incoming values : ('co', Systolic_Array_PCNN_based/conv_sysarr_dbbuf.cpp:249) [49]  (0 ns)
	'add' operation ('co', Systolic_Array_PCNN_based/conv_sysarr_dbbuf.cpp:249) [52]  (0.868 ns)
	blocking operation 0.09 ns on control path)

 <State 3>: 0ns
The critical path consists of the following:


============================================================
+ Verbose Summary: Binding
============================================================
N/A
* FSMD analyzer results:
  - Output states:
 - Input state : 
  - Chain level:
	State 1
	State 2
	State 3


============================================================
+ Verbose Summary: Datapath Resource usage 
============================================================
N/A
