

================================================================
== Vitis HLS Report for 'dataflow_in_loop_LOOP_S'
================================================================
* Date:           Fri Jan 14 19:05:39 2022

* Version:        2020.1 (Build 2902540 on Wed May 27 20:16:15 MDT 2020)
* Project:        Systolic_Array_PCNN_based
* Solution:       solution1 (Vivado IP Flow Target)
* Product family: virtexuplus
* Target device:  xcu200-fsgd2104-2-e


================================================================
== Performance Estimates
================================================================
+ Timing: 
    * Summary: 
    +--------+----------+----------+------------+
    |  Clock |  Target  | Estimated| Uncertainty|
    +--------+----------+----------+------------+
    |ap_clk  | 10.00 ns | 6.803 ns |   2.70 ns  |
    +--------+----------+----------+------------+

+ Latency: 
    * Summary: 
    +---------+---------+----------+----------+-----+-----+----------+
    |  Latency (cycles) |  Latency (absolute) |  Interval | Pipeline |
    |   min   |   max   |    min   |    max   | min | max |   Type   |
    +---------+---------+----------+----------+-----+-----+----------+
    |       57|      119| 0.570 us | 1.190 us |   55|   64| dataflow |
    +---------+---------+----------+----------+-----+-----+----------+

    + Detail: 
        * Instance: 
        N/A

        * Loop: 
        N/A

============================================================
+ Verbose Summary: Synthesis Manager
============================================================
InlineROM: 1
ExposeGlobal: 0
============================================================
+ Verbose Summary: CDFG Model
============================================================
IsTopModel: 0
ResetActiveHigh: 1
IsCombinational: 2
IsDatapathOnly: 0
HasWiredReturn: 1
HasMFsm: 0
HasVarLatency: 1
IsPipeline: 0
IsRtlPipelined: 0
IsInstanceOverlapped: 0
IsDontTouch: 0
HasImplIP: 0
IsGatedGlobalClock: 0


============================================================
+ Verbose Summary: Schedule
============================================================
* Number of FSM states : 5
* Pipeline : 0
* Dataflow Pipeline: 1
  DF-Pipeline-0: Size = 5, States = { 1 2 3 4 5 }

* FSM state transitions: 
1 --> 2 
2 --> 3 
3 --> 4 
4 --> 5 
5 --> 

* FSM state operations: 

State 1 <SV = 0> <Delay = 1.45>
ST_1 : Operation 6 [1/1] (0.00ns)   --->   "%p_read_11 = read i10 @_ssdm_op_Read.ap_auto.i10, i10 %p_read3" [Systolic_Array_PCNN_based/conv_sysarr_dbbuf.cpp:301]   --->   Operation 6 'read' 'p_read_11' <Predicate = true> <Delay = 0.00>
ST_1 : Operation 7 [1/1] (0.00ns)   --->   "%p_read210 = read i32 @_ssdm_op_Read.ap_auto.i32, i32 %p_read2" [Systolic_Array_PCNN_based/conv_sysarr_dbbuf.cpp:301]   --->   Operation 7 'read' 'p_read210' <Predicate = true> <Delay = 0.00>
ST_1 : Operation 8 [1/1] (0.00ns)   --->   "%s_read = read i32 @_ssdm_op_Read.ap_auto.i32, i32 %s" [Systolic_Array_PCNN_based/conv_sysarr_dbbuf.cpp:301]   --->   Operation 8 'read' 's_read' <Predicate = true> <Delay = 0.00>
ST_1 : Operation 9 [1/1] (0.00ns)   --->   "%r_read = read i11 @_ssdm_op_Read.ap_auto.i11, i11 %r" [Systolic_Array_PCNN_based/conv_sysarr_dbbuf.cpp:301]   --->   Operation 9 'read' 'r_read' <Predicate = true> <Delay = 0.00>
ST_1 : Operation 10 [1/1] (0.00ns)   --->   "%co_2_read = read i10 @_ssdm_op_Read.ap_auto.i10, i10 %co_2" [Systolic_Array_PCNN_based/conv_sysarr_dbbuf.cpp:301]   --->   Operation 10 'read' 'co_2_read' <Predicate = true> <Delay = 0.00>
ST_1 : Operation 11 [1/1] (0.00ns)   --->   "%ko_1_read = read i9 @_ssdm_op_Read.ap_auto.i9, i9 %ko_1" [Systolic_Array_PCNN_based/conv_sysarr_dbbuf.cpp:301]   --->   Operation 11 'read' 'ko_1_read' <Predicate = true> <Delay = 0.00>
ST_1 : Operation 12 [1/1] (0.00ns)   --->   "%p_read15 = read i11 @_ssdm_op_Read.ap_auto.i11, i11 %p_read1" [Systolic_Array_PCNN_based/conv_sysarr_dbbuf.cpp:301]   --->   Operation 12 'read' 'p_read15' <Predicate = true> <Delay = 0.00>
ST_1 : Operation 13 [1/1] (0.00ns)   --->   "%p_read_12 = read i11 @_ssdm_op_Read.ap_auto.i11, i11 %p_read" [Systolic_Array_PCNN_based/conv_sysarr_dbbuf.cpp:301]   --->   Operation 13 'read' 'p_read_12' <Predicate = true> <Delay = 0.00>
ST_1 : Operation 14 [1/1] (0.00ns)   --->   "%ko_1_c8 = alloca i64" [Systolic_Array_PCNN_based/conv_sysarr_dbbuf.cpp:301]   --->   Operation 14 'alloca' 'ko_1_c8' <Predicate = true> <Delay = 0.00> <CoreInst = "FIFO_SRL">   --->   Core 21 'FIFO_SRL' <Latency = 0> <II = 1> <Delay = 1.45> <Storage> <Opcode : 'read' 'write' 'nbread' 'nbwrite'> <Ports = 0> <Width = 9> <Depth = 2> <FIFO>
ST_1 : Operation 15 [1/1] (0.00ns)   --->   "%p_c7 = alloca i64" [Systolic_Array_PCNN_based/conv_sysarr_dbbuf.cpp:301]   --->   Operation 15 'alloca' 'p_c7' <Predicate = true> <Delay = 0.00> <CoreInst = "FIFO_SRL">   --->   Core 21 'FIFO_SRL' <Latency = 0> <II = 1> <Delay = 1.45> <Storage> <Opcode : 'read' 'write' 'nbread' 'nbwrite'> <Ports = 0> <Width = 10> <Depth = 2> <FIFO>
ST_1 : Operation 16 [1/1] (0.00ns)   --->   "%p_c6 = alloca i64" [Systolic_Array_PCNN_based/conv_sysarr_dbbuf.cpp:301]   --->   Operation 16 'alloca' 'p_c6' <Predicate = true> <Delay = 0.00> <CoreInst = "FIFO_SRL">   --->   Core 21 'FIFO_SRL' <Latency = 0> <II = 1> <Delay = 1.45> <Storage> <Opcode : 'read' 'write' 'nbread' 'nbwrite'> <Ports = 0> <Width = 32> <Depth = 3> <FIFO>
ST_1 : Operation 17 [1/1] (0.00ns)   --->   "%p_c5 = alloca i64" [Systolic_Array_PCNN_based/conv_sysarr_dbbuf.cpp:301]   --->   Operation 17 'alloca' 'p_c5' <Predicate = true> <Delay = 0.00> <CoreInst = "FIFO_SRL">   --->   Core 21 'FIFO_SRL' <Latency = 0> <II = 1> <Delay = 1.45> <Storage> <Opcode : 'read' 'write' 'nbread' 'nbwrite'> <Ports = 0> <Width = 32> <Depth = 2> <FIFO>
ST_1 : Operation 18 [1/1] (0.00ns)   --->   "%s_c4 = alloca i64" [Systolic_Array_PCNN_based/conv_sysarr_dbbuf.cpp:301]   --->   Operation 18 'alloca' 's_c4' <Predicate = true> <Delay = 0.00> <CoreInst = "FIFO_SRL">   --->   Core 21 'FIFO_SRL' <Latency = 0> <II = 1> <Delay = 1.45> <Storage> <Opcode : 'read' 'write' 'nbread' 'nbwrite'> <Ports = 0> <Width = 10> <Depth = 2> <FIFO>
ST_1 : Operation 19 [1/1] (0.00ns)   --->   "%s_c = alloca i64" [Systolic_Array_PCNN_based/conv_sysarr_dbbuf.cpp:301]   --->   Operation 19 'alloca' 's_c' <Predicate = true> <Delay = 0.00> <CoreInst = "FIFO_SRL">   --->   Core 21 'FIFO_SRL' <Latency = 0> <II = 1> <Delay = 1.45> <Storage> <Opcode : 'read' 'write' 'nbread' 'nbwrite'> <Ports = 0> <Width = 11> <Depth = 2> <FIFO>
ST_1 : Operation 20 [1/1] (0.00ns)   --->   "%r_c3 = alloca i64" [Systolic_Array_PCNN_based/conv_sysarr_dbbuf.cpp:301]   --->   Operation 20 'alloca' 'r_c3' <Predicate = true> <Delay = 0.00> <CoreInst = "FIFO_SRL">   --->   Core 21 'FIFO_SRL' <Latency = 0> <II = 1> <Delay = 1.45> <Storage> <Opcode : 'read' 'write' 'nbread' 'nbwrite'> <Ports = 0> <Width = 10> <Depth = 2> <FIFO>
ST_1 : Operation 21 [1/1] (0.00ns)   --->   "%r_c = alloca i64" [Systolic_Array_PCNN_based/conv_sysarr_dbbuf.cpp:301]   --->   Operation 21 'alloca' 'r_c' <Predicate = true> <Delay = 0.00> <CoreInst = "FIFO_SRL">   --->   Core 21 'FIFO_SRL' <Latency = 0> <II = 1> <Delay = 1.45> <Storage> <Opcode : 'read' 'write' 'nbread' 'nbwrite'> <Ports = 0> <Width = 11> <Depth = 2> <FIFO>
ST_1 : Operation 22 [1/1] (0.00ns)   --->   "%co_2_c2 = alloca i64" [Systolic_Array_PCNN_based/conv_sysarr_dbbuf.cpp:301]   --->   Operation 22 'alloca' 'co_2_c2' <Predicate = true> <Delay = 0.00> <CoreInst = "FIFO_SRL">   --->   Core 21 'FIFO_SRL' <Latency = 0> <II = 1> <Delay = 1.45> <Storage> <Opcode : 'read' 'write' 'nbread' 'nbwrite'> <Ports = 0> <Width = 10> <Depth = 2> <FIFO>
ST_1 : Operation 23 [1/1] (0.00ns)   --->   "%co_2_c = alloca i64" [Systolic_Array_PCNN_based/conv_sysarr_dbbuf.cpp:301]   --->   Operation 23 'alloca' 'co_2_c' <Predicate = true> <Delay = 0.00> <CoreInst = "FIFO_SRL">   --->   Core 21 'FIFO_SRL' <Latency = 0> <II = 1> <Delay = 1.45> <Storage> <Opcode : 'read' 'write' 'nbread' 'nbwrite'> <Ports = 0> <Width = 9> <Depth = 2> <FIFO>
ST_1 : Operation 24 [1/1] (0.00ns)   --->   "%ko_1_c = alloca i64" [Systolic_Array_PCNN_based/conv_sysarr_dbbuf.cpp:301]   --->   Operation 24 'alloca' 'ko_1_c' <Predicate = true> <Delay = 0.00> <CoreInst = "FIFO_SRL">   --->   Core 21 'FIFO_SRL' <Latency = 0> <II = 1> <Delay = 1.45> <Storage> <Opcode : 'read' 'write' 'nbread' 'nbwrite'> <Ports = 0> <Width = 9> <Depth = 2> <FIFO>
ST_1 : Operation 25 [1/1] (0.00ns)   --->   "%p_c1 = alloca i64" [Systolic_Array_PCNN_based/conv_sysarr_dbbuf.cpp:301]   --->   Operation 25 'alloca' 'p_c1' <Predicate = true> <Delay = 0.00> <CoreInst = "FIFO_SRL">   --->   Core 21 'FIFO_SRL' <Latency = 0> <II = 1> <Delay = 1.45> <Storage> <Opcode : 'read' 'write' 'nbread' 'nbwrite'> <Ports = 0> <Width = 11> <Depth = 2> <FIFO>
ST_1 : Operation 26 [1/1] (0.00ns)   --->   "%p_c = alloca i64" [Systolic_Array_PCNN_based/conv_sysarr_dbbuf.cpp:301]   --->   Operation 26 'alloca' 'p_c' <Predicate = true> <Delay = 0.00> <CoreInst = "FIFO_SRL">   --->   Core 21 'FIFO_SRL' <Latency = 0> <II = 1> <Delay = 1.45> <Storage> <Opcode : 'read' 'write' 'nbread' 'nbwrite'> <Ports = 0> <Width = 11> <Depth = 2> <FIFO>
ST_1 : Operation 27 [1/1] (0.00ns)   --->   "%data_l1buf_0 = alloca i64" [Systolic_Array_PCNN_based/conv_sysarr_dbbuf.cpp:296]   --->   Operation 27 'alloca' 'data_l1buf_0' <Predicate = true> <Delay = 0.00>
ST_1 : Operation 28 [1/1] (0.00ns)   --->   "%data_l1buf_1 = alloca i64" [Systolic_Array_PCNN_based/conv_sysarr_dbbuf.cpp:296]   --->   Operation 28 'alloca' 'data_l1buf_1' <Predicate = true> <Delay = 0.00>
ST_1 : Operation 29 [1/1] (0.00ns)   --->   "%data_l1buf_2 = alloca i64" [Systolic_Array_PCNN_based/conv_sysarr_dbbuf.cpp:296]   --->   Operation 29 'alloca' 'data_l1buf_2' <Predicate = true> <Delay = 0.00>
ST_1 : Operation 30 [1/1] (0.00ns)   --->   "%data_l1buf_3 = alloca i64" [Systolic_Array_PCNN_based/conv_sysarr_dbbuf.cpp:296]   --->   Operation 30 'alloca' 'data_l1buf_3' <Predicate = true> <Delay = 0.00>
ST_1 : Operation 31 [1/1] (1.45ns)   --->   "%call_ln301 = call void @dataflow_in_loop_LOOP_S.entry17, i11 %p_read_12, i11 %p_read15, i9 %ko_1_read, i10 %co_2_read, i11 %r_read, i32 %s_read, i32 %p_read210, i10 %p_read_11, i11 %p_c, i11 %p_c1, i9 %ko_1_c, i9 %co_2_c, i10 %co_2_c2, i11 %r_c, i10 %r_c3, i11 %s_c, i10 %s_c4, i32 %p_c5, i32 %p_c6, i10 %p_c7" [Systolic_Array_PCNN_based/conv_sysarr_dbbuf.cpp:301]   --->   Operation 31 'call' 'call_ln301' <Predicate = true> <Delay = 1.45> <CoreType = "Generic">   --->   Core 0 '' <Latency = 0> <II = 1> <Delay = 1.00> <Generic> <Opcode : >

State 2 <SV = 1> <Delay = 0.00>
ST_2 : Operation 32 [2/2] (0.00ns)   --->   "%call_ret = call i128 @runWeight2Reg, i11 %p_c, i11 %p_c1, i9 %ko_1_c, i9 %co_2_c, i11 %r_c, i11 %s_c, i9 %ko_1_c8, i8 %weight_l2_0, i8 %weight_l2_1, i8 %weight_l2_2, i8 %weight_l2_3, void %call_ln301, void %call_ln301" [Systolic_Array_PCNN_based/conv_sysarr_dbbuf.cpp:315]   --->   Operation 32 'call' 'call_ret' <Predicate = true> <Delay = 0.00> <CoreType = "Generic">   --->   Core 0 '' <Latency = 0> <II = 1> <Delay = 1.00> <Generic> <Opcode : >
ST_2 : Operation 33 [2/2] (0.00ns)   --->   "%call_ln318 = call void @runL2toL1, i8 %data_l1buf_0, i8 %data_l1buf_1, i8 %data_l1buf_2, i8 %data_l1buf_3, i32 %p_c5, i10 %co_2_c2, i10 %r_c3, i10 %s_c4, i10 %p_c7, i8 %data_l2_0, i8 %data_l2_1, i8 %data_l2_2, i8 %data_l2_3, void %call_ln301" [Systolic_Array_PCNN_based/conv_sysarr_dbbuf.cpp:318]   --->   Operation 33 'call' 'call_ln318' <Predicate = true> <Delay = 0.00> <CoreType = "Generic">   --->   Core 0 '' <Latency = 0> <II = 1> <Delay = 1.00> <Generic> <Opcode : >

State 3 <SV = 2> <Delay = 0.00>
ST_3 : Operation 34 [1/2] (0.00ns)   --->   "%call_ret = call i128 @runWeight2Reg, i11 %p_c, i11 %p_c1, i9 %ko_1_c, i9 %co_2_c, i11 %r_c, i11 %s_c, i9 %ko_1_c8, i8 %weight_l2_0, i8 %weight_l2_1, i8 %weight_l2_2, i8 %weight_l2_3, void %call_ln301, void %call_ln301" [Systolic_Array_PCNN_based/conv_sysarr_dbbuf.cpp:315]   --->   Operation 34 'call' 'call_ret' <Predicate = true> <Delay = 0.00> <CoreType = "Generic">   --->   Core 0 '' <Latency = 0> <II = 1> <Delay = 1.00> <Generic> <Opcode : >
ST_3 : Operation 35 [1/1] (0.00ns)   --->   "%weight_regfile_0_0 = extractvalue i128 %call_ret" [Systolic_Array_PCNN_based/conv_sysarr_dbbuf.cpp:315]   --->   Operation 35 'extractvalue' 'weight_regfile_0_0' <Predicate = true> <Delay = 0.00> <CoreInst = "FIFO_SRL">   --->   Core 21 'FIFO_SRL' <Latency = 0> <II = 1> <Delay = 1.45> <Storage> <Opcode : 'read' 'write' 'nbread' 'nbwrite'> <Ports = 0> <Width = 8> <Depth = 2> <FIFO>
ST_3 : Operation 36 [1/1] (0.00ns)   --->   "%weight_regfile_0_1 = extractvalue i128 %call_ret" [Systolic_Array_PCNN_based/conv_sysarr_dbbuf.cpp:315]   --->   Operation 36 'extractvalue' 'weight_regfile_0_1' <Predicate = true> <Delay = 0.00> <CoreInst = "FIFO_SRL">   --->   Core 21 'FIFO_SRL' <Latency = 0> <II = 1> <Delay = 1.45> <Storage> <Opcode : 'read' 'write' 'nbread' 'nbwrite'> <Ports = 0> <Width = 8> <Depth = 2> <FIFO>
ST_3 : Operation 37 [1/1] (0.00ns)   --->   "%weight_regfile_0_2 = extractvalue i128 %call_ret" [Systolic_Array_PCNN_based/conv_sysarr_dbbuf.cpp:315]   --->   Operation 37 'extractvalue' 'weight_regfile_0_2' <Predicate = true> <Delay = 0.00> <CoreInst = "FIFO_SRL">   --->   Core 21 'FIFO_SRL' <Latency = 0> <II = 1> <Delay = 1.45> <Storage> <Opcode : 'read' 'write' 'nbread' 'nbwrite'> <Ports = 0> <Width = 8> <Depth = 2> <FIFO>
ST_3 : Operation 38 [1/1] (0.00ns)   --->   "%weight_regfile_0_3 = extractvalue i128 %call_ret" [Systolic_Array_PCNN_based/conv_sysarr_dbbuf.cpp:315]   --->   Operation 38 'extractvalue' 'weight_regfile_0_3' <Predicate = true> <Delay = 0.00> <CoreInst = "FIFO_SRL">   --->   Core 21 'FIFO_SRL' <Latency = 0> <II = 1> <Delay = 1.45> <Storage> <Opcode : 'read' 'write' 'nbread' 'nbwrite'> <Ports = 0> <Width = 8> <Depth = 2> <FIFO>
ST_3 : Operation 39 [1/1] (0.00ns)   --->   "%weight_regfile_1_0 = extractvalue i128 %call_ret" [Systolic_Array_PCNN_based/conv_sysarr_dbbuf.cpp:315]   --->   Operation 39 'extractvalue' 'weight_regfile_1_0' <Predicate = true> <Delay = 0.00> <CoreInst = "FIFO_SRL">   --->   Core 21 'FIFO_SRL' <Latency = 0> <II = 1> <Delay = 1.45> <Storage> <Opcode : 'read' 'write' 'nbread' 'nbwrite'> <Ports = 0> <Width = 8> <Depth = 2> <FIFO>
ST_3 : Operation 40 [1/1] (0.00ns)   --->   "%weight_regfile_1_1 = extractvalue i128 %call_ret" [Systolic_Array_PCNN_based/conv_sysarr_dbbuf.cpp:315]   --->   Operation 40 'extractvalue' 'weight_regfile_1_1' <Predicate = true> <Delay = 0.00> <CoreInst = "FIFO_SRL">   --->   Core 21 'FIFO_SRL' <Latency = 0> <II = 1> <Delay = 1.45> <Storage> <Opcode : 'read' 'write' 'nbread' 'nbwrite'> <Ports = 0> <Width = 8> <Depth = 2> <FIFO>
ST_3 : Operation 41 [1/1] (0.00ns)   --->   "%weight_regfile_1_2 = extractvalue i128 %call_ret" [Systolic_Array_PCNN_based/conv_sysarr_dbbuf.cpp:315]   --->   Operation 41 'extractvalue' 'weight_regfile_1_2' <Predicate = true> <Delay = 0.00> <CoreInst = "FIFO_SRL">   --->   Core 21 'FIFO_SRL' <Latency = 0> <II = 1> <Delay = 1.45> <Storage> <Opcode : 'read' 'write' 'nbread' 'nbwrite'> <Ports = 0> <Width = 8> <Depth = 2> <FIFO>
ST_3 : Operation 42 [1/1] (0.00ns)   --->   "%weight_regfile_1_3 = extractvalue i128 %call_ret" [Systolic_Array_PCNN_based/conv_sysarr_dbbuf.cpp:315]   --->   Operation 42 'extractvalue' 'weight_regfile_1_3' <Predicate = true> <Delay = 0.00> <CoreInst = "FIFO_SRL">   --->   Core 21 'FIFO_SRL' <Latency = 0> <II = 1> <Delay = 1.45> <Storage> <Opcode : 'read' 'write' 'nbread' 'nbwrite'> <Ports = 0> <Width = 8> <Depth = 2> <FIFO>
ST_3 : Operation 43 [1/1] (0.00ns)   --->   "%weight_regfile_2_0 = extractvalue i128 %call_ret" [Systolic_Array_PCNN_based/conv_sysarr_dbbuf.cpp:315]   --->   Operation 43 'extractvalue' 'weight_regfile_2_0' <Predicate = true> <Delay = 0.00> <CoreInst = "FIFO_SRL">   --->   Core 21 'FIFO_SRL' <Latency = 0> <II = 1> <Delay = 1.45> <Storage> <Opcode : 'read' 'write' 'nbread' 'nbwrite'> <Ports = 0> <Width = 8> <Depth = 2> <FIFO>
ST_3 : Operation 44 [1/1] (0.00ns)   --->   "%weight_regfile_2_1 = extractvalue i128 %call_ret" [Systolic_Array_PCNN_based/conv_sysarr_dbbuf.cpp:315]   --->   Operation 44 'extractvalue' 'weight_regfile_2_1' <Predicate = true> <Delay = 0.00> <CoreInst = "FIFO_SRL">   --->   Core 21 'FIFO_SRL' <Latency = 0> <II = 1> <Delay = 1.45> <Storage> <Opcode : 'read' 'write' 'nbread' 'nbwrite'> <Ports = 0> <Width = 8> <Depth = 2> <FIFO>
ST_3 : Operation 45 [1/1] (0.00ns)   --->   "%weight_regfile_2_2 = extractvalue i128 %call_ret" [Systolic_Array_PCNN_based/conv_sysarr_dbbuf.cpp:315]   --->   Operation 45 'extractvalue' 'weight_regfile_2_2' <Predicate = true> <Delay = 0.00> <CoreInst = "FIFO_SRL">   --->   Core 21 'FIFO_SRL' <Latency = 0> <II = 1> <Delay = 1.45> <Storage> <Opcode : 'read' 'write' 'nbread' 'nbwrite'> <Ports = 0> <Width = 8> <Depth = 2> <FIFO>
ST_3 : Operation 46 [1/1] (0.00ns)   --->   "%weight_regfile_2_3 = extractvalue i128 %call_ret" [Systolic_Array_PCNN_based/conv_sysarr_dbbuf.cpp:315]   --->   Operation 46 'extractvalue' 'weight_regfile_2_3' <Predicate = true> <Delay = 0.00> <CoreInst = "FIFO_SRL">   --->   Core 21 'FIFO_SRL' <Latency = 0> <II = 1> <Delay = 1.45> <Storage> <Opcode : 'read' 'write' 'nbread' 'nbwrite'> <Ports = 0> <Width = 8> <Depth = 2> <FIFO>
ST_3 : Operation 47 [1/1] (0.00ns)   --->   "%weight_regfile_3_0 = extractvalue i128 %call_ret" [Systolic_Array_PCNN_based/conv_sysarr_dbbuf.cpp:315]   --->   Operation 47 'extractvalue' 'weight_regfile_3_0' <Predicate = true> <Delay = 0.00> <CoreInst = "FIFO_SRL">   --->   Core 21 'FIFO_SRL' <Latency = 0> <II = 1> <Delay = 1.45> <Storage> <Opcode : 'read' 'write' 'nbread' 'nbwrite'> <Ports = 0> <Width = 8> <Depth = 2> <FIFO>
ST_3 : Operation 48 [1/1] (0.00ns)   --->   "%weight_regfile_3_1 = extractvalue i128 %call_ret" [Systolic_Array_PCNN_based/conv_sysarr_dbbuf.cpp:315]   --->   Operation 48 'extractvalue' 'weight_regfile_3_1' <Predicate = true> <Delay = 0.00> <CoreInst = "FIFO_SRL">   --->   Core 21 'FIFO_SRL' <Latency = 0> <II = 1> <Delay = 1.45> <Storage> <Opcode : 'read' 'write' 'nbread' 'nbwrite'> <Ports = 0> <Width = 8> <Depth = 2> <FIFO>
ST_3 : Operation 49 [1/1] (0.00ns)   --->   "%weight_regfile_3_2 = extractvalue i128 %call_ret" [Systolic_Array_PCNN_based/conv_sysarr_dbbuf.cpp:315]   --->   Operation 49 'extractvalue' 'weight_regfile_3_2' <Predicate = true> <Delay = 0.00> <CoreInst = "FIFO_SRL">   --->   Core 21 'FIFO_SRL' <Latency = 0> <II = 1> <Delay = 1.45> <Storage> <Opcode : 'read' 'write' 'nbread' 'nbwrite'> <Ports = 0> <Width = 8> <Depth = 2> <FIFO>
ST_3 : Operation 50 [1/1] (0.00ns)   --->   "%weight_regfile_3_3 = extractvalue i128 %call_ret" [Systolic_Array_PCNN_based/conv_sysarr_dbbuf.cpp:315]   --->   Operation 50 'extractvalue' 'weight_regfile_3_3' <Predicate = true> <Delay = 0.00> <CoreInst = "FIFO_SRL">   --->   Core 21 'FIFO_SRL' <Latency = 0> <II = 1> <Delay = 1.45> <Storage> <Opcode : 'read' 'write' 'nbread' 'nbwrite'> <Ports = 0> <Width = 8> <Depth = 2> <FIFO>
ST_3 : Operation 51 [1/2] (0.00ns)   --->   "%call_ln318 = call void @runL2toL1, i8 %data_l1buf_0, i8 %data_l1buf_1, i8 %data_l1buf_2, i8 %data_l1buf_3, i32 %p_c5, i10 %co_2_c2, i10 %r_c3, i10 %s_c4, i10 %p_c7, i8 %data_l2_0, i8 %data_l2_1, i8 %data_l2_2, i8 %data_l2_3, void %call_ln301" [Systolic_Array_PCNN_based/conv_sysarr_dbbuf.cpp:318]   --->   Operation 51 'call' 'call_ln318' <Predicate = true> <Delay = 0.00> <CoreType = "Generic">   --->   Core 0 '' <Latency = 0> <II = 1> <Delay = 1.00> <Generic> <Opcode : >

State 4 <SV = 3> <Delay = 0.00>
ST_4 : Operation 52 [2/2] (0.00ns)   --->   "%call_ln321 = call void @runSysArr, i8 %weight_regfile_0_0, i8 %weight_regfile_0_1, i8 %weight_regfile_0_2, i8 %weight_regfile_0_3, i8 %weight_regfile_1_0, i8 %weight_regfile_1_1, i8 %weight_regfile_1_2, i8 %weight_regfile_1_3, i8 %weight_regfile_2_0, i8 %weight_regfile_2_1, i8 %weight_regfile_2_2, i8 %weight_regfile_2_3, i8 %weight_regfile_3_0, i8 %weight_regfile_3_1, i8 %weight_regfile_3_2, i8 %weight_regfile_3_3, i8 %data_l1buf_0, i8 %data_l1buf_1, i8 %data_l1buf_2, i8 %data_l1buf_3, i32 %p_c6, i9 %ko_1_c8, i32 %output_l1_3, i32 %output_l1_2, i32 %output_l1_1, i32 %output_l1_0, void %call_ln318, i128 %call_ret, i128 %call_ret, i128 %call_ret" [Systolic_Array_PCNN_based/conv_sysarr_dbbuf.cpp:321]   --->   Operation 52 'call' 'call_ln321' <Predicate = true> <Delay = 0.00> <CoreType = "Generic">   --->   Core 0 '' <Latency = 0> <II = 1> <Delay = 1.00> <Generic> <Opcode : >

State 5 <SV = 4> <Delay = 0.00>
ST_5 : Operation 53 [1/1] (0.00ns)   --->   "%specdataflowpipeline_ln301 = specdataflowpipeline void @_ssdm_op_SpecDataflowPipeline, i32, i32, void @empty_0" [Systolic_Array_PCNN_based/conv_sysarr_dbbuf.cpp:301]   --->   Operation 53 'specdataflowpipeline' 'specdataflowpipeline_ln301' <Predicate = true> <Delay = 0.00>
ST_5 : Operation 54 [1/1] (0.00ns)   --->   "%empty = specchannel i32 @_ssdm_op_SpecChannel, void @p_c_str, i32, void @p_str, void @p_str, i32, i32, i11 %p_c, i11 %p_c" [Systolic_Array_PCNN_based/conv_sysarr_dbbuf.cpp:301]   --->   Operation 54 'specchannel' 'empty' <Predicate = true> <Delay = 0.00>
ST_5 : Operation 55 [1/1] (0.00ns)   --->   "%specinterface_ln301 = specinterface void @_ssdm_op_SpecInterface, i11 %p_c, void @ap_fifo_str, i32, i32, void @p_str, i32, i32, void @p_str, void @p_str, void @p_str, i32, i32, i32, i32, void @p_str, void @p_str" [Systolic_Array_PCNN_based/conv_sysarr_dbbuf.cpp:301]   --->   Operation 55 'specinterface' 'specinterface_ln301' <Predicate = true> <Delay = 0.00>
ST_5 : Operation 56 [1/1] (0.00ns)   --->   "%empty_48 = specchannel i32 @_ssdm_op_SpecChannel, void @p_c1_str, i32, void @p_str, void @p_str, i32, i32, i11 %p_c1, i11 %p_c1" [Systolic_Array_PCNN_based/conv_sysarr_dbbuf.cpp:301]   --->   Operation 56 'specchannel' 'empty_48' <Predicate = true> <Delay = 0.00>
ST_5 : Operation 57 [1/1] (0.00ns)   --->   "%specinterface_ln301 = specinterface void @_ssdm_op_SpecInterface, i11 %p_c1, void @ap_fifo_str, i32, i32, void @p_str, i32, i32, void @p_str, void @p_str, void @p_str, i32, i32, i32, i32, void @p_str, void @p_str" [Systolic_Array_PCNN_based/conv_sysarr_dbbuf.cpp:301]   --->   Operation 57 'specinterface' 'specinterface_ln301' <Predicate = true> <Delay = 0.00>
ST_5 : Operation 58 [1/1] (0.00ns)   --->   "%empty_49 = specchannel i32 @_ssdm_op_SpecChannel, void @ko_OC_1_c_str, i32, void @p_str, void @p_str, i32, i32, i9 %ko_1_c, i9 %ko_1_c" [Systolic_Array_PCNN_based/conv_sysarr_dbbuf.cpp:301]   --->   Operation 58 'specchannel' 'empty_49' <Predicate = true> <Delay = 0.00>
ST_5 : Operation 59 [1/1] (0.00ns)   --->   "%specinterface_ln301 = specinterface void @_ssdm_op_SpecInterface, i9 %ko_1_c, void @ap_fifo_str, i32, i32, void @p_str, i32, i32, void @p_str, void @p_str, void @p_str, i32, i32, i32, i32, void @p_str, void @p_str" [Systolic_Array_PCNN_based/conv_sysarr_dbbuf.cpp:301]   --->   Operation 59 'specinterface' 'specinterface_ln301' <Predicate = true> <Delay = 0.00>
ST_5 : Operation 60 [1/1] (0.00ns)   --->   "%empty_50 = specchannel i32 @_ssdm_op_SpecChannel, void @co_OC_2_c_str, i32, void @p_str, void @p_str, i32, i32, i9 %co_2_c, i9 %co_2_c" [Systolic_Array_PCNN_based/conv_sysarr_dbbuf.cpp:301]   --->   Operation 60 'specchannel' 'empty_50' <Predicate = true> <Delay = 0.00>
ST_5 : Operation 61 [1/1] (0.00ns)   --->   "%specinterface_ln301 = specinterface void @_ssdm_op_SpecInterface, i9 %co_2_c, void @ap_fifo_str, i32, i32, void @p_str, i32, i32, void @p_str, void @p_str, void @p_str, i32, i32, i32, i32, void @p_str, void @p_str" [Systolic_Array_PCNN_based/conv_sysarr_dbbuf.cpp:301]   --->   Operation 61 'specinterface' 'specinterface_ln301' <Predicate = true> <Delay = 0.00>
ST_5 : Operation 62 [1/1] (0.00ns)   --->   "%empty_51 = specchannel i32 @_ssdm_op_SpecChannel, void @co_OC_2_c2_str, i32, void @p_str, void @p_str, i32, i32, i10 %co_2_c2, i10 %co_2_c2" [Systolic_Array_PCNN_based/conv_sysarr_dbbuf.cpp:301]   --->   Operation 62 'specchannel' 'empty_51' <Predicate = true> <Delay = 0.00>
ST_5 : Operation 63 [1/1] (0.00ns)   --->   "%specinterface_ln301 = specinterface void @_ssdm_op_SpecInterface, i10 %co_2_c2, void @ap_fifo_str, i32, i32, void @p_str, i32, i32, void @p_str, void @p_str, void @p_str, i32, i32, i32, i32, void @p_str, void @p_str" [Systolic_Array_PCNN_based/conv_sysarr_dbbuf.cpp:301]   --->   Operation 63 'specinterface' 'specinterface_ln301' <Predicate = true> <Delay = 0.00>
ST_5 : Operation 64 [1/1] (0.00ns)   --->   "%empty_52 = specchannel i32 @_ssdm_op_SpecChannel, void @r_c_str, i32, void @p_str, void @p_str, i32, i32, i11 %r_c, i11 %r_c" [Systolic_Array_PCNN_based/conv_sysarr_dbbuf.cpp:301]   --->   Operation 64 'specchannel' 'empty_52' <Predicate = true> <Delay = 0.00>
ST_5 : Operation 65 [1/1] (0.00ns)   --->   "%specinterface_ln301 = specinterface void @_ssdm_op_SpecInterface, i11 %r_c, void @ap_fifo_str, i32, i32, void @p_str, i32, i32, void @p_str, void @p_str, void @p_str, i32, i32, i32, i32, void @p_str, void @p_str" [Systolic_Array_PCNN_based/conv_sysarr_dbbuf.cpp:301]   --->   Operation 65 'specinterface' 'specinterface_ln301' <Predicate = true> <Delay = 0.00>
ST_5 : Operation 66 [1/1] (0.00ns)   --->   "%empty_53 = specchannel i32 @_ssdm_op_SpecChannel, void @r_c3_str, i32, void @p_str, void @p_str, i32, i32, i10 %r_c3, i10 %r_c3" [Systolic_Array_PCNN_based/conv_sysarr_dbbuf.cpp:301]   --->   Operation 66 'specchannel' 'empty_53' <Predicate = true> <Delay = 0.00>
ST_5 : Operation 67 [1/1] (0.00ns)   --->   "%specinterface_ln301 = specinterface void @_ssdm_op_SpecInterface, i10 %r_c3, void @ap_fifo_str, i32, i32, void @p_str, i32, i32, void @p_str, void @p_str, void @p_str, i32, i32, i32, i32, void @p_str, void @p_str" [Systolic_Array_PCNN_based/conv_sysarr_dbbuf.cpp:301]   --->   Operation 67 'specinterface' 'specinterface_ln301' <Predicate = true> <Delay = 0.00>
ST_5 : Operation 68 [1/1] (0.00ns)   --->   "%empty_54 = specchannel i32 @_ssdm_op_SpecChannel, void @s_c_str, i32, void @p_str, void @p_str, i32, i32, i11 %s_c, i11 %s_c" [Systolic_Array_PCNN_based/conv_sysarr_dbbuf.cpp:301]   --->   Operation 68 'specchannel' 'empty_54' <Predicate = true> <Delay = 0.00>
ST_5 : Operation 69 [1/1] (0.00ns)   --->   "%specinterface_ln301 = specinterface void @_ssdm_op_SpecInterface, i11 %s_c, void @ap_fifo_str, i32, i32, void @p_str, i32, i32, void @p_str, void @p_str, void @p_str, i32, i32, i32, i32, void @p_str, void @p_str" [Systolic_Array_PCNN_based/conv_sysarr_dbbuf.cpp:301]   --->   Operation 69 'specinterface' 'specinterface_ln301' <Predicate = true> <Delay = 0.00>
ST_5 : Operation 70 [1/1] (0.00ns)   --->   "%empty_55 = specchannel i32 @_ssdm_op_SpecChannel, void @s_c4_str, i32, void @p_str, void @p_str, i32, i32, i10 %s_c4, i10 %s_c4" [Systolic_Array_PCNN_based/conv_sysarr_dbbuf.cpp:301]   --->   Operation 70 'specchannel' 'empty_55' <Predicate = true> <Delay = 0.00>
ST_5 : Operation 71 [1/1] (0.00ns)   --->   "%specinterface_ln301 = specinterface void @_ssdm_op_SpecInterface, i10 %s_c4, void @ap_fifo_str, i32, i32, void @p_str, i32, i32, void @p_str, void @p_str, void @p_str, i32, i32, i32, i32, void @p_str, void @p_str" [Systolic_Array_PCNN_based/conv_sysarr_dbbuf.cpp:301]   --->   Operation 71 'specinterface' 'specinterface_ln301' <Predicate = true> <Delay = 0.00>
ST_5 : Operation 72 [1/1] (0.00ns)   --->   "%empty_56 = specchannel i32 @_ssdm_op_SpecChannel, void @p_c5_str, i32, void @p_str, void @p_str, i32, i32, i32 %p_c5, i32 %p_c5" [Systolic_Array_PCNN_based/conv_sysarr_dbbuf.cpp:301]   --->   Operation 72 'specchannel' 'empty_56' <Predicate = true> <Delay = 0.00>
ST_5 : Operation 73 [1/1] (0.00ns)   --->   "%specinterface_ln301 = specinterface void @_ssdm_op_SpecInterface, i32 %p_c5, void @ap_fifo_str, i32, i32, void @p_str, i32, i32, void @p_str, void @p_str, void @p_str, i32, i32, i32, i32, void @p_str, void @p_str" [Systolic_Array_PCNN_based/conv_sysarr_dbbuf.cpp:301]   --->   Operation 73 'specinterface' 'specinterface_ln301' <Predicate = true> <Delay = 0.00>
ST_5 : Operation 74 [1/1] (0.00ns)   --->   "%empty_57 = specchannel i32 @_ssdm_op_SpecChannel, void @p_c6_str, i32, void @p_str, void @p_str, i32, i32, i32 %p_c6, i32 %p_c6" [Systolic_Array_PCNN_based/conv_sysarr_dbbuf.cpp:301]   --->   Operation 74 'specchannel' 'empty_57' <Predicate = true> <Delay = 0.00>
ST_5 : Operation 75 [1/1] (0.00ns)   --->   "%specinterface_ln301 = specinterface void @_ssdm_op_SpecInterface, i32 %p_c6, void @ap_fifo_str, i32, i32, void @p_str, i32, i32, void @p_str, void @p_str, void @p_str, i32, i32, i32, i32, void @p_str, void @p_str" [Systolic_Array_PCNN_based/conv_sysarr_dbbuf.cpp:301]   --->   Operation 75 'specinterface' 'specinterface_ln301' <Predicate = true> <Delay = 0.00>
ST_5 : Operation 76 [1/1] (0.00ns)   --->   "%empty_58 = specchannel i32 @_ssdm_op_SpecChannel, void @p_c7_str, i32, void @p_str, void @p_str, i32, i32, i10 %p_c7, i10 %p_c7" [Systolic_Array_PCNN_based/conv_sysarr_dbbuf.cpp:301]   --->   Operation 76 'specchannel' 'empty_58' <Predicate = true> <Delay = 0.00>
ST_5 : Operation 77 [1/1] (0.00ns)   --->   "%specinterface_ln301 = specinterface void @_ssdm_op_SpecInterface, i10 %p_c7, void @ap_fifo_str, i32, i32, void @p_str, i32, i32, void @p_str, void @p_str, void @p_str, i32, i32, i32, i32, void @p_str, void @p_str" [Systolic_Array_PCNN_based/conv_sysarr_dbbuf.cpp:301]   --->   Operation 77 'specinterface' 'specinterface_ln301' <Predicate = true> <Delay = 0.00>
ST_5 : Operation 78 [1/1] (0.00ns)   --->   "%empty_59 = specchannel i32 @_ssdm_op_SpecChannel, void @ko_OC_1_c8_str, i32, void @p_str, void @p_str, i32, i32, i9 %ko_1_c8, i9 %ko_1_c8" [Systolic_Array_PCNN_based/conv_sysarr_dbbuf.cpp:301]   --->   Operation 78 'specchannel' 'empty_59' <Predicate = true> <Delay = 0.00>
ST_5 : Operation 79 [1/1] (0.00ns)   --->   "%specinterface_ln301 = specinterface void @_ssdm_op_SpecInterface, i9 %ko_1_c8, void @ap_fifo_str, i32, i32, void @p_str, i32, i32, void @p_str, void @p_str, void @p_str, i32, i32, i32, i32, void @p_str, void @p_str" [Systolic_Array_PCNN_based/conv_sysarr_dbbuf.cpp:301]   --->   Operation 79 'specinterface' 'specinterface_ln301' <Predicate = true> <Delay = 0.00>
ST_5 : Operation 80 [1/2] (0.00ns)   --->   "%call_ln321 = call void @runSysArr, i8 %weight_regfile_0_0, i8 %weight_regfile_0_1, i8 %weight_regfile_0_2, i8 %weight_regfile_0_3, i8 %weight_regfile_1_0, i8 %weight_regfile_1_1, i8 %weight_regfile_1_2, i8 %weight_regfile_1_3, i8 %weight_regfile_2_0, i8 %weight_regfile_2_1, i8 %weight_regfile_2_2, i8 %weight_regfile_2_3, i8 %weight_regfile_3_0, i8 %weight_regfile_3_1, i8 %weight_regfile_3_2, i8 %weight_regfile_3_3, i8 %data_l1buf_0, i8 %data_l1buf_1, i8 %data_l1buf_2, i8 %data_l1buf_3, i32 %p_c6, i9 %ko_1_c8, i32 %output_l1_3, i32 %output_l1_2, i32 %output_l1_1, i32 %output_l1_0, void %call_ln318, i128 %call_ret, i128 %call_ret, i128 %call_ret" [Systolic_Array_PCNN_based/conv_sysarr_dbbuf.cpp:321]   --->   Operation 80 'call' 'call_ln321' <Predicate = true> <Delay = 0.00> <CoreType = "Generic">   --->   Core 0 '' <Latency = 0> <II = 1> <Delay = 1.00> <Generic> <Opcode : >
ST_5 : Operation 81 [1/1] (0.00ns)   --->   "%ret_ln321 = ret" [Systolic_Array_PCNN_based/conv_sysarr_dbbuf.cpp:321]   --->   Operation 81 'ret' 'ret_ln321' <Predicate = true> <Delay = 0.00>


============================================================
+ Verbose Summary: Timing violations
============================================================
Target clock period: 10ns, clock uncertainty: 2.7ns.

 <State 1>: 1.46ns
The critical path consists of the following:
	wire read on port 'p_read3' (Systolic_Array_PCNN_based/conv_sysarr_dbbuf.cpp:301) [24]  (0 ns)
	'call' operation ('call_ln301', Systolic_Array_PCNN_based/conv_sysarr_dbbuf.cpp:301) to 'dataflow_in_loop_LOOP_S.entry17' [74]  (1.46 ns)

 <State 2>: 0ns
The critical path consists of the following:

 <State 3>: 0ns
The critical path consists of the following:

 <State 4>: 0ns
The critical path consists of the following:

 <State 5>: 0ns
The critical path consists of the following:


============================================================
+ Verbose Summary: Binding
============================================================
N/A
* FSMD analyzer results:
  - Output states:
 - Input state : 
  - Chain level:
	State 1
	State 2
	State 3
	State 4
	State 5


============================================================
+ Verbose Summary: Datapath Resource usage 
============================================================
N/A
