

================================================================
== Vitis HLS Report for 'runWeight2Reg'
================================================================
* Date:           Tue Jan 18 00:11:35 2022

* Version:        2020.1 (Build 2902540 on Wed May 27 20:16:15 MDT 2020)
* Project:        Systolic_Array_PCNN_based
* Solution:       solution1 (Vivado IP Flow Target)
* Product family: virtexuplus
* Target device:  xcu200-fsgd2104-2-e


================================================================
== Performance Estimates
================================================================
+ Timing: 
    * Summary: 
    +--------+----------+----------+------------+
    |  Clock |  Target  | Estimated| Uncertainty|
    +--------+----------+----------+------------+
    |ap_clk  | 10.00 ns | 5.747 ns |   2.70 ns  |
    +--------+----------+----------+------------+

+ Latency: 
    * Summary: 
    +---------+---------+----------+----------+-----+-----+---------+
    |  Latency (cycles) |  Latency (absolute) |  Interval | Pipeline|
    |   min   |   max   |    min   |    max   | min | max |   Type  |
    +---------+---------+----------+----------+-----+-----+---------+
    |       21|       21| 0.210 us | 0.210 us |   21|   21|   none  |
    +---------+---------+----------+----------+-----+-----+---------+

    + Detail: 
        * Instance: 
        N/A

        * Loop: 
        +-----------------------------------+---------+---------+----------+-----------+-----------+------+----------+
        |                                   |  Latency (cycles) | Iteration|  Initiation Interval  | Trip |          |
        |             Loop Name             |   min   |   max   |  Latency |  achieved |   target  | Count| Pipelined|
        +-----------------------------------+---------+---------+----------+-----------+-----------+------+----------+
        |- VITIS_LOOP_33_1_VITIS_LOOP_35_2  |       19|       19|         5|          1|          1|    16|    yes   |
        +-----------------------------------+---------+---------+----------+-----------+-----------+------+----------+

============================================================
+ Verbose Summary: Synthesis Manager
============================================================
InlineROM: 1
ExposeGlobal: 0
============================================================
+ Verbose Summary: CDFG Model
============================================================
IsTopModel: 0
ResetActiveHigh: 1
IsCombinational: 2
IsDatapathOnly: 0
HasWiredReturn: 1
HasMFsm: 0
HasVarLatency: 1
IsPipeline: 0
IsRtlPipelined: 0
IsInstanceOverlapped: 0
IsDontTouch: 0
HasImplIP: 0
IsGatedGlobalClock: 0

+ Individual pipeline summary: 
  * Pipeline-0: initiation interval (II) = 1, depth = 5


============================================================
+ Verbose Summary: Schedule
============================================================
* Number of FSM states : 7
* Pipeline : 1
  Pipeline-0 : II = 1, D = 5, States = { 2 3 4 5 6 }
* Dataflow Pipeline: 0

* FSM state transitions: 
1 --> 2 
2 --> 7 3 
3 --> 4 
4 --> 5 
5 --> 6 
6 --> 2 
7 --> 

* FSM state operations: 

State 1 <SV = 0> <Delay = 2.91>
ST_1 : Operation 8 [1/1] (0.00ns)   --->   "%weight_regfile_3_3_1 = alloca i32"   --->   Operation 8 'alloca' 'weight_regfile_3_3_1' <Predicate = true> <Delay = 0.00>
ST_1 : Operation 9 [1/1] (0.00ns)   --->   "%write_flag_1 = alloca i32"   --->   Operation 9 'alloca' 'write_flag_1' <Predicate = true> <Delay = 0.00>
ST_1 : Operation 10 [1/1] (0.00ns)   --->   "%write_flag45_1 = alloca i32"   --->   Operation 10 'alloca' 'write_flag45_1' <Predicate = true> <Delay = 0.00>
ST_1 : Operation 11 [1/1] (0.00ns)   --->   "%weight_regfile_3_2_1 = alloca i32"   --->   Operation 11 'alloca' 'weight_regfile_3_2_1' <Predicate = true> <Delay = 0.00>
ST_1 : Operation 12 [1/1] (0.00ns)   --->   "%weight_regfile_0_0_1 = alloca i32"   --->   Operation 12 'alloca' 'weight_regfile_0_0_1' <Predicate = true> <Delay = 0.00>
ST_1 : Operation 13 [1/1] (0.00ns)   --->   "%write_flag42_1 = alloca i32"   --->   Operation 13 'alloca' 'write_flag42_1' <Predicate = true> <Delay = 0.00>
ST_1 : Operation 14 [1/1] (0.00ns)   --->   "%weight_regfile_3_1_1 = alloca i32"   --->   Operation 14 'alloca' 'weight_regfile_3_1_1' <Predicate = true> <Delay = 0.00>
ST_1 : Operation 15 [1/1] (0.00ns)   --->   "%write_flag3_1 = alloca i32"   --->   Operation 15 'alloca' 'write_flag3_1' <Predicate = true> <Delay = 0.00>
ST_1 : Operation 16 [1/1] (0.00ns)   --->   "%write_flag39_1 = alloca i32"   --->   Operation 16 'alloca' 'write_flag39_1' <Predicate = true> <Delay = 0.00>
ST_1 : Operation 17 [1/1] (0.00ns)   --->   "%weight_regfile_3_0_1 = alloca i32"   --->   Operation 17 'alloca' 'weight_regfile_3_0_1' <Predicate = true> <Delay = 0.00>
ST_1 : Operation 18 [1/1] (0.00ns)   --->   "%weight_regfile_0_1_1 = alloca i32"   --->   Operation 18 'alloca' 'weight_regfile_0_1_1' <Predicate = true> <Delay = 0.00>
ST_1 : Operation 19 [1/1] (0.00ns)   --->   "%write_flag36_1 = alloca i32"   --->   Operation 19 'alloca' 'write_flag36_1' <Predicate = true> <Delay = 0.00>
ST_1 : Operation 20 [1/1] (0.00ns)   --->   "%weight_regfile_2_3_1 = alloca i32"   --->   Operation 20 'alloca' 'weight_regfile_2_3_1' <Predicate = true> <Delay = 0.00>
ST_1 : Operation 21 [1/1] (0.00ns)   --->   "%write_flag6_1 = alloca i32"   --->   Operation 21 'alloca' 'write_flag6_1' <Predicate = true> <Delay = 0.00>
ST_1 : Operation 22 [1/1] (0.00ns)   --->   "%write_flag33_1 = alloca i32"   --->   Operation 22 'alloca' 'write_flag33_1' <Predicate = true> <Delay = 0.00>
ST_1 : Operation 23 [1/1] (0.00ns)   --->   "%weight_regfile_2_2_1 = alloca i32"   --->   Operation 23 'alloca' 'weight_regfile_2_2_1' <Predicate = true> <Delay = 0.00>
ST_1 : Operation 24 [1/1] (0.00ns)   --->   "%weight_regfile_0_2_1 = alloca i32"   --->   Operation 24 'alloca' 'weight_regfile_0_2_1' <Predicate = true> <Delay = 0.00>
ST_1 : Operation 25 [1/1] (0.00ns)   --->   "%write_flag30_1 = alloca i32"   --->   Operation 25 'alloca' 'write_flag30_1' <Predicate = true> <Delay = 0.00>
ST_1 : Operation 26 [1/1] (0.00ns)   --->   "%weight_regfile_2_1_1 = alloca i32"   --->   Operation 26 'alloca' 'weight_regfile_2_1_1' <Predicate = true> <Delay = 0.00>
ST_1 : Operation 27 [1/1] (0.00ns)   --->   "%write_flag9_1 = alloca i32"   --->   Operation 27 'alloca' 'write_flag9_1' <Predicate = true> <Delay = 0.00>
ST_1 : Operation 28 [1/1] (0.00ns)   --->   "%write_flag27_1 = alloca i32"   --->   Operation 28 'alloca' 'write_flag27_1' <Predicate = true> <Delay = 0.00>
ST_1 : Operation 29 [1/1] (0.00ns)   --->   "%weight_regfile_2_0_1 = alloca i32"   --->   Operation 29 'alloca' 'weight_regfile_2_0_1' <Predicate = true> <Delay = 0.00>
ST_1 : Operation 30 [1/1] (0.00ns)   --->   "%weight_regfile_0_3_1 = alloca i32"   --->   Operation 30 'alloca' 'weight_regfile_0_3_1' <Predicate = true> <Delay = 0.00>
ST_1 : Operation 31 [1/1] (0.00ns)   --->   "%write_flag24_1 = alloca i32"   --->   Operation 31 'alloca' 'write_flag24_1' <Predicate = true> <Delay = 0.00>
ST_1 : Operation 32 [1/1] (0.00ns)   --->   "%weight_regfile_1_3_1 = alloca i32"   --->   Operation 32 'alloca' 'weight_regfile_1_3_1' <Predicate = true> <Delay = 0.00>
ST_1 : Operation 33 [1/1] (0.00ns)   --->   "%write_flag12_1 = alloca i32"   --->   Operation 33 'alloca' 'write_flag12_1' <Predicate = true> <Delay = 0.00>
ST_1 : Operation 34 [1/1] (0.00ns)   --->   "%write_flag21_1 = alloca i32"   --->   Operation 34 'alloca' 'write_flag21_1' <Predicate = true> <Delay = 0.00>
ST_1 : Operation 35 [1/1] (0.00ns)   --->   "%weight_regfile_1_2_1 = alloca i32"   --->   Operation 35 'alloca' 'weight_regfile_1_2_1' <Predicate = true> <Delay = 0.00>
ST_1 : Operation 36 [1/1] (0.00ns)   --->   "%weight_regfile_1_0_1 = alloca i32"   --->   Operation 36 'alloca' 'weight_regfile_1_0_1' <Predicate = true> <Delay = 0.00>
ST_1 : Operation 37 [1/1] (0.00ns)   --->   "%write_flag18_1 = alloca i32"   --->   Operation 37 'alloca' 'write_flag18_1' <Predicate = true> <Delay = 0.00>
ST_1 : Operation 38 [1/1] (0.00ns)   --->   "%weight_regfile_1_1_1 = alloca i32"   --->   Operation 38 'alloca' 'weight_regfile_1_1_1' <Predicate = true> <Delay = 0.00>
ST_1 : Operation 39 [1/1] (0.00ns)   --->   "%write_flag15_1 = alloca i32"   --->   Operation 39 'alloca' 'write_flag15_1' <Predicate = true> <Delay = 0.00>
ST_1 : Operation 40 [1/1] (0.00ns)   --->   "%specinterface_ln0 = specinterface void @_ssdm_op_SpecInterface, i32 %s, void @ap_fifo_str, i32, i32, void @p_str, i32, i32, void @p_str, void @p_str, void @p_str, i32, i32, i32, i32, void @p_str, void @ScalarProp_str"   --->   Operation 40 'specinterface' 'specinterface_ln0' <Predicate = true> <Delay = 0.00>
ST_1 : Operation 41 [1/1] (0.00ns)   --->   "%specinterface_ln0 = specinterface void @_ssdm_op_SpecInterface, i32 %r, void @ap_fifo_str, i32, i32, void @p_str, i32, i32, void @p_str, void @p_str, void @p_str, i32, i32, i32, i32, void @p_str, void @ScalarProp_str"   --->   Operation 41 'specinterface' 'specinterface_ln0' <Predicate = true> <Delay = 0.00>
ST_1 : Operation 42 [1/1] (0.00ns)   --->   "%specinterface_ln0 = specinterface void @_ssdm_op_SpecInterface, i7 %co_1, void @ap_fifo_str, i32, i32, void @p_str, i32, i32, void @p_str, void @p_str, void @p_str, i32, i32, i32, i32, void @p_str, void @ScalarProp_str"   --->   Operation 42 'specinterface' 'specinterface_ln0' <Predicate = true> <Delay = 0.00>
ST_1 : Operation 43 [1/1] (0.00ns)   --->   "%specinterface_ln0 = specinterface void @_ssdm_op_SpecInterface, i9 %ko_2, void @ap_fifo_str, i32, i32, void @p_str, i32, i32, void @p_str, void @p_str, void @p_str, i32, i32, i32, i32, void @p_str, void @ScalarProp_str"   --->   Operation 43 'specinterface' 'specinterface_ln0' <Predicate = true> <Delay = 0.00>
ST_1 : Operation 44 [1/1] (0.00ns)   --->   "%specinterface_ln0 = specinterface void @_ssdm_op_SpecInterface, i9 %empty_15, void @ap_fifo_str, i32, i32, void @p_str, i32, i32, void @p_str, void @p_str, void @p_str, i32, i32, i32, i32, void @p_str, void @ScalarProp_str"   --->   Operation 44 'specinterface' 'specinterface_ln0' <Predicate = true> <Delay = 0.00>
ST_1 : Operation 45 [1/1] (0.00ns)   --->   "%specinterface_ln0 = specinterface void @_ssdm_op_SpecInterface, i9 %empty, void @ap_fifo_str, i32, i32, void @p_str, i32, i32, void @p_str, void @p_str, void @p_str, i32, i32, i32, i32, void @p_str, void @ScalarProp_str"   --->   Operation 45 'specinterface' 'specinterface_ln0' <Predicate = true> <Delay = 0.00>
ST_1 : Operation 46 [1/1] (1.45ns)   --->   "%ko_tmp = read i9 @_ssdm_op_Read.ap_fifo.i9P, i9 %ko_2" [Systolic_Array_PCNN_based/conv_sysarr_dbbuf.cpp:26->Systolic_Array_PCNN_based/conv_sysarr_dbbuf.cpp:390]   --->   Operation 46 'read' 'ko_tmp' <Predicate = true> <Delay = 1.45> <CoreInst = "FIFO_SRL">   --->   Core 21 'FIFO_SRL' <Latency = 0> <II = 1> <Delay = 1.45> <Storage> <Opcode : 'read' 'write' 'nbread' 'nbwrite'> <Ports = 0> <Width = 9> <Depth = 2> <FIFO>
ST_1 : Operation 47 [1/1] (1.45ns)   --->   "%co_1_read = read i7 @_ssdm_op_Read.ap_fifo.i7P, i7 %co_1" [Systolic_Array_PCNN_based/conv_sysarr_dbbuf.cpp:26->Systolic_Array_PCNN_based/conv_sysarr_dbbuf.cpp:390]   --->   Operation 47 'read' 'co_1_read' <Predicate = true> <Delay = 1.45> <CoreInst = "FIFO_SRL">   --->   Core 21 'FIFO_SRL' <Latency = 0> <II = 1> <Delay = 1.45> <Storage> <Opcode : 'read' 'write' 'nbread' 'nbwrite'> <Ports = 0> <Width = 7> <Depth = 2> <FIFO>
ST_1 : Operation 48 [1/1] (1.45ns)   --->   "%r_read = read i32 @_ssdm_op_Read.ap_fifo.i32P, i32 %r" [Systolic_Array_PCNN_based/conv_sysarr_dbbuf.cpp:26->Systolic_Array_PCNN_based/conv_sysarr_dbbuf.cpp:390]   --->   Operation 48 'read' 'r_read' <Predicate = true> <Delay = 1.45> <CoreInst = "FIFO_SRL">   --->   Core 21 'FIFO_SRL' <Latency = 0> <II = 1> <Delay = 1.45> <Storage> <Opcode : 'read' 'write' 'nbread' 'nbwrite'> <Ports = 0> <Width = 32> <Depth = 2> <FIFO>
ST_1 : Operation 49 [1/1] (0.00ns)   --->   "%trunc_ln26 = trunc i32 %r_read" [Systolic_Array_PCNN_based/conv_sysarr_dbbuf.cpp:26->Systolic_Array_PCNN_based/conv_sysarr_dbbuf.cpp:390]   --->   Operation 49 'trunc' 'trunc_ln26' <Predicate = true> <Delay = 0.00>
ST_1 : Operation 50 [1/1] (1.45ns)   --->   "%s_read = read i32 @_ssdm_op_Read.ap_fifo.i32P, i32 %s" [Systolic_Array_PCNN_based/conv_sysarr_dbbuf.cpp:26->Systolic_Array_PCNN_based/conv_sysarr_dbbuf.cpp:390]   --->   Operation 50 'read' 's_read' <Predicate = true> <Delay = 1.45> <CoreInst = "FIFO_SRL">   --->   Core 21 'FIFO_SRL' <Latency = 0> <II = 1> <Delay = 1.45> <Storage> <Opcode : 'read' 'write' 'nbread' 'nbwrite'> <Ports = 0> <Width = 32> <Depth = 2> <FIFO>
ST_1 : Operation 51 [1/1] (0.00ns)   --->   "%empty_27 = trunc i32 %s_read" [Systolic_Array_PCNN_based/conv_sysarr_dbbuf.cpp:26->Systolic_Array_PCNN_based/conv_sysarr_dbbuf.cpp:390]   --->   Operation 51 'trunc' 'empty_27' <Predicate = true> <Delay = 0.00>
ST_1 : Operation 52 [1/1] (0.00ns)   --->   "%specinterface_ln0 = specinterface void @_ssdm_op_SpecInterface, i32 %r_out, void @ap_fifo_str, i32, i32, void @p_str, i32, i32, void @p_str, void @p_str, void @p_str, i32, i32, i32, i32, void @p_str, void @ScalarProp_str"   --->   Operation 52 'specinterface' 'specinterface_ln0' <Predicate = true> <Delay = 0.00>
ST_1 : Operation 53 [1/1] (1.45ns)   --->   "%write_ln365 = write void @_ssdm_op_Write.ap_fifo.i32P, i32 %r_out, i32 %r_read" [Systolic_Array_PCNN_based/conv_sysarr_dbbuf.cpp:365]   --->   Operation 53 'write' 'write_ln365' <Predicate = true> <Delay = 1.45> <CoreInst = "FIFO_SRL">   --->   Core 21 'FIFO_SRL' <Latency = 0> <II = 1> <Delay = 1.45> <Storage> <Opcode : 'read' 'write' 'nbread' 'nbwrite'> <Ports = 0> <Width = 32> <Depth = 2> <FIFO>
ST_1 : Operation 54 [1/1] (0.00ns)   --->   "%specinterface_ln0 = specinterface void @_ssdm_op_SpecInterface, i32 %s_out, void @ap_fifo_str, i32, i32, void @p_str, i32, i32, void @p_str, void @p_str, void @p_str, i32, i32, i32, i32, void @p_str, void @ScalarProp_str"   --->   Operation 54 'specinterface' 'specinterface_ln0' <Predicate = true> <Delay = 0.00>
ST_1 : Operation 55 [1/1] (1.45ns)   --->   "%write_ln365 = write void @_ssdm_op_Write.ap_fifo.i32P, i32 %s_out, i32 %s_read" [Systolic_Array_PCNN_based/conv_sysarr_dbbuf.cpp:365]   --->   Operation 55 'write' 'write_ln365' <Predicate = true> <Delay = 1.45> <CoreInst = "FIFO_SRL">   --->   Core 21 'FIFO_SRL' <Latency = 0> <II = 1> <Delay = 1.45> <Storage> <Opcode : 'read' 'write' 'nbread' 'nbwrite'> <Ports = 0> <Width = 32> <Depth = 2> <FIFO>
ST_1 : Operation 56 [1/1] (1.45ns)   --->   "%tmp_1 = read i9 @_ssdm_op_Read.ap_fifo.i9P, i9 %empty_15"   --->   Operation 56 'read' 'tmp_1' <Predicate = true> <Delay = 1.45> <CoreInst = "FIFO_SRL">   --->   Core 21 'FIFO_SRL' <Latency = 0> <II = 1> <Delay = 1.45> <Storage> <Opcode : 'read' 'write' 'nbread' 'nbwrite'> <Ports = 0> <Width = 9> <Depth = 2> <FIFO>
ST_1 : Operation 57 [1/1] (1.45ns)   --->   "%tmp_2 = read i9 @_ssdm_op_Read.ap_fifo.i9P, i9 %empty"   --->   Operation 57 'read' 'tmp_2' <Predicate = true> <Delay = 1.45> <CoreInst = "FIFO_SRL">   --->   Core 21 'FIFO_SRL' <Latency = 0> <II = 1> <Delay = 1.45> <Storage> <Opcode : 'read' 'write' 'nbread' 'nbwrite'> <Ports = 0> <Width = 9> <Depth = 2> <FIFO>
ST_1 : Operation 58 [1/1] (0.00ns)   --->   "%mul2_i_i = bitconcatenate i9 @_ssdm_op_BitConcatenate.i9.i7.i2, i7 %co_1_read, i2" [Systolic_Array_PCNN_based/conv_sysarr_dbbuf.cpp:26->Systolic_Array_PCNN_based/conv_sysarr_dbbuf.cpp:390]   --->   Operation 58 'bitconcatenate' 'mul2_i_i' <Predicate = true> <Delay = 0.00>
ST_1 : Operation 59 [1/1] (1.46ns)   --->   "%mul4_i_i = mul i9 %tmp_1, i9 %ko_tmp"   --->   Operation 59 'mul' 'mul4_i_i' <Predicate = true> <Delay = 1.46> <CoreInst = "Multiplier">   --->   Core 4 'Multiplier' <Latency = 0> <II = 1> <Delay = 1.46> <FuncUnit> <Opcode : 'mul'> <InPorts = 2> <OutPorts = 1>
ST_1 : Operation 60 [1/1] (0.60ns)   --->   "%store_ln33 = store i1, i1 %write_flag15_1" [Systolic_Array_PCNN_based/conv_sysarr_dbbuf.cpp:33->Systolic_Array_PCNN_based/conv_sysarr_dbbuf.cpp:390->Systolic_Array_PCNN_based/conv_sysarr_dbbuf.cpp:365]   --->   Operation 60 'store' 'store_ln33' <Predicate = true> <Delay = 0.60>
ST_1 : Operation 61 [1/1] (0.60ns)   --->   "%store_ln33 = store i1, i1 %write_flag18_1" [Systolic_Array_PCNN_based/conv_sysarr_dbbuf.cpp:33->Systolic_Array_PCNN_based/conv_sysarr_dbbuf.cpp:390->Systolic_Array_PCNN_based/conv_sysarr_dbbuf.cpp:365]   --->   Operation 61 'store' 'store_ln33' <Predicate = true> <Delay = 0.60>
ST_1 : Operation 62 [1/1] (0.60ns)   --->   "%store_ln33 = store i1, i1 %write_flag21_1" [Systolic_Array_PCNN_based/conv_sysarr_dbbuf.cpp:33->Systolic_Array_PCNN_based/conv_sysarr_dbbuf.cpp:390->Systolic_Array_PCNN_based/conv_sysarr_dbbuf.cpp:365]   --->   Operation 62 'store' 'store_ln33' <Predicate = true> <Delay = 0.60>
ST_1 : Operation 63 [1/1] (0.60ns)   --->   "%store_ln33 = store i1, i1 %write_flag12_1" [Systolic_Array_PCNN_based/conv_sysarr_dbbuf.cpp:33->Systolic_Array_PCNN_based/conv_sysarr_dbbuf.cpp:390->Systolic_Array_PCNN_based/conv_sysarr_dbbuf.cpp:365]   --->   Operation 63 'store' 'store_ln33' <Predicate = true> <Delay = 0.60>
ST_1 : Operation 64 [1/1] (0.60ns)   --->   "%store_ln33 = store i1, i1 %write_flag24_1" [Systolic_Array_PCNN_based/conv_sysarr_dbbuf.cpp:33->Systolic_Array_PCNN_based/conv_sysarr_dbbuf.cpp:390->Systolic_Array_PCNN_based/conv_sysarr_dbbuf.cpp:365]   --->   Operation 64 'store' 'store_ln33' <Predicate = true> <Delay = 0.60>
ST_1 : Operation 65 [1/1] (0.60ns)   --->   "%store_ln33 = store i1, i1 %write_flag27_1" [Systolic_Array_PCNN_based/conv_sysarr_dbbuf.cpp:33->Systolic_Array_PCNN_based/conv_sysarr_dbbuf.cpp:390->Systolic_Array_PCNN_based/conv_sysarr_dbbuf.cpp:365]   --->   Operation 65 'store' 'store_ln33' <Predicate = true> <Delay = 0.60>
ST_1 : Operation 66 [1/1] (0.60ns)   --->   "%store_ln33 = store i1, i1 %write_flag9_1" [Systolic_Array_PCNN_based/conv_sysarr_dbbuf.cpp:33->Systolic_Array_PCNN_based/conv_sysarr_dbbuf.cpp:390->Systolic_Array_PCNN_based/conv_sysarr_dbbuf.cpp:365]   --->   Operation 66 'store' 'store_ln33' <Predicate = true> <Delay = 0.60>
ST_1 : Operation 67 [1/1] (0.60ns)   --->   "%store_ln33 = store i1, i1 %write_flag30_1" [Systolic_Array_PCNN_based/conv_sysarr_dbbuf.cpp:33->Systolic_Array_PCNN_based/conv_sysarr_dbbuf.cpp:390->Systolic_Array_PCNN_based/conv_sysarr_dbbuf.cpp:365]   --->   Operation 67 'store' 'store_ln33' <Predicate = true> <Delay = 0.60>
ST_1 : Operation 68 [1/1] (0.60ns)   --->   "%store_ln33 = store i1, i1 %write_flag33_1" [Systolic_Array_PCNN_based/conv_sysarr_dbbuf.cpp:33->Systolic_Array_PCNN_based/conv_sysarr_dbbuf.cpp:390->Systolic_Array_PCNN_based/conv_sysarr_dbbuf.cpp:365]   --->   Operation 68 'store' 'store_ln33' <Predicate = true> <Delay = 0.60>
ST_1 : Operation 69 [1/1] (0.60ns)   --->   "%store_ln33 = store i1, i1 %write_flag6_1" [Systolic_Array_PCNN_based/conv_sysarr_dbbuf.cpp:33->Systolic_Array_PCNN_based/conv_sysarr_dbbuf.cpp:390->Systolic_Array_PCNN_based/conv_sysarr_dbbuf.cpp:365]   --->   Operation 69 'store' 'store_ln33' <Predicate = true> <Delay = 0.60>
ST_1 : Operation 70 [1/1] (0.60ns)   --->   "%store_ln33 = store i1, i1 %write_flag36_1" [Systolic_Array_PCNN_based/conv_sysarr_dbbuf.cpp:33->Systolic_Array_PCNN_based/conv_sysarr_dbbuf.cpp:390->Systolic_Array_PCNN_based/conv_sysarr_dbbuf.cpp:365]   --->   Operation 70 'store' 'store_ln33' <Predicate = true> <Delay = 0.60>
ST_1 : Operation 71 [1/1] (0.60ns)   --->   "%store_ln33 = store i1, i1 %write_flag39_1" [Systolic_Array_PCNN_based/conv_sysarr_dbbuf.cpp:33->Systolic_Array_PCNN_based/conv_sysarr_dbbuf.cpp:390->Systolic_Array_PCNN_based/conv_sysarr_dbbuf.cpp:365]   --->   Operation 71 'store' 'store_ln33' <Predicate = true> <Delay = 0.60>
ST_1 : Operation 72 [1/1] (0.60ns)   --->   "%store_ln33 = store i1, i1 %write_flag3_1" [Systolic_Array_PCNN_based/conv_sysarr_dbbuf.cpp:33->Systolic_Array_PCNN_based/conv_sysarr_dbbuf.cpp:390->Systolic_Array_PCNN_based/conv_sysarr_dbbuf.cpp:365]   --->   Operation 72 'store' 'store_ln33' <Predicate = true> <Delay = 0.60>
ST_1 : Operation 73 [1/1] (0.60ns)   --->   "%store_ln33 = store i1, i1 %write_flag42_1" [Systolic_Array_PCNN_based/conv_sysarr_dbbuf.cpp:33->Systolic_Array_PCNN_based/conv_sysarr_dbbuf.cpp:390->Systolic_Array_PCNN_based/conv_sysarr_dbbuf.cpp:365]   --->   Operation 73 'store' 'store_ln33' <Predicate = true> <Delay = 0.60>
ST_1 : Operation 74 [1/1] (0.60ns)   --->   "%store_ln33 = store i1, i1 %write_flag45_1" [Systolic_Array_PCNN_based/conv_sysarr_dbbuf.cpp:33->Systolic_Array_PCNN_based/conv_sysarr_dbbuf.cpp:390->Systolic_Array_PCNN_based/conv_sysarr_dbbuf.cpp:365]   --->   Operation 74 'store' 'store_ln33' <Predicate = true> <Delay = 0.60>
ST_1 : Operation 75 [1/1] (0.60ns)   --->   "%store_ln33 = store i1, i1 %write_flag_1" [Systolic_Array_PCNN_based/conv_sysarr_dbbuf.cpp:33->Systolic_Array_PCNN_based/conv_sysarr_dbbuf.cpp:390->Systolic_Array_PCNN_based/conv_sysarr_dbbuf.cpp:365]   --->   Operation 75 'store' 'store_ln33' <Predicate = true> <Delay = 0.60>
ST_1 : Operation 76 [1/1] (0.60ns)   --->   "%br_ln33 = br void %bb.i.i" [Systolic_Array_PCNN_based/conv_sysarr_dbbuf.cpp:33->Systolic_Array_PCNN_based/conv_sysarr_dbbuf.cpp:390->Systolic_Array_PCNN_based/conv_sysarr_dbbuf.cpp:365]   --->   Operation 76 'br' 'br_ln33' <Predicate = true> <Delay = 0.60>

State 2 <SV = 1> <Delay = 5.74>
ST_2 : Operation 77 [1/1] (0.00ns)   --->   "%indvar_flatten = phi i5, void %entry, i5 %add_ln33, void %bb.split10.i.i" [Systolic_Array_PCNN_based/conv_sysarr_dbbuf.cpp:33->Systolic_Array_PCNN_based/conv_sysarr_dbbuf.cpp:390->Systolic_Array_PCNN_based/conv_sysarr_dbbuf.cpp:365]   --->   Operation 77 'phi' 'indvar_flatten' <Predicate = true> <Delay = 0.00>
ST_2 : Operation 78 [1/1] (0.00ns)   --->   "%ki = phi i3, void %entry, i3 %select_ln33_1, void %bb.split10.i.i" [Systolic_Array_PCNN_based/conv_sysarr_dbbuf.cpp:33->Systolic_Array_PCNN_based/conv_sysarr_dbbuf.cpp:390->Systolic_Array_PCNN_based/conv_sysarr_dbbuf.cpp:365]   --->   Operation 78 'phi' 'ki' <Predicate = true> <Delay = 0.00>
ST_2 : Operation 79 [1/1] (0.00ns)   --->   "%ci = phi i3, void %entry, i3 %add_ln35, void %bb.split10.i.i" [Systolic_Array_PCNN_based/conv_sysarr_dbbuf.cpp:35->Systolic_Array_PCNN_based/conv_sysarr_dbbuf.cpp:390->Systolic_Array_PCNN_based/conv_sysarr_dbbuf.cpp:365]   --->   Operation 79 'phi' 'ci' <Predicate = true> <Delay = 0.00>
ST_2 : Operation 80 [1/1] (0.63ns)   --->   "%icmp_ln33 = icmp_eq  i5 %indvar_flatten, i5" [Systolic_Array_PCNN_based/conv_sysarr_dbbuf.cpp:33->Systolic_Array_PCNN_based/conv_sysarr_dbbuf.cpp:390->Systolic_Array_PCNN_based/conv_sysarr_dbbuf.cpp:365]   --->   Operation 80 'icmp' 'icmp_ln33' <Predicate = true> <Delay = 0.63> <CoreInst = "Cmp">   --->   Core 10 'Cmp' <Latency = 0> <II = 1> <Delay = 0.49> <FuncUnit> <Opcode : 'icmp'> <InPorts = 2> <OutPorts = 1>
ST_2 : Operation 81 [1/1] (0.70ns)   --->   "%add_ln33 = add i5 %indvar_flatten, i5" [Systolic_Array_PCNN_based/conv_sysarr_dbbuf.cpp:33->Systolic_Array_PCNN_based/conv_sysarr_dbbuf.cpp:390->Systolic_Array_PCNN_based/conv_sysarr_dbbuf.cpp:365]   --->   Operation 81 'add' 'add_ln33' <Predicate = true> <Delay = 0.70> <CoreInst = "Adder">   --->   Core 1 'Adder' <Latency = 0> <II = 1> <Delay = 0.57> <FuncUnit> <Opcode : 'add' 'sub'> <InPorts = 2> <OutPorts = 1>
ST_2 : Operation 82 [1/1] (0.00ns)   --->   "%br_ln33 = br i1 %icmp_ln33, void %.split.i.i, void %.exit" [Systolic_Array_PCNN_based/conv_sysarr_dbbuf.cpp:33->Systolic_Array_PCNN_based/conv_sysarr_dbbuf.cpp:390->Systolic_Array_PCNN_based/conv_sysarr_dbbuf.cpp:365]   --->   Operation 82 'br' 'br_ln33' <Predicate = true> <Delay = 0.00>
ST_2 : Operation 83 [1/1] (0.49ns)   --->   "%icmp_ln35 = icmp_eq  i3 %ci, i3" [Systolic_Array_PCNN_based/conv_sysarr_dbbuf.cpp:35->Systolic_Array_PCNN_based/conv_sysarr_dbbuf.cpp:390->Systolic_Array_PCNN_based/conv_sysarr_dbbuf.cpp:365]   --->   Operation 83 'icmp' 'icmp_ln35' <Predicate = (!icmp_ln33)> <Delay = 0.49> <CoreInst = "Cmp">   --->   Core 10 'Cmp' <Latency = 0> <II = 1> <Delay = 0.49> <FuncUnit> <Opcode : 'icmp'> <InPorts = 2> <OutPorts = 1>
ST_2 : Operation 84 [1/1] (0.27ns)   --->   "%select_ln33 = select i1 %icmp_ln35, i3, i3 %ci" [Systolic_Array_PCNN_based/conv_sysarr_dbbuf.cpp:33->Systolic_Array_PCNN_based/conv_sysarr_dbbuf.cpp:390->Systolic_Array_PCNN_based/conv_sysarr_dbbuf.cpp:365]   --->   Operation 84 'select' 'select_ln33' <Predicate = (!icmp_ln33)> <Delay = 0.27> <CoreInst = "Sel">   --->   Core 11 'Sel' <Latency = 0> <II = 1> <Delay = 0.27> <FuncUnit> <Opcode : 'select'> <InPorts = 3> <OutPorts = 1>
ST_2 : Operation 85 [1/1] (0.57ns)   --->   "%add_ln33_1 = add i3, i3 %ki" [Systolic_Array_PCNN_based/conv_sysarr_dbbuf.cpp:33->Systolic_Array_PCNN_based/conv_sysarr_dbbuf.cpp:390->Systolic_Array_PCNN_based/conv_sysarr_dbbuf.cpp:365]   --->   Operation 85 'add' 'add_ln33_1' <Predicate = (!icmp_ln33)> <Delay = 0.57> <CoreInst = "Adder">   --->   Core 1 'Adder' <Latency = 0> <II = 1> <Delay = 0.57> <FuncUnit> <Opcode : 'add' 'sub'> <InPorts = 2> <OutPorts = 1>
ST_2 : Operation 86 [1/1] (0.27ns)   --->   "%select_ln33_1 = select i1 %icmp_ln35, i3 %add_ln33_1, i3 %ki" [Systolic_Array_PCNN_based/conv_sysarr_dbbuf.cpp:33->Systolic_Array_PCNN_based/conv_sysarr_dbbuf.cpp:390->Systolic_Array_PCNN_based/conv_sysarr_dbbuf.cpp:365]   --->   Operation 86 'select' 'select_ln33_1' <Predicate = (!icmp_ln33)> <Delay = 0.27> <CoreInst = "Sel">   --->   Core 11 'Sel' <Latency = 0> <II = 1> <Delay = 0.27> <FuncUnit> <Opcode : 'select'> <InPorts = 3> <OutPorts = 1>
ST_2 : Operation 87 [1/1] (0.00ns)   --->   "%trunc_ln33 = trunc i3 %select_ln33_1" [Systolic_Array_PCNN_based/conv_sysarr_dbbuf.cpp:33->Systolic_Array_PCNN_based/conv_sysarr_dbbuf.cpp:390->Systolic_Array_PCNN_based/conv_sysarr_dbbuf.cpp:365]   --->   Operation 87 'trunc' 'trunc_ln33' <Predicate = (!icmp_ln33)> <Delay = 0.00>
ST_2 : Operation 88 [1/1] (0.00ns)   --->   "%trunc_ln39 = trunc i3 %select_ln33" [Systolic_Array_PCNN_based/conv_sysarr_dbbuf.cpp:39->Systolic_Array_PCNN_based/conv_sysarr_dbbuf.cpp:390->Systolic_Array_PCNN_based/conv_sysarr_dbbuf.cpp:365]   --->   Operation 88 'trunc' 'trunc_ln39' <Predicate = (!icmp_ln33)> <Delay = 0.00>
ST_2 : Operation 89 [1/1] (0.00ns)   --->   "%zext_ln42 = zext i2 %trunc_ln39" [Systolic_Array_PCNN_based/conv_sysarr_dbbuf.cpp:42->Systolic_Array_PCNN_based/conv_sysarr_dbbuf.cpp:390->Systolic_Array_PCNN_based/conv_sysarr_dbbuf.cpp:365]   --->   Operation 89 'zext' 'zext_ln42' <Predicate = (!icmp_ln33)> <Delay = 0.00>
ST_2 : Operation 90 [1/1] (0.00ns) (grouped into TernaryAdder)   --->   "%add_ln42 = add i9 %mul4_i_i, i9 %zext_ln42" [Systolic_Array_PCNN_based/conv_sysarr_dbbuf.cpp:42->Systolic_Array_PCNN_based/conv_sysarr_dbbuf.cpp:390->Systolic_Array_PCNN_based/conv_sysarr_dbbuf.cpp:365]   --->   Operation 90 'add' 'add_ln42' <Predicate = (!icmp_ln33)> <Delay = 0.00> <CoreInst = "TAddSub">   --->   Core 3 'TAddSub' <Latency = 0> <II = 1> <Delay = 0.40> <IPBlock> <Opcode : 'add' 'sub'> <InPorts = 3> <OutPorts = 1> <Sync>
ST_2 : Operation 91 [1/1] (0.81ns) (root node of TernaryAdder)   --->   "%add_ln42_1 = add i9 %add_ln42, i9 %mul2_i_i" [Systolic_Array_PCNN_based/conv_sysarr_dbbuf.cpp:42->Systolic_Array_PCNN_based/conv_sysarr_dbbuf.cpp:390->Systolic_Array_PCNN_based/conv_sysarr_dbbuf.cpp:365]   --->   Operation 91 'add' 'add_ln42_1' <Predicate = (!icmp_ln33)> <Delay = 0.81> <CoreInst = "TAddSub">   --->   Core 3 'TAddSub' <Latency = 0> <II = 1> <Delay = 0.40> <IPBlock> <Opcode : 'add' 'sub'> <InPorts = 3> <OutPorts = 1> <Sync>
ST_2 : Operation 92 [1/1] (1.46ns)   --->   "%mul_ln42 = mul i9 %tmp_2, i9 %add_ln42_1" [Systolic_Array_PCNN_based/conv_sysarr_dbbuf.cpp:42->Systolic_Array_PCNN_based/conv_sysarr_dbbuf.cpp:390->Systolic_Array_PCNN_based/conv_sysarr_dbbuf.cpp:365]   --->   Operation 92 'mul' 'mul_ln42' <Predicate = (!icmp_ln33)> <Delay = 1.46> <CoreInst = "Multiplier">   --->   Core 4 'Multiplier' <Latency = 0> <II = 1> <Delay = 1.46> <FuncUnit> <Opcode : 'mul'> <InPorts = 2> <OutPorts = 1>
ST_2 : Operation 93 [1/1] (1.69ns) (grouped into DSP with root node add_ln42_3)   --->   "%add_ln42_2 = add i9 %trunc_ln26, i9 %mul_ln42" [Systolic_Array_PCNN_based/conv_sysarr_dbbuf.cpp:42->Systolic_Array_PCNN_based/conv_sysarr_dbbuf.cpp:390->Systolic_Array_PCNN_based/conv_sysarr_dbbuf.cpp:365]   --->   Operation 93 'add' 'add_ln42_2' <Predicate = (!icmp_ln33)> <Delay = 1.69> <CoreInst = "DSP48">   --->   Core 71 'DSP48' <Latency = 3> <II = 1> <Delay = 0.53> <IPBlock> <Opcode : 'mul' 'add' 'sub' 'select'> <InPorts = 2> <OutPorts = 1> <Sync> <CReg>
ST_2 : Operation 94 [3/3] (0.99ns) (grouped into DSP with root node add_ln42_3)   --->   "%mul_ln42_1 = mul i9 %tmp_2, i9 %add_ln42_2" [Systolic_Array_PCNN_based/conv_sysarr_dbbuf.cpp:42->Systolic_Array_PCNN_based/conv_sysarr_dbbuf.cpp:390->Systolic_Array_PCNN_based/conv_sysarr_dbbuf.cpp:365]   --->   Operation 94 'mul' 'mul_ln42_1' <Predicate = (!icmp_ln33)> <Delay = 0.99> <CoreInst = "DSP48">   --->   Core 71 'DSP48' <Latency = 3> <II = 1> <Delay = 0.53> <IPBlock> <Opcode : 'mul' 'add' 'sub' 'select'> <InPorts = 2> <OutPorts = 1> <Sync> <CReg>
ST_2 : Operation 95 [1/1] (0.65ns)   --->   "%switch_ln43 = switch i2 %trunc_ln33, void %branch3.i.i, i2, void %branch0.i.i, i2, void %branch1.i.i, i2, void %branch2.i.i" [Systolic_Array_PCNN_based/conv_sysarr_dbbuf.cpp:43->Systolic_Array_PCNN_based/conv_sysarr_dbbuf.cpp:390->Systolic_Array_PCNN_based/conv_sysarr_dbbuf.cpp:365]   --->   Operation 95 'switch' 'switch_ln43' <Predicate = (!icmp_ln33)> <Delay = 0.65>
ST_2 : Operation 96 [1/1] (0.57ns)   --->   "%add_ln35 = add i3 %select_ln33, i3" [Systolic_Array_PCNN_based/conv_sysarr_dbbuf.cpp:35->Systolic_Array_PCNN_based/conv_sysarr_dbbuf.cpp:390->Systolic_Array_PCNN_based/conv_sysarr_dbbuf.cpp:365]   --->   Operation 96 'add' 'add_ln35' <Predicate = (!icmp_ln33)> <Delay = 0.57> <CoreInst = "Adder">   --->   Core 1 'Adder' <Latency = 0> <II = 1> <Delay = 0.57> <FuncUnit> <Opcode : 'add' 'sub'> <InPorts = 2> <OutPorts = 1>
ST_2 : Operation 97 [1/1] (0.00ns)   --->   "%br_ln0 = br void %bb.i.i"   --->   Operation 97 'br' 'br_ln0' <Predicate = (!icmp_ln33)> <Delay = 0.00>

State 3 <SV = 2> <Delay = 0.99>
ST_3 : Operation 98 [2/3] (0.99ns) (grouped into DSP with root node add_ln42_3)   --->   "%mul_ln42_1 = mul i9 %tmp_2, i9 %add_ln42_2" [Systolic_Array_PCNN_based/conv_sysarr_dbbuf.cpp:42->Systolic_Array_PCNN_based/conv_sysarr_dbbuf.cpp:390->Systolic_Array_PCNN_based/conv_sysarr_dbbuf.cpp:365]   --->   Operation 98 'mul' 'mul_ln42_1' <Predicate = (!icmp_ln33)> <Delay = 0.99> <CoreInst = "DSP48">   --->   Core 71 'DSP48' <Latency = 3> <II = 1> <Delay = 0.53> <IPBlock> <Opcode : 'mul' 'add' 'sub' 'select'> <InPorts = 2> <OutPorts = 1> <Sync> <CReg>

State 4 <SV = 3> <Delay = 0.64>
ST_4 : Operation 99 [1/3] (0.00ns) (grouped into DSP with root node add_ln42_3)   --->   "%mul_ln42_1 = mul i9 %tmp_2, i9 %add_ln42_2" [Systolic_Array_PCNN_based/conv_sysarr_dbbuf.cpp:42->Systolic_Array_PCNN_based/conv_sysarr_dbbuf.cpp:390->Systolic_Array_PCNN_based/conv_sysarr_dbbuf.cpp:365]   --->   Operation 99 'mul' 'mul_ln42_1' <Predicate = (!icmp_ln33)> <Delay = 0.00> <CoreInst = "DSP48">   --->   Core 71 'DSP48' <Latency = 3> <II = 1> <Delay = 0.53> <IPBlock> <Opcode : 'mul' 'add' 'sub' 'select'> <InPorts = 2> <OutPorts = 1> <Sync> <CReg>
ST_4 : Operation 100 [2/2] (0.64ns) (root node of the DSP)   --->   "%add_ln42_3 = add i9 %empty_27, i9 %mul_ln42_1" [Systolic_Array_PCNN_based/conv_sysarr_dbbuf.cpp:42->Systolic_Array_PCNN_based/conv_sysarr_dbbuf.cpp:390->Systolic_Array_PCNN_based/conv_sysarr_dbbuf.cpp:365]   --->   Operation 100 'add' 'add_ln42_3' <Predicate = (!icmp_ln33)> <Delay = 0.64> <CoreInst = "DSP48">   --->   Core 71 'DSP48' <Latency = 3> <II = 1> <Delay = 0.53> <IPBlock> <Opcode : 'mul' 'add' 'sub' 'select'> <InPorts = 2> <OutPorts = 1> <Sync> <CReg>

State 5 <SV = 4> <Delay = 1.80>
ST_5 : Operation 101 [1/2] (0.64ns) (root node of the DSP)   --->   "%add_ln42_3 = add i9 %empty_27, i9 %mul_ln42_1" [Systolic_Array_PCNN_based/conv_sysarr_dbbuf.cpp:42->Systolic_Array_PCNN_based/conv_sysarr_dbbuf.cpp:390->Systolic_Array_PCNN_based/conv_sysarr_dbbuf.cpp:365]   --->   Operation 101 'add' 'add_ln42_3' <Predicate = (!icmp_ln33)> <Delay = 0.64> <CoreInst = "DSP48">   --->   Core 71 'DSP48' <Latency = 3> <II = 1> <Delay = 0.53> <IPBlock> <Opcode : 'mul' 'add' 'sub' 'select'> <InPorts = 2> <OutPorts = 1> <Sync> <CReg>
ST_5 : Operation 102 [1/1] (0.00ns)   --->   "%zext_ln41 = zext i9 %add_ln42_3" [Systolic_Array_PCNN_based/conv_sysarr_dbbuf.cpp:41->Systolic_Array_PCNN_based/conv_sysarr_dbbuf.cpp:390->Systolic_Array_PCNN_based/conv_sysarr_dbbuf.cpp:365]   --->   Operation 102 'zext' 'zext_ln41' <Predicate = (!icmp_ln33)> <Delay = 0.00>
ST_5 : Operation 103 [1/1] (0.00ns)   --->   "%weight_l2_0_addr = getelementptr i8 %weight_l2_0, i64, i64 %zext_ln41" [Systolic_Array_PCNN_based/conv_sysarr_dbbuf.cpp:41->Systolic_Array_PCNN_based/conv_sysarr_dbbuf.cpp:390->Systolic_Array_PCNN_based/conv_sysarr_dbbuf.cpp:365]   --->   Operation 103 'getelementptr' 'weight_l2_0_addr' <Predicate = (!icmp_ln33)> <Delay = 0.00>
ST_5 : Operation 104 [2/2] (1.15ns)   --->   "%weight_l2_0_load = load i9 %weight_l2_0_addr" [Systolic_Array_PCNN_based/conv_sysarr_dbbuf.cpp:41->Systolic_Array_PCNN_based/conv_sysarr_dbbuf.cpp:390->Systolic_Array_PCNN_based/conv_sysarr_dbbuf.cpp:365]   --->   Operation 104 'load' 'weight_l2_0_load' <Predicate = (!icmp_ln33)> <Delay = 1.15> <CoreInst = "RAM">   --->   Core 23 'RAM' <Latency = 1> <II = 1> <Delay = 1.15> <Storage> <Opcode : 'load' 'store'> <Ports = 2> <Width = 8> <Depth = 512> <RAM>
ST_5 : Operation 105 [1/1] (0.00ns)   --->   "%weight_l2_1_addr = getelementptr i8 %weight_l2_1, i64, i64 %zext_ln41" [Systolic_Array_PCNN_based/conv_sysarr_dbbuf.cpp:41->Systolic_Array_PCNN_based/conv_sysarr_dbbuf.cpp:390->Systolic_Array_PCNN_based/conv_sysarr_dbbuf.cpp:365]   --->   Operation 105 'getelementptr' 'weight_l2_1_addr' <Predicate = (!icmp_ln33)> <Delay = 0.00>
ST_5 : Operation 106 [2/2] (1.15ns)   --->   "%weight_l2_1_load = load i9 %weight_l2_1_addr" [Systolic_Array_PCNN_based/conv_sysarr_dbbuf.cpp:41->Systolic_Array_PCNN_based/conv_sysarr_dbbuf.cpp:390->Systolic_Array_PCNN_based/conv_sysarr_dbbuf.cpp:365]   --->   Operation 106 'load' 'weight_l2_1_load' <Predicate = (!icmp_ln33)> <Delay = 1.15> <CoreInst = "RAM">   --->   Core 23 'RAM' <Latency = 1> <II = 1> <Delay = 1.15> <Storage> <Opcode : 'load' 'store'> <Ports = 2> <Width = 8> <Depth = 512> <RAM>
ST_5 : Operation 107 [1/1] (0.00ns)   --->   "%weight_l2_2_addr = getelementptr i8 %weight_l2_2, i64, i64 %zext_ln41" [Systolic_Array_PCNN_based/conv_sysarr_dbbuf.cpp:41->Systolic_Array_PCNN_based/conv_sysarr_dbbuf.cpp:390->Systolic_Array_PCNN_based/conv_sysarr_dbbuf.cpp:365]   --->   Operation 107 'getelementptr' 'weight_l2_2_addr' <Predicate = (!icmp_ln33)> <Delay = 0.00>
ST_5 : Operation 108 [2/2] (1.15ns)   --->   "%weight_l2_2_load = load i9 %weight_l2_2_addr" [Systolic_Array_PCNN_based/conv_sysarr_dbbuf.cpp:41->Systolic_Array_PCNN_based/conv_sysarr_dbbuf.cpp:390->Systolic_Array_PCNN_based/conv_sysarr_dbbuf.cpp:365]   --->   Operation 108 'load' 'weight_l2_2_load' <Predicate = (!icmp_ln33)> <Delay = 1.15> <CoreInst = "RAM">   --->   Core 23 'RAM' <Latency = 1> <II = 1> <Delay = 1.15> <Storage> <Opcode : 'load' 'store'> <Ports = 2> <Width = 8> <Depth = 512> <RAM>
ST_5 : Operation 109 [1/1] (0.00ns)   --->   "%weight_l2_3_addr = getelementptr i8 %weight_l2_3, i64, i64 %zext_ln41" [Systolic_Array_PCNN_based/conv_sysarr_dbbuf.cpp:41->Systolic_Array_PCNN_based/conv_sysarr_dbbuf.cpp:390->Systolic_Array_PCNN_based/conv_sysarr_dbbuf.cpp:365]   --->   Operation 109 'getelementptr' 'weight_l2_3_addr' <Predicate = (!icmp_ln33)> <Delay = 0.00>
ST_5 : Operation 110 [2/2] (1.15ns)   --->   "%weight_l2_3_load = load i9 %weight_l2_3_addr" [Systolic_Array_PCNN_based/conv_sysarr_dbbuf.cpp:41->Systolic_Array_PCNN_based/conv_sysarr_dbbuf.cpp:390->Systolic_Array_PCNN_based/conv_sysarr_dbbuf.cpp:365]   --->   Operation 110 'load' 'weight_l2_3_load' <Predicate = (!icmp_ln33)> <Delay = 1.15> <CoreInst = "RAM">   --->   Core 23 'RAM' <Latency = 1> <II = 1> <Delay = 1.15> <Storage> <Opcode : 'load' 'store'> <Ports = 2> <Width = 8> <Depth = 512> <RAM>

State 6 <SV = 5> <Delay = 1.94>
ST_6 : Operation 111 [1/1] (0.00ns)   --->   "%specloopname_ln0 = specloopname void @_ssdm_op_SpecLoopName, void @VITIS_LOOP_33_1_VITIS_LOOP_35_2_str"   --->   Operation 111 'specloopname' 'specloopname_ln0' <Predicate = (!icmp_ln33)> <Delay = 0.00>
ST_6 : Operation 112 [1/1] (0.00ns)   --->   "%speclooptripcount_ln0 = speclooptripcount void @_ssdm_op_SpecLoopTripCount, i64, i64, i64"   --->   Operation 112 'speclooptripcount' 'speclooptripcount_ln0' <Predicate = (!icmp_ln33)> <Delay = 0.00>
ST_6 : Operation 113 [1/1] (0.00ns)   --->   "%specpipeline_ln35 = specpipeline void @_ssdm_op_SpecPipeline, i32, i32, i32, i32, void @empty_3" [Systolic_Array_PCNN_based/conv_sysarr_dbbuf.cpp:35->Systolic_Array_PCNN_based/conv_sysarr_dbbuf.cpp:390->Systolic_Array_PCNN_based/conv_sysarr_dbbuf.cpp:365]   --->   Operation 113 'specpipeline' 'specpipeline_ln35' <Predicate = (!icmp_ln33)> <Delay = 0.00>
ST_6 : Operation 114 [1/1] (0.00ns)   --->   "%specloopname_ln35 = specloopname void @_ssdm_op_SpecLoopName, void @empty_9" [Systolic_Array_PCNN_based/conv_sysarr_dbbuf.cpp:35->Systolic_Array_PCNN_based/conv_sysarr_dbbuf.cpp:390->Systolic_Array_PCNN_based/conv_sysarr_dbbuf.cpp:365]   --->   Operation 114 'specloopname' 'specloopname_ln35' <Predicate = (!icmp_ln33)> <Delay = 0.00>
ST_6 : Operation 115 [1/2] (1.15ns)   --->   "%weight_l2_0_load = load i9 %weight_l2_0_addr" [Systolic_Array_PCNN_based/conv_sysarr_dbbuf.cpp:41->Systolic_Array_PCNN_based/conv_sysarr_dbbuf.cpp:390->Systolic_Array_PCNN_based/conv_sysarr_dbbuf.cpp:365]   --->   Operation 115 'load' 'weight_l2_0_load' <Predicate = (!icmp_ln33)> <Delay = 1.15> <CoreInst = "RAM">   --->   Core 23 'RAM' <Latency = 1> <II = 1> <Delay = 1.15> <Storage> <Opcode : 'load' 'store'> <Ports = 2> <Width = 8> <Depth = 512> <RAM>
ST_6 : Operation 116 [1/2] (1.15ns)   --->   "%weight_l2_1_load = load i9 %weight_l2_1_addr" [Systolic_Array_PCNN_based/conv_sysarr_dbbuf.cpp:41->Systolic_Array_PCNN_based/conv_sysarr_dbbuf.cpp:390->Systolic_Array_PCNN_based/conv_sysarr_dbbuf.cpp:365]   --->   Operation 116 'load' 'weight_l2_1_load' <Predicate = (!icmp_ln33)> <Delay = 1.15> <CoreInst = "RAM">   --->   Core 23 'RAM' <Latency = 1> <II = 1> <Delay = 1.15> <Storage> <Opcode : 'load' 'store'> <Ports = 2> <Width = 8> <Depth = 512> <RAM>
ST_6 : Operation 117 [1/2] (1.15ns)   --->   "%weight_l2_2_load = load i9 %weight_l2_2_addr" [Systolic_Array_PCNN_based/conv_sysarr_dbbuf.cpp:41->Systolic_Array_PCNN_based/conv_sysarr_dbbuf.cpp:390->Systolic_Array_PCNN_based/conv_sysarr_dbbuf.cpp:365]   --->   Operation 117 'load' 'weight_l2_2_load' <Predicate = (!icmp_ln33)> <Delay = 1.15> <CoreInst = "RAM">   --->   Core 23 'RAM' <Latency = 1> <II = 1> <Delay = 1.15> <Storage> <Opcode : 'load' 'store'> <Ports = 2> <Width = 8> <Depth = 512> <RAM>
ST_6 : Operation 118 [1/2] (1.15ns)   --->   "%weight_l2_3_load = load i9 %weight_l2_3_addr" [Systolic_Array_PCNN_based/conv_sysarr_dbbuf.cpp:41->Systolic_Array_PCNN_based/conv_sysarr_dbbuf.cpp:390->Systolic_Array_PCNN_based/conv_sysarr_dbbuf.cpp:365]   --->   Operation 118 'load' 'weight_l2_3_load' <Predicate = (!icmp_ln33)> <Delay = 1.15> <CoreInst = "RAM">   --->   Core 23 'RAM' <Latency = 1> <II = 1> <Delay = 1.15> <Storage> <Opcode : 'load' 'store'> <Ports = 2> <Width = 8> <Depth = 512> <RAM>
ST_6 : Operation 119 [1/1] (0.39ns)   --->   "%tmp = mux i8 @_ssdm_op_Mux.ap_auto.4i8.i2, i8 %weight_l2_0_load, i8 %weight_l2_1_load, i8 %weight_l2_2_load, i8 %weight_l2_3_load, i2 %trunc_ln33" [Systolic_Array_PCNN_based/conv_sysarr_dbbuf.cpp:41->Systolic_Array_PCNN_based/conv_sysarr_dbbuf.cpp:390->Systolic_Array_PCNN_based/conv_sysarr_dbbuf.cpp:365]   --->   Operation 119 'mux' 'tmp' <Predicate = (!icmp_ln33)> <Delay = 0.39> <CoreInst = "MuxnS">   --->   Core 16 'MuxnS' <Latency = 0> <II = 1> <Delay = 0.39> <FuncUnit> <Opcode : 'mux'> <InPorts = 2> <OutPorts = 1>
ST_6 : Operation 120 [1/1] (0.00ns)   --->   "%weight_regfile_2_3_1_load_1 = load i8 %weight_regfile_2_3_1"   --->   Operation 120 'load' 'weight_regfile_2_3_1_load_1' <Predicate = (trunc_ln33 == 2)> <Delay = 0.00>
ST_6 : Operation 121 [1/1] (0.00ns)   --->   "%write_flag33_1_load = load i1 %write_flag33_1, void %store_ln33"   --->   Operation 121 'load' 'write_flag33_1_load' <Predicate = (trunc_ln33 == 2)> <Delay = 0.00>
ST_6 : Operation 122 [1/1] (0.00ns)   --->   "%weight_regfile_2_2_1_load_1 = load i8 %weight_regfile_2_2_1"   --->   Operation 122 'load' 'weight_regfile_2_2_1_load_1' <Predicate = (trunc_ln33 == 2)> <Delay = 0.00>
ST_6 : Operation 123 [1/1] (0.00ns)   --->   "%write_flag30_1_load = load i1 %write_flag30_1, void %store_ln33"   --->   Operation 123 'load' 'write_flag30_1_load' <Predicate = (trunc_ln33 == 2)> <Delay = 0.00>
ST_6 : Operation 124 [1/1] (0.00ns)   --->   "%weight_regfile_2_1_1_load_1 = load i8 %weight_regfile_2_1_1"   --->   Operation 124 'load' 'weight_regfile_2_1_1_load_1' <Predicate = (trunc_ln33 == 2)> <Delay = 0.00>
ST_6 : Operation 125 [1/1] (0.00ns)   --->   "%write_flag27_1_load = load i1 %write_flag27_1, void %store_ln33"   --->   Operation 125 'load' 'write_flag27_1_load' <Predicate = (trunc_ln33 == 2)> <Delay = 0.00>
ST_6 : Operation 126 [1/1] (0.00ns)   --->   "%weight_regfile_2_0_1_load_1 = load i8 %weight_regfile_2_0_1"   --->   Operation 126 'load' 'weight_regfile_2_0_1_load_1' <Predicate = (trunc_ln33 == 2)> <Delay = 0.00>
ST_6 : Operation 127 [1/1] (0.00ns)   --->   "%write_flag24_1_load = load i1 %write_flag24_1, void %store_ln33"   --->   Operation 127 'load' 'write_flag24_1_load' <Predicate = (trunc_ln33 == 2)> <Delay = 0.00>
ST_6 : Operation 128 [1/1] (0.39ns)   --->   "%weight_regfile_2_3_3 = mux i8 @_ssdm_op_Mux.ap_auto.4i8.i2, i8 %weight_regfile_2_3_1_load_1, i8 %weight_regfile_2_3_1_load_1, i8 %weight_regfile_2_3_1_load_1, i8 %tmp, i2 %trunc_ln39" [Systolic_Array_PCNN_based/conv_sysarr_dbbuf.cpp:41->Systolic_Array_PCNN_based/conv_sysarr_dbbuf.cpp:390->Systolic_Array_PCNN_based/conv_sysarr_dbbuf.cpp:365]   --->   Operation 128 'mux' 'weight_regfile_2_3_3' <Predicate = (trunc_ln33 == 2)> <Delay = 0.39> <CoreInst = "MuxnS">   --->   Core 16 'MuxnS' <Latency = 0> <II = 1> <Delay = 0.39> <FuncUnit> <Opcode : 'mux'> <InPorts = 2> <OutPorts = 1>
ST_6 : Operation 129 [1/1] (0.39ns)   --->   "%write_flag33_3 = mux i1 @_ssdm_op_Mux.ap_auto.4i1.i2, i1 %write_flag33_1_load, i1 %write_flag33_1_load, i1 %write_flag33_1_load, i1, i2 %trunc_ln39" [Systolic_Array_PCNN_based/conv_sysarr_dbbuf.cpp:39->Systolic_Array_PCNN_based/conv_sysarr_dbbuf.cpp:390->Systolic_Array_PCNN_based/conv_sysarr_dbbuf.cpp:365]   --->   Operation 129 'mux' 'write_flag33_3' <Predicate = (trunc_ln33 == 2)> <Delay = 0.39> <CoreInst = "MuxnS">   --->   Core 16 'MuxnS' <Latency = 0> <II = 1> <Delay = 0.39> <FuncUnit> <Opcode : 'mux'> <InPorts = 2> <OutPorts = 1>
ST_6 : Operation 130 [1/1] (0.39ns)   --->   "%weight_regfile_2_2_3 = mux i8 @_ssdm_op_Mux.ap_auto.4i8.i2, i8 %weight_regfile_2_2_1_load_1, i8 %weight_regfile_2_2_1_load_1, i8 %tmp, i8 %weight_regfile_2_2_1_load_1, i2 %trunc_ln39" [Systolic_Array_PCNN_based/conv_sysarr_dbbuf.cpp:41->Systolic_Array_PCNN_based/conv_sysarr_dbbuf.cpp:390->Systolic_Array_PCNN_based/conv_sysarr_dbbuf.cpp:365]   --->   Operation 130 'mux' 'weight_regfile_2_2_3' <Predicate = (trunc_ln33 == 2)> <Delay = 0.39> <CoreInst = "MuxnS">   --->   Core 16 'MuxnS' <Latency = 0> <II = 1> <Delay = 0.39> <FuncUnit> <Opcode : 'mux'> <InPorts = 2> <OutPorts = 1>
ST_6 : Operation 131 [1/1] (0.39ns)   --->   "%write_flag30_3 = mux i1 @_ssdm_op_Mux.ap_auto.4i1.i2, i1 %write_flag30_1_load, i1 %write_flag30_1_load, i1, i1 %write_flag30_1_load, i2 %trunc_ln39" [Systolic_Array_PCNN_based/conv_sysarr_dbbuf.cpp:39->Systolic_Array_PCNN_based/conv_sysarr_dbbuf.cpp:390->Systolic_Array_PCNN_based/conv_sysarr_dbbuf.cpp:365]   --->   Operation 131 'mux' 'write_flag30_3' <Predicate = (trunc_ln33 == 2)> <Delay = 0.39> <CoreInst = "MuxnS">   --->   Core 16 'MuxnS' <Latency = 0> <II = 1> <Delay = 0.39> <FuncUnit> <Opcode : 'mux'> <InPorts = 2> <OutPorts = 1>
ST_6 : Operation 132 [1/1] (0.39ns)   --->   "%weight_regfile_2_1_3 = mux i8 @_ssdm_op_Mux.ap_auto.4i8.i2, i8 %weight_regfile_2_1_1_load_1, i8 %tmp, i8 %weight_regfile_2_1_1_load_1, i8 %weight_regfile_2_1_1_load_1, i2 %trunc_ln39" [Systolic_Array_PCNN_based/conv_sysarr_dbbuf.cpp:41->Systolic_Array_PCNN_based/conv_sysarr_dbbuf.cpp:390->Systolic_Array_PCNN_based/conv_sysarr_dbbuf.cpp:365]   --->   Operation 132 'mux' 'weight_regfile_2_1_3' <Predicate = (trunc_ln33 == 2)> <Delay = 0.39> <CoreInst = "MuxnS">   --->   Core 16 'MuxnS' <Latency = 0> <II = 1> <Delay = 0.39> <FuncUnit> <Opcode : 'mux'> <InPorts = 2> <OutPorts = 1>
ST_6 : Operation 133 [1/1] (0.39ns)   --->   "%write_flag27_3 = mux i1 @_ssdm_op_Mux.ap_auto.4i1.i2, i1 %write_flag27_1_load, i1, i1 %write_flag27_1_load, i1 %write_flag27_1_load, i2 %trunc_ln39" [Systolic_Array_PCNN_based/conv_sysarr_dbbuf.cpp:39->Systolic_Array_PCNN_based/conv_sysarr_dbbuf.cpp:390->Systolic_Array_PCNN_based/conv_sysarr_dbbuf.cpp:365]   --->   Operation 133 'mux' 'write_flag27_3' <Predicate = (trunc_ln33 == 2)> <Delay = 0.39> <CoreInst = "MuxnS">   --->   Core 16 'MuxnS' <Latency = 0> <II = 1> <Delay = 0.39> <FuncUnit> <Opcode : 'mux'> <InPorts = 2> <OutPorts = 1>
ST_6 : Operation 134 [1/1] (0.39ns)   --->   "%weight_regfile_2_0_3 = mux i8 @_ssdm_op_Mux.ap_auto.4i8.i2, i8 %tmp, i8 %weight_regfile_2_0_1_load_1, i8 %weight_regfile_2_0_1_load_1, i8 %weight_regfile_2_0_1_load_1, i2 %trunc_ln39" [Systolic_Array_PCNN_based/conv_sysarr_dbbuf.cpp:41->Systolic_Array_PCNN_based/conv_sysarr_dbbuf.cpp:390->Systolic_Array_PCNN_based/conv_sysarr_dbbuf.cpp:365]   --->   Operation 134 'mux' 'weight_regfile_2_0_3' <Predicate = (trunc_ln33 == 2)> <Delay = 0.39> <CoreInst = "MuxnS">   --->   Core 16 'MuxnS' <Latency = 0> <II = 1> <Delay = 0.39> <FuncUnit> <Opcode : 'mux'> <InPorts = 2> <OutPorts = 1>
ST_6 : Operation 135 [1/1] (0.39ns)   --->   "%write_flag24_3 = mux i1 @_ssdm_op_Mux.ap_auto.4i1.i2, i1, i1 %write_flag24_1_load, i1 %write_flag24_1_load, i1 %write_flag24_1_load, i2 %trunc_ln39" [Systolic_Array_PCNN_based/conv_sysarr_dbbuf.cpp:39->Systolic_Array_PCNN_based/conv_sysarr_dbbuf.cpp:390->Systolic_Array_PCNN_based/conv_sysarr_dbbuf.cpp:365]   --->   Operation 135 'mux' 'write_flag24_3' <Predicate = (trunc_ln33 == 2)> <Delay = 0.39> <CoreInst = "MuxnS">   --->   Core 16 'MuxnS' <Latency = 0> <II = 1> <Delay = 0.39> <FuncUnit> <Opcode : 'mux'> <InPorts = 2> <OutPorts = 1>
ST_6 : Operation 136 [1/1] (0.60ns)   --->   "%store_ln43 = store i1 %write_flag24_3, i1 %write_flag24_1, i1 %write_flag24_1_load, void %store_ln33" [Systolic_Array_PCNN_based/conv_sysarr_dbbuf.cpp:43->Systolic_Array_PCNN_based/conv_sysarr_dbbuf.cpp:390->Systolic_Array_PCNN_based/conv_sysarr_dbbuf.cpp:365]   --->   Operation 136 'store' 'store_ln43' <Predicate = (trunc_ln33 == 2)> <Delay = 0.60>
ST_6 : Operation 137 [1/1] (0.00ns)   --->   "%store_ln43 = store i8 %weight_regfile_2_0_3, i8 %weight_regfile_2_0_1, i8 %weight_regfile_2_0_1_load_1" [Systolic_Array_PCNN_based/conv_sysarr_dbbuf.cpp:43->Systolic_Array_PCNN_based/conv_sysarr_dbbuf.cpp:390->Systolic_Array_PCNN_based/conv_sysarr_dbbuf.cpp:365]   --->   Operation 137 'store' 'store_ln43' <Predicate = (trunc_ln33 == 2)> <Delay = 0.00>
ST_6 : Operation 138 [1/1] (0.60ns)   --->   "%store_ln43 = store i1 %write_flag27_3, i1 %write_flag27_1, i1 %write_flag27_1_load, void %store_ln33" [Systolic_Array_PCNN_based/conv_sysarr_dbbuf.cpp:43->Systolic_Array_PCNN_based/conv_sysarr_dbbuf.cpp:390->Systolic_Array_PCNN_based/conv_sysarr_dbbuf.cpp:365]   --->   Operation 138 'store' 'store_ln43' <Predicate = (trunc_ln33 == 2)> <Delay = 0.60>
ST_6 : Operation 139 [1/1] (0.00ns)   --->   "%store_ln43 = store i8 %weight_regfile_2_1_3, i8 %weight_regfile_2_1_1, i8 %weight_regfile_2_1_1_load_1" [Systolic_Array_PCNN_based/conv_sysarr_dbbuf.cpp:43->Systolic_Array_PCNN_based/conv_sysarr_dbbuf.cpp:390->Systolic_Array_PCNN_based/conv_sysarr_dbbuf.cpp:365]   --->   Operation 139 'store' 'store_ln43' <Predicate = (trunc_ln33 == 2)> <Delay = 0.00>
ST_6 : Operation 140 [1/1] (0.60ns)   --->   "%store_ln43 = store i1 %write_flag30_3, i1 %write_flag30_1, i1 %write_flag30_1_load, void %store_ln33" [Systolic_Array_PCNN_based/conv_sysarr_dbbuf.cpp:43->Systolic_Array_PCNN_based/conv_sysarr_dbbuf.cpp:390->Systolic_Array_PCNN_based/conv_sysarr_dbbuf.cpp:365]   --->   Operation 140 'store' 'store_ln43' <Predicate = (trunc_ln33 == 2)> <Delay = 0.60>
ST_6 : Operation 141 [1/1] (0.00ns)   --->   "%store_ln43 = store i8 %weight_regfile_2_2_3, i8 %weight_regfile_2_2_1, i8 %weight_regfile_2_2_1_load_1" [Systolic_Array_PCNN_based/conv_sysarr_dbbuf.cpp:43->Systolic_Array_PCNN_based/conv_sysarr_dbbuf.cpp:390->Systolic_Array_PCNN_based/conv_sysarr_dbbuf.cpp:365]   --->   Operation 141 'store' 'store_ln43' <Predicate = (trunc_ln33 == 2)> <Delay = 0.00>
ST_6 : Operation 142 [1/1] (0.60ns)   --->   "%store_ln43 = store i1 %write_flag33_3, i1 %write_flag33_1, i1 %write_flag33_1_load, void %store_ln33" [Systolic_Array_PCNN_based/conv_sysarr_dbbuf.cpp:43->Systolic_Array_PCNN_based/conv_sysarr_dbbuf.cpp:390->Systolic_Array_PCNN_based/conv_sysarr_dbbuf.cpp:365]   --->   Operation 142 'store' 'store_ln43' <Predicate = (trunc_ln33 == 2)> <Delay = 0.60>
ST_6 : Operation 143 [1/1] (0.00ns)   --->   "%store_ln43 = store i8 %weight_regfile_2_3_3, i8 %weight_regfile_2_3_1, i8 %weight_regfile_2_3_1_load_1" [Systolic_Array_PCNN_based/conv_sysarr_dbbuf.cpp:43->Systolic_Array_PCNN_based/conv_sysarr_dbbuf.cpp:390->Systolic_Array_PCNN_based/conv_sysarr_dbbuf.cpp:365]   --->   Operation 143 'store' 'store_ln43' <Predicate = (trunc_ln33 == 2)> <Delay = 0.00>
ST_6 : Operation 144 [1/1] (0.00ns)   --->   "%br_ln43 = br void %bb.split10.i.i" [Systolic_Array_PCNN_based/conv_sysarr_dbbuf.cpp:43->Systolic_Array_PCNN_based/conv_sysarr_dbbuf.cpp:390->Systolic_Array_PCNN_based/conv_sysarr_dbbuf.cpp:365]   --->   Operation 144 'br' 'br_ln43' <Predicate = (trunc_ln33 == 2)> <Delay = 0.00>
ST_6 : Operation 145 [1/1] (0.00ns)   --->   "%weight_regfile_1_3_1_load_1 = load i8 %weight_regfile_1_3_1"   --->   Operation 145 'load' 'weight_regfile_1_3_1_load_1' <Predicate = (trunc_ln33 == 1)> <Delay = 0.00>
ST_6 : Operation 146 [1/1] (0.00ns)   --->   "%write_flag12_1_load = load i1 %write_flag12_1, void %store_ln33"   --->   Operation 146 'load' 'write_flag12_1_load' <Predicate = (trunc_ln33 == 1)> <Delay = 0.00>
ST_6 : Operation 147 [1/1] (0.00ns)   --->   "%write_flag21_1_load = load i1 %write_flag21_1, void %store_ln33"   --->   Operation 147 'load' 'write_flag21_1_load' <Predicate = (trunc_ln33 == 1)> <Delay = 0.00>
ST_6 : Operation 148 [1/1] (0.00ns)   --->   "%weight_regfile_1_2_1_load_1 = load i8 %weight_regfile_1_2_1"   --->   Operation 148 'load' 'weight_regfile_1_2_1_load_1' <Predicate = (trunc_ln33 == 1)> <Delay = 0.00>
ST_6 : Operation 149 [1/1] (0.00ns)   --->   "%weight_regfile_1_0_1_load_1 = load i8 %weight_regfile_1_0_1"   --->   Operation 149 'load' 'weight_regfile_1_0_1_load_1' <Predicate = (trunc_ln33 == 1)> <Delay = 0.00>
ST_6 : Operation 150 [1/1] (0.00ns)   --->   "%write_flag18_1_load = load i1 %write_flag18_1, void %store_ln33"   --->   Operation 150 'load' 'write_flag18_1_load' <Predicate = (trunc_ln33 == 1)> <Delay = 0.00>
ST_6 : Operation 151 [1/1] (0.00ns)   --->   "%weight_regfile_1_1_1_load_1 = load i8 %weight_regfile_1_1_1"   --->   Operation 151 'load' 'weight_regfile_1_1_1_load_1' <Predicate = (trunc_ln33 == 1)> <Delay = 0.00>
ST_6 : Operation 152 [1/1] (0.00ns)   --->   "%write_flag15_1_load = load i1 %write_flag15_1, void %store_ln33"   --->   Operation 152 'load' 'write_flag15_1_load' <Predicate = (trunc_ln33 == 1)> <Delay = 0.00>
ST_6 : Operation 153 [1/1] (0.39ns)   --->   "%weight_regfile_1_3_3 = mux i8 @_ssdm_op_Mux.ap_auto.4i8.i2, i8 %weight_regfile_1_3_1_load_1, i8 %weight_regfile_1_3_1_load_1, i8 %weight_regfile_1_3_1_load_1, i8 %tmp, i2 %trunc_ln39" [Systolic_Array_PCNN_based/conv_sysarr_dbbuf.cpp:41->Systolic_Array_PCNN_based/conv_sysarr_dbbuf.cpp:390->Systolic_Array_PCNN_based/conv_sysarr_dbbuf.cpp:365]   --->   Operation 153 'mux' 'weight_regfile_1_3_3' <Predicate = (trunc_ln33 == 1)> <Delay = 0.39> <CoreInst = "MuxnS">   --->   Core 16 'MuxnS' <Latency = 0> <II = 1> <Delay = 0.39> <FuncUnit> <Opcode : 'mux'> <InPorts = 2> <OutPorts = 1>
ST_6 : Operation 154 [1/1] (0.39ns)   --->   "%write_flag12_3 = mux i1 @_ssdm_op_Mux.ap_auto.4i1.i2, i1, i1 %write_flag12_1_load, i1 %write_flag12_1_load, i1 %write_flag12_1_load, i2 %trunc_ln39" [Systolic_Array_PCNN_based/conv_sysarr_dbbuf.cpp:39->Systolic_Array_PCNN_based/conv_sysarr_dbbuf.cpp:390->Systolic_Array_PCNN_based/conv_sysarr_dbbuf.cpp:365]   --->   Operation 154 'mux' 'write_flag12_3' <Predicate = (trunc_ln33 == 1)> <Delay = 0.39> <CoreInst = "MuxnS">   --->   Core 16 'MuxnS' <Latency = 0> <II = 1> <Delay = 0.39> <FuncUnit> <Opcode : 'mux'> <InPorts = 2> <OutPorts = 1>
ST_6 : Operation 155 [1/1] (0.39ns)   --->   "%write_flag21_3 = mux i1 @_ssdm_op_Mux.ap_auto.4i1.i2, i1 %write_flag21_1_load, i1 %write_flag21_1_load, i1 %write_flag21_1_load, i1, i2 %trunc_ln39" [Systolic_Array_PCNN_based/conv_sysarr_dbbuf.cpp:39->Systolic_Array_PCNN_based/conv_sysarr_dbbuf.cpp:390->Systolic_Array_PCNN_based/conv_sysarr_dbbuf.cpp:365]   --->   Operation 155 'mux' 'write_flag21_3' <Predicate = (trunc_ln33 == 1)> <Delay = 0.39> <CoreInst = "MuxnS">   --->   Core 16 'MuxnS' <Latency = 0> <II = 1> <Delay = 0.39> <FuncUnit> <Opcode : 'mux'> <InPorts = 2> <OutPorts = 1>
ST_6 : Operation 156 [1/1] (0.39ns)   --->   "%weight_regfile_1_2_3 = mux i8 @_ssdm_op_Mux.ap_auto.4i8.i2, i8 %weight_regfile_1_2_1_load_1, i8 %weight_regfile_1_2_1_load_1, i8 %tmp, i8 %weight_regfile_1_2_1_load_1, i2 %trunc_ln39" [Systolic_Array_PCNN_based/conv_sysarr_dbbuf.cpp:41->Systolic_Array_PCNN_based/conv_sysarr_dbbuf.cpp:390->Systolic_Array_PCNN_based/conv_sysarr_dbbuf.cpp:365]   --->   Operation 156 'mux' 'weight_regfile_1_2_3' <Predicate = (trunc_ln33 == 1)> <Delay = 0.39> <CoreInst = "MuxnS">   --->   Core 16 'MuxnS' <Latency = 0> <II = 1> <Delay = 0.39> <FuncUnit> <Opcode : 'mux'> <InPorts = 2> <OutPorts = 1>
ST_6 : Operation 157 [1/1] (0.39ns)   --->   "%weight_regfile_1_0_3 = mux i8 @_ssdm_op_Mux.ap_auto.4i8.i2, i8 %tmp, i8 %weight_regfile_1_0_1_load_1, i8 %weight_regfile_1_0_1_load_1, i8 %weight_regfile_1_0_1_load_1, i2 %trunc_ln39" [Systolic_Array_PCNN_based/conv_sysarr_dbbuf.cpp:41->Systolic_Array_PCNN_based/conv_sysarr_dbbuf.cpp:390->Systolic_Array_PCNN_based/conv_sysarr_dbbuf.cpp:365]   --->   Operation 157 'mux' 'weight_regfile_1_0_3' <Predicate = (trunc_ln33 == 1)> <Delay = 0.39> <CoreInst = "MuxnS">   --->   Core 16 'MuxnS' <Latency = 0> <II = 1> <Delay = 0.39> <FuncUnit> <Opcode : 'mux'> <InPorts = 2> <OutPorts = 1>
ST_6 : Operation 158 [1/1] (0.39ns)   --->   "%write_flag18_3 = mux i1 @_ssdm_op_Mux.ap_auto.4i1.i2, i1 %write_flag18_1_load, i1 %write_flag18_1_load, i1, i1 %write_flag18_1_load, i2 %trunc_ln39" [Systolic_Array_PCNN_based/conv_sysarr_dbbuf.cpp:39->Systolic_Array_PCNN_based/conv_sysarr_dbbuf.cpp:390->Systolic_Array_PCNN_based/conv_sysarr_dbbuf.cpp:365]   --->   Operation 158 'mux' 'write_flag18_3' <Predicate = (trunc_ln33 == 1)> <Delay = 0.39> <CoreInst = "MuxnS">   --->   Core 16 'MuxnS' <Latency = 0> <II = 1> <Delay = 0.39> <FuncUnit> <Opcode : 'mux'> <InPorts = 2> <OutPorts = 1>
ST_6 : Operation 159 [1/1] (0.39ns)   --->   "%weight_regfile_1_1_3 = mux i8 @_ssdm_op_Mux.ap_auto.4i8.i2, i8 %weight_regfile_1_1_1_load_1, i8 %tmp, i8 %weight_regfile_1_1_1_load_1, i8 %weight_regfile_1_1_1_load_1, i2 %trunc_ln39" [Systolic_Array_PCNN_based/conv_sysarr_dbbuf.cpp:41->Systolic_Array_PCNN_based/conv_sysarr_dbbuf.cpp:390->Systolic_Array_PCNN_based/conv_sysarr_dbbuf.cpp:365]   --->   Operation 159 'mux' 'weight_regfile_1_1_3' <Predicate = (trunc_ln33 == 1)> <Delay = 0.39> <CoreInst = "MuxnS">   --->   Core 16 'MuxnS' <Latency = 0> <II = 1> <Delay = 0.39> <FuncUnit> <Opcode : 'mux'> <InPorts = 2> <OutPorts = 1>
ST_6 : Operation 160 [1/1] (0.39ns)   --->   "%write_flag15_3 = mux i1 @_ssdm_op_Mux.ap_auto.4i1.i2, i1 %write_flag15_1_load, i1, i1 %write_flag15_1_load, i1 %write_flag15_1_load, i2 %trunc_ln39" [Systolic_Array_PCNN_based/conv_sysarr_dbbuf.cpp:39->Systolic_Array_PCNN_based/conv_sysarr_dbbuf.cpp:390->Systolic_Array_PCNN_based/conv_sysarr_dbbuf.cpp:365]   --->   Operation 160 'mux' 'write_flag15_3' <Predicate = (trunc_ln33 == 1)> <Delay = 0.39> <CoreInst = "MuxnS">   --->   Core 16 'MuxnS' <Latency = 0> <II = 1> <Delay = 0.39> <FuncUnit> <Opcode : 'mux'> <InPorts = 2> <OutPorts = 1>
ST_6 : Operation 161 [1/1] (0.60ns)   --->   "%store_ln43 = store i1 %write_flag15_3, i1 %write_flag15_1, i1 %write_flag15_1_load, void %store_ln33" [Systolic_Array_PCNN_based/conv_sysarr_dbbuf.cpp:43->Systolic_Array_PCNN_based/conv_sysarr_dbbuf.cpp:390->Systolic_Array_PCNN_based/conv_sysarr_dbbuf.cpp:365]   --->   Operation 161 'store' 'store_ln43' <Predicate = (trunc_ln33 == 1)> <Delay = 0.60>
ST_6 : Operation 162 [1/1] (0.00ns)   --->   "%store_ln43 = store i8 %weight_regfile_1_1_3, i8 %weight_regfile_1_1_1, i8 %weight_regfile_1_1_1_load_1" [Systolic_Array_PCNN_based/conv_sysarr_dbbuf.cpp:43->Systolic_Array_PCNN_based/conv_sysarr_dbbuf.cpp:390->Systolic_Array_PCNN_based/conv_sysarr_dbbuf.cpp:365]   --->   Operation 162 'store' 'store_ln43' <Predicate = (trunc_ln33 == 1)> <Delay = 0.00>
ST_6 : Operation 163 [1/1] (0.60ns)   --->   "%store_ln43 = store i1 %write_flag18_3, i1 %write_flag18_1, i1 %write_flag18_1_load, void %store_ln33" [Systolic_Array_PCNN_based/conv_sysarr_dbbuf.cpp:43->Systolic_Array_PCNN_based/conv_sysarr_dbbuf.cpp:390->Systolic_Array_PCNN_based/conv_sysarr_dbbuf.cpp:365]   --->   Operation 163 'store' 'store_ln43' <Predicate = (trunc_ln33 == 1)> <Delay = 0.60>
ST_6 : Operation 164 [1/1] (0.00ns)   --->   "%store_ln43 = store i8 %weight_regfile_1_0_3, i8 %weight_regfile_1_0_1, i8 %weight_regfile_1_0_1_load_1" [Systolic_Array_PCNN_based/conv_sysarr_dbbuf.cpp:43->Systolic_Array_PCNN_based/conv_sysarr_dbbuf.cpp:390->Systolic_Array_PCNN_based/conv_sysarr_dbbuf.cpp:365]   --->   Operation 164 'store' 'store_ln43' <Predicate = (trunc_ln33 == 1)> <Delay = 0.00>
ST_6 : Operation 165 [1/1] (0.00ns)   --->   "%store_ln43 = store i8 %weight_regfile_1_2_3, i8 %weight_regfile_1_2_1, i8 %weight_regfile_1_2_1_load_1" [Systolic_Array_PCNN_based/conv_sysarr_dbbuf.cpp:43->Systolic_Array_PCNN_based/conv_sysarr_dbbuf.cpp:390->Systolic_Array_PCNN_based/conv_sysarr_dbbuf.cpp:365]   --->   Operation 165 'store' 'store_ln43' <Predicate = (trunc_ln33 == 1)> <Delay = 0.00>
ST_6 : Operation 166 [1/1] (0.60ns)   --->   "%store_ln43 = store i1 %write_flag21_3, i1 %write_flag21_1, i1 %write_flag21_1_load, void %store_ln33" [Systolic_Array_PCNN_based/conv_sysarr_dbbuf.cpp:43->Systolic_Array_PCNN_based/conv_sysarr_dbbuf.cpp:390->Systolic_Array_PCNN_based/conv_sysarr_dbbuf.cpp:365]   --->   Operation 166 'store' 'store_ln43' <Predicate = (trunc_ln33 == 1)> <Delay = 0.60>
ST_6 : Operation 167 [1/1] (0.60ns)   --->   "%store_ln43 = store i1 %write_flag12_3, i1 %write_flag12_1, i1 %write_flag12_1_load, void %store_ln33" [Systolic_Array_PCNN_based/conv_sysarr_dbbuf.cpp:43->Systolic_Array_PCNN_based/conv_sysarr_dbbuf.cpp:390->Systolic_Array_PCNN_based/conv_sysarr_dbbuf.cpp:365]   --->   Operation 167 'store' 'store_ln43' <Predicate = (trunc_ln33 == 1)> <Delay = 0.60>
ST_6 : Operation 168 [1/1] (0.00ns)   --->   "%store_ln43 = store i8 %weight_regfile_1_3_3, i8 %weight_regfile_1_3_1, i8 %weight_regfile_1_3_1_load_1" [Systolic_Array_PCNN_based/conv_sysarr_dbbuf.cpp:43->Systolic_Array_PCNN_based/conv_sysarr_dbbuf.cpp:390->Systolic_Array_PCNN_based/conv_sysarr_dbbuf.cpp:365]   --->   Operation 168 'store' 'store_ln43' <Predicate = (trunc_ln33 == 1)> <Delay = 0.00>
ST_6 : Operation 169 [1/1] (0.00ns)   --->   "%br_ln43 = br void %bb.split10.i.i" [Systolic_Array_PCNN_based/conv_sysarr_dbbuf.cpp:43->Systolic_Array_PCNN_based/conv_sysarr_dbbuf.cpp:390->Systolic_Array_PCNN_based/conv_sysarr_dbbuf.cpp:365]   --->   Operation 169 'br' 'br_ln43' <Predicate = (trunc_ln33 == 1)> <Delay = 0.00>
ST_6 : Operation 170 [1/1] (0.00ns)   --->   "%write_flag_1_load = load i1 %write_flag_1, void %store_ln33"   --->   Operation 170 'load' 'write_flag_1_load' <Predicate = (trunc_ln33 == 0)> <Delay = 0.00>
ST_6 : Operation 171 [1/1] (0.00ns)   --->   "%weight_regfile_0_0_1_load_1 = load i8 %weight_regfile_0_0_1"   --->   Operation 171 'load' 'weight_regfile_0_0_1_load_1' <Predicate = (trunc_ln33 == 0)> <Delay = 0.00>
ST_6 : Operation 172 [1/1] (0.00ns)   --->   "%write_flag3_1_load = load i1 %write_flag3_1, void %store_ln33"   --->   Operation 172 'load' 'write_flag3_1_load' <Predicate = (trunc_ln33 == 0)> <Delay = 0.00>
ST_6 : Operation 173 [1/1] (0.00ns)   --->   "%weight_regfile_0_1_1_load_1 = load i8 %weight_regfile_0_1_1"   --->   Operation 173 'load' 'weight_regfile_0_1_1_load_1' <Predicate = (trunc_ln33 == 0)> <Delay = 0.00>
ST_6 : Operation 174 [1/1] (0.00ns)   --->   "%write_flag6_1_load = load i1 %write_flag6_1, void %store_ln33"   --->   Operation 174 'load' 'write_flag6_1_load' <Predicate = (trunc_ln33 == 0)> <Delay = 0.00>
ST_6 : Operation 175 [1/1] (0.00ns)   --->   "%weight_regfile_0_2_1_load_1 = load i8 %weight_regfile_0_2_1"   --->   Operation 175 'load' 'weight_regfile_0_2_1_load_1' <Predicate = (trunc_ln33 == 0)> <Delay = 0.00>
ST_6 : Operation 176 [1/1] (0.00ns)   --->   "%write_flag9_1_load = load i1 %write_flag9_1, void %store_ln33"   --->   Operation 176 'load' 'write_flag9_1_load' <Predicate = (trunc_ln33 == 0)> <Delay = 0.00>
ST_6 : Operation 177 [1/1] (0.00ns)   --->   "%weight_regfile_0_3_1_load_1 = load i8 %weight_regfile_0_3_1"   --->   Operation 177 'load' 'weight_regfile_0_3_1_load_1' <Predicate = (trunc_ln33 == 0)> <Delay = 0.00>
ST_6 : Operation 178 [1/1] (0.39ns)   --->   "%write_flag_3 = mux i1 @_ssdm_op_Mux.ap_auto.4i1.i2, i1, i1 %write_flag_1_load, i1 %write_flag_1_load, i1 %write_flag_1_load, i2 %trunc_ln39" [Systolic_Array_PCNN_based/conv_sysarr_dbbuf.cpp:39->Systolic_Array_PCNN_based/conv_sysarr_dbbuf.cpp:390->Systolic_Array_PCNN_based/conv_sysarr_dbbuf.cpp:365]   --->   Operation 178 'mux' 'write_flag_3' <Predicate = (trunc_ln33 == 0)> <Delay = 0.39> <CoreInst = "MuxnS">   --->   Core 16 'MuxnS' <Latency = 0> <II = 1> <Delay = 0.39> <FuncUnit> <Opcode : 'mux'> <InPorts = 2> <OutPorts = 1>
ST_6 : Operation 179 [1/1] (0.39ns)   --->   "%weight_regfile_0_0_3 = mux i8 @_ssdm_op_Mux.ap_auto.4i8.i2, i8 %tmp, i8 %weight_regfile_0_0_1_load_1, i8 %weight_regfile_0_0_1_load_1, i8 %weight_regfile_0_0_1_load_1, i2 %trunc_ln39" [Systolic_Array_PCNN_based/conv_sysarr_dbbuf.cpp:41->Systolic_Array_PCNN_based/conv_sysarr_dbbuf.cpp:390->Systolic_Array_PCNN_based/conv_sysarr_dbbuf.cpp:365]   --->   Operation 179 'mux' 'weight_regfile_0_0_3' <Predicate = (trunc_ln33 == 0)> <Delay = 0.39> <CoreInst = "MuxnS">   --->   Core 16 'MuxnS' <Latency = 0> <II = 1> <Delay = 0.39> <FuncUnit> <Opcode : 'mux'> <InPorts = 2> <OutPorts = 1>
ST_6 : Operation 180 [1/1] (0.39ns)   --->   "%write_flag3_3 = mux i1 @_ssdm_op_Mux.ap_auto.4i1.i2, i1 %write_flag3_1_load, i1, i1 %write_flag3_1_load, i1 %write_flag3_1_load, i2 %trunc_ln39" [Systolic_Array_PCNN_based/conv_sysarr_dbbuf.cpp:39->Systolic_Array_PCNN_based/conv_sysarr_dbbuf.cpp:390->Systolic_Array_PCNN_based/conv_sysarr_dbbuf.cpp:365]   --->   Operation 180 'mux' 'write_flag3_3' <Predicate = (trunc_ln33 == 0)> <Delay = 0.39> <CoreInst = "MuxnS">   --->   Core 16 'MuxnS' <Latency = 0> <II = 1> <Delay = 0.39> <FuncUnit> <Opcode : 'mux'> <InPorts = 2> <OutPorts = 1>
ST_6 : Operation 181 [1/1] (0.39ns)   --->   "%weight_regfile_0_1_3 = mux i8 @_ssdm_op_Mux.ap_auto.4i8.i2, i8 %weight_regfile_0_1_1_load_1, i8 %tmp, i8 %weight_regfile_0_1_1_load_1, i8 %weight_regfile_0_1_1_load_1, i2 %trunc_ln39" [Systolic_Array_PCNN_based/conv_sysarr_dbbuf.cpp:41->Systolic_Array_PCNN_based/conv_sysarr_dbbuf.cpp:390->Systolic_Array_PCNN_based/conv_sysarr_dbbuf.cpp:365]   --->   Operation 181 'mux' 'weight_regfile_0_1_3' <Predicate = (trunc_ln33 == 0)> <Delay = 0.39> <CoreInst = "MuxnS">   --->   Core 16 'MuxnS' <Latency = 0> <II = 1> <Delay = 0.39> <FuncUnit> <Opcode : 'mux'> <InPorts = 2> <OutPorts = 1>
ST_6 : Operation 182 [1/1] (0.39ns)   --->   "%write_flag6_3 = mux i1 @_ssdm_op_Mux.ap_auto.4i1.i2, i1 %write_flag6_1_load, i1 %write_flag6_1_load, i1, i1 %write_flag6_1_load, i2 %trunc_ln39" [Systolic_Array_PCNN_based/conv_sysarr_dbbuf.cpp:39->Systolic_Array_PCNN_based/conv_sysarr_dbbuf.cpp:390->Systolic_Array_PCNN_based/conv_sysarr_dbbuf.cpp:365]   --->   Operation 182 'mux' 'write_flag6_3' <Predicate = (trunc_ln33 == 0)> <Delay = 0.39> <CoreInst = "MuxnS">   --->   Core 16 'MuxnS' <Latency = 0> <II = 1> <Delay = 0.39> <FuncUnit> <Opcode : 'mux'> <InPorts = 2> <OutPorts = 1>
ST_6 : Operation 183 [1/1] (0.39ns)   --->   "%weight_regfile_0_2_3 = mux i8 @_ssdm_op_Mux.ap_auto.4i8.i2, i8 %weight_regfile_0_2_1_load_1, i8 %weight_regfile_0_2_1_load_1, i8 %tmp, i8 %weight_regfile_0_2_1_load_1, i2 %trunc_ln39" [Systolic_Array_PCNN_based/conv_sysarr_dbbuf.cpp:41->Systolic_Array_PCNN_based/conv_sysarr_dbbuf.cpp:390->Systolic_Array_PCNN_based/conv_sysarr_dbbuf.cpp:365]   --->   Operation 183 'mux' 'weight_regfile_0_2_3' <Predicate = (trunc_ln33 == 0)> <Delay = 0.39> <CoreInst = "MuxnS">   --->   Core 16 'MuxnS' <Latency = 0> <II = 1> <Delay = 0.39> <FuncUnit> <Opcode : 'mux'> <InPorts = 2> <OutPorts = 1>
ST_6 : Operation 184 [1/1] (0.39ns)   --->   "%write_flag9_3 = mux i1 @_ssdm_op_Mux.ap_auto.4i1.i2, i1 %write_flag9_1_load, i1 %write_flag9_1_load, i1 %write_flag9_1_load, i1, i2 %trunc_ln39" [Systolic_Array_PCNN_based/conv_sysarr_dbbuf.cpp:39->Systolic_Array_PCNN_based/conv_sysarr_dbbuf.cpp:390->Systolic_Array_PCNN_based/conv_sysarr_dbbuf.cpp:365]   --->   Operation 184 'mux' 'write_flag9_3' <Predicate = (trunc_ln33 == 0)> <Delay = 0.39> <CoreInst = "MuxnS">   --->   Core 16 'MuxnS' <Latency = 0> <II = 1> <Delay = 0.39> <FuncUnit> <Opcode : 'mux'> <InPorts = 2> <OutPorts = 1>
ST_6 : Operation 185 [1/1] (0.39ns)   --->   "%weight_regfile_0_3_3 = mux i8 @_ssdm_op_Mux.ap_auto.4i8.i2, i8 %weight_regfile_0_3_1_load_1, i8 %weight_regfile_0_3_1_load_1, i8 %weight_regfile_0_3_1_load_1, i8 %tmp, i2 %trunc_ln39" [Systolic_Array_PCNN_based/conv_sysarr_dbbuf.cpp:41->Systolic_Array_PCNN_based/conv_sysarr_dbbuf.cpp:390->Systolic_Array_PCNN_based/conv_sysarr_dbbuf.cpp:365]   --->   Operation 185 'mux' 'weight_regfile_0_3_3' <Predicate = (trunc_ln33 == 0)> <Delay = 0.39> <CoreInst = "MuxnS">   --->   Core 16 'MuxnS' <Latency = 0> <II = 1> <Delay = 0.39> <FuncUnit> <Opcode : 'mux'> <InPorts = 2> <OutPorts = 1>
ST_6 : Operation 186 [1/1] (0.00ns)   --->   "%store_ln43 = store i8 %weight_regfile_0_3_3, i8 %weight_regfile_0_3_1, i8 %weight_regfile_0_3_1_load_1" [Systolic_Array_PCNN_based/conv_sysarr_dbbuf.cpp:43->Systolic_Array_PCNN_based/conv_sysarr_dbbuf.cpp:390->Systolic_Array_PCNN_based/conv_sysarr_dbbuf.cpp:365]   --->   Operation 186 'store' 'store_ln43' <Predicate = (trunc_ln33 == 0)> <Delay = 0.00>
ST_6 : Operation 187 [1/1] (0.60ns)   --->   "%store_ln43 = store i1 %write_flag9_3, i1 %write_flag9_1, i1 %write_flag9_1_load, void %store_ln33" [Systolic_Array_PCNN_based/conv_sysarr_dbbuf.cpp:43->Systolic_Array_PCNN_based/conv_sysarr_dbbuf.cpp:390->Systolic_Array_PCNN_based/conv_sysarr_dbbuf.cpp:365]   --->   Operation 187 'store' 'store_ln43' <Predicate = (trunc_ln33 == 0)> <Delay = 0.60>
ST_6 : Operation 188 [1/1] (0.00ns)   --->   "%store_ln43 = store i8 %weight_regfile_0_2_3, i8 %weight_regfile_0_2_1, i8 %weight_regfile_0_2_1_load_1" [Systolic_Array_PCNN_based/conv_sysarr_dbbuf.cpp:43->Systolic_Array_PCNN_based/conv_sysarr_dbbuf.cpp:390->Systolic_Array_PCNN_based/conv_sysarr_dbbuf.cpp:365]   --->   Operation 188 'store' 'store_ln43' <Predicate = (trunc_ln33 == 0)> <Delay = 0.00>
ST_6 : Operation 189 [1/1] (0.60ns)   --->   "%store_ln43 = store i1 %write_flag6_3, i1 %write_flag6_1, i1 %write_flag6_1_load, void %store_ln33" [Systolic_Array_PCNN_based/conv_sysarr_dbbuf.cpp:43->Systolic_Array_PCNN_based/conv_sysarr_dbbuf.cpp:390->Systolic_Array_PCNN_based/conv_sysarr_dbbuf.cpp:365]   --->   Operation 189 'store' 'store_ln43' <Predicate = (trunc_ln33 == 0)> <Delay = 0.60>
ST_6 : Operation 190 [1/1] (0.00ns)   --->   "%store_ln43 = store i8 %weight_regfile_0_1_3, i8 %weight_regfile_0_1_1, i8 %weight_regfile_0_1_1_load_1" [Systolic_Array_PCNN_based/conv_sysarr_dbbuf.cpp:43->Systolic_Array_PCNN_based/conv_sysarr_dbbuf.cpp:390->Systolic_Array_PCNN_based/conv_sysarr_dbbuf.cpp:365]   --->   Operation 190 'store' 'store_ln43' <Predicate = (trunc_ln33 == 0)> <Delay = 0.00>
ST_6 : Operation 191 [1/1] (0.60ns)   --->   "%store_ln43 = store i1 %write_flag3_3, i1 %write_flag3_1, i1 %write_flag3_1_load, void %store_ln33" [Systolic_Array_PCNN_based/conv_sysarr_dbbuf.cpp:43->Systolic_Array_PCNN_based/conv_sysarr_dbbuf.cpp:390->Systolic_Array_PCNN_based/conv_sysarr_dbbuf.cpp:365]   --->   Operation 191 'store' 'store_ln43' <Predicate = (trunc_ln33 == 0)> <Delay = 0.60>
ST_6 : Operation 192 [1/1] (0.00ns)   --->   "%store_ln43 = store i8 %weight_regfile_0_0_3, i8 %weight_regfile_0_0_1, i8 %weight_regfile_0_0_1_load_1" [Systolic_Array_PCNN_based/conv_sysarr_dbbuf.cpp:43->Systolic_Array_PCNN_based/conv_sysarr_dbbuf.cpp:390->Systolic_Array_PCNN_based/conv_sysarr_dbbuf.cpp:365]   --->   Operation 192 'store' 'store_ln43' <Predicate = (trunc_ln33 == 0)> <Delay = 0.00>
ST_6 : Operation 193 [1/1] (0.60ns)   --->   "%store_ln43 = store i1 %write_flag_3, i1 %write_flag_1, i1 %write_flag_1_load, void %store_ln33" [Systolic_Array_PCNN_based/conv_sysarr_dbbuf.cpp:43->Systolic_Array_PCNN_based/conv_sysarr_dbbuf.cpp:390->Systolic_Array_PCNN_based/conv_sysarr_dbbuf.cpp:365]   --->   Operation 193 'store' 'store_ln43' <Predicate = (trunc_ln33 == 0)> <Delay = 0.60>
ST_6 : Operation 194 [1/1] (0.00ns)   --->   "%br_ln43 = br void %bb.split10.i.i" [Systolic_Array_PCNN_based/conv_sysarr_dbbuf.cpp:43->Systolic_Array_PCNN_based/conv_sysarr_dbbuf.cpp:390->Systolic_Array_PCNN_based/conv_sysarr_dbbuf.cpp:365]   --->   Operation 194 'br' 'br_ln43' <Predicate = (trunc_ln33 == 0)> <Delay = 0.00>
ST_6 : Operation 195 [1/1] (0.00ns)   --->   "%weight_regfile_3_3_1_load_1 = load i8 %weight_regfile_3_3_1"   --->   Operation 195 'load' 'weight_regfile_3_3_1_load_1' <Predicate = (trunc_ln33 == 3)> <Delay = 0.00>
ST_6 : Operation 196 [1/1] (0.00ns)   --->   "%write_flag45_1_load = load i1 %write_flag45_1, void %store_ln33"   --->   Operation 196 'load' 'write_flag45_1_load' <Predicate = (trunc_ln33 == 3)> <Delay = 0.00>
ST_6 : Operation 197 [1/1] (0.00ns)   --->   "%weight_regfile_3_2_1_load_1 = load i8 %weight_regfile_3_2_1"   --->   Operation 197 'load' 'weight_regfile_3_2_1_load_1' <Predicate = (trunc_ln33 == 3)> <Delay = 0.00>
ST_6 : Operation 198 [1/1] (0.00ns)   --->   "%write_flag42_1_load = load i1 %write_flag42_1, void %store_ln33"   --->   Operation 198 'load' 'write_flag42_1_load' <Predicate = (trunc_ln33 == 3)> <Delay = 0.00>
ST_6 : Operation 199 [1/1] (0.00ns)   --->   "%weight_regfile_3_1_1_load_1 = load i8 %weight_regfile_3_1_1"   --->   Operation 199 'load' 'weight_regfile_3_1_1_load_1' <Predicate = (trunc_ln33 == 3)> <Delay = 0.00>
ST_6 : Operation 200 [1/1] (0.00ns)   --->   "%write_flag39_1_load = load i1 %write_flag39_1, void %store_ln33"   --->   Operation 200 'load' 'write_flag39_1_load' <Predicate = (trunc_ln33 == 3)> <Delay = 0.00>
ST_6 : Operation 201 [1/1] (0.00ns)   --->   "%weight_regfile_3_0_1_load_1 = load i8 %weight_regfile_3_0_1"   --->   Operation 201 'load' 'weight_regfile_3_0_1_load_1' <Predicate = (trunc_ln33 == 3)> <Delay = 0.00>
ST_6 : Operation 202 [1/1] (0.00ns)   --->   "%write_flag36_1_load = load i1 %write_flag36_1, void %store_ln33"   --->   Operation 202 'load' 'write_flag36_1_load' <Predicate = (trunc_ln33 == 3)> <Delay = 0.00>
ST_6 : Operation 203 [1/1] (0.39ns)   --->   "%weight_regfile_3_3_3 = mux i8 @_ssdm_op_Mux.ap_auto.4i8.i2, i8 %weight_regfile_3_3_1_load_1, i8 %weight_regfile_3_3_1_load_1, i8 %weight_regfile_3_3_1_load_1, i8 %tmp, i2 %trunc_ln39" [Systolic_Array_PCNN_based/conv_sysarr_dbbuf.cpp:41->Systolic_Array_PCNN_based/conv_sysarr_dbbuf.cpp:390->Systolic_Array_PCNN_based/conv_sysarr_dbbuf.cpp:365]   --->   Operation 203 'mux' 'weight_regfile_3_3_3' <Predicate = (trunc_ln33 == 3)> <Delay = 0.39> <CoreInst = "MuxnS">   --->   Core 16 'MuxnS' <Latency = 0> <II = 1> <Delay = 0.39> <FuncUnit> <Opcode : 'mux'> <InPorts = 2> <OutPorts = 1>
ST_6 : Operation 204 [1/1] (0.39ns)   --->   "%write_flag45_3 = mux i1 @_ssdm_op_Mux.ap_auto.4i1.i2, i1 %write_flag45_1_load, i1 %write_flag45_1_load, i1 %write_flag45_1_load, i1, i2 %trunc_ln39" [Systolic_Array_PCNN_based/conv_sysarr_dbbuf.cpp:39->Systolic_Array_PCNN_based/conv_sysarr_dbbuf.cpp:390->Systolic_Array_PCNN_based/conv_sysarr_dbbuf.cpp:365]   --->   Operation 204 'mux' 'write_flag45_3' <Predicate = (trunc_ln33 == 3)> <Delay = 0.39> <CoreInst = "MuxnS">   --->   Core 16 'MuxnS' <Latency = 0> <II = 1> <Delay = 0.39> <FuncUnit> <Opcode : 'mux'> <InPorts = 2> <OutPorts = 1>
ST_6 : Operation 205 [1/1] (0.39ns)   --->   "%weight_regfile_3_2_3 = mux i8 @_ssdm_op_Mux.ap_auto.4i8.i2, i8 %weight_regfile_3_2_1_load_1, i8 %weight_regfile_3_2_1_load_1, i8 %tmp, i8 %weight_regfile_3_2_1_load_1, i2 %trunc_ln39" [Systolic_Array_PCNN_based/conv_sysarr_dbbuf.cpp:41->Systolic_Array_PCNN_based/conv_sysarr_dbbuf.cpp:390->Systolic_Array_PCNN_based/conv_sysarr_dbbuf.cpp:365]   --->   Operation 205 'mux' 'weight_regfile_3_2_3' <Predicate = (trunc_ln33 == 3)> <Delay = 0.39> <CoreInst = "MuxnS">   --->   Core 16 'MuxnS' <Latency = 0> <II = 1> <Delay = 0.39> <FuncUnit> <Opcode : 'mux'> <InPorts = 2> <OutPorts = 1>
ST_6 : Operation 206 [1/1] (0.39ns)   --->   "%write_flag42_3 = mux i1 @_ssdm_op_Mux.ap_auto.4i1.i2, i1 %write_flag42_1_load, i1 %write_flag42_1_load, i1, i1 %write_flag42_1_load, i2 %trunc_ln39" [Systolic_Array_PCNN_based/conv_sysarr_dbbuf.cpp:39->Systolic_Array_PCNN_based/conv_sysarr_dbbuf.cpp:390->Systolic_Array_PCNN_based/conv_sysarr_dbbuf.cpp:365]   --->   Operation 206 'mux' 'write_flag42_3' <Predicate = (trunc_ln33 == 3)> <Delay = 0.39> <CoreInst = "MuxnS">   --->   Core 16 'MuxnS' <Latency = 0> <II = 1> <Delay = 0.39> <FuncUnit> <Opcode : 'mux'> <InPorts = 2> <OutPorts = 1>
ST_6 : Operation 207 [1/1] (0.39ns)   --->   "%weight_regfile_3_1_3 = mux i8 @_ssdm_op_Mux.ap_auto.4i8.i2, i8 %weight_regfile_3_1_1_load_1, i8 %tmp, i8 %weight_regfile_3_1_1_load_1, i8 %weight_regfile_3_1_1_load_1, i2 %trunc_ln39" [Systolic_Array_PCNN_based/conv_sysarr_dbbuf.cpp:41->Systolic_Array_PCNN_based/conv_sysarr_dbbuf.cpp:390->Systolic_Array_PCNN_based/conv_sysarr_dbbuf.cpp:365]   --->   Operation 207 'mux' 'weight_regfile_3_1_3' <Predicate = (trunc_ln33 == 3)> <Delay = 0.39> <CoreInst = "MuxnS">   --->   Core 16 'MuxnS' <Latency = 0> <II = 1> <Delay = 0.39> <FuncUnit> <Opcode : 'mux'> <InPorts = 2> <OutPorts = 1>
ST_6 : Operation 208 [1/1] (0.39ns)   --->   "%write_flag39_3 = mux i1 @_ssdm_op_Mux.ap_auto.4i1.i2, i1 %write_flag39_1_load, i1, i1 %write_flag39_1_load, i1 %write_flag39_1_load, i2 %trunc_ln39" [Systolic_Array_PCNN_based/conv_sysarr_dbbuf.cpp:39->Systolic_Array_PCNN_based/conv_sysarr_dbbuf.cpp:390->Systolic_Array_PCNN_based/conv_sysarr_dbbuf.cpp:365]   --->   Operation 208 'mux' 'write_flag39_3' <Predicate = (trunc_ln33 == 3)> <Delay = 0.39> <CoreInst = "MuxnS">   --->   Core 16 'MuxnS' <Latency = 0> <II = 1> <Delay = 0.39> <FuncUnit> <Opcode : 'mux'> <InPorts = 2> <OutPorts = 1>
ST_6 : Operation 209 [1/1] (0.39ns)   --->   "%weight_regfile_3_0_3 = mux i8 @_ssdm_op_Mux.ap_auto.4i8.i2, i8 %tmp, i8 %weight_regfile_3_0_1_load_1, i8 %weight_regfile_3_0_1_load_1, i8 %weight_regfile_3_0_1_load_1, i2 %trunc_ln39" [Systolic_Array_PCNN_based/conv_sysarr_dbbuf.cpp:41->Systolic_Array_PCNN_based/conv_sysarr_dbbuf.cpp:390->Systolic_Array_PCNN_based/conv_sysarr_dbbuf.cpp:365]   --->   Operation 209 'mux' 'weight_regfile_3_0_3' <Predicate = (trunc_ln33 == 3)> <Delay = 0.39> <CoreInst = "MuxnS">   --->   Core 16 'MuxnS' <Latency = 0> <II = 1> <Delay = 0.39> <FuncUnit> <Opcode : 'mux'> <InPorts = 2> <OutPorts = 1>
ST_6 : Operation 210 [1/1] (0.39ns)   --->   "%write_flag36_3 = mux i1 @_ssdm_op_Mux.ap_auto.4i1.i2, i1, i1 %write_flag36_1_load, i1 %write_flag36_1_load, i1 %write_flag36_1_load, i2 %trunc_ln39" [Systolic_Array_PCNN_based/conv_sysarr_dbbuf.cpp:39->Systolic_Array_PCNN_based/conv_sysarr_dbbuf.cpp:390->Systolic_Array_PCNN_based/conv_sysarr_dbbuf.cpp:365]   --->   Operation 210 'mux' 'write_flag36_3' <Predicate = (trunc_ln33 == 3)> <Delay = 0.39> <CoreInst = "MuxnS">   --->   Core 16 'MuxnS' <Latency = 0> <II = 1> <Delay = 0.39> <FuncUnit> <Opcode : 'mux'> <InPorts = 2> <OutPorts = 1>
ST_6 : Operation 211 [1/1] (0.60ns)   --->   "%store_ln43 = store i1 %write_flag36_3, i1 %write_flag36_1, i1 %write_flag36_1_load, void %store_ln33" [Systolic_Array_PCNN_based/conv_sysarr_dbbuf.cpp:43->Systolic_Array_PCNN_based/conv_sysarr_dbbuf.cpp:390->Systolic_Array_PCNN_based/conv_sysarr_dbbuf.cpp:365]   --->   Operation 211 'store' 'store_ln43' <Predicate = (trunc_ln33 == 3)> <Delay = 0.60>
ST_6 : Operation 212 [1/1] (0.00ns)   --->   "%store_ln43 = store i8 %weight_regfile_3_0_3, i8 %weight_regfile_3_0_1, i8 %weight_regfile_3_0_1_load_1" [Systolic_Array_PCNN_based/conv_sysarr_dbbuf.cpp:43->Systolic_Array_PCNN_based/conv_sysarr_dbbuf.cpp:390->Systolic_Array_PCNN_based/conv_sysarr_dbbuf.cpp:365]   --->   Operation 212 'store' 'store_ln43' <Predicate = (trunc_ln33 == 3)> <Delay = 0.00>
ST_6 : Operation 213 [1/1] (0.60ns)   --->   "%store_ln43 = store i1 %write_flag39_3, i1 %write_flag39_1, i1 %write_flag39_1_load, void %store_ln33" [Systolic_Array_PCNN_based/conv_sysarr_dbbuf.cpp:43->Systolic_Array_PCNN_based/conv_sysarr_dbbuf.cpp:390->Systolic_Array_PCNN_based/conv_sysarr_dbbuf.cpp:365]   --->   Operation 213 'store' 'store_ln43' <Predicate = (trunc_ln33 == 3)> <Delay = 0.60>
ST_6 : Operation 214 [1/1] (0.00ns)   --->   "%store_ln43 = store i8 %weight_regfile_3_1_3, i8 %weight_regfile_3_1_1, i8 %weight_regfile_3_1_1_load_1" [Systolic_Array_PCNN_based/conv_sysarr_dbbuf.cpp:43->Systolic_Array_PCNN_based/conv_sysarr_dbbuf.cpp:390->Systolic_Array_PCNN_based/conv_sysarr_dbbuf.cpp:365]   --->   Operation 214 'store' 'store_ln43' <Predicate = (trunc_ln33 == 3)> <Delay = 0.00>
ST_6 : Operation 215 [1/1] (0.60ns)   --->   "%store_ln43 = store i1 %write_flag42_3, i1 %write_flag42_1, i1 %write_flag42_1_load, void %store_ln33" [Systolic_Array_PCNN_based/conv_sysarr_dbbuf.cpp:43->Systolic_Array_PCNN_based/conv_sysarr_dbbuf.cpp:390->Systolic_Array_PCNN_based/conv_sysarr_dbbuf.cpp:365]   --->   Operation 215 'store' 'store_ln43' <Predicate = (trunc_ln33 == 3)> <Delay = 0.60>
ST_6 : Operation 216 [1/1] (0.00ns)   --->   "%store_ln43 = store i8 %weight_regfile_3_2_3, i8 %weight_regfile_3_2_1, i8 %weight_regfile_3_2_1_load_1" [Systolic_Array_PCNN_based/conv_sysarr_dbbuf.cpp:43->Systolic_Array_PCNN_based/conv_sysarr_dbbuf.cpp:390->Systolic_Array_PCNN_based/conv_sysarr_dbbuf.cpp:365]   --->   Operation 216 'store' 'store_ln43' <Predicate = (trunc_ln33 == 3)> <Delay = 0.00>
ST_6 : Operation 217 [1/1] (0.60ns)   --->   "%store_ln43 = store i1 %write_flag45_3, i1 %write_flag45_1, i1 %write_flag45_1_load, void %store_ln33" [Systolic_Array_PCNN_based/conv_sysarr_dbbuf.cpp:43->Systolic_Array_PCNN_based/conv_sysarr_dbbuf.cpp:390->Systolic_Array_PCNN_based/conv_sysarr_dbbuf.cpp:365]   --->   Operation 217 'store' 'store_ln43' <Predicate = (trunc_ln33 == 3)> <Delay = 0.60>
ST_6 : Operation 218 [1/1] (0.00ns)   --->   "%store_ln43 = store i8 %weight_regfile_3_3_3, i8 %weight_regfile_3_3_1, i8 %weight_regfile_3_3_1_load_1" [Systolic_Array_PCNN_based/conv_sysarr_dbbuf.cpp:43->Systolic_Array_PCNN_based/conv_sysarr_dbbuf.cpp:390->Systolic_Array_PCNN_based/conv_sysarr_dbbuf.cpp:365]   --->   Operation 218 'store' 'store_ln43' <Predicate = (trunc_ln33 == 3)> <Delay = 0.00>
ST_6 : Operation 219 [1/1] (0.00ns)   --->   "%br_ln43 = br void %bb.split10.i.i" [Systolic_Array_PCNN_based/conv_sysarr_dbbuf.cpp:43->Systolic_Array_PCNN_based/conv_sysarr_dbbuf.cpp:390->Systolic_Array_PCNN_based/conv_sysarr_dbbuf.cpp:365]   --->   Operation 219 'br' 'br_ln43' <Predicate = (trunc_ln33 == 3)> <Delay = 0.00>

State 7 <SV = 2> <Delay = 0.00>
ST_7 : Operation 220 [1/1] (0.00ns)   --->   "%weight_regfile_3_3_1_load = load i8 %weight_regfile_3_3_1" [Systolic_Array_PCNN_based/conv_sysarr_dbbuf.cpp:365]   --->   Operation 220 'load' 'weight_regfile_3_3_1_load' <Predicate = true> <Delay = 0.00>
ST_7 : Operation 221 [1/1] (0.00ns)   --->   "%weight_regfile_3_2_1_load = load i8 %weight_regfile_3_2_1" [Systolic_Array_PCNN_based/conv_sysarr_dbbuf.cpp:365]   --->   Operation 221 'load' 'weight_regfile_3_2_1_load' <Predicate = true> <Delay = 0.00>
ST_7 : Operation 222 [1/1] (0.00ns)   --->   "%weight_regfile_0_0_1_load = load i8 %weight_regfile_0_0_1" [Systolic_Array_PCNN_based/conv_sysarr_dbbuf.cpp:365]   --->   Operation 222 'load' 'weight_regfile_0_0_1_load' <Predicate = true> <Delay = 0.00>
ST_7 : Operation 223 [1/1] (0.00ns)   --->   "%weight_regfile_3_1_1_load = load i8 %weight_regfile_3_1_1" [Systolic_Array_PCNN_based/conv_sysarr_dbbuf.cpp:365]   --->   Operation 223 'load' 'weight_regfile_3_1_1_load' <Predicate = true> <Delay = 0.00>
ST_7 : Operation 224 [1/1] (0.00ns)   --->   "%weight_regfile_3_0_1_load = load i8 %weight_regfile_3_0_1" [Systolic_Array_PCNN_based/conv_sysarr_dbbuf.cpp:365]   --->   Operation 224 'load' 'weight_regfile_3_0_1_load' <Predicate = true> <Delay = 0.00>
ST_7 : Operation 225 [1/1] (0.00ns)   --->   "%weight_regfile_0_1_1_load = load i8 %weight_regfile_0_1_1" [Systolic_Array_PCNN_based/conv_sysarr_dbbuf.cpp:365]   --->   Operation 225 'load' 'weight_regfile_0_1_1_load' <Predicate = true> <Delay = 0.00>
ST_7 : Operation 226 [1/1] (0.00ns)   --->   "%weight_regfile_2_3_1_load = load i8 %weight_regfile_2_3_1" [Systolic_Array_PCNN_based/conv_sysarr_dbbuf.cpp:365]   --->   Operation 226 'load' 'weight_regfile_2_3_1_load' <Predicate = true> <Delay = 0.00>
ST_7 : Operation 227 [1/1] (0.00ns)   --->   "%weight_regfile_2_2_1_load = load i8 %weight_regfile_2_2_1" [Systolic_Array_PCNN_based/conv_sysarr_dbbuf.cpp:365]   --->   Operation 227 'load' 'weight_regfile_2_2_1_load' <Predicate = true> <Delay = 0.00>
ST_7 : Operation 228 [1/1] (0.00ns)   --->   "%weight_regfile_0_2_1_load = load i8 %weight_regfile_0_2_1" [Systolic_Array_PCNN_based/conv_sysarr_dbbuf.cpp:365]   --->   Operation 228 'load' 'weight_regfile_0_2_1_load' <Predicate = true> <Delay = 0.00>
ST_7 : Operation 229 [1/1] (0.00ns)   --->   "%weight_regfile_2_1_1_load = load i8 %weight_regfile_2_1_1" [Systolic_Array_PCNN_based/conv_sysarr_dbbuf.cpp:365]   --->   Operation 229 'load' 'weight_regfile_2_1_1_load' <Predicate = true> <Delay = 0.00>
ST_7 : Operation 230 [1/1] (0.00ns)   --->   "%weight_regfile_2_0_1_load = load i8 %weight_regfile_2_0_1" [Systolic_Array_PCNN_based/conv_sysarr_dbbuf.cpp:365]   --->   Operation 230 'load' 'weight_regfile_2_0_1_load' <Predicate = true> <Delay = 0.00>
ST_7 : Operation 231 [1/1] (0.00ns)   --->   "%weight_regfile_0_3_1_load = load i8 %weight_regfile_0_3_1" [Systolic_Array_PCNN_based/conv_sysarr_dbbuf.cpp:365]   --->   Operation 231 'load' 'weight_regfile_0_3_1_load' <Predicate = true> <Delay = 0.00>
ST_7 : Operation 232 [1/1] (0.00ns)   --->   "%weight_regfile_1_3_1_load = load i8 %weight_regfile_1_3_1" [Systolic_Array_PCNN_based/conv_sysarr_dbbuf.cpp:365]   --->   Operation 232 'load' 'weight_regfile_1_3_1_load' <Predicate = true> <Delay = 0.00>
ST_7 : Operation 233 [1/1] (0.00ns)   --->   "%weight_regfile_1_2_1_load = load i8 %weight_regfile_1_2_1" [Systolic_Array_PCNN_based/conv_sysarr_dbbuf.cpp:365]   --->   Operation 233 'load' 'weight_regfile_1_2_1_load' <Predicate = true> <Delay = 0.00>
ST_7 : Operation 234 [1/1] (0.00ns)   --->   "%weight_regfile_1_0_1_load = load i8 %weight_regfile_1_0_1" [Systolic_Array_PCNN_based/conv_sysarr_dbbuf.cpp:365]   --->   Operation 234 'load' 'weight_regfile_1_0_1_load' <Predicate = true> <Delay = 0.00>
ST_7 : Operation 235 [1/1] (0.00ns)   --->   "%weight_regfile_1_1_1_load = load i8 %weight_regfile_1_1_1" [Systolic_Array_PCNN_based/conv_sysarr_dbbuf.cpp:365]   --->   Operation 235 'load' 'weight_regfile_1_1_1_load' <Predicate = true> <Delay = 0.00>
ST_7 : Operation 236 [1/1] (0.00ns)   --->   "%mrv = insertvalue i128, i8 %weight_regfile_0_0_1_load" [Systolic_Array_PCNN_based/conv_sysarr_dbbuf.cpp:365]   --->   Operation 236 'insertvalue' 'mrv' <Predicate = true> <Delay = 0.00>
ST_7 : Operation 237 [1/1] (0.00ns)   --->   "%mrv_1 = insertvalue i128 %mrv, i8 %weight_regfile_0_1_1_load" [Systolic_Array_PCNN_based/conv_sysarr_dbbuf.cpp:365]   --->   Operation 237 'insertvalue' 'mrv_1' <Predicate = true> <Delay = 0.00>
ST_7 : Operation 238 [1/1] (0.00ns)   --->   "%mrv_2 = insertvalue i128 %mrv_1, i8 %weight_regfile_0_2_1_load" [Systolic_Array_PCNN_based/conv_sysarr_dbbuf.cpp:365]   --->   Operation 238 'insertvalue' 'mrv_2' <Predicate = true> <Delay = 0.00>
ST_7 : Operation 239 [1/1] (0.00ns)   --->   "%mrv_3 = insertvalue i128 %mrv_2, i8 %weight_regfile_0_3_1_load" [Systolic_Array_PCNN_based/conv_sysarr_dbbuf.cpp:365]   --->   Operation 239 'insertvalue' 'mrv_3' <Predicate = true> <Delay = 0.00>
ST_7 : Operation 240 [1/1] (0.00ns)   --->   "%mrv_4 = insertvalue i128 %mrv_3, i8 %weight_regfile_1_0_1_load" [Systolic_Array_PCNN_based/conv_sysarr_dbbuf.cpp:365]   --->   Operation 240 'insertvalue' 'mrv_4' <Predicate = true> <Delay = 0.00>
ST_7 : Operation 241 [1/1] (0.00ns)   --->   "%mrv_5 = insertvalue i128 %mrv_4, i8 %weight_regfile_1_1_1_load" [Systolic_Array_PCNN_based/conv_sysarr_dbbuf.cpp:365]   --->   Operation 241 'insertvalue' 'mrv_5' <Predicate = true> <Delay = 0.00>
ST_7 : Operation 242 [1/1] (0.00ns)   --->   "%mrv_6 = insertvalue i128 %mrv_5, i8 %weight_regfile_1_2_1_load" [Systolic_Array_PCNN_based/conv_sysarr_dbbuf.cpp:365]   --->   Operation 242 'insertvalue' 'mrv_6' <Predicate = true> <Delay = 0.00>
ST_7 : Operation 243 [1/1] (0.00ns)   --->   "%mrv_7 = insertvalue i128 %mrv_6, i8 %weight_regfile_1_3_1_load" [Systolic_Array_PCNN_based/conv_sysarr_dbbuf.cpp:365]   --->   Operation 243 'insertvalue' 'mrv_7' <Predicate = true> <Delay = 0.00>
ST_7 : Operation 244 [1/1] (0.00ns)   --->   "%mrv_8 = insertvalue i128 %mrv_7, i8 %weight_regfile_2_0_1_load" [Systolic_Array_PCNN_based/conv_sysarr_dbbuf.cpp:365]   --->   Operation 244 'insertvalue' 'mrv_8' <Predicate = true> <Delay = 0.00>
ST_7 : Operation 245 [1/1] (0.00ns)   --->   "%mrv_9 = insertvalue i128 %mrv_8, i8 %weight_regfile_2_1_1_load" [Systolic_Array_PCNN_based/conv_sysarr_dbbuf.cpp:365]   --->   Operation 245 'insertvalue' 'mrv_9' <Predicate = true> <Delay = 0.00>
ST_7 : Operation 246 [1/1] (0.00ns)   --->   "%mrv_s = insertvalue i128 %mrv_9, i8 %weight_regfile_2_2_1_load" [Systolic_Array_PCNN_based/conv_sysarr_dbbuf.cpp:365]   --->   Operation 246 'insertvalue' 'mrv_s' <Predicate = true> <Delay = 0.00>
ST_7 : Operation 247 [1/1] (0.00ns)   --->   "%mrv_10 = insertvalue i128 %mrv_s, i8 %weight_regfile_2_3_1_load" [Systolic_Array_PCNN_based/conv_sysarr_dbbuf.cpp:365]   --->   Operation 247 'insertvalue' 'mrv_10' <Predicate = true> <Delay = 0.00>
ST_7 : Operation 248 [1/1] (0.00ns)   --->   "%mrv_11 = insertvalue i128 %mrv_10, i8 %weight_regfile_3_0_1_load" [Systolic_Array_PCNN_based/conv_sysarr_dbbuf.cpp:365]   --->   Operation 248 'insertvalue' 'mrv_11' <Predicate = true> <Delay = 0.00>
ST_7 : Operation 249 [1/1] (0.00ns)   --->   "%mrv_12 = insertvalue i128 %mrv_11, i8 %weight_regfile_3_1_1_load" [Systolic_Array_PCNN_based/conv_sysarr_dbbuf.cpp:365]   --->   Operation 249 'insertvalue' 'mrv_12' <Predicate = true> <Delay = 0.00>
ST_7 : Operation 250 [1/1] (0.00ns)   --->   "%mrv_13 = insertvalue i128 %mrv_12, i8 %weight_regfile_3_2_1_load" [Systolic_Array_PCNN_based/conv_sysarr_dbbuf.cpp:365]   --->   Operation 250 'insertvalue' 'mrv_13' <Predicate = true> <Delay = 0.00>
ST_7 : Operation 251 [1/1] (0.00ns)   --->   "%mrv_14 = insertvalue i128 %mrv_13, i8 %weight_regfile_3_3_1_load" [Systolic_Array_PCNN_based/conv_sysarr_dbbuf.cpp:365]   --->   Operation 251 'insertvalue' 'mrv_14' <Predicate = true> <Delay = 0.00>
ST_7 : Operation 252 [1/1] (0.00ns)   --->   "%ret_ln365 = ret i128 %mrv_14" [Systolic_Array_PCNN_based/conv_sysarr_dbbuf.cpp:365]   --->   Operation 252 'ret' 'ret_ln365' <Predicate = true> <Delay = 0.00>


============================================================
+ Verbose Summary: Timing violations
============================================================
Target clock period: 10ns, clock uncertainty: 2.7ns.

 <State 1>: 2.92ns
The critical path consists of the following:
	fifo read on port 'ko_2' (Systolic_Array_PCNN_based/conv_sysarr_dbbuf.cpp:26->Systolic_Array_PCNN_based/conv_sysarr_dbbuf.cpp:390) [51]  (1.46 ns)
	'mul' operation ('mul4_i_i') [64]  (1.46 ns)

 <State 2>: 5.75ns
The critical path consists of the following:
	'phi' operation ('ci', Systolic_Array_PCNN_based/conv_sysarr_dbbuf.cpp:35->Systolic_Array_PCNN_based/conv_sysarr_dbbuf.cpp:390->Systolic_Array_PCNN_based/conv_sysarr_dbbuf.cpp:365) with incoming values : ('add_ln35', Systolic_Array_PCNN_based/conv_sysarr_dbbuf.cpp:35->Systolic_Array_PCNN_based/conv_sysarr_dbbuf.cpp:390->Systolic_Array_PCNN_based/conv_sysarr_dbbuf.cpp:365) [85]  (0 ns)
	'icmp' operation ('icmp_ln35', Systolic_Array_PCNN_based/conv_sysarr_dbbuf.cpp:35->Systolic_Array_PCNN_based/conv_sysarr_dbbuf.cpp:390->Systolic_Array_PCNN_based/conv_sysarr_dbbuf.cpp:365) [92]  (0.5 ns)
	'select' operation ('select_ln33', Systolic_Array_PCNN_based/conv_sysarr_dbbuf.cpp:33->Systolic_Array_PCNN_based/conv_sysarr_dbbuf.cpp:390->Systolic_Array_PCNN_based/conv_sysarr_dbbuf.cpp:365) [93]  (0.278 ns)
	'add' operation ('add_ln42', Systolic_Array_PCNN_based/conv_sysarr_dbbuf.cpp:42->Systolic_Array_PCNN_based/conv_sysarr_dbbuf.cpp:390->Systolic_Array_PCNN_based/conv_sysarr_dbbuf.cpp:365) [101]  (0 ns)
	'add' operation ('add_ln42_1', Systolic_Array_PCNN_based/conv_sysarr_dbbuf.cpp:42->Systolic_Array_PCNN_based/conv_sysarr_dbbuf.cpp:390->Systolic_Array_PCNN_based/conv_sysarr_dbbuf.cpp:365) [102]  (0.818 ns)
	'mul' operation ('mul_ln42', Systolic_Array_PCNN_based/conv_sysarr_dbbuf.cpp:42->Systolic_Array_PCNN_based/conv_sysarr_dbbuf.cpp:390->Systolic_Array_PCNN_based/conv_sysarr_dbbuf.cpp:365) [103]  (1.46 ns)
	'add' operation of DSP[106] ('add_ln42_2', Systolic_Array_PCNN_based/conv_sysarr_dbbuf.cpp:42->Systolic_Array_PCNN_based/conv_sysarr_dbbuf.cpp:390->Systolic_Array_PCNN_based/conv_sysarr_dbbuf.cpp:365) [104]  (1.7 ns)
	'mul' operation of DSP[106] ('mul_ln42_1', Systolic_Array_PCNN_based/conv_sysarr_dbbuf.cpp:42->Systolic_Array_PCNN_based/conv_sysarr_dbbuf.cpp:390->Systolic_Array_PCNN_based/conv_sysarr_dbbuf.cpp:365) [105]  (0.996 ns)

 <State 3>: 0.996ns
The critical path consists of the following:
	'mul' operation of DSP[106] ('mul_ln42_1', Systolic_Array_PCNN_based/conv_sysarr_dbbuf.cpp:42->Systolic_Array_PCNN_based/conv_sysarr_dbbuf.cpp:390->Systolic_Array_PCNN_based/conv_sysarr_dbbuf.cpp:365) [105]  (0.996 ns)

 <State 4>: 0.645ns
The critical path consists of the following:
	'mul' operation of DSP[106] ('mul_ln42_1', Systolic_Array_PCNN_based/conv_sysarr_dbbuf.cpp:42->Systolic_Array_PCNN_based/conv_sysarr_dbbuf.cpp:390->Systolic_Array_PCNN_based/conv_sysarr_dbbuf.cpp:365) [105]  (0 ns)
	'add' operation of DSP[106] ('add_ln42_3', Systolic_Array_PCNN_based/conv_sysarr_dbbuf.cpp:42->Systolic_Array_PCNN_based/conv_sysarr_dbbuf.cpp:390->Systolic_Array_PCNN_based/conv_sysarr_dbbuf.cpp:365) [106]  (0.645 ns)

 <State 5>: 1.8ns
The critical path consists of the following:
	'add' operation of DSP[106] ('add_ln42_3', Systolic_Array_PCNN_based/conv_sysarr_dbbuf.cpp:42->Systolic_Array_PCNN_based/conv_sysarr_dbbuf.cpp:390->Systolic_Array_PCNN_based/conv_sysarr_dbbuf.cpp:365) [106]  (0.645 ns)
	'getelementptr' operation ('weight_l2_0_addr', Systolic_Array_PCNN_based/conv_sysarr_dbbuf.cpp:41->Systolic_Array_PCNN_based/conv_sysarr_dbbuf.cpp:390->Systolic_Array_PCNN_based/conv_sysarr_dbbuf.cpp:365) [108]  (0 ns)
	'load' operation ('weight_l2_0_load', Systolic_Array_PCNN_based/conv_sysarr_dbbuf.cpp:41->Systolic_Array_PCNN_based/conv_sysarr_dbbuf.cpp:390->Systolic_Array_PCNN_based/conv_sysarr_dbbuf.cpp:365) on array 'weight_l2_0' [109]  (1.16 ns)

 <State 6>: 1.94ns
The critical path consists of the following:
	'load' operation ('weight_l2_0_load', Systolic_Array_PCNN_based/conv_sysarr_dbbuf.cpp:41->Systolic_Array_PCNN_based/conv_sysarr_dbbuf.cpp:390->Systolic_Array_PCNN_based/conv_sysarr_dbbuf.cpp:365) on array 'weight_l2_0' [109]  (1.16 ns)
	'mux' operation ('tmp', Systolic_Array_PCNN_based/conv_sysarr_dbbuf.cpp:41->Systolic_Array_PCNN_based/conv_sysarr_dbbuf.cpp:390->Systolic_Array_PCNN_based/conv_sysarr_dbbuf.cpp:365) [116]  (0.393 ns)
	'mux' operation ('weight_regfile_1_3_3', Systolic_Array_PCNN_based/conv_sysarr_dbbuf.cpp:41->Systolic_Array_PCNN_based/conv_sysarr_dbbuf.cpp:390->Systolic_Array_PCNN_based/conv_sysarr_dbbuf.cpp:365) [153]  (0.393 ns)

 <State 7>: 0ns
The critical path consists of the following:


============================================================
+ Verbose Summary: Binding
============================================================
N/A
* FSMD analyzer results:
  - Output states:
 - Input state : 
  - Chain level:
	State 1
	State 2
	State 3
	State 4
	State 5
	State 6
	State 7


============================================================
+ Verbose Summary: Datapath Resource usage 
============================================================
N/A
